
RAxML-NG v. 0.8.1 BETA released on 05.03.2019 by The Exelixis Lab.
Authors: Alexey Kozlov, Alexandros Stamatakis, Diego Darriba, Tomas Flouri, Benoit Morel.
Latest version: https://github.com/amkozlov/raxml-ng
Questions/problems/suggestions? Please visit: https://groups.google.com/forum/#!forum/raxml

WARNING: This is a BETA release, please use at your own risk!

RAxML-NG was called at 01-Mar-2020 20:43:33 as follows:

raxml-ng --msa LOC101260521_prot_linear_multi_sl25_prt_codonAlignment.fasta --prefix LOC101260521_prot_linear_multi_sl25_prt_codonAlignment --model GTR+G --seed 123 --bs-tree 100 --force

Analysis options:
  run mode: ML tree search
  start tree(s): random (10) + parsimony (10)
  random seed: 123
  tip-inner: OFF
  pattern compression: ON
  per-rate scalers: OFF
  site repeats: ON
  fast spr radius: AUTO
  spr subtree cutoff: 1.000000
  branch lengths: proportional (ML estimate, algorithm: NR-FAST)
  SIMD kernels: AVX2
  parallelization: PTHREADS (6 threads), thread pinning: OFF

WARNING: Running in FORCE mode: all safety checks are disabled!

[00:00:00] Reading alignment from file: LOC101260521_prot_linear_multi_sl25_prt_codonAlignment.fasta
[00:00:00] Loaded alignment with 93 taxa and 1557 sites

Alignment comprises 1 partitions and 64 patterns

Partition 0: noname
Model: GTR+FO+G4m
Alignment sites / patterns: 1557 / 64
Gaps: 0.00 %
Invariant sites: 95.76 %


NOTE: Binary MSA file created: LOC101260521_prot_linear_multi_sl25_prt_codonAlignment.raxml.rba

[00:00:00] Generating 10 random starting tree(s) with 93 taxa
[00:00:00] Generating 10 parsimony starting tree(s) with 93 taxa
[00:00:00] Data distribution: max. partitions/sites/weight per thread: 1 / 11 / 176

Starting ML tree search with 20 distinct starting trees

[00:00:01] ML tree search #1, logLikelihood: -2993.730960
[00:00:03] ML tree search #2, logLikelihood: -2988.635530
[00:00:06] ML tree search #3, logLikelihood: -2985.946693
[00:00:08] ML tree search #4, logLikelihood: -2992.365183
[00:00:10] ML tree search #5, logLikelihood: -2988.408232
[00:00:13] ML tree search #6, logLikelihood: -2987.105333
[00:00:14] ML tree search #7, logLikelihood: -2988.382101
[00:00:16] ML tree search #8, logLikelihood: -2992.888216
[00:00:18] ML tree search #9, logLikelihood: -2987.090075
[00:00:20] ML tree search #10, logLikelihood: -2988.403014
[00:00:21] ML tree search #11, logLikelihood: -2989.444691
[00:00:24] ML tree search #12, logLikelihood: -2987.595311
[00:00:25] ML tree search #13, logLikelihood: -2985.946681
[00:00:26] ML tree search #14, logLikelihood: -2989.229801
[00:00:29] ML tree search #15, logLikelihood: -2987.975540
[00:00:31] ML tree search #16, logLikelihood: -2988.558539
[00:00:32] ML tree search #17, logLikelihood: -2987.726948
[00:00:35] ML tree search #18, logLikelihood: -2988.327158
[00:00:36] ML tree search #19, logLikelihood: -2988.226613
[00:00:38] ML tree search #20, logLikelihood: -2988.938618

Optimized model parameters:

   Partition 0: noname
   Rate heterogeneity: GAMMA (4 cats, mean),  alpha: 0.020138 (ML),  weights&rates: (0.250000,0.000000) (0.250000,0.000000) (0.250000,0.000001) (0.250000,3.999999) 
   Base frequencies (ML): 0.250439 0.189519 0.253941 0.306100 
   Substitution rates (ML): 1.569653 6.879097 1.061941 1.658926 4.521046 1.000000 

Final LogLikelihood: -2985.946681

AIC score: 6355.893361 / AICc score: 6410.227672 / BIC score: 7383.192466
Free parameters (model + branch lengths): 192

Best ML tree saved to: /home/homma/Desktop/coding/github/pos_selection_pipeline/tomato_pipeline/pipeline/LOC/raxml-ng/LOC101260521_prot_linear_multi_sl25_prt_codonAlignment.raxml.bestTree
All ML trees saved to: /home/homma/Desktop/coding/github/pos_selection_pipeline/tomato_pipeline/pipeline/LOC/raxml-ng/LOC101260521_prot_linear_multi_sl25_prt_codonAlignment.raxml.mlTrees
Optimized model saved to: /home/homma/Desktop/coding/github/pos_selection_pipeline/tomato_pipeline/pipeline/LOC/raxml-ng/LOC101260521_prot_linear_multi_sl25_prt_codonAlignment.raxml.bestModel

Execution log saved to: /home/homma/Desktop/coding/github/pos_selection_pipeline/tomato_pipeline/pipeline/LOC/raxml-ng/LOC101260521_prot_linear_multi_sl25_prt_codonAlignment.raxml.log

Analysis started: 01-Mar-2020 20:43:33 / finished: 01-Mar-2020 20:44:12

Elapsed time: 38.834 seconds

