
RAxML-NG v. 0.8.1 BETA released on 05.03.2019 by The Exelixis Lab.
Authors: Alexey Kozlov, Alexandros Stamatakis, Diego Darriba, Tomas Flouri, Benoit Morel.
Latest version: https://github.com/amkozlov/raxml-ng
Questions/problems/suggestions? Please visit: https://groups.google.com/forum/#!forum/raxml

WARNING: This is a BETA release, please use at your own risk!

RAxML-NG was called at 01-Mar-2020 20:37:05 as follows:

raxml-ng --msa LOC101244555_prot_linear_multi_sl25_prt_codonAlignment.fasta --prefix LOC101244555_prot_linear_multi_sl25_prt_codonAlignment --model GTR+G --seed 123 --bs-tree 100 --force

Analysis options:
  run mode: ML tree search
  start tree(s): random (10) + parsimony (10)
  random seed: 123
  tip-inner: OFF
  pattern compression: ON
  per-rate scalers: OFF
  site repeats: ON
  fast spr radius: AUTO
  spr subtree cutoff: 1.000000
  branch lengths: proportional (ML estimate, algorithm: NR-FAST)
  SIMD kernels: AVX2
  parallelization: PTHREADS (6 threads), thread pinning: OFF

WARNING: Running in FORCE mode: all safety checks are disabled!

[00:00:00] Reading alignment from file: LOC101244555_prot_linear_multi_sl25_prt_codonAlignment.fasta
[00:00:00] Loaded alignment with 66 taxa and 2796 sites

Alignment comprises 1 partitions and 57 patterns

Partition 0: noname
Model: GTR+FO+G4m
Alignment sites / patterns: 2796 / 57
Gaps: 0.00 %
Invariant sites: 97.25 %


NOTE: Binary MSA file created: LOC101244555_prot_linear_multi_sl25_prt_codonAlignment.raxml.rba

[00:00:00] Generating 10 random starting tree(s) with 66 taxa
[00:00:00] Generating 10 parsimony starting tree(s) with 66 taxa
[00:00:00] Data distribution: max. partitions/sites/weight per thread: 1 / 10 / 160

Starting ML tree search with 20 distinct starting trees

[00:00:00] ML tree search #1, logLikelihood: -4760.262886
[00:00:01] ML tree search #2, logLikelihood: -4752.698533
[00:00:02] ML tree search #3, logLikelihood: -4761.922488
[00:00:03] ML tree search #4, logLikelihood: -4756.691608
[00:00:04] ML tree search #5, logLikelihood: -4760.758673
[00:00:05] ML tree search #6, logLikelihood: -4757.962906
[00:00:06] ML tree search #7, logLikelihood: -4763.280422
[00:00:07] ML tree search #8, logLikelihood: -4765.309620
[00:00:08] ML tree search #9, logLikelihood: -4757.832406
[00:00:08] ML tree search #10, logLikelihood: -4759.449116
[00:00:09] ML tree search #11, logLikelihood: -4764.212119
[00:00:10] ML tree search #12, logLikelihood: -4752.997491
[00:00:11] ML tree search #13, logLikelihood: -4766.079622
[00:00:12] ML tree search #14, logLikelihood: -4755.243592
[00:00:12] ML tree search #15, logLikelihood: -4755.927020
[00:00:13] ML tree search #16, logLikelihood: -4753.007782
[00:00:14] ML tree search #17, logLikelihood: -4758.505560
[00:00:14] ML tree search #18, logLikelihood: -4762.612401
[00:00:15] ML tree search #19, logLikelihood: -4754.464600
[00:00:16] ML tree search #20, logLikelihood: -4754.801376

Optimized model parameters:

   Partition 0: noname
   Rate heterogeneity: GAMMA (4 cats, mean),  alpha: 0.020138 (ML),  weights&rates: (0.250000,0.000000) (0.250000,0.000000) (0.250000,0.000001) (0.250000,3.999999) 
   Base frequencies (ML): 0.280569 0.199423 0.231577 0.288431 
   Substitution rates (ML): 2.339076 7.272451 3.160843 3.775708 8.797266 1.000000 

Final LogLikelihood: -4752.698533

AIC score: 9781.397066 / AICc score: 9795.835906 / BIC score: 10600.557490
Free parameters (model + branch lengths): 138

Best ML tree saved to: /home/homma/Desktop/coding/github/pos_selection_pipeline/tomato_pipeline/pipeline/LOC/raxml-ng/LOC101244555_prot_linear_multi_sl25_prt_codonAlignment.raxml.bestTree
All ML trees saved to: /home/homma/Desktop/coding/github/pos_selection_pipeline/tomato_pipeline/pipeline/LOC/raxml-ng/LOC101244555_prot_linear_multi_sl25_prt_codonAlignment.raxml.mlTrees
Optimized model saved to: /home/homma/Desktop/coding/github/pos_selection_pipeline/tomato_pipeline/pipeline/LOC/raxml-ng/LOC101244555_prot_linear_multi_sl25_prt_codonAlignment.raxml.bestModel

Execution log saved to: /home/homma/Desktop/coding/github/pos_selection_pipeline/tomato_pipeline/pipeline/LOC/raxml-ng/LOC101244555_prot_linear_multi_sl25_prt_codonAlignment.raxml.log

Analysis started: 01-Mar-2020 20:37:05 / finished: 01-Mar-2020 20:37:21

Elapsed time: 16.083 seconds

