
RAxML-NG v. 0.8.1 BETA released on 05.03.2019 by The Exelixis Lab.
Authors: Alexey Kozlov, Alexandros Stamatakis, Diego Darriba, Tomas Flouri, Benoit Morel.
Latest version: https://github.com/amkozlov/raxml-ng
Questions/problems/suggestions? Please visit: https://groups.google.com/forum/#!forum/raxml

WARNING: This is a BETA release, please use at your own risk!

RAxML-NG was called at 01-Mar-2020 21:22:32 as follows:

raxml-ng --msa LOC101266976_prot_linear_multi_sl25_prt_codonAlignment.fasta --prefix LOC101266976_prot_linear_multi_sl25_prt_codonAlignment --model GTR+G --seed 123 --bs-tree 100 --force

Analysis options:
  run mode: ML tree search
  start tree(s): random (10) + parsimony (10)
  random seed: 123
  tip-inner: OFF
  pattern compression: ON
  per-rate scalers: OFF
  site repeats: ON
  fast spr radius: AUTO
  spr subtree cutoff: 1.000000
  branch lengths: proportional (ML estimate, algorithm: NR-FAST)
  SIMD kernels: AVX2
  parallelization: PTHREADS (6 threads), thread pinning: OFF

WARNING: Running in FORCE mode: all safety checks are disabled!

[00:00:00] Reading alignment from file: LOC101266976_prot_linear_multi_sl25_prt_codonAlignment.fasta
[00:00:00] Loaded alignment with 91 taxa and 1329 sites

Alignment comprises 1 partitions and 87 patterns

Partition 0: noname
Model: GTR+FO+G4m
Alignment sites / patterns: 1329 / 87
Gaps: 0.00 %
Invariant sites: 92.78 %


NOTE: Binary MSA file created: LOC101266976_prot_linear_multi_sl25_prt_codonAlignment.raxml.rba

[00:00:00] Generating 10 random starting tree(s) with 91 taxa
[00:00:00] Generating 10 parsimony starting tree(s) with 91 taxa
[00:00:00] Data distribution: max. partitions/sites/weight per thread: 1 / 15 / 240

Starting ML tree search with 20 distinct starting trees

[00:00:02] ML tree search #1, logLikelihood: -3056.098751
[00:00:04] ML tree search #2, logLikelihood: -3055.856704
[00:00:06] ML tree search #3, logLikelihood: -3063.015291
[00:00:08] ML tree search #4, logLikelihood: -3055.386212
[00:00:11] ML tree search #5, logLikelihood: -3057.336531
[00:00:12] ML tree search #6, logLikelihood: -3059.218495
[00:00:14] ML tree search #7, logLikelihood: -3058.622942
[00:00:15] ML tree search #8, logLikelihood: -3063.211626
[00:00:17] ML tree search #9, logLikelihood: -3061.935355
[00:00:19] ML tree search #10, logLikelihood: -3054.532902
[00:00:21] ML tree search #11, logLikelihood: -3053.044227
[00:00:24] ML tree search #12, logLikelihood: -3054.894857
[00:00:27] ML tree search #13, logLikelihood: -3054.415609
[00:00:29] ML tree search #14, logLikelihood: -3056.755861
[00:00:33] ML tree search #15, logLikelihood: -3052.928951
[00:00:36] ML tree search #16, logLikelihood: -3058.045351
[00:00:38] ML tree search #17, logLikelihood: -3062.324061
[00:00:40] ML tree search #18, logLikelihood: -3055.684020
[00:00:43] ML tree search #19, logLikelihood: -3053.027090
[00:00:47] ML tree search #20, logLikelihood: -3054.602355

Optimized model parameters:

   Partition 0: noname
   Rate heterogeneity: GAMMA (4 cats, mean),  alpha: 0.020121 (ML),  weights&rates: (0.250000,0.000000) (0.250000,0.000000) (0.250000,0.000001) (0.250000,3.999999) 
   Base frequencies (ML): 0.270110 0.257350 0.198234 0.274306 
   Substitution rates (ML): 2.559288 8.244571 1.810990 1.941145 4.202976 1.000000 

Final LogLikelihood: -3052.928951

AIC score: 6481.857902 / AICc score: 6544.194744 / BIC score: 7457.988129
Free parameters (model + branch lengths): 188

Best ML tree saved to: /home/homma/Desktop/coding/github/pos_selection_pipeline/tomato_pipeline/pipeline/LOC/raxml-ng/LOC101266976_prot_linear_multi_sl25_prt_codonAlignment.raxml.bestTree
All ML trees saved to: /home/homma/Desktop/coding/github/pos_selection_pipeline/tomato_pipeline/pipeline/LOC/raxml-ng/LOC101266976_prot_linear_multi_sl25_prt_codonAlignment.raxml.mlTrees
Optimized model saved to: /home/homma/Desktop/coding/github/pos_selection_pipeline/tomato_pipeline/pipeline/LOC/raxml-ng/LOC101266976_prot_linear_multi_sl25_prt_codonAlignment.raxml.bestModel

Execution log saved to: /home/homma/Desktop/coding/github/pos_selection_pipeline/tomato_pipeline/pipeline/LOC/raxml-ng/LOC101266976_prot_linear_multi_sl25_prt_codonAlignment.raxml.log

Analysis started: 01-Mar-2020 21:22:32 / finished: 01-Mar-2020 21:23:20

Elapsed time: 47.997 seconds

