
RAxML-NG v. 0.8.1 BETA released on 05.03.2019 by The Exelixis Lab.
Authors: Alexey Kozlov, Alexandros Stamatakis, Diego Darriba, Tomas Flouri, Benoit Morel.
Latest version: https://github.com/amkozlov/raxml-ng
Questions/problems/suggestions? Please visit: https://groups.google.com/forum/#!forum/raxml

WARNING: This is a BETA release, please use at your own risk!

RAxML-NG was called at 01-Mar-2020 20:04:36 as follows:

raxml-ng --msa LOC101267774_prot_linear_multi_sl25_prt_codonAlignment.fasta --prefix LOC101267774_prot_linear_multi_sl25_prt_codonAlignment --model GTR+G --seed 123 --bs-tree 100 --force

Analysis options:
  run mode: ML tree search
  start tree(s): random (10) + parsimony (10)
  random seed: 123
  tip-inner: OFF
  pattern compression: ON
  per-rate scalers: OFF
  site repeats: ON
  fast spr radius: AUTO
  spr subtree cutoff: 1.000000
  branch lengths: proportional (ML estimate, algorithm: NR-FAST)
  SIMD kernels: AVX2
  parallelization: PTHREADS (6 threads), thread pinning: OFF

WARNING: Running in FORCE mode: all safety checks are disabled!

[00:00:00] Reading alignment from file: LOC101267774_prot_linear_multi_sl25_prt_codonAlignment.fasta
[00:00:00] Loaded alignment with 93 taxa and 801 sites

Alignment comprises 1 partitions and 52 patterns

Partition 0: noname
Model: GTR+FO+G4m
Alignment sites / patterns: 801 / 52
Gaps: 0.00 %
Invariant sites: 93.76 %


NOTE: Binary MSA file created: LOC101267774_prot_linear_multi_sl25_prt_codonAlignment.raxml.rba

[00:00:00] Generating 10 random starting tree(s) with 93 taxa
[00:00:00] Generating 10 parsimony starting tree(s) with 93 taxa
[00:00:00] Data distribution: max. partitions/sites/weight per thread: 1 / 9 / 144

Starting ML tree search with 20 distinct starting trees

[00:00:02] ML tree search #1, logLikelihood: -1995.578495
[00:00:06] ML tree search #2, logLikelihood: -1995.350898
[00:00:08] ML tree search #3, logLikelihood: -1995.356702
[00:00:11] ML tree search #4, logLikelihood: -1996.317588
[00:00:14] ML tree search #5, logLikelihood: -1990.995161
[00:00:17] ML tree search #6, logLikelihood: -1995.864975
[00:00:20] ML tree search #7, logLikelihood: -1997.733126
[00:00:23] ML tree search #8, logLikelihood: -1994.773398
[00:00:27] ML tree search #9, logLikelihood: -1991.521812
[00:00:30] ML tree search #10, logLikelihood: -1994.697716
[00:00:32] ML tree search #11, logLikelihood: -1997.633923
[00:00:37] ML tree search #12, logLikelihood: -1991.966835
[00:00:40] ML tree search #13, logLikelihood: -1993.995545
[00:00:42] ML tree search #14, logLikelihood: -1998.306584
[00:00:44] ML tree search #15, logLikelihood: -1997.415662
[00:00:48] ML tree search #16, logLikelihood: -1989.113192
[00:00:51] ML tree search #17, logLikelihood: -1992.283157
[00:00:54] ML tree search #18, logLikelihood: -1995.777429
[00:00:55] ML tree search #19, logLikelihood: -1990.717536
[00:00:58] ML tree search #20, logLikelihood: -1992.505841

Optimized model parameters:

   Partition 0: noname
   Rate heterogeneity: GAMMA (4 cats, mean),  alpha: 0.020139 (ML),  weights&rates: (0.250000,0.000000) (0.250000,0.000000) (0.250000,0.000001) (0.250000,3.999999) 
   Base frequencies (ML): 0.218712 0.224599 0.265163 0.291526 
   Substitution rates (ML): 2.611644 2.121663 1.805331 0.171244 6.646056 1.000000 

Final LogLikelihood: -1989.113192

AIC score: 4362.226384 / AICc score: 4484.121121 / BIC score: 5261.911686
Free parameters (model + branch lengths): 192

Best ML tree saved to: /home/homma/Desktop/coding/github/pos_selection_pipeline/tomato_pipeline/pipeline/LOC/raxml-ng/LOC101267774_prot_linear_multi_sl25_prt_codonAlignment.raxml.bestTree
All ML trees saved to: /home/homma/Desktop/coding/github/pos_selection_pipeline/tomato_pipeline/pipeline/LOC/raxml-ng/LOC101267774_prot_linear_multi_sl25_prt_codonAlignment.raxml.mlTrees
Optimized model saved to: /home/homma/Desktop/coding/github/pos_selection_pipeline/tomato_pipeline/pipeline/LOC/raxml-ng/LOC101267774_prot_linear_multi_sl25_prt_codonAlignment.raxml.bestModel

Execution log saved to: /home/homma/Desktop/coding/github/pos_selection_pipeline/tomato_pipeline/pipeline/LOC/raxml-ng/LOC101267774_prot_linear_multi_sl25_prt_codonAlignment.raxml.log

Analysis started: 01-Mar-2020 20:04:36 / finished: 01-Mar-2020 20:05:34

Elapsed time: 58.487 seconds

