
RAxML-NG v. 0.8.1 BETA released on 05.03.2019 by The Exelixis Lab.
Authors: Alexey Kozlov, Alexandros Stamatakis, Diego Darriba, Tomas Flouri, Benoit Morel.
Latest version: https://github.com/amkozlov/raxml-ng
Questions/problems/suggestions? Please visit: https://groups.google.com/forum/#!forum/raxml

WARNING: This is a BETA release, please use at your own risk!

RAxML-NG was called at 01-Mar-2020 21:18:29 as follows:

raxml-ng --msa LOC101245035_prot_linear_multi_sl25_prt_codonAlignment.fasta --prefix LOC101245035_prot_linear_multi_sl25_prt_codonAlignment --model GTR+G --seed 123 --bs-tree 100 --force

Analysis options:
  run mode: ML tree search
  start tree(s): random (10) + parsimony (10)
  random seed: 123
  tip-inner: OFF
  pattern compression: ON
  per-rate scalers: OFF
  site repeats: ON
  fast spr radius: AUTO
  spr subtree cutoff: 1.000000
  branch lengths: proportional (ML estimate, algorithm: NR-FAST)
  SIMD kernels: AVX2
  parallelization: PTHREADS (6 threads), thread pinning: OFF

WARNING: Running in FORCE mode: all safety checks are disabled!

[00:00:00] Reading alignment from file: LOC101245035_prot_linear_multi_sl25_prt_codonAlignment.fasta
[00:00:00] Loaded alignment with 110 taxa and 2313 sites

Alignment comprises 1 partitions and 119 patterns

Partition 0: noname
Model: GTR+FO+G4m
Alignment sites / patterns: 2313 / 119
Gaps: 0.00 %
Invariant sites: 94.34 %


NOTE: Binary MSA file created: LOC101245035_prot_linear_multi_sl25_prt_codonAlignment.raxml.rba

[00:00:00] Generating 10 random starting tree(s) with 110 taxa
[00:00:00] Generating 10 parsimony starting tree(s) with 110 taxa
[00:00:00] Data distribution: max. partitions/sites/weight per thread: 1 / 20 / 320

Starting ML tree search with 20 distinct starting trees

[00:00:03] ML tree search #1, logLikelihood: -4736.160493
[00:00:07] ML tree search #2, logLikelihood: -4737.095187
[00:00:10] ML tree search #3, logLikelihood: -4759.431167
[00:00:14] ML tree search #4, logLikelihood: -4736.024588
[00:00:19] ML tree search #5, logLikelihood: -4740.162556
[00:00:24] ML tree search #6, logLikelihood: -4736.022403
[00:00:28] ML tree search #7, logLikelihood: -4738.935414
[00:00:33] ML tree search #8, logLikelihood: -4737.200080
[00:00:39] ML tree search #9, logLikelihood: -4737.165122
[00:00:43] ML tree search #10, logLikelihood: -4739.023621
[00:00:45] ML tree search #11, logLikelihood: -4736.108732
[00:00:50] ML tree search #12, logLikelihood: -4738.898582
[00:00:53] ML tree search #13, logLikelihood: -4736.555773
[00:00:56] ML tree search #14, logLikelihood: -4738.535587
[00:00:58] ML tree search #15, logLikelihood: -4736.058654
[00:01:02] ML tree search #16, logLikelihood: -4738.567867
[00:01:03] ML tree search #17, logLikelihood: -4745.129094
[00:01:05] ML tree search #18, logLikelihood: -4745.129106
[00:01:07] ML tree search #19, logLikelihood: -4745.225843
[00:01:09] ML tree search #20, logLikelihood: -4736.058675

Optimized model parameters:

   Partition 0: noname
   Rate heterogeneity: GAMMA (4 cats, mean),  alpha: 0.020138 (ML),  weights&rates: (0.250000,0.000000) (0.250000,0.000000) (0.250000,0.000001) (0.250000,3.999999) 
   Base frequencies (ML): 0.270125 0.183813 0.242817 0.303245 
   Substitution rates (ML): 0.985191 2.603477 0.520066 0.435021 3.096608 1.000000 

Final LogLikelihood: -4736.022403

AIC score: 9924.044806 / AICc score: 9973.231767 / BIC score: 11222.708756
Free parameters (model + branch lengths): 226

Best ML tree saved to: /home/homma/Desktop/coding/github/pos_selection_pipeline/tomato_pipeline/pipeline/LOC/raxml-ng/LOC101245035_prot_linear_multi_sl25_prt_codonAlignment.raxml.bestTree
All ML trees saved to: /home/homma/Desktop/coding/github/pos_selection_pipeline/tomato_pipeline/pipeline/LOC/raxml-ng/LOC101245035_prot_linear_multi_sl25_prt_codonAlignment.raxml.mlTrees
Optimized model saved to: /home/homma/Desktop/coding/github/pos_selection_pipeline/tomato_pipeline/pipeline/LOC/raxml-ng/LOC101245035_prot_linear_multi_sl25_prt_codonAlignment.raxml.bestModel

Execution log saved to: /home/homma/Desktop/coding/github/pos_selection_pipeline/tomato_pipeline/pipeline/LOC/raxml-ng/LOC101245035_prot_linear_multi_sl25_prt_codonAlignment.raxml.log

Analysis started: 01-Mar-2020 21:18:29 / finished: 01-Mar-2020 21:19:38

Elapsed time: 69.951 seconds

