
RAxML-NG v. 0.8.1 BETA released on 05.03.2019 by The Exelixis Lab.
Authors: Alexey Kozlov, Alexandros Stamatakis, Diego Darriba, Tomas Flouri, Benoit Morel.
Latest version: https://github.com/amkozlov/raxml-ng
Questions/problems/suggestions? Please visit: https://groups.google.com/forum/#!forum/raxml

WARNING: This is a BETA release, please use at your own risk!

RAxML-NG was called at 01-Mar-2020 21:12:26 as follows:

raxml-ng --msa LOC101250918_prot_linear_multi_sl25_prt_codonAlignment.fasta --prefix LOC101250918_prot_linear_multi_sl25_prt_codonAlignment --model GTR+G --seed 123 --bs-tree 100 --force

Analysis options:
  run mode: ML tree search
  start tree(s): random (10) + parsimony (10)
  random seed: 123
  tip-inner: OFF
  pattern compression: ON
  per-rate scalers: OFF
  site repeats: ON
  fast spr radius: AUTO
  spr subtree cutoff: 1.000000
  branch lengths: proportional (ML estimate, algorithm: NR-FAST)
  SIMD kernels: AVX2
  parallelization: PTHREADS (6 threads), thread pinning: OFF

WARNING: Running in FORCE mode: all safety checks are disabled!

[00:00:00] Reading alignment from file: LOC101250918_prot_linear_multi_sl25_prt_codonAlignment.fasta
[00:00:00] Loaded alignment with 131 taxa and 3225 sites

Alignment comprises 1 partitions and 95 patterns

Partition 0: noname
Model: GTR+FO+G4m
Alignment sites / patterns: 3225 / 95
Gaps: 0.00 %
Invariant sites: 96.47 %


NOTE: Binary MSA file created: LOC101250918_prot_linear_multi_sl25_prt_codonAlignment.raxml.rba

[00:00:00] Generating 10 random starting tree(s) with 131 taxa
[00:00:00] Generating 10 parsimony starting tree(s) with 131 taxa
[00:00:00] Data distribution: max. partitions/sites/weight per thread: 1 / 16 / 256

Starting ML tree search with 20 distinct starting trees

[00:00:06] ML tree search #1, logLikelihood: -6094.914351
[00:00:09] ML tree search #2, logLikelihood: -6083.408620
[00:00:15] ML tree search #3, logLikelihood: -6082.552836
[00:00:19] ML tree search #4, logLikelihood: -6104.597473
[00:00:25] ML tree search #5, logLikelihood: -6086.424174
[00:00:28] ML tree search #6, logLikelihood: -6100.116101
[00:00:34] ML tree search #7, logLikelihood: -6088.024194
[00:00:40] ML tree search #8, logLikelihood: -6087.512708
[00:00:45] ML tree search #9, logLikelihood: -6099.284590
[00:00:49] ML tree search #10, logLikelihood: -6091.022332
[00:00:50] ML tree search #11, logLikelihood: -6092.019206
[00:00:54] ML tree search #12, logLikelihood: -6084.609489
[00:00:57] ML tree search #13, logLikelihood: -6107.464195
[00:00:59] ML tree search #14, logLikelihood: -6087.482884
[00:01:00] ML tree search #15, logLikelihood: -6100.425115
[00:01:02] ML tree search #16, logLikelihood: -6093.907614
[00:01:04] ML tree search #17, logLikelihood: -6121.370743
[00:01:06] ML tree search #18, logLikelihood: -6088.649898
[00:01:08] ML tree search #19, logLikelihood: -6096.809575
[00:01:10] ML tree search #20, logLikelihood: -6107.918779

Optimized model parameters:

   Partition 0: noname
   Rate heterogeneity: GAMMA (4 cats, mean),  alpha: 0.020140 (ML),  weights&rates: (0.250000,0.000000) (0.250000,0.000000) (0.250000,0.000001) (0.250000,3.999999) 
   Base frequencies (ML): 0.298820 0.180486 0.251661 0.269034 
   Substitution rates (ML): 0.846108 2.888730 1.368605 1.717731 4.389819 1.000000 

Final LogLikelihood: -6082.552836

AIC score: 12701.105672 / AICc score: 12749.882397 / BIC score: 14330.194117
Free parameters (model + branch lengths): 268

Best ML tree saved to: /home/homma/Desktop/coding/github/pos_selection_pipeline/tomato_pipeline/pipeline/LOC/raxml-ng/LOC101250918_prot_linear_multi_sl25_prt_codonAlignment.raxml.bestTree
All ML trees saved to: /home/homma/Desktop/coding/github/pos_selection_pipeline/tomato_pipeline/pipeline/LOC/raxml-ng/LOC101250918_prot_linear_multi_sl25_prt_codonAlignment.raxml.mlTrees
Optimized model saved to: /home/homma/Desktop/coding/github/pos_selection_pipeline/tomato_pipeline/pipeline/LOC/raxml-ng/LOC101250918_prot_linear_multi_sl25_prt_codonAlignment.raxml.bestModel

Execution log saved to: /home/homma/Desktop/coding/github/pos_selection_pipeline/tomato_pipeline/pipeline/LOC/raxml-ng/LOC101250918_prot_linear_multi_sl25_prt_codonAlignment.raxml.log

Analysis started: 01-Mar-2020 21:12:26 / finished: 01-Mar-2020 21:13:37

Elapsed time: 70.394 seconds

