
RAxML-NG v. 0.8.1 BETA released on 05.03.2019 by The Exelixis Lab.
Authors: Alexey Kozlov, Alexandros Stamatakis, Diego Darriba, Tomas Flouri, Benoit Morel.
Latest version: https://github.com/amkozlov/raxml-ng
Questions/problems/suggestions? Please visit: https://groups.google.com/forum/#!forum/raxml

WARNING: This is a BETA release, please use at your own risk!

RAxML-NG was called at 01-Mar-2020 20:17:27 as follows:

raxml-ng --msa LOC101265854_prot_linear_multi_sl25_prt_codonAlignment.fasta --prefix LOC101265854_prot_linear_multi_sl25_prt_codonAlignment --model GTR+G --seed 123 --bs-tree 100 --force

Analysis options:
  run mode: ML tree search
  start tree(s): random (10) + parsimony (10)
  random seed: 123
  tip-inner: OFF
  pattern compression: ON
  per-rate scalers: OFF
  site repeats: ON
  fast spr radius: AUTO
  spr subtree cutoff: 1.000000
  branch lengths: proportional (ML estimate, algorithm: NR-FAST)
  SIMD kernels: AVX2
  parallelization: PTHREADS (6 threads), thread pinning: OFF

WARNING: Running in FORCE mode: all safety checks are disabled!

[00:00:00] Reading alignment from file: LOC101265854_prot_linear_multi_sl25_prt_codonAlignment.fasta
[00:00:00] Loaded alignment with 118 taxa and 477 sites

Alignment comprises 1 partitions and 36 patterns

Partition 0: noname
Model: GTR+FO+G4m
Alignment sites / patterns: 477 / 36
Gaps: 0.00 %
Invariant sites: 92.87 %


NOTE: Binary MSA file created: LOC101265854_prot_linear_multi_sl25_prt_codonAlignment.raxml.rba

[00:00:00] Generating 10 random starting tree(s) with 118 taxa
[00:00:00] Generating 10 parsimony starting tree(s) with 118 taxa
[00:00:00] Data distribution: max. partitions/sites/weight per thread: 1 / 6 / 96

Starting ML tree search with 20 distinct starting trees

[00:00:02] ML tree search #1, logLikelihood: -1093.869142
[00:00:05] ML tree search #2, logLikelihood: -1094.372113
[00:00:08] ML tree search #3, logLikelihood: -1099.448394
[00:00:11] ML tree search #4, logLikelihood: -1095.452061
[00:00:14] ML tree search #5, logLikelihood: -1096.771808
[00:00:17] ML tree search #6, logLikelihood: -1098.278682
[00:00:19] ML tree search #7, logLikelihood: -1094.615590
[00:00:22] ML tree search #8, logLikelihood: -1103.278173
[00:00:26] ML tree search #9, logLikelihood: -1094.776616
[00:00:28] ML tree search #10, logLikelihood: -1095.334240
[00:00:29] ML tree search #11, logLikelihood: -1093.493725
[00:00:31] ML tree search #12, logLikelihood: -1104.628203
[00:00:32] ML tree search #13, logLikelihood: -1096.352542
[00:00:33] ML tree search #14, logLikelihood: -1097.834778
[00:00:34] ML tree search #15, logLikelihood: -1103.586940
[00:00:35] ML tree search #16, logLikelihood: -1095.068553
[00:00:36] ML tree search #17, logLikelihood: -1100.061839
[00:00:37] ML tree search #18, logLikelihood: -1099.275779
[00:00:39] ML tree search #19, logLikelihood: -1094.800696
[00:00:40] ML tree search #20, logLikelihood: -1104.546302

Optimized model parameters:

   Partition 0: noname
   Rate heterogeneity: GAMMA (4 cats, mean),  alpha: 0.020139 (ML),  weights&rates: (0.250000,0.000000) (0.250000,0.000000) (0.250000,0.000001) (0.250000,3.999999) 
   Base frequencies (ML): 0.247055 0.202449 0.264662 0.285834 
   Substitution rates (ML): 1.938575 9.231151 3.076606 2.043510 14.487877 1.000000 

Final LogLikelihood: -1093.493725

AIC score: 2670.987449 / AICc score: 3173.602834 / BIC score: 3679.526440
Free parameters (model + branch lengths): 242

Best ML tree saved to: /home/homma/Desktop/coding/github/pos_selection_pipeline/tomato_pipeline/pipeline/LOC/raxml-ng/LOC101265854_prot_linear_multi_sl25_prt_codonAlignment.raxml.bestTree
All ML trees saved to: /home/homma/Desktop/coding/github/pos_selection_pipeline/tomato_pipeline/pipeline/LOC/raxml-ng/LOC101265854_prot_linear_multi_sl25_prt_codonAlignment.raxml.mlTrees
Optimized model saved to: /home/homma/Desktop/coding/github/pos_selection_pipeline/tomato_pipeline/pipeline/LOC/raxml-ng/LOC101265854_prot_linear_multi_sl25_prt_codonAlignment.raxml.bestModel

Execution log saved to: /home/homma/Desktop/coding/github/pos_selection_pipeline/tomato_pipeline/pipeline/LOC/raxml-ng/LOC101265854_prot_linear_multi_sl25_prt_codonAlignment.raxml.log

Analysis started: 01-Mar-2020 20:17:27 / finished: 01-Mar-2020 20:18:08

Elapsed time: 40.900 seconds

