
RAxML-NG v. 0.8.1 BETA released on 05.03.2019 by The Exelixis Lab.
Authors: Alexey Kozlov, Alexandros Stamatakis, Diego Darriba, Tomas Flouri, Benoit Morel.
Latest version: https://github.com/amkozlov/raxml-ng
Questions/problems/suggestions? Please visit: https://groups.google.com/forum/#!forum/raxml

WARNING: This is a BETA release, please use at your own risk!

RAxML-NG was called at 01-Mar-2020 21:19:38 as follows:

raxml-ng --msa LOC101254426_prot_linear_multi_sl25_prt_codonAlignment.fasta --prefix LOC101254426_prot_linear_multi_sl25_prt_codonAlignment --model GTR+G --seed 123 --bs-tree 100 --force

Analysis options:
  run mode: ML tree search
  start tree(s): random (10) + parsimony (10)
  random seed: 123
  tip-inner: OFF
  pattern compression: ON
  per-rate scalers: OFF
  site repeats: ON
  fast spr radius: AUTO
  spr subtree cutoff: 1.000000
  branch lengths: proportional (ML estimate, algorithm: NR-FAST)
  SIMD kernels: AVX2
  parallelization: PTHREADS (6 threads), thread pinning: OFF

WARNING: Running in FORCE mode: all safety checks are disabled!

[00:00:00] Reading alignment from file: LOC101254426_prot_linear_multi_sl25_prt_codonAlignment.fasta
[00:00:00] Loaded alignment with 91 taxa and 957 sites

Alignment comprises 1 partitions and 45 patterns

Partition 0: noname
Model: GTR+FO+G4m
Alignment sites / patterns: 957 / 45
Gaps: 0.00 %
Invariant sites: 95.72 %


NOTE: Binary MSA file created: LOC101254426_prot_linear_multi_sl25_prt_codonAlignment.raxml.rba

[00:00:00] Generating 10 random starting tree(s) with 91 taxa
[00:00:00] Generating 10 parsimony starting tree(s) with 91 taxa
[00:00:00] Data distribution: max. partitions/sites/weight per thread: 1 / 8 / 128

Starting ML tree search with 20 distinct starting trees

[00:00:01] ML tree search #1, logLikelihood: -1743.370879
[00:00:02] ML tree search #2, logLikelihood: -1743.370871
[00:00:03] ML tree search #3, logLikelihood: -1743.370877
[00:00:04] ML tree search #4, logLikelihood: -1743.723943
[00:00:06] ML tree search #5, logLikelihood: -1754.244524
[00:00:07] ML tree search #6, logLikelihood: -1743.370877
[00:00:08] ML tree search #7, logLikelihood: -1743.370886
[00:00:09] ML tree search #8, logLikelihood: -1743.370869
[00:00:10] ML tree search #9, logLikelihood: -1743.370883
[00:00:11] ML tree search #10, logLikelihood: -1743.723940
[00:00:12] ML tree search #11, logLikelihood: -1748.939436
[00:00:13] ML tree search #12, logLikelihood: -1743.723987
[00:00:13] ML tree search #13, logLikelihood: -1743.723950
[00:00:14] ML tree search #14, logLikelihood: -1743.370876
[00:00:15] ML tree search #15, logLikelihood: -1743.723945
[00:00:15] ML tree search #16, logLikelihood: -1743.370873
[00:00:16] ML tree search #17, logLikelihood: -1752.562927
[00:00:16] ML tree search #18, logLikelihood: -1748.521393
[00:00:17] ML tree search #19, logLikelihood: -1743.370890
[00:00:18] ML tree search #20, logLikelihood: -1743.370882

Optimized model parameters:

   Partition 0: noname
   Rate heterogeneity: GAMMA (4 cats, mean),  alpha: 0.020136 (ML),  weights&rates: (0.250000,0.000000) (0.250000,0.000000) (0.250000,0.000001) (0.250000,3.999999) 
   Base frequencies (ML): 0.264935 0.202968 0.240903 0.291194 
   Substitution rates (ML): 0.582294 2.147722 1.598610 0.629257 2.916444 1.000000 

Final LogLikelihood: -1743.370869

AIC score: 3862.741739 / AICc score: 3955.272989 / BIC score: 4777.136776
Free parameters (model + branch lengths): 188

Best ML tree saved to: /home/homma/Desktop/coding/github/pos_selection_pipeline/tomato_pipeline/pipeline/LOC/raxml-ng/LOC101254426_prot_linear_multi_sl25_prt_codonAlignment.raxml.bestTree
All ML trees saved to: /home/homma/Desktop/coding/github/pos_selection_pipeline/tomato_pipeline/pipeline/LOC/raxml-ng/LOC101254426_prot_linear_multi_sl25_prt_codonAlignment.raxml.mlTrees
Optimized model saved to: /home/homma/Desktop/coding/github/pos_selection_pipeline/tomato_pipeline/pipeline/LOC/raxml-ng/LOC101254426_prot_linear_multi_sl25_prt_codonAlignment.raxml.bestModel

Execution log saved to: /home/homma/Desktop/coding/github/pos_selection_pipeline/tomato_pipeline/pipeline/LOC/raxml-ng/LOC101254426_prot_linear_multi_sl25_prt_codonAlignment.raxml.log

Analysis started: 01-Mar-2020 21:19:38 / finished: 01-Mar-2020 21:19:57

Elapsed time: 18.315 seconds

