
RAxML-NG v. 0.8.1 BETA released on 05.03.2019 by The Exelixis Lab.
Authors: Alexey Kozlov, Alexandros Stamatakis, Diego Darriba, Tomas Flouri, Benoit Morel.
Latest version: https://github.com/amkozlov/raxml-ng
Questions/problems/suggestions? Please visit: https://groups.google.com/forum/#!forum/raxml

WARNING: This is a BETA release, please use at your own risk!

RAxML-NG was called at 01-Mar-2020 20:29:16 as follows:

raxml-ng --msa LOC101264109_prot_linear_multi_sl25_prt_codonAlignment.fasta --prefix LOC101264109_prot_linear_multi_sl25_prt_codonAlignment --model GTR+G --seed 123 --bs-tree 100 --force

Analysis options:
  run mode: ML tree search
  start tree(s): random (10) + parsimony (10)
  random seed: 123
  tip-inner: OFF
  pattern compression: ON
  per-rate scalers: OFF
  site repeats: ON
  fast spr radius: AUTO
  spr subtree cutoff: 1.000000
  branch lengths: proportional (ML estimate, algorithm: NR-FAST)
  SIMD kernels: AVX2
  parallelization: PTHREADS (6 threads), thread pinning: OFF

WARNING: Running in FORCE mode: all safety checks are disabled!

[00:00:00] Reading alignment from file: LOC101264109_prot_linear_multi_sl25_prt_codonAlignment.fasta
[00:00:00] Loaded alignment with 112 taxa and 855 sites

Alignment comprises 1 partitions and 36 patterns

Partition 0: noname
Model: GTR+FO+G4m
Alignment sites / patterns: 855 / 36
Gaps: 0.95 %
Invariant sites: 96.73 %


NOTE: Binary MSA file created: LOC101264109_prot_linear_multi_sl25_prt_codonAlignment.raxml.rba

[00:00:00] Generating 10 random starting tree(s) with 112 taxa
[00:00:00] Generating 10 parsimony starting tree(s) with 112 taxa
[00:00:00] Data distribution: max. partitions/sites/weight per thread: 1 / 6 / 96

Starting ML tree search with 20 distinct starting trees

[00:00:01] ML tree search #1, logLikelihood: -1430.878035
[00:00:02] ML tree search #2, logLikelihood: -1430.878049
[00:00:04] ML tree search #3, logLikelihood: -1449.902608
[00:00:06] ML tree search #4, logLikelihood: -1430.878027
[00:00:07] ML tree search #5, logLikelihood: -1430.877956
[00:00:08] ML tree search #6, logLikelihood: -1430.877929
[00:00:10] ML tree search #7, logLikelihood: -1431.475764
[00:00:11] ML tree search #8, logLikelihood: -1430.877925
[00:00:13] ML tree search #9, logLikelihood: -1430.877238
[00:00:15] ML tree search #10, logLikelihood: -1430.877850
[00:00:16] ML tree search #11, logLikelihood: -1430.873841
[00:00:17] ML tree search #12, logLikelihood: -1430.873833
[00:00:18] ML tree search #13, logLikelihood: -1430.876162
[00:00:19] ML tree search #14, logLikelihood: -1430.873849
[00:00:19] ML tree search #15, logLikelihood: -1431.484527
[00:00:20] ML tree search #16, logLikelihood: -1430.873836
[00:00:21] ML tree search #17, logLikelihood: -1430.877940
[00:00:22] ML tree search #18, logLikelihood: -1431.484506
[00:00:23] ML tree search #19, logLikelihood: -1430.877950
[00:00:24] ML tree search #20, logLikelihood: -1430.873844

Optimized model parameters:

   Partition 0: noname
   Rate heterogeneity: GAMMA (4 cats, mean),  alpha: 0.020120 (ML),  weights&rates: (0.250000,0.000000) (0.250000,0.000000) (0.250000,0.000001) (0.250000,3.999999) 
   Base frequencies (ML): 0.263810 0.200298 0.237513 0.298379 
   Substitution rates (ML): 0.448594 2.202954 0.958805 0.290072 2.144900 1.000000 

Final LogLikelihood: -1430.873833

AIC score: 3321.747666 / AICc score: 3492.036127 / BIC score: 4414.501004
Free parameters (model + branch lengths): 230

Best ML tree saved to: /home/homma/Desktop/coding/github/pos_selection_pipeline/tomato_pipeline/pipeline/LOC/raxml-ng/LOC101264109_prot_linear_multi_sl25_prt_codonAlignment.raxml.bestTree
All ML trees saved to: /home/homma/Desktop/coding/github/pos_selection_pipeline/tomato_pipeline/pipeline/LOC/raxml-ng/LOC101264109_prot_linear_multi_sl25_prt_codonAlignment.raxml.mlTrees
Optimized model saved to: /home/homma/Desktop/coding/github/pos_selection_pipeline/tomato_pipeline/pipeline/LOC/raxml-ng/LOC101264109_prot_linear_multi_sl25_prt_codonAlignment.raxml.bestModel

Execution log saved to: /home/homma/Desktop/coding/github/pos_selection_pipeline/tomato_pipeline/pipeline/LOC/raxml-ng/LOC101264109_prot_linear_multi_sl25_prt_codonAlignment.raxml.log

Analysis started: 01-Mar-2020 20:29:16 / finished: 01-Mar-2020 20:29:40

Elapsed time: 24.124 seconds

