
RAxML-NG v. 0.8.1 BETA released on 05.03.2019 by The Exelixis Lab.
Authors: Alexey Kozlov, Alexandros Stamatakis, Diego Darriba, Tomas Flouri, Benoit Morel.
Latest version: https://github.com/amkozlov/raxml-ng
Questions/problems/suggestions? Please visit: https://groups.google.com/forum/#!forum/raxml

WARNING: This is a BETA release, please use at your own risk!

RAxML-NG was called at 01-Mar-2020 20:28:55 as follows:

raxml-ng --msa LOC101268314_prot_linear_multi_sl25_prt_codonAlignment.fasta --prefix LOC101268314_prot_linear_multi_sl25_prt_codonAlignment --model GTR+G --seed 123 --bs-tree 100 --force

Analysis options:
  run mode: ML tree search
  start tree(s): random (10) + parsimony (10)
  random seed: 123
  tip-inner: OFF
  pattern compression: ON
  per-rate scalers: OFF
  site repeats: ON
  fast spr radius: AUTO
  spr subtree cutoff: 1.000000
  branch lengths: proportional (ML estimate, algorithm: NR-FAST)
  SIMD kernels: AVX2
  parallelization: PTHREADS (6 threads), thread pinning: OFF

WARNING: Running in FORCE mode: all safety checks are disabled!

[00:00:00] Reading alignment from file: LOC101268314_prot_linear_multi_sl25_prt_codonAlignment.fasta
[00:00:00] Loaded alignment with 108 taxa and 372 sites

Alignment comprises 1 partitions and 27 patterns

Partition 0: noname
Model: GTR+FO+G4m
Alignment sites / patterns: 372 / 27
Gaps: 0.00 %
Invariant sites: 93.28 %


NOTE: Binary MSA file created: LOC101268314_prot_linear_multi_sl25_prt_codonAlignment.raxml.rba

[00:00:00] Generating 10 random starting tree(s) with 108 taxa
[00:00:00] Generating 10 parsimony starting tree(s) with 108 taxa
[00:00:00] Data distribution: max. partitions/sites/weight per thread: 1 / 5 / 80

Starting ML tree search with 20 distinct starting trees

[00:00:01] ML tree search #1, logLikelihood: -717.251011
[00:00:02] ML tree search #2, logLikelihood: -716.345264
[00:00:04] ML tree search #3, logLikelihood: -716.345533
[00:00:05] ML tree search #4, logLikelihood: -716.345234
[00:00:06] ML tree search #5, logLikelihood: -717.251006
[00:00:08] ML tree search #6, logLikelihood: -716.345258
[00:00:09] ML tree search #7, logLikelihood: -717.251001
[00:00:11] ML tree search #8, logLikelihood: -716.345328
[00:00:12] ML tree search #9, logLikelihood: -717.251013
[00:00:13] ML tree search #10, logLikelihood: -716.345221
[00:00:14] ML tree search #11, logLikelihood: -718.425097
[00:00:15] ML tree search #12, logLikelihood: -718.425110
[00:00:16] ML tree search #13, logLikelihood: -717.251018
[00:00:16] ML tree search #14, logLikelihood: -718.239905
[00:00:17] ML tree search #15, logLikelihood: -717.251018
[00:00:17] ML tree search #16, logLikelihood: -717.251021
[00:00:18] ML tree search #17, logLikelihood: -717.075387
[00:00:19] ML tree search #18, logLikelihood: -718.241295
[00:00:19] ML tree search #19, logLikelihood: -717.251018
[00:00:20] ML tree search #20, logLikelihood: -718.239905

Optimized model parameters:

   Partition 0: noname
   Rate heterogeneity: GAMMA (4 cats, mean),  alpha: 0.020129 (ML),  weights&rates: (0.250000,0.000000) (0.250000,0.000000) (0.250000,0.000001) (0.250000,3.999999) 
   Base frequencies (ML): 0.312563 0.190922 0.260507 0.236007 
   Substitution rates (ML): 0.239635 2.392522 0.590032 0.309695 2.517819 1.000000 

Final LogLikelihood: -716.345221

AIC score: 1876.690442 / AICc score: 2541.200509 / BIC score: 2746.684878
Free parameters (model + branch lengths): 222

Best ML tree saved to: /home/homma/Desktop/coding/github/pos_selection_pipeline/tomato_pipeline/pipeline/LOC/raxml-ng/LOC101268314_prot_linear_multi_sl25_prt_codonAlignment.raxml.bestTree
All ML trees saved to: /home/homma/Desktop/coding/github/pos_selection_pipeline/tomato_pipeline/pipeline/LOC/raxml-ng/LOC101268314_prot_linear_multi_sl25_prt_codonAlignment.raxml.mlTrees
Optimized model saved to: /home/homma/Desktop/coding/github/pos_selection_pipeline/tomato_pipeline/pipeline/LOC/raxml-ng/LOC101268314_prot_linear_multi_sl25_prt_codonAlignment.raxml.bestModel

Execution log saved to: /home/homma/Desktop/coding/github/pos_selection_pipeline/tomato_pipeline/pipeline/LOC/raxml-ng/LOC101268314_prot_linear_multi_sl25_prt_codonAlignment.raxml.log

Analysis started: 01-Mar-2020 20:28:55 / finished: 01-Mar-2020 20:29:16

Elapsed time: 20.424 seconds

