
RAxML-NG v. 0.8.1 BETA released on 05.03.2019 by The Exelixis Lab.
Authors: Alexey Kozlov, Alexandros Stamatakis, Diego Darriba, Tomas Flouri, Benoit Morel.
Latest version: https://github.com/amkozlov/raxml-ng
Questions/problems/suggestions? Please visit: https://groups.google.com/forum/#!forum/raxml

WARNING: This is a BETA release, please use at your own risk!

RAxML-NG was called at 01-Mar-2020 21:41:09 as follows:

raxml-ng --msa LOC101245683_prot_linear_multi_sl25_prt_codonAlignment.fasta --prefix LOC101245683_prot_linear_multi_sl25_prt_codonAlignment --model GTR+G --seed 123 --bs-tree 100 --force

Analysis options:
  run mode: ML tree search
  start tree(s): random (10) + parsimony (10)
  random seed: 123
  tip-inner: OFF
  pattern compression: ON
  per-rate scalers: OFF
  site repeats: ON
  fast spr radius: AUTO
  spr subtree cutoff: 1.000000
  branch lengths: proportional (ML estimate, algorithm: NR-FAST)
  SIMD kernels: AVX2
  parallelization: PTHREADS (6 threads), thread pinning: OFF

WARNING: Running in FORCE mode: all safety checks are disabled!

[00:00:00] Reading alignment from file: LOC101245683_prot_linear_multi_sl25_prt_codonAlignment.fasta
[00:00:00] Loaded alignment with 104 taxa and 2361 sites

Alignment comprises 1 partitions and 85 patterns

Partition 0: noname
Model: GTR+FO+G4m
Alignment sites / patterns: 2361 / 85
Gaps: 0.00 %
Invariant sites: 96.32 %


NOTE: Binary MSA file created: LOC101245683_prot_linear_multi_sl25_prt_codonAlignment.raxml.rba

[00:00:00] Generating 10 random starting tree(s) with 104 taxa
[00:00:00] Generating 10 parsimony starting tree(s) with 104 taxa
[00:00:00] Data distribution: max. partitions/sites/weight per thread: 1 / 15 / 240

Starting ML tree search with 20 distinct starting trees

[00:00:01] ML tree search #1, logLikelihood: -4231.547120
[00:00:03] ML tree search #2, logLikelihood: -4226.197651
[00:00:05] ML tree search #3, logLikelihood: -4227.376930
[00:00:07] ML tree search #4, logLikelihood: -4226.197539
[00:00:10] ML tree search #5, logLikelihood: -4230.453565
[00:00:12] ML tree search #6, logLikelihood: -4231.926188
[00:00:15] ML tree search #7, logLikelihood: -4226.920713
[00:00:17] ML tree search #8, logLikelihood: -4226.197570
[00:00:19] ML tree search #9, logLikelihood: -4224.171349
[00:00:22] ML tree search #10, logLikelihood: -4230.620487
[00:00:24] ML tree search #11, logLikelihood: -4237.848909
[00:00:27] ML tree search #12, logLikelihood: -4234.321738
[00:00:28] ML tree search #13, logLikelihood: -4230.518944
[00:00:30] ML tree search #14, logLikelihood: -4226.657153
[00:00:32] ML tree search #15, logLikelihood: -4226.388584
[00:00:33] ML tree search #16, logLikelihood: -4229.452323
[00:00:34] ML tree search #17, logLikelihood: -4225.212732
[00:00:35] ML tree search #18, logLikelihood: -4228.564163
[00:00:37] ML tree search #19, logLikelihood: -4223.994258
[00:00:39] ML tree search #20, logLikelihood: -4223.428003

Optimized model parameters:

   Partition 0: noname
   Rate heterogeneity: GAMMA (4 cats, mean),  alpha: 0.020140 (ML),  weights&rates: (0.250000,0.000000) (0.250000,0.000000) (0.250000,0.000001) (0.250000,3.999999) 
   Base frequencies (ML): 0.293194 0.171273 0.262691 0.272842 
   Substitution rates (ML): 1.782926 2.426697 1.080272 0.342321 4.248714 1.000000 

Final LogLikelihood: -4223.428003

AIC score: 8874.856006 / AICc score: 8917.735782 / BIC score: 10108.959880
Free parameters (model + branch lengths): 214

Best ML tree saved to: /home/homma/Desktop/coding/github/pos_selection_pipeline/tomato_pipeline/pipeline/LOC/raxml-ng/LOC101245683_prot_linear_multi_sl25_prt_codonAlignment.raxml.bestTree
All ML trees saved to: /home/homma/Desktop/coding/github/pos_selection_pipeline/tomato_pipeline/pipeline/LOC/raxml-ng/LOC101245683_prot_linear_multi_sl25_prt_codonAlignment.raxml.mlTrees
Optimized model saved to: /home/homma/Desktop/coding/github/pos_selection_pipeline/tomato_pipeline/pipeline/LOC/raxml-ng/LOC101245683_prot_linear_multi_sl25_prt_codonAlignment.raxml.bestModel

Execution log saved to: /home/homma/Desktop/coding/github/pos_selection_pipeline/tomato_pipeline/pipeline/LOC/raxml-ng/LOC101245683_prot_linear_multi_sl25_prt_codonAlignment.raxml.log

Analysis started: 01-Mar-2020 21:41:09 / finished: 01-Mar-2020 21:41:48

Elapsed time: 39.033 seconds

