
RAxML-NG v. 0.8.1 BETA released on 05.03.2019 by The Exelixis Lab.
Authors: Alexey Kozlov, Alexandros Stamatakis, Diego Darriba, Tomas Flouri, Benoit Morel.
Latest version: https://github.com/amkozlov/raxml-ng
Questions/problems/suggestions? Please visit: https://groups.google.com/forum/#!forum/raxml

WARNING: This is a BETA release, please use at your own risk!

RAxML-NG was called at 01-Mar-2020 20:24:54 as follows:

raxml-ng --msa LOC101249290_prot_linear_multi_sl25_prt_codonAlignment.fasta --prefix LOC101249290_prot_linear_multi_sl25_prt_codonAlignment --model GTR+G --seed 123 --bs-tree 100 --force

Analysis options:
  run mode: ML tree search
  start tree(s): random (10) + parsimony (10)
  random seed: 123
  tip-inner: OFF
  pattern compression: ON
  per-rate scalers: OFF
  site repeats: ON
  fast spr radius: AUTO
  spr subtree cutoff: 1.000000
  branch lengths: proportional (ML estimate, algorithm: NR-FAST)
  SIMD kernels: AVX2
  parallelization: PTHREADS (6 threads), thread pinning: OFF

WARNING: Running in FORCE mode: all safety checks are disabled!

[00:00:00] Reading alignment from file: LOC101249290_prot_linear_multi_sl25_prt_codonAlignment.fasta
[00:00:00] Loaded alignment with 88 taxa and 747 sites

Alignment comprises 1 partitions and 30 patterns

Partition 0: noname
Model: GTR+FO+G4m
Alignment sites / patterns: 747 / 30
Gaps: 0.00 %
Invariant sites: 96.52 %


NOTE: Binary MSA file created: LOC101249290_prot_linear_multi_sl25_prt_codonAlignment.raxml.rba

[00:00:00] Generating 10 random starting tree(s) with 88 taxa
[00:00:00] Generating 10 parsimony starting tree(s) with 88 taxa
[00:00:00] Data distribution: max. partitions/sites/weight per thread: 1 / 5 / 80

Starting ML tree search with 20 distinct starting trees

[00:00:01] ML tree search #1, logLikelihood: -1260.230041
[00:00:01] ML tree search #2, logLikelihood: -1260.230013
[00:00:02] ML tree search #3, logLikelihood: -1260.079123
[00:00:03] ML tree search #4, logLikelihood: -1260.079108
[00:00:05] ML tree search #5, logLikelihood: -1260.079135
[00:00:06] ML tree search #6, logLikelihood: -1260.230031
[00:00:07] ML tree search #7, logLikelihood: -1260.079123
[00:00:08] ML tree search #8, logLikelihood: -1260.230022
[00:00:09] ML tree search #9, logLikelihood: -1260.079132
[00:00:09] ML tree search #10, logLikelihood: -1260.230026
[00:00:10] ML tree search #11, logLikelihood: -1260.359892
[00:00:11] ML tree search #12, logLikelihood: -1260.230037
[00:00:11] ML tree search #13, logLikelihood: -1260.211769
[00:00:12] ML tree search #14, logLikelihood: -1260.359890
[00:00:13] ML tree search #15, logLikelihood: -1260.079126
[00:00:14] ML tree search #16, logLikelihood: -1260.079156
[00:00:14] ML tree search #17, logLikelihood: -1260.359880
[00:00:15] ML tree search #18, logLikelihood: -1260.211785
[00:00:16] ML tree search #19, logLikelihood: -1260.079139
[00:00:16] ML tree search #20, logLikelihood: -1260.359907

Optimized model parameters:

   Partition 0: noname
   Rate heterogeneity: GAMMA (4 cats, mean),  alpha: 0.020139 (ML),  weights&rates: (0.250000,0.000000) (0.250000,0.000000) (0.250000,0.000001) (0.250000,3.999999) 
   Base frequencies (ML): 0.303766 0.200367 0.265765 0.230101 
   Substitution rates (ML): 0.495908 1.139510 0.438426 0.269804 5.258931 1.000000 

Final LogLikelihood: -1260.079108

AIC score: 2884.158216 / AICc score: 3002.264599 / BIC score: 3724.282079
Free parameters (model + branch lengths): 182

Best ML tree saved to: /home/homma/Desktop/coding/github/pos_selection_pipeline/tomato_pipeline/pipeline/LOC/raxml-ng/LOC101249290_prot_linear_multi_sl25_prt_codonAlignment.raxml.bestTree
All ML trees saved to: /home/homma/Desktop/coding/github/pos_selection_pipeline/tomato_pipeline/pipeline/LOC/raxml-ng/LOC101249290_prot_linear_multi_sl25_prt_codonAlignment.raxml.mlTrees
Optimized model saved to: /home/homma/Desktop/coding/github/pos_selection_pipeline/tomato_pipeline/pipeline/LOC/raxml-ng/LOC101249290_prot_linear_multi_sl25_prt_codonAlignment.raxml.bestModel

Execution log saved to: /home/homma/Desktop/coding/github/pos_selection_pipeline/tomato_pipeline/pipeline/LOC/raxml-ng/LOC101249290_prot_linear_multi_sl25_prt_codonAlignment.raxml.log

Analysis started: 01-Mar-2020 20:24:54 / finished: 01-Mar-2020 20:25:11

Elapsed time: 16.754 seconds

