
RAxML-NG v. 0.8.1 BETA released on 05.03.2019 by The Exelixis Lab.
Authors: Alexey Kozlov, Alexandros Stamatakis, Diego Darriba, Tomas Flouri, Benoit Morel.
Latest version: https://github.com/amkozlov/raxml-ng
Questions/problems/suggestions? Please visit: https://groups.google.com/forum/#!forum/raxml

WARNING: This is a BETA release, please use at your own risk!

RAxML-NG was called at 01-Mar-2020 20:32:39 as follows:

raxml-ng --msa LOC101253814_prot_linear_multi_sl25_prt_codonAlignment.fasta --prefix LOC101253814_prot_linear_multi_sl25_prt_codonAlignment --model GTR+G --seed 123 --bs-tree 100 --force

Analysis options:
  run mode: ML tree search
  start tree(s): random (10) + parsimony (10)
  random seed: 123
  tip-inner: OFF
  pattern compression: ON
  per-rate scalers: OFF
  site repeats: ON
  fast spr radius: AUTO
  spr subtree cutoff: 1.000000
  branch lengths: proportional (ML estimate, algorithm: NR-FAST)
  SIMD kernels: AVX2
  parallelization: PTHREADS (6 threads), thread pinning: OFF

WARNING: Running in FORCE mode: all safety checks are disabled!

[00:00:00] Reading alignment from file: LOC101253814_prot_linear_multi_sl25_prt_codonAlignment.fasta
[00:00:00] Loaded alignment with 127 taxa and 2937 sites

Alignment comprises 1 partitions and 114 patterns

Partition 0: noname
Model: GTR+FO+G4m
Alignment sites / patterns: 2937 / 114
Gaps: 0.00 %
Invariant sites: 95.47 %


NOTE: Binary MSA file created: LOC101253814_prot_linear_multi_sl25_prt_codonAlignment.raxml.rba

[00:00:00] Generating 10 random starting tree(s) with 127 taxa
[00:00:00] Generating 10 parsimony starting tree(s) with 127 taxa
[00:00:00] Data distribution: max. partitions/sites/weight per thread: 1 / 19 / 304

Starting ML tree search with 20 distinct starting trees

[00:00:02] ML tree search #1, logLikelihood: -5487.654177
[00:00:06] ML tree search #2, logLikelihood: -5487.991207
[00:00:09] ML tree search #3, logLikelihood: -5488.336972
[00:00:13] ML tree search #4, logLikelihood: -5484.243082
[00:00:18] ML tree search #5, logLikelihood: -5483.207561
[00:00:21] ML tree search #6, logLikelihood: -5485.153358
[00:00:24] ML tree search #7, logLikelihood: -5484.461626
[00:00:27] ML tree search #8, logLikelihood: -5484.808715
[00:00:30] ML tree search #9, logLikelihood: -5486.873052
[00:00:33] ML tree search #10, logLikelihood: -5502.203347
[00:00:37] ML tree search #11, logLikelihood: -5487.654056
[00:00:41] ML tree search #12, logLikelihood: -5485.472966
[00:00:43] ML tree search #13, logLikelihood: -5486.518576
[00:00:45] ML tree search #14, logLikelihood: -5500.922723
[00:00:48] ML tree search #15, logLikelihood: -5484.240544
[00:00:50] ML tree search #16, logLikelihood: -5486.873066
[00:00:54] ML tree search #17, logLikelihood: -5487.081958
[00:00:56] ML tree search #18, logLikelihood: -5486.338293
[00:00:59] ML tree search #19, logLikelihood: -5490.483843
[00:01:03] ML tree search #20, logLikelihood: -5497.546864

Optimized model parameters:

   Partition 0: noname
   Rate heterogeneity: GAMMA (4 cats, mean),  alpha: 0.020136 (ML),  weights&rates: (0.250000,0.000000) (0.250000,0.000000) (0.250000,0.000001) (0.250000,3.999999) 
   Base frequencies (ML): 0.280269 0.199037 0.238565 0.282129 
   Substitution rates (ML): 1.311180 3.123468 1.833083 0.694732 6.428037 1.000000 

Final LogLikelihood: -5483.207561

AIC score: 11486.415121 / AICc score: 11537.132610 / BIC score: 13042.552543
Free parameters (model + branch lengths): 260

Best ML tree saved to: /home/homma/Desktop/coding/github/pos_selection_pipeline/tomato_pipeline/pipeline/LOC/raxml-ng/LOC101253814_prot_linear_multi_sl25_prt_codonAlignment.raxml.bestTree
All ML trees saved to: /home/homma/Desktop/coding/github/pos_selection_pipeline/tomato_pipeline/pipeline/LOC/raxml-ng/LOC101253814_prot_linear_multi_sl25_prt_codonAlignment.raxml.mlTrees
Optimized model saved to: /home/homma/Desktop/coding/github/pos_selection_pipeline/tomato_pipeline/pipeline/LOC/raxml-ng/LOC101253814_prot_linear_multi_sl25_prt_codonAlignment.raxml.bestModel

Execution log saved to: /home/homma/Desktop/coding/github/pos_selection_pipeline/tomato_pipeline/pipeline/LOC/raxml-ng/LOC101253814_prot_linear_multi_sl25_prt_codonAlignment.raxml.log

Analysis started: 01-Mar-2020 20:32:39 / finished: 01-Mar-2020 20:33:42

Elapsed time: 63.112 seconds

