
RAxML-NG v. 0.8.1 BETA released on 05.03.2019 by The Exelixis Lab.
Authors: Alexey Kozlov, Alexandros Stamatakis, Diego Darriba, Tomas Flouri, Benoit Morel.
Latest version: https://github.com/amkozlov/raxml-ng
Questions/problems/suggestions? Please visit: https://groups.google.com/forum/#!forum/raxml

WARNING: This is a BETA release, please use at your own risk!

RAxML-NG was called at 01-Mar-2020 20:06:12 as follows:

raxml-ng --msa LOC101266182_prot_linear_multi_sl25_prt_codonAlignment.fasta --prefix LOC101266182_prot_linear_multi_sl25_prt_codonAlignment --model GTR+G --seed 123 --bs-tree 100 --force

Analysis options:
  run mode: ML tree search
  start tree(s): random (10) + parsimony (10)
  random seed: 123
  tip-inner: OFF
  pattern compression: ON
  per-rate scalers: OFF
  site repeats: ON
  fast spr radius: AUTO
  spr subtree cutoff: 1.000000
  branch lengths: proportional (ML estimate, algorithm: NR-FAST)
  SIMD kernels: AVX2
  parallelization: PTHREADS (6 threads), thread pinning: OFF

WARNING: Running in FORCE mode: all safety checks are disabled!

[00:00:00] Reading alignment from file: LOC101266182_prot_linear_multi_sl25_prt_codonAlignment.fasta
[00:00:00] Loaded alignment with 98 taxa and 795 sites

Alignment comprises 1 partitions and 58 patterns

Partition 0: noname
Model: GTR+FO+G4m
Alignment sites / patterns: 795 / 58
Gaps: 0.00 %
Invariant sites: 92.58 %


NOTE: Binary MSA file created: LOC101266182_prot_linear_multi_sl25_prt_codonAlignment.raxml.rba

[00:00:00] Generating 10 random starting tree(s) with 98 taxa
[00:00:00] Generating 10 parsimony starting tree(s) with 98 taxa
[00:00:00] Data distribution: max. partitions/sites/weight per thread: 1 / 10 / 160

Starting ML tree search with 20 distinct starting trees

[00:00:02] ML tree search #1, logLikelihood: -1941.755156
[00:00:05] ML tree search #2, logLikelihood: -1943.281251
[00:00:09] ML tree search #3, logLikelihood: -1939.511144
[00:00:11] ML tree search #4, logLikelihood: -1940.340375
[00:00:13] ML tree search #5, logLikelihood: -1941.344250
[00:00:16] ML tree search #6, logLikelihood: -1939.830326
[00:00:18] ML tree search #7, logLikelihood: -1940.137784
[00:00:20] ML tree search #8, logLikelihood: -1943.283589
[00:00:22] ML tree search #9, logLikelihood: -1944.072764
[00:00:24] ML tree search #10, logLikelihood: -1939.890377
[00:00:25] ML tree search #11, logLikelihood: -1945.947986
[00:00:26] ML tree search #12, logLikelihood: -1942.552090
[00:00:28] ML tree search #13, logLikelihood: -1940.051720
[00:00:30] ML tree search #14, logLikelihood: -1940.273051
[00:00:31] ML tree search #15, logLikelihood: -1938.824584
[00:00:34] ML tree search #16, logLikelihood: -1939.830180
[00:00:36] ML tree search #17, logLikelihood: -1938.824830
[00:00:38] ML tree search #18, logLikelihood: -1946.471859
[00:00:41] ML tree search #19, logLikelihood: -1940.273040
[00:00:42] ML tree search #20, logLikelihood: -1940.686394

Optimized model parameters:

   Partition 0: noname
   Rate heterogeneity: GAMMA (4 cats, mean),  alpha: 0.020122 (ML),  weights&rates: (0.250000,0.000000) (0.250000,0.000000) (0.250000,0.000001) (0.250000,3.999999) 
   Base frequencies (ML): 0.210205 0.240953 0.268429 0.280412 
   Substitution rates (ML): 1.118691 1.620074 0.752179 0.580918 5.461348 1.000000 

Final LogLikelihood: -1938.824584

AIC score: 4281.649169 / AICc score: 4420.182952 / BIC score: 5226.674276
Free parameters (model + branch lengths): 202

Best ML tree saved to: /home/homma/Desktop/coding/github/pos_selection_pipeline/tomato_pipeline/pipeline/LOC/raxml-ng/LOC101266182_prot_linear_multi_sl25_prt_codonAlignment.raxml.bestTree
All ML trees saved to: /home/homma/Desktop/coding/github/pos_selection_pipeline/tomato_pipeline/pipeline/LOC/raxml-ng/LOC101266182_prot_linear_multi_sl25_prt_codonAlignment.raxml.mlTrees
Optimized model saved to: /home/homma/Desktop/coding/github/pos_selection_pipeline/tomato_pipeline/pipeline/LOC/raxml-ng/LOC101266182_prot_linear_multi_sl25_prt_codonAlignment.raxml.bestModel

Execution log saved to: /home/homma/Desktop/coding/github/pos_selection_pipeline/tomato_pipeline/pipeline/LOC/raxml-ng/LOC101266182_prot_linear_multi_sl25_prt_codonAlignment.raxml.log

Analysis started: 01-Mar-2020 20:06:12 / finished: 01-Mar-2020 20:06:54

Elapsed time: 42.520 seconds

