
RAxML-NG v. 0.8.1 BETA released on 05.03.2019 by The Exelixis Lab.
Authors: Alexey Kozlov, Alexandros Stamatakis, Diego Darriba, Tomas Flouri, Benoit Morel.
Latest version: https://github.com/amkozlov/raxml-ng
Questions/problems/suggestions? Please visit: https://groups.google.com/forum/#!forum/raxml

WARNING: This is a BETA release, please use at your own risk!

RAxML-NG was called at 01-Mar-2020 21:28:56 as follows:

raxml-ng --msa LOC101244907_prot_linear_multi_sl25_prt_codonAlignment.fasta --prefix LOC101244907_prot_linear_multi_sl25_prt_codonAlignment --model GTR+G --seed 123 --bs-tree 100 --force

Analysis options:
  run mode: ML tree search
  start tree(s): random (10) + parsimony (10)
  random seed: 123
  tip-inner: OFF
  pattern compression: ON
  per-rate scalers: OFF
  site repeats: ON
  fast spr radius: AUTO
  spr subtree cutoff: 1.000000
  branch lengths: proportional (ML estimate, algorithm: NR-FAST)
  SIMD kernels: AVX2
  parallelization: PTHREADS (6 threads), thread pinning: OFF

WARNING: Running in FORCE mode: all safety checks are disabled!

[00:00:00] Reading alignment from file: LOC101244907_prot_linear_multi_sl25_prt_codonAlignment.fasta
[00:00:00] Loaded alignment with 86 taxa and 945 sites

Alignment comprises 1 partitions and 78 patterns

Partition 0: noname
Model: GTR+FO+G4m
Alignment sites / patterns: 945 / 78
Gaps: 0.00 %
Invariant sites: 91.85 %


NOTE: Binary MSA file created: LOC101244907_prot_linear_multi_sl25_prt_codonAlignment.raxml.rba

[00:00:00] Generating 10 random starting tree(s) with 86 taxa
[00:00:00] Generating 10 parsimony starting tree(s) with 86 taxa
[00:00:00] Data distribution: max. partitions/sites/weight per thread: 1 / 13 / 208

Starting ML tree search with 20 distinct starting trees

[00:00:02] ML tree search #1, logLikelihood: -2307.435487
[00:00:05] ML tree search #2, logLikelihood: -2306.874243
[00:00:06] ML tree search #3, logLikelihood: -2306.562166
[00:00:07] ML tree search #4, logLikelihood: -2305.828012
[00:00:09] ML tree search #5, logLikelihood: -2305.838322
[00:00:11] ML tree search #6, logLikelihood: -2306.110808
[00:00:13] ML tree search #7, logLikelihood: -2306.803960
[00:00:15] ML tree search #8, logLikelihood: -2309.025804
[00:00:17] ML tree search #9, logLikelihood: -2306.406804
[00:00:19] ML tree search #10, logLikelihood: -2309.849310
[00:00:21] ML tree search #11, logLikelihood: -2307.435521
[00:00:23] ML tree search #12, logLikelihood: -2305.838323
[00:00:24] ML tree search #13, logLikelihood: -2307.188731
[00:00:26] ML tree search #14, logLikelihood: -2309.076839
[00:00:27] ML tree search #15, logLikelihood: -2307.099305
[00:00:29] ML tree search #16, logLikelihood: -2309.006636
[00:00:32] ML tree search #17, logLikelihood: -2311.488954
[00:00:34] ML tree search #18, logLikelihood: -2307.026407
[00:00:34] ML tree search #19, logLikelihood: -2307.753391
[00:00:37] ML tree search #20, logLikelihood: -2312.285635

Optimized model parameters:

   Partition 0: noname
   Rate heterogeneity: GAMMA (4 cats, mean),  alpha: 0.020123 (ML),  weights&rates: (0.250000,0.000000) (0.250000,0.000000) (0.250000,0.000001) (0.250000,3.999999) 
   Base frequencies (ML): 0.296092 0.156122 0.219275 0.328511 
   Substitution rates (ML): 2.781180 13.412095 3.810787 7.378211 30.609484 1.000000 

Final LogLikelihood: -2305.828012

AIC score: 4967.656023 / AICc score: 5050.846624 / BIC score: 5831.166940
Free parameters (model + branch lengths): 178

Best ML tree saved to: /home/homma/Desktop/coding/github/pos_selection_pipeline/tomato_pipeline/pipeline/LOC/raxml-ng/LOC101244907_prot_linear_multi_sl25_prt_codonAlignment.raxml.bestTree
All ML trees saved to: /home/homma/Desktop/coding/github/pos_selection_pipeline/tomato_pipeline/pipeline/LOC/raxml-ng/LOC101244907_prot_linear_multi_sl25_prt_codonAlignment.raxml.mlTrees
Optimized model saved to: /home/homma/Desktop/coding/github/pos_selection_pipeline/tomato_pipeline/pipeline/LOC/raxml-ng/LOC101244907_prot_linear_multi_sl25_prt_codonAlignment.raxml.bestModel

Execution log saved to: /home/homma/Desktop/coding/github/pos_selection_pipeline/tomato_pipeline/pipeline/LOC/raxml-ng/LOC101244907_prot_linear_multi_sl25_prt_codonAlignment.raxml.log

Analysis started: 01-Mar-2020 21:28:56 / finished: 01-Mar-2020 21:29:33

Elapsed time: 37.161 seconds

