
RAxML-NG v. 0.8.1 BETA released on 05.03.2019 by The Exelixis Lab.
Authors: Alexey Kozlov, Alexandros Stamatakis, Diego Darriba, Tomas Flouri, Benoit Morel.
Latest version: https://github.com/amkozlov/raxml-ng
Questions/problems/suggestions? Please visit: https://groups.google.com/forum/#!forum/raxml

WARNING: This is a BETA release, please use at your own risk!

RAxML-NG was called at 01-Mar-2020 21:38:53 as follows:

raxml-ng --msa LOC101251446_prot_linear_multi_sl25_prt_codonAlignment.fasta --prefix LOC101251446_prot_linear_multi_sl25_prt_codonAlignment --model GTR+G --seed 123 --bs-tree 100 --force

Analysis options:
  run mode: ML tree search
  start tree(s): random (10) + parsimony (10)
  random seed: 123
  tip-inner: OFF
  pattern compression: ON
  per-rate scalers: OFF
  site repeats: ON
  fast spr radius: AUTO
  spr subtree cutoff: 1.000000
  branch lengths: proportional (ML estimate, algorithm: NR-FAST)
  SIMD kernels: AVX2
  parallelization: PTHREADS (6 threads), thread pinning: OFF

WARNING: Running in FORCE mode: all safety checks are disabled!

[00:00:00] Reading alignment from file: LOC101251446_prot_linear_multi_sl25_prt_codonAlignment.fasta
[00:00:00] Loaded alignment with 127 taxa and 2292 sites

Alignment comprises 1 partitions and 91 patterns

Partition 0: noname
Model: GTR+FO+G4m
Alignment sites / patterns: 2292 / 91
Gaps: 0.00 %
Invariant sites: 95.81 %


NOTE: Binary MSA file created: LOC101251446_prot_linear_multi_sl25_prt_codonAlignment.raxml.rba

[00:00:00] Generating 10 random starting tree(s) with 127 taxa
[00:00:00] Generating 10 parsimony starting tree(s) with 127 taxa
[00:00:00] Data distribution: max. partitions/sites/weight per thread: 1 / 16 / 256

Starting ML tree search with 20 distinct starting trees

[00:00:04] ML tree search #1, logLikelihood: -4660.074245
[00:00:08] ML tree search #2, logLikelihood: -4671.231584
[00:00:12] ML tree search #3, logLikelihood: -4673.373508
[00:00:16] ML tree search #4, logLikelihood: -4657.060479
[00:00:20] ML tree search #5, logLikelihood: -4657.009993
[00:00:24] ML tree search #6, logLikelihood: -4664.432269
[00:00:29] ML tree search #7, logLikelihood: -4675.442200
[00:00:32] ML tree search #8, logLikelihood: -4667.458989
[00:00:37] ML tree search #9, logLikelihood: -4667.049329
[00:00:42] ML tree search #10, logLikelihood: -4677.471445
[00:00:45] ML tree search #11, logLikelihood: -4667.880969
[00:00:47] ML tree search #12, logLikelihood: -4674.623787
[00:00:50] ML tree search #13, logLikelihood: -4663.510934
[00:00:51] ML tree search #14, logLikelihood: -4668.205387
[00:00:54] ML tree search #15, logLikelihood: -4669.695219
[00:00:57] ML tree search #16, logLikelihood: -4665.571849
[00:01:01] ML tree search #17, logLikelihood: -4665.733219
[00:01:03] ML tree search #18, logLikelihood: -4665.040864
[00:01:06] ML tree search #19, logLikelihood: -4667.198026
[00:01:09] ML tree search #20, logLikelihood: -4681.546976

Optimized model parameters:

   Partition 0: noname
   Rate heterogeneity: GAMMA (4 cats, mean),  alpha: 0.020140 (ML),  weights&rates: (0.250000,0.000000) (0.250000,0.000000) (0.250000,0.000001) (0.250000,3.999999) 
   Base frequencies (ML): 0.277043 0.186126 0.245332 0.291499 
   Substitution rates (ML): 0.773595 3.627030 2.659860 0.209762 8.196856 1.000000 

Final LogLikelihood: -4657.009993

AIC score: 9834.019986 / AICc score: 9900.844211 / BIC score: 11325.686807
Free parameters (model + branch lengths): 260

Best ML tree saved to: /home/homma/Desktop/coding/github/pos_selection_pipeline/tomato_pipeline/pipeline/LOC/raxml-ng/LOC101251446_prot_linear_multi_sl25_prt_codonAlignment.raxml.bestTree
All ML trees saved to: /home/homma/Desktop/coding/github/pos_selection_pipeline/tomato_pipeline/pipeline/LOC/raxml-ng/LOC101251446_prot_linear_multi_sl25_prt_codonAlignment.raxml.mlTrees
Optimized model saved to: /home/homma/Desktop/coding/github/pos_selection_pipeline/tomato_pipeline/pipeline/LOC/raxml-ng/LOC101251446_prot_linear_multi_sl25_prt_codonAlignment.raxml.bestModel

Execution log saved to: /home/homma/Desktop/coding/github/pos_selection_pipeline/tomato_pipeline/pipeline/LOC/raxml-ng/LOC101251446_prot_linear_multi_sl25_prt_codonAlignment.raxml.log

Analysis started: 01-Mar-2020 21:38:53 / finished: 01-Mar-2020 21:40:03

Elapsed time: 69.494 seconds

