
RAxML-NG v. 0.8.1 BETA released on 05.03.2019 by The Exelixis Lab.
Authors: Alexey Kozlov, Alexandros Stamatakis, Diego Darriba, Tomas Flouri, Benoit Morel.
Latest version: https://github.com/amkozlov/raxml-ng
Questions/problems/suggestions? Please visit: https://groups.google.com/forum/#!forum/raxml

WARNING: This is a BETA release, please use at your own risk!

RAxML-NG was called at 01-Mar-2020 21:16:10 as follows:

raxml-ng --msa LOC101261972_prot_linear_multi_sl25_prt_codonAlignment.fasta --prefix LOC101261972_prot_linear_multi_sl25_prt_codonAlignment --model GTR+G --seed 123 --bs-tree 100 --force

Analysis options:
  run mode: ML tree search
  start tree(s): random (10) + parsimony (10)
  random seed: 123
  tip-inner: OFF
  pattern compression: ON
  per-rate scalers: OFF
  site repeats: ON
  fast spr radius: AUTO
  spr subtree cutoff: 1.000000
  branch lengths: proportional (ML estimate, algorithm: NR-FAST)
  SIMD kernels: AVX2
  parallelization: PTHREADS (6 threads), thread pinning: OFF

WARNING: Running in FORCE mode: all safety checks are disabled!

[00:00:00] Reading alignment from file: LOC101261972_prot_linear_multi_sl25_prt_codonAlignment.fasta
[00:00:00] Loaded alignment with 112 taxa and 1347 sites

Alignment comprises 1 partitions and 81 patterns

Partition 0: noname
Model: GTR+FO+G4m
Alignment sites / patterns: 1347 / 81
Gaps: 0.00 %
Invariant sites: 93.99 %


NOTE: Binary MSA file created: LOC101261972_prot_linear_multi_sl25_prt_codonAlignment.raxml.rba

[00:00:00] Generating 10 random starting tree(s) with 112 taxa
[00:00:00] Generating 10 parsimony starting tree(s) with 112 taxa
[00:00:00] Data distribution: max. partitions/sites/weight per thread: 1 / 14 / 224

Starting ML tree search with 20 distinct starting trees

[00:00:04] ML tree search #1, logLikelihood: -3007.962789
[00:00:09] ML tree search #2, logLikelihood: -3007.953881
[00:00:13] ML tree search #3, logLikelihood: -3008.112563
[00:00:16] ML tree search #4, logLikelihood: -3080.712665
[00:00:19] ML tree search #5, logLikelihood: -3017.752790
[00:00:22] ML tree search #6, logLikelihood: -3007.943336
[00:00:26] ML tree search #7, logLikelihood: -3007.963625
[00:00:29] ML tree search #8, logLikelihood: -3008.076656
[00:00:31] ML tree search #9, logLikelihood: -3008.347332
[00:00:34] ML tree search #10, logLikelihood: -3012.731647
[00:00:37] ML tree search #11, logLikelihood: -3005.749383
[00:00:39] ML tree search #12, logLikelihood: -3005.749550
[00:00:41] ML tree search #13, logLikelihood: -3005.941273
[00:00:44] ML tree search #14, logLikelihood: -3015.220576
[00:00:45] ML tree search #15, logLikelihood: -3026.711247
[00:00:48] ML tree search #16, logLikelihood: -3005.363932
[00:00:52] ML tree search #17, logLikelihood: -3014.482033
[00:00:56] ML tree search #18, logLikelihood: -3014.481566
[00:00:57] ML tree search #19, logLikelihood: -3006.325209
[00:01:02] ML tree search #20, logLikelihood: -3025.730544

Optimized model parameters:

   Partition 0: noname
   Rate heterogeneity: GAMMA (4 cats, mean),  alpha: 0.020139 (ML),  weights&rates: (0.250000,0.000000) (0.250000,0.000000) (0.250000,0.000001) (0.250000,3.999999) 
   Base frequencies (ML): 0.285760 0.191880 0.237036 0.285325 
   Substitution rates (ML): 11.746732 30.539464 8.353629 7.998086 46.111645 1.000000 

Final LogLikelihood: -3005.363932

AIC score: 6470.727864 / AICc score: 6565.942917 / BIC score: 7668.023954
Free parameters (model + branch lengths): 230

Best ML tree saved to: /home/homma/Desktop/coding/github/pos_selection_pipeline/tomato_pipeline/pipeline/LOC/raxml-ng/LOC101261972_prot_linear_multi_sl25_prt_codonAlignment.raxml.bestTree
All ML trees saved to: /home/homma/Desktop/coding/github/pos_selection_pipeline/tomato_pipeline/pipeline/LOC/raxml-ng/LOC101261972_prot_linear_multi_sl25_prt_codonAlignment.raxml.mlTrees
Optimized model saved to: /home/homma/Desktop/coding/github/pos_selection_pipeline/tomato_pipeline/pipeline/LOC/raxml-ng/LOC101261972_prot_linear_multi_sl25_prt_codonAlignment.raxml.bestModel

Execution log saved to: /home/homma/Desktop/coding/github/pos_selection_pipeline/tomato_pipeline/pipeline/LOC/raxml-ng/LOC101261972_prot_linear_multi_sl25_prt_codonAlignment.raxml.log

Analysis started: 01-Mar-2020 21:16:10 / finished: 01-Mar-2020 21:17:12

Elapsed time: 62.199 seconds

