
RAxML-NG v. 0.8.1 BETA released on 05.03.2019 by The Exelixis Lab.
Authors: Alexey Kozlov, Alexandros Stamatakis, Diego Darriba, Tomas Flouri, Benoit Morel.
Latest version: https://github.com/amkozlov/raxml-ng
Questions/problems/suggestions? Please visit: https://groups.google.com/forum/#!forum/raxml

WARNING: This is a BETA release, please use at your own risk!

RAxML-NG was called at 01-Mar-2020 20:57:04 as follows:

raxml-ng --msa LOC101267652_prot_linear_multi_sl25_prt_codonAlignment.fasta --prefix LOC101267652_prot_linear_multi_sl25_prt_codonAlignment --model GTR+G --seed 123 --bs-tree 100 --force

Analysis options:
  run mode: ML tree search
  start tree(s): random (10) + parsimony (10)
  random seed: 123
  tip-inner: OFF
  pattern compression: ON
  per-rate scalers: OFF
  site repeats: ON
  fast spr radius: AUTO
  spr subtree cutoff: 1.000000
  branch lengths: proportional (ML estimate, algorithm: NR-FAST)
  SIMD kernels: AVX2
  parallelization: PTHREADS (6 threads), thread pinning: OFF

WARNING: Running in FORCE mode: all safety checks are disabled!

[00:00:00] Reading alignment from file: LOC101267652_prot_linear_multi_sl25_prt_codonAlignment.fasta
[00:00:00] Loaded alignment with 88 taxa and 2259 sites

Alignment comprises 1 partitions and 177 patterns

Partition 0: noname
Model: GTR+FO+G4m
Alignment sites / patterns: 2259 / 177
Gaps: 0.37 %
Invariant sites: 91.32 %


NOTE: Binary MSA file created: LOC101267652_prot_linear_multi_sl25_prt_codonAlignment.raxml.rba

[00:00:00] Generating 10 random starting tree(s) with 88 taxa
[00:00:00] Generating 10 parsimony starting tree(s) with 88 taxa
[00:00:00] Data distribution: max. partitions/sites/weight per thread: 1 / 30 / 480

Starting ML tree search with 20 distinct starting trees

[00:00:04] ML tree search #1, logLikelihood: -5181.632720
[00:00:07] ML tree search #2, logLikelihood: -5181.632578
[00:00:11] ML tree search #3, logLikelihood: -5182.123970
[00:00:15] ML tree search #4, logLikelihood: -5181.632603
[00:00:18] ML tree search #5, logLikelihood: -5185.039162
[00:00:23] ML tree search #6, logLikelihood: -5183.326266
[00:00:25] ML tree search #7, logLikelihood: -5185.198751
[00:00:28] ML tree search #8, logLikelihood: -5181.895046
[00:00:32] ML tree search #9, logLikelihood: -5182.171876
[00:00:35] ML tree search #10, logLikelihood: -5185.366387
[00:00:38] ML tree search #11, logLikelihood: -5181.632825
[00:00:41] ML tree search #12, logLikelihood: -5181.632766
[00:00:44] ML tree search #13, logLikelihood: -5182.124325
[00:00:46] ML tree search #14, logLikelihood: -5183.033312
[00:00:48] ML tree search #15, logLikelihood: -5189.885051
[00:00:51] ML tree search #16, logLikelihood: -5182.124075
[00:00:54] ML tree search #17, logLikelihood: -5182.124171
[00:00:56] ML tree search #18, logLikelihood: -5182.541377
[00:00:58] ML tree search #19, logLikelihood: -5182.660017
[00:01:02] ML tree search #20, logLikelihood: -5181.632715

Optimized model parameters:

   Partition 0: noname
   Rate heterogeneity: GAMMA (4 cats, mean),  alpha: 0.020127 (ML),  weights&rates: (0.250000,0.000000) (0.250000,0.000000) (0.250000,0.000001) (0.250000,3.999999) 
   Base frequencies (ML): 0.399733 0.182652 0.244044 0.173572 
   Substitution rates (ML): 0.506474 1.205028 0.921633 0.502386 2.227078 1.000000 

Final LogLikelihood: -5181.632578

AIC score: 10727.265157 / AICc score: 10759.351862 / BIC score: 11768.792465
Free parameters (model + branch lengths): 182

Best ML tree saved to: /home/homma/Desktop/coding/github/pos_selection_pipeline/tomato_pipeline/pipeline/LOC/raxml-ng/LOC101267652_prot_linear_multi_sl25_prt_codonAlignment.raxml.bestTree
All ML trees saved to: /home/homma/Desktop/coding/github/pos_selection_pipeline/tomato_pipeline/pipeline/LOC/raxml-ng/LOC101267652_prot_linear_multi_sl25_prt_codonAlignment.raxml.mlTrees
Optimized model saved to: /home/homma/Desktop/coding/github/pos_selection_pipeline/tomato_pipeline/pipeline/LOC/raxml-ng/LOC101267652_prot_linear_multi_sl25_prt_codonAlignment.raxml.bestModel

Execution log saved to: /home/homma/Desktop/coding/github/pos_selection_pipeline/tomato_pipeline/pipeline/LOC/raxml-ng/LOC101267652_prot_linear_multi_sl25_prt_codonAlignment.raxml.log

Analysis started: 01-Mar-2020 20:57:04 / finished: 01-Mar-2020 20:58:07

Elapsed time: 62.754 seconds

