
RAxML-NG v. 0.8.1 BETA released on 05.03.2019 by The Exelixis Lab.
Authors: Alexey Kozlov, Alexandros Stamatakis, Diego Darriba, Tomas Flouri, Benoit Morel.
Latest version: https://github.com/amkozlov/raxml-ng
Questions/problems/suggestions? Please visit: https://groups.google.com/forum/#!forum/raxml

WARNING: This is a BETA release, please use at your own risk!

RAxML-NG was called at 01-Mar-2020 21:54:46 as follows:

raxml-ng --msa LOC101253371_prot_linear_multi_sl25_prt_codonAlignment.fasta --prefix LOC101253371_prot_linear_multi_sl25_prt_codonAlignment --model GTR+G --seed 123 --bs-tree 100 --force

Analysis options:
  run mode: ML tree search
  start tree(s): random (10) + parsimony (10)
  random seed: 123
  tip-inner: OFF
  pattern compression: ON
  per-rate scalers: OFF
  site repeats: ON
  fast spr radius: AUTO
  spr subtree cutoff: 1.000000
  branch lengths: proportional (ML estimate, algorithm: NR-FAST)
  SIMD kernels: AVX2
  parallelization: PTHREADS (6 threads), thread pinning: OFF

WARNING: Running in FORCE mode: all safety checks are disabled!

[00:00:00] Reading alignment from file: LOC101253371_prot_linear_multi_sl25_prt_codonAlignment.fasta
[00:00:00] Loaded alignment with 95 taxa and 1071 sites

Alignment comprises 1 partitions and 41 patterns

Partition 0: noname
Model: GTR+FO+G4m
Alignment sites / patterns: 1071 / 41
Gaps: 0.00 %
Invariant sites: 96.27 %


NOTE: Binary MSA file created: LOC101253371_prot_linear_multi_sl25_prt_codonAlignment.raxml.rba

[00:00:00] Generating 10 random starting tree(s) with 95 taxa
[00:00:00] Generating 10 parsimony starting tree(s) with 95 taxa
[00:00:00] Data distribution: max. partitions/sites/weight per thread: 1 / 7 / 112

Starting ML tree search with 20 distinct starting trees

[00:00:02] ML tree search #1, logLikelihood: -1896.504604
[00:00:03] ML tree search #2, logLikelihood: -1899.063379
[00:00:05] ML tree search #3, logLikelihood: -1896.239463
[00:00:06] ML tree search #4, logLikelihood: -1894.179061
[00:00:08] ML tree search #5, logLikelihood: -1894.212666
[00:00:10] ML tree search #6, logLikelihood: -1892.532484
[00:00:12] ML tree search #7, logLikelihood: -1893.133725
[00:00:14] ML tree search #8, logLikelihood: -1900.584965
[00:00:15] ML tree search #9, logLikelihood: -1892.532492
[00:00:17] ML tree search #10, logLikelihood: -1902.573491
[00:00:18] ML tree search #11, logLikelihood: -1893.133761
[00:00:19] ML tree search #12, logLikelihood: -1894.212671
[00:00:19] ML tree search #13, logLikelihood: -1902.259052
[00:00:20] ML tree search #14, logLikelihood: -1894.651954
[00:00:21] ML tree search #15, logLikelihood: -1892.532474
[00:00:22] ML tree search #16, logLikelihood: -1892.532475
[00:00:23] ML tree search #17, logLikelihood: -1892.532513
[00:00:24] ML tree search #18, logLikelihood: -1892.532520
[00:00:25] ML tree search #19, logLikelihood: -1892.532510
[00:00:26] ML tree search #20, logLikelihood: -1892.532484

Optimized model parameters:

   Partition 0: noname
   Rate heterogeneity: GAMMA (4 cats, mean),  alpha: 0.020138 (ML),  weights&rates: (0.250000,0.000000) (0.250000,0.000000) (0.250000,0.000001) (0.250000,3.999999) 
   Base frequencies (ML): 0.269414 0.211917 0.225912 0.292757 
   Substitution rates (ML): 0.815069 3.169431 0.836919 1.313070 7.081761 1.000000 

Final LogLikelihood: -1892.532474

AIC score: 4177.064949 / AICc score: 4265.421928 / BIC score: 5152.429171
Free parameters (model + branch lengths): 196

Best ML tree saved to: /home/homma/Desktop/coding/github/pos_selection_pipeline/tomato_pipeline/pipeline/LOC/raxml-ng/LOC101253371_prot_linear_multi_sl25_prt_codonAlignment.raxml.bestTree
All ML trees saved to: /home/homma/Desktop/coding/github/pos_selection_pipeline/tomato_pipeline/pipeline/LOC/raxml-ng/LOC101253371_prot_linear_multi_sl25_prt_codonAlignment.raxml.mlTrees
Optimized model saved to: /home/homma/Desktop/coding/github/pos_selection_pipeline/tomato_pipeline/pipeline/LOC/raxml-ng/LOC101253371_prot_linear_multi_sl25_prt_codonAlignment.raxml.bestModel

Execution log saved to: /home/homma/Desktop/coding/github/pos_selection_pipeline/tomato_pipeline/pipeline/LOC/raxml-ng/LOC101253371_prot_linear_multi_sl25_prt_codonAlignment.raxml.log

Analysis started: 01-Mar-2020 21:54:46 / finished: 01-Mar-2020 21:55:12

Elapsed time: 26.103 seconds

