
RAxML-NG v. 0.8.1 BETA released on 05.03.2019 by The Exelixis Lab.
Authors: Alexey Kozlov, Alexandros Stamatakis, Diego Darriba, Tomas Flouri, Benoit Morel.
Latest version: https://github.com/amkozlov/raxml-ng
Questions/problems/suggestions? Please visit: https://groups.google.com/forum/#!forum/raxml

WARNING: This is a BETA release, please use at your own risk!

RAxML-NG was called at 01-Mar-2020 20:20:00 as follows:

raxml-ng --msa LOC101254439_prot_linear_multi_sl25_prt_codonAlignment.fasta --prefix LOC101254439_prot_linear_multi_sl25_prt_codonAlignment --model GTR+G --seed 123 --bs-tree 100 --force

Analysis options:
  run mode: ML tree search
  start tree(s): random (10) + parsimony (10)
  random seed: 123
  tip-inner: OFF
  pattern compression: ON
  per-rate scalers: OFF
  site repeats: ON
  fast spr radius: AUTO
  spr subtree cutoff: 1.000000
  branch lengths: proportional (ML estimate, algorithm: NR-FAST)
  SIMD kernels: AVX2
  parallelization: PTHREADS (6 threads), thread pinning: OFF

WARNING: Running in FORCE mode: all safety checks are disabled!

[00:00:00] Reading alignment from file: LOC101254439_prot_linear_multi_sl25_prt_codonAlignment.fasta
[00:00:00] Loaded alignment with 92 taxa and 1554 sites

Alignment comprises 1 partitions and 46 patterns

Partition 0: noname
Model: GTR+FO+G4m
Alignment sites / patterns: 1554 / 46
Gaps: 0.00 %
Invariant sites: 97.17 %


NOTE: Binary MSA file created: LOC101254439_prot_linear_multi_sl25_prt_codonAlignment.raxml.rba

[00:00:00] Generating 10 random starting tree(s) with 92 taxa
[00:00:00] Generating 10 parsimony starting tree(s) with 92 taxa
[00:00:00] Data distribution: max. partitions/sites/weight per thread: 1 / 8 / 128

Starting ML tree search with 20 distinct starting trees

[00:00:01] ML tree search #1, logLikelihood: -2807.014941
[00:00:04] ML tree search #2, logLikelihood: -2806.571382
[00:00:07] ML tree search #3, logLikelihood: -2807.164040
[00:00:08] ML tree search #4, logLikelihood: -2807.007090
[00:00:10] ML tree search #5, logLikelihood: -2806.925245
[00:00:12] ML tree search #6, logLikelihood: -2807.822072
[00:00:14] ML tree search #7, logLikelihood: -2806.832890
[00:00:16] ML tree search #8, logLikelihood: -2807.203825
[00:00:17] ML tree search #9, logLikelihood: -2806.910233
[00:00:19] ML tree search #10, logLikelihood: -2807.561980
[00:00:21] ML tree search #11, logLikelihood: -2807.124919
[00:00:23] ML tree search #12, logLikelihood: -2806.867910
[00:00:25] ML tree search #13, logLikelihood: -2806.839680
[00:00:28] ML tree search #14, logLikelihood: -2806.734949
[00:00:30] ML tree search #15, logLikelihood: -2807.007125
[00:00:32] ML tree search #16, logLikelihood: -2807.389627
[00:00:33] ML tree search #17, logLikelihood: -2806.080309
[00:00:35] ML tree search #18, logLikelihood: -2806.867914
[00:00:38] ML tree search #19, logLikelihood: -2813.336235
[00:00:40] ML tree search #20, logLikelihood: -2807.294628

Optimized model parameters:

   Partition 0: noname
   Rate heterogeneity: GAMMA (4 cats, mean),  alpha: 0.020139 (ML),  weights&rates: (0.250000,0.000000) (0.250000,0.000000) (0.250000,0.000001) (0.250000,3.999999) 
   Base frequencies (ML): 0.300082 0.197108 0.232737 0.270073 
   Substitution rates (ML): 3.574653 2.060193 1.758022 0.001000 2.249766 1.000000 

Final LogLikelihood: -2806.080309

AIC score: 5992.160619 / AICc score: 6045.410802 / BIC score: 7008.392250
Free parameters (model + branch lengths): 190

Best ML tree saved to: /home/homma/Desktop/coding/github/pos_selection_pipeline/tomato_pipeline/pipeline/LOC/raxml-ng/LOC101254439_prot_linear_multi_sl25_prt_codonAlignment.raxml.bestTree
All ML trees saved to: /home/homma/Desktop/coding/github/pos_selection_pipeline/tomato_pipeline/pipeline/LOC/raxml-ng/LOC101254439_prot_linear_multi_sl25_prt_codonAlignment.raxml.mlTrees
Optimized model saved to: /home/homma/Desktop/coding/github/pos_selection_pipeline/tomato_pipeline/pipeline/LOC/raxml-ng/LOC101254439_prot_linear_multi_sl25_prt_codonAlignment.raxml.bestModel

Execution log saved to: /home/homma/Desktop/coding/github/pos_selection_pipeline/tomato_pipeline/pipeline/LOC/raxml-ng/LOC101254439_prot_linear_multi_sl25_prt_codonAlignment.raxml.log

Analysis started: 01-Mar-2020 20:20:00 / finished: 01-Mar-2020 20:20:40

Elapsed time: 40.192 seconds

