
RAxML-NG v. 0.8.1 BETA released on 05.03.2019 by The Exelixis Lab.
Authors: Alexey Kozlov, Alexandros Stamatakis, Diego Darriba, Tomas Flouri, Benoit Morel.
Latest version: https://github.com/amkozlov/raxml-ng
Questions/problems/suggestions? Please visit: https://groups.google.com/forum/#!forum/raxml

WARNING: This is a BETA release, please use at your own risk!

RAxML-NG was called at 01-Mar-2020 20:43:09 as follows:

raxml-ng --msa LOC101266329_prot_linear_multi_sl25_prt_codonAlignment.fasta --prefix LOC101266329_prot_linear_multi_sl25_prt_codonAlignment --model GTR+G --seed 123 --bs-tree 100 --force

Analysis options:
  run mode: ML tree search
  start tree(s): random (10) + parsimony (10)
  random seed: 123
  tip-inner: OFF
  pattern compression: ON
  per-rate scalers: OFF
  site repeats: ON
  fast spr radius: AUTO
  spr subtree cutoff: 1.000000
  branch lengths: proportional (ML estimate, algorithm: NR-FAST)
  SIMD kernels: AVX2
  parallelization: PTHREADS (6 threads), thread pinning: OFF

WARNING: Running in FORCE mode: all safety checks are disabled!

[00:00:00] Reading alignment from file: LOC101266329_prot_linear_multi_sl25_prt_codonAlignment.fasta
[00:00:00] Loaded alignment with 100 taxa and 762 sites

Alignment comprises 1 partitions and 58 patterns

Partition 0: noname
Model: GTR+FO+G4m
Alignment sites / patterns: 762 / 58
Gaps: 0.01 %
Invariant sites: 93.44 %


NOTE: Binary MSA file created: LOC101266329_prot_linear_multi_sl25_prt_codonAlignment.raxml.rba

[00:00:00] Generating 10 random starting tree(s) with 100 taxa
[00:00:00] Generating 10 parsimony starting tree(s) with 100 taxa
[00:00:00] Data distribution: max. partitions/sites/weight per thread: 1 / 10 / 160

Starting ML tree search with 20 distinct starting trees

[00:00:01] ML tree search #1, logLikelihood: -1534.921270
[00:00:02] ML tree search #2, logLikelihood: -1533.215970
[00:00:04] ML tree search #3, logLikelihood: -1530.378477
[00:00:06] ML tree search #4, logLikelihood: -1537.590862
[00:00:08] ML tree search #5, logLikelihood: -1530.378487
[00:00:10] ML tree search #6, logLikelihood: -1530.378486
[00:00:11] ML tree search #7, logLikelihood: -1529.642865
[00:00:13] ML tree search #8, logLikelihood: -1535.523565
[00:00:14] ML tree search #9, logLikelihood: -1530.021997
[00:00:16] ML tree search #10, logLikelihood: -1535.486872
[00:00:17] ML tree search #11, logLikelihood: -1529.542323
[00:00:18] ML tree search #12, logLikelihood: -1529.642869
[00:00:18] ML tree search #13, logLikelihood: -1534.633867
[00:00:19] ML tree search #14, logLikelihood: -1529.542309
[00:00:20] ML tree search #15, logLikelihood: -1534.669724
[00:00:21] ML tree search #16, logLikelihood: -1534.633861
[00:00:21] ML tree search #17, logLikelihood: -1530.378484
[00:00:22] ML tree search #18, logLikelihood: -1535.515966
[00:00:23] ML tree search #19, logLikelihood: -1528.830745
[00:00:24] ML tree search #20, logLikelihood: -1533.748016

Optimized model parameters:

   Partition 0: noname
   Rate heterogeneity: GAMMA (4 cats, mean),  alpha: 0.020140 (ML),  weights&rates: (0.250000,0.000000) (0.250000,0.000000) (0.250000,0.000001) (0.250000,3.999999) 
   Base frequencies (ML): 0.269921 0.214798 0.225340 0.289940 
   Substitution rates (ML): 0.496233 3.282439 0.510727 0.599329 2.053121 1.000000 

Final LogLikelihood: -1528.830745

AIC score: 3469.661489 / AICc score: 3623.326354 / BIC score: 4424.666480
Free parameters (model + branch lengths): 206

Best ML tree saved to: /home/homma/Desktop/coding/github/pos_selection_pipeline/tomato_pipeline/pipeline/LOC/raxml-ng/LOC101266329_prot_linear_multi_sl25_prt_codonAlignment.raxml.bestTree
All ML trees saved to: /home/homma/Desktop/coding/github/pos_selection_pipeline/tomato_pipeline/pipeline/LOC/raxml-ng/LOC101266329_prot_linear_multi_sl25_prt_codonAlignment.raxml.mlTrees
Optimized model saved to: /home/homma/Desktop/coding/github/pos_selection_pipeline/tomato_pipeline/pipeline/LOC/raxml-ng/LOC101266329_prot_linear_multi_sl25_prt_codonAlignment.raxml.bestModel

Execution log saved to: /home/homma/Desktop/coding/github/pos_selection_pipeline/tomato_pipeline/pipeline/LOC/raxml-ng/LOC101266329_prot_linear_multi_sl25_prt_codonAlignment.raxml.log

Analysis started: 01-Mar-2020 20:43:09 / finished: 01-Mar-2020 20:43:33

Elapsed time: 24.300 seconds

