
RAxML-NG v. 0.8.1 BETA released on 05.03.2019 by The Exelixis Lab.
Authors: Alexey Kozlov, Alexandros Stamatakis, Diego Darriba, Tomas Flouri, Benoit Morel.
Latest version: https://github.com/amkozlov/raxml-ng
Questions/problems/suggestions? Please visit: https://groups.google.com/forum/#!forum/raxml

WARNING: This is a BETA release, please use at your own risk!

RAxML-NG was called at 01-Mar-2020 22:07:34 as follows:

raxml-ng --msa LOC101244561_prot_linear_multi_sl25_prt_codonAlignment.fasta --prefix LOC101244561_prot_linear_multi_sl25_prt_codonAlignment --model GTR+G --seed 123 --bs-tree 100 --force

Analysis options:
  run mode: ML tree search
  start tree(s): random (10) + parsimony (10)
  random seed: 123
  tip-inner: OFF
  pattern compression: ON
  per-rate scalers: OFF
  site repeats: ON
  fast spr radius: AUTO
  spr subtree cutoff: 1.000000
  branch lengths: proportional (ML estimate, algorithm: NR-FAST)
  SIMD kernels: AVX2
  parallelization: PTHREADS (6 threads), thread pinning: OFF

WARNING: Running in FORCE mode: all safety checks are disabled!

[00:00:00] Reading alignment from file: LOC101244561_prot_linear_multi_sl25_prt_codonAlignment.fasta
[00:00:00] Loaded alignment with 125 taxa and 3030 sites

Alignment comprises 1 partitions and 122 patterns

Partition 0: noname
Model: GTR+FO+G4m
Alignment sites / patterns: 3030 / 122
Gaps: 0.00 %
Invariant sites: 95.48 %


NOTE: Binary MSA file created: LOC101244561_prot_linear_multi_sl25_prt_codonAlignment.raxml.rba

[00:00:00] Generating 10 random starting tree(s) with 125 taxa
[00:00:00] Generating 10 parsimony starting tree(s) with 125 taxa
[00:00:00] Data distribution: max. partitions/sites/weight per thread: 1 / 21 / 336

Starting ML tree search with 20 distinct starting trees

[00:00:02] ML tree search #1, logLikelihood: -5994.314329
[00:00:05] ML tree search #2, logLikelihood: -5989.007574
[00:00:08] ML tree search #3, logLikelihood: -5992.003216
[00:00:11] ML tree search #4, logLikelihood: -5991.531556
[00:00:15] ML tree search #5, logLikelihood: -5984.107441
[00:00:21] ML tree search #6, logLikelihood: -5988.583572
[00:00:24] ML tree search #7, logLikelihood: -5987.450206
[00:00:29] ML tree search #8, logLikelihood: -5984.149309
[00:00:31] ML tree search #9, logLikelihood: -5983.563535
[00:00:38] ML tree search #10, logLikelihood: -5984.107439
[00:00:43] ML tree search #11, logLikelihood: -5998.537600
[00:00:46] ML tree search #12, logLikelihood: -5992.499048
[00:00:49] ML tree search #13, logLikelihood: -5985.658802
[00:00:52] ML tree search #14, logLikelihood: -5984.700536
[00:00:55] ML tree search #15, logLikelihood: -5985.185914
[00:00:58] ML tree search #16, logLikelihood: -5988.683242
[00:00:59] ML tree search #17, logLikelihood: -5995.007491
[00:01:03] ML tree search #18, logLikelihood: -5988.374092
[00:01:06] ML tree search #19, logLikelihood: -5984.780666
[00:01:09] ML tree search #20, logLikelihood: -5995.139108

Optimized model parameters:

   Partition 0: noname
   Rate heterogeneity: GAMMA (4 cats, mean),  alpha: 0.020133 (ML),  weights&rates: (0.250000,0.000000) (0.250000,0.000000) (0.250000,0.000001) (0.250000,3.999999) 
   Base frequencies (ML): 0.276723 0.181497 0.254878 0.286902 
   Substitution rates (ML): 1.381529 6.505642 1.879579 1.252978 8.813635 1.000000 

Final LogLikelihood: -5983.563535

AIC score: 12479.127071 / AICc score: 12526.578928 / BIC score: 14019.304453
Free parameters (model + branch lengths): 256

Best ML tree saved to: /home/homma/Desktop/coding/github/pos_selection_pipeline/tomato_pipeline/pipeline/LOC/raxml-ng/LOC101244561_prot_linear_multi_sl25_prt_codonAlignment.raxml.bestTree
All ML trees saved to: /home/homma/Desktop/coding/github/pos_selection_pipeline/tomato_pipeline/pipeline/LOC/raxml-ng/LOC101244561_prot_linear_multi_sl25_prt_codonAlignment.raxml.mlTrees
Optimized model saved to: /home/homma/Desktop/coding/github/pos_selection_pipeline/tomato_pipeline/pipeline/LOC/raxml-ng/LOC101244561_prot_linear_multi_sl25_prt_codonAlignment.raxml.bestModel

Execution log saved to: /home/homma/Desktop/coding/github/pos_selection_pipeline/tomato_pipeline/pipeline/LOC/raxml-ng/LOC101244561_prot_linear_multi_sl25_prt_codonAlignment.raxml.log

Analysis started: 01-Mar-2020 22:07:34 / finished: 01-Mar-2020 22:08:44

Elapsed time: 69.825 seconds

