
RAxML-NG v. 0.8.1 BETA released on 05.03.2019 by The Exelixis Lab.
Authors: Alexey Kozlov, Alexandros Stamatakis, Diego Darriba, Tomas Flouri, Benoit Morel.
Latest version: https://github.com/amkozlov/raxml-ng
Questions/problems/suggestions? Please visit: https://groups.google.com/forum/#!forum/raxml

WARNING: This is a BETA release, please use at your own risk!

RAxML-NG was called at 01-Mar-2020 22:14:31 as follows:

raxml-ng --msa LOC101260332_prot_linear_multi_sl25_prt_codonAlignment.fasta --prefix LOC101260332_prot_linear_multi_sl25_prt_codonAlignment --model GTR+G --seed 123 --bs-tree 100 --force

Analysis options:
  run mode: ML tree search
  start tree(s): random (10) + parsimony (10)
  random seed: 123
  tip-inner: OFF
  pattern compression: ON
  per-rate scalers: OFF
  site repeats: ON
  fast spr radius: AUTO
  spr subtree cutoff: 1.000000
  branch lengths: proportional (ML estimate, algorithm: NR-FAST)
  SIMD kernels: AVX2
  parallelization: PTHREADS (6 threads), thread pinning: OFF

WARNING: Running in FORCE mode: all safety checks are disabled!

[00:00:00] Reading alignment from file: LOC101260332_prot_linear_multi_sl25_prt_codonAlignment.fasta
[00:00:00] Loaded alignment with 105 taxa and 762 sites

Alignment comprises 1 partitions and 30 patterns

Partition 0: noname
Model: GTR+FO+G4m
Alignment sites / patterns: 762 / 30
Gaps: 0.00 %
Invariant sites: 96.59 %


NOTE: Binary MSA file created: LOC101260332_prot_linear_multi_sl25_prt_codonAlignment.raxml.rba

[00:00:00] Generating 10 random starting tree(s) with 105 taxa
[00:00:00] Generating 10 parsimony starting tree(s) with 105 taxa
[00:00:00] Data distribution: max. partitions/sites/weight per thread: 1 / 5 / 80

Starting ML tree search with 20 distinct starting trees

[00:00:01] ML tree search #1, logLikelihood: -1290.081302
[00:00:03] ML tree search #2, logLikelihood: -1290.081391
[00:00:04] ML tree search #3, logLikelihood: -1294.040208
[00:00:06] ML tree search #4, logLikelihood: -1290.081323
[00:00:07] ML tree search #5, logLikelihood: -1290.081307
[00:00:09] ML tree search #6, logLikelihood: -1291.476885
[00:00:10] ML tree search #7, logLikelihood: -1294.040207
[00:00:12] ML tree search #8, logLikelihood: -1290.081306
[00:00:13] ML tree search #9, logLikelihood: -1290.081308
[00:00:14] ML tree search #10, logLikelihood: -1292.309240
[00:00:15] ML tree search #11, logLikelihood: -1294.845759
[00:00:15] ML tree search #12, logLikelihood: -1290.384685
[00:00:16] ML tree search #13, logLikelihood: -1293.291360
[00:00:17] ML tree search #14, logLikelihood: -1290.384722
[00:00:17] ML tree search #15, logLikelihood: -1290.384691
[00:00:18] ML tree search #16, logLikelihood: -1290.081328
[00:00:19] ML tree search #17, logLikelihood: -1290.081312
[00:00:20] ML tree search #18, logLikelihood: -1290.081324
[00:00:20] ML tree search #19, logLikelihood: -1290.384688
[00:00:21] ML tree search #20, logLikelihood: -1290.081311

Optimized model parameters:

   Partition 0: noname
   Rate heterogeneity: GAMMA (4 cats, mean),  alpha: 0.020137 (ML),  weights&rates: (0.250000,0.000000) (0.250000,0.000000) (0.250000,0.000001) (0.250000,3.999999) 
   Base frequencies (ML): 0.263208 0.178948 0.281372 0.276473 
   Substitution rates (ML): 1.651181 2.842101 2.127245 0.001000 6.361853 1.000000 

Final LogLikelihood: -1290.081302

AIC score: 3012.162605 / AICc score: 3184.169944 / BIC score: 4013.527061
Free parameters (model + branch lengths): 216

Best ML tree saved to: /home/homma/Desktop/coding/github/pos_selection_pipeline/tomato_pipeline/pipeline/LOC/raxml-ng/LOC101260332_prot_linear_multi_sl25_prt_codonAlignment.raxml.bestTree
All ML trees saved to: /home/homma/Desktop/coding/github/pos_selection_pipeline/tomato_pipeline/pipeline/LOC/raxml-ng/LOC101260332_prot_linear_multi_sl25_prt_codonAlignment.raxml.mlTrees
Optimized model saved to: /home/homma/Desktop/coding/github/pos_selection_pipeline/tomato_pipeline/pipeline/LOC/raxml-ng/LOC101260332_prot_linear_multi_sl25_prt_codonAlignment.raxml.bestModel

Execution log saved to: /home/homma/Desktop/coding/github/pos_selection_pipeline/tomato_pipeline/pipeline/LOC/raxml-ng/LOC101260332_prot_linear_multi_sl25_prt_codonAlignment.raxml.log

Analysis started: 01-Mar-2020 22:14:31 / finished: 01-Mar-2020 22:14:53

Elapsed time: 21.567 seconds

