
RAxML-NG v. 0.8.1 BETA released on 05.03.2019 by The Exelixis Lab.
Authors: Alexey Kozlov, Alexandros Stamatakis, Diego Darriba, Tomas Flouri, Benoit Morel.
Latest version: https://github.com/amkozlov/raxml-ng
Questions/problems/suggestions? Please visit: https://groups.google.com/forum/#!forum/raxml

WARNING: This is a BETA release, please use at your own risk!

RAxML-NG was called at 01-Mar-2020 22:19:52 as follows:

raxml-ng --msa LOC101263050_prot_linear_multi_sl25_prt_codonAlignment.fasta --prefix LOC101263050_prot_linear_multi_sl25_prt_codonAlignment --model GTR+G --seed 123 --bs-tree 100 --force

Analysis options:
  run mode: ML tree search
  start tree(s): random (10) + parsimony (10)
  random seed: 123
  tip-inner: OFF
  pattern compression: ON
  per-rate scalers: OFF
  site repeats: ON
  fast spr radius: AUTO
  spr subtree cutoff: 1.000000
  branch lengths: proportional (ML estimate, algorithm: NR-FAST)
  SIMD kernels: AVX2
  parallelization: PTHREADS (6 threads), thread pinning: OFF

WARNING: Running in FORCE mode: all safety checks are disabled!

[00:00:00] Reading alignment from file: LOC101263050_prot_linear_multi_sl25_prt_codonAlignment.fasta
[00:00:00] Loaded alignment with 87 taxa and 1044 sites

Alignment comprises 1 partitions and 83 patterns

Partition 0: noname
Model: GTR+FO+G4m
Alignment sites / patterns: 1044 / 83
Gaps: 0.00 %
Invariant sites: 92.05 %


NOTE: Binary MSA file created: LOC101263050_prot_linear_multi_sl25_prt_codonAlignment.raxml.rba

[00:00:00] Generating 10 random starting tree(s) with 87 taxa
[00:00:00] Generating 10 parsimony starting tree(s) with 87 taxa
[00:00:00] Data distribution: max. partitions/sites/weight per thread: 1 / 14 / 224

Starting ML tree search with 20 distinct starting trees

[00:00:02] ML tree search #1, logLikelihood: -2350.500701
[00:00:04] ML tree search #2, logLikelihood: -2351.034483
[00:00:06] ML tree search #3, logLikelihood: -2362.227690
[00:00:07] ML tree search #4, logLikelihood: -2354.789130
[00:00:09] ML tree search #5, logLikelihood: -2356.898502
[00:00:11] ML tree search #6, logLikelihood: -2354.256451
[00:00:12] ML tree search #7, logLikelihood: -2363.589718
[00:00:14] ML tree search #8, logLikelihood: -2350.500714
[00:00:16] ML tree search #9, logLikelihood: -2350.500993
[00:00:18] ML tree search #10, logLikelihood: -2351.612232
[00:00:20] ML tree search #11, logLikelihood: -2351.904082
[00:00:22] ML tree search #12, logLikelihood: -2349.738231
[00:00:25] ML tree search #13, logLikelihood: -2349.738017
[00:00:26] ML tree search #14, logLikelihood: -2354.924152
[00:00:27] ML tree search #15, logLikelihood: -2349.738510
[00:00:28] ML tree search #16, logLikelihood: -2352.514903
[00:00:29] ML tree search #17, logLikelihood: -2349.737994
[00:00:31] ML tree search #18, logLikelihood: -2350.266663
[00:00:33] ML tree search #19, logLikelihood: -2349.739209
[00:00:34] ML tree search #20, logLikelihood: -2353.094717

Optimized model parameters:

   Partition 0: noname
   Rate heterogeneity: GAMMA (4 cats, mean),  alpha: 0.020124 (ML),  weights&rates: (0.250000,0.000000) (0.250000,0.000000) (0.250000,0.000001) (0.250000,3.999999) 
   Base frequencies (ML): 0.353237 0.163192 0.163462 0.320109 
   Substitution rates (ML): 1.093294 4.250821 0.213618 0.456491 2.121178 1.000000 

Final LogLikelihood: -2349.737994

AIC score: 5059.475988 / AICc score: 5134.980044 / BIC score: 5950.622646
Free parameters (model + branch lengths): 180

Best ML tree saved to: /home/homma/Desktop/coding/github/pos_selection_pipeline/tomato_pipeline/pipeline/LOC/raxml-ng/LOC101263050_prot_linear_multi_sl25_prt_codonAlignment.raxml.bestTree
All ML trees saved to: /home/homma/Desktop/coding/github/pos_selection_pipeline/tomato_pipeline/pipeline/LOC/raxml-ng/LOC101263050_prot_linear_multi_sl25_prt_codonAlignment.raxml.mlTrees
Optimized model saved to: /home/homma/Desktop/coding/github/pos_selection_pipeline/tomato_pipeline/pipeline/LOC/raxml-ng/LOC101263050_prot_linear_multi_sl25_prt_codonAlignment.raxml.bestModel

Execution log saved to: /home/homma/Desktop/coding/github/pos_selection_pipeline/tomato_pipeline/pipeline/LOC/raxml-ng/LOC101263050_prot_linear_multi_sl25_prt_codonAlignment.raxml.log

Analysis started: 01-Mar-2020 22:19:52 / finished: 01-Mar-2020 22:20:27

Elapsed time: 34.933 seconds

