
RAxML-NG v. 0.8.1 BETA released on 05.03.2019 by The Exelixis Lab.
Authors: Alexey Kozlov, Alexandros Stamatakis, Diego Darriba, Tomas Flouri, Benoit Morel.
Latest version: https://github.com/amkozlov/raxml-ng
Questions/problems/suggestions? Please visit: https://groups.google.com/forum/#!forum/raxml

WARNING: This is a BETA release, please use at your own risk!

RAxML-NG was called at 01-Mar-2020 22:08:44 as follows:

raxml-ng --msa LOC101254008_prot_linear_multi_sl25_prt_codonAlignment.fasta --prefix LOC101254008_prot_linear_multi_sl25_prt_codonAlignment --model GTR+G --seed 123 --bs-tree 100 --force

Analysis options:
  run mode: ML tree search
  start tree(s): random (10) + parsimony (10)
  random seed: 123
  tip-inner: OFF
  pattern compression: ON
  per-rate scalers: OFF
  site repeats: ON
  fast spr radius: AUTO
  spr subtree cutoff: 1.000000
  branch lengths: proportional (ML estimate, algorithm: NR-FAST)
  SIMD kernels: AVX2
  parallelization: PTHREADS (6 threads), thread pinning: OFF

WARNING: Running in FORCE mode: all safety checks are disabled!

[00:00:00] Reading alignment from file: LOC101254008_prot_linear_multi_sl25_prt_codonAlignment.fasta
[00:00:00] Loaded alignment with 109 taxa and 3000 sites

Alignment comprises 1 partitions and 121 patterns

Partition 0: noname
Model: GTR+FO+G4m
Alignment sites / patterns: 3000 / 121
Gaps: 0.46 %
Invariant sites: 95.87 %


NOTE: Binary MSA file created: LOC101254008_prot_linear_multi_sl25_prt_codonAlignment.raxml.rba

[00:00:00] Generating 10 random starting tree(s) with 109 taxa
[00:00:00] Generating 10 parsimony starting tree(s) with 109 taxa
[00:00:00] Data distribution: max. partitions/sites/weight per thread: 1 / 21 / 336

Starting ML tree search with 20 distinct starting trees

[00:00:02] ML tree search #1, logLikelihood: -5513.048467
[00:00:05] ML tree search #2, logLikelihood: -5513.048436
[00:00:07] ML tree search #3, logLikelihood: -5513.048409
[00:00:10] ML tree search #4, logLikelihood: -5513.048448
[00:00:12] ML tree search #5, logLikelihood: -5511.447588
[00:00:14] ML tree search #6, logLikelihood: -5513.155576
[00:00:17] ML tree search #7, logLikelihood: -5512.438082
[00:00:20] ML tree search #8, logLikelihood: -5512.798186
[00:00:22] ML tree search #9, logLikelihood: -5514.882823
[00:00:26] ML tree search #10, logLikelihood: -5510.778226
[00:00:28] ML tree search #11, logLikelihood: -5520.512297
[00:00:30] ML tree search #12, logLikelihood: -5512.798164
[00:00:32] ML tree search #13, logLikelihood: -5513.048443
[00:00:35] ML tree search #14, logLikelihood: -5511.800400
[00:00:36] ML tree search #15, logLikelihood: -5511.800411
[00:00:38] ML tree search #16, logLikelihood: -5512.230796
[00:00:39] ML tree search #17, logLikelihood: -5512.870009
[00:00:42] ML tree search #18, logLikelihood: -5512.438068
[00:00:44] ML tree search #19, logLikelihood: -5512.692886
[00:00:47] ML tree search #20, logLikelihood: -5511.139338

Optimized model parameters:

   Partition 0: noname
   Rate heterogeneity: GAMMA (4 cats, mean),  alpha: 0.020137 (ML),  weights&rates: (0.250000,0.000000) (0.250000,0.000000) (0.250000,0.000001) (0.250000,3.999999) 
   Base frequencies (ML): 0.259379 0.199335 0.254711 0.286575 
   Substitution rates (ML): 1.479333 3.612493 1.127976 0.387413 7.053343 1.000000 

Final LogLikelihood: -5510.778226

AIC score: 11469.556452 / AICc score: 11505.880777 / BIC score: 12814.982788
Free parameters (model + branch lengths): 224

Best ML tree saved to: /home/homma/Desktop/coding/github/pos_selection_pipeline/tomato_pipeline/pipeline/LOC/raxml-ng/LOC101254008_prot_linear_multi_sl25_prt_codonAlignment.raxml.bestTree
All ML trees saved to: /home/homma/Desktop/coding/github/pos_selection_pipeline/tomato_pipeline/pipeline/LOC/raxml-ng/LOC101254008_prot_linear_multi_sl25_prt_codonAlignment.raxml.mlTrees
Optimized model saved to: /home/homma/Desktop/coding/github/pos_selection_pipeline/tomato_pipeline/pipeline/LOC/raxml-ng/LOC101254008_prot_linear_multi_sl25_prt_codonAlignment.raxml.bestModel

Execution log saved to: /home/homma/Desktop/coding/github/pos_selection_pipeline/tomato_pipeline/pipeline/LOC/raxml-ng/LOC101254008_prot_linear_multi_sl25_prt_codonAlignment.raxml.log

Analysis started: 01-Mar-2020 22:08:44 / finished: 01-Mar-2020 22:09:31

Elapsed time: 47.192 seconds

