
RAxML-NG v. 0.8.1 BETA released on 05.03.2019 by The Exelixis Lab.
Authors: Alexey Kozlov, Alexandros Stamatakis, Diego Darriba, Tomas Flouri, Benoit Morel.
Latest version: https://github.com/amkozlov/raxml-ng
Questions/problems/suggestions? Please visit: https://groups.google.com/forum/#!forum/raxml

WARNING: This is a BETA release, please use at your own risk!

RAxML-NG was called at 01-Mar-2020 22:15:23 as follows:

raxml-ng --msa LOC101264286_prot_linear_multi_sl25_prt_codonAlignment.fasta --prefix LOC101264286_prot_linear_multi_sl25_prt_codonAlignment --model GTR+G --seed 123 --bs-tree 100 --force

Analysis options:
  run mode: ML tree search
  start tree(s): random (10) + parsimony (10)
  random seed: 123
  tip-inner: OFF
  pattern compression: ON
  per-rate scalers: OFF
  site repeats: ON
  fast spr radius: AUTO
  spr subtree cutoff: 1.000000
  branch lengths: proportional (ML estimate, algorithm: NR-FAST)
  SIMD kernels: AVX2
  parallelization: PTHREADS (6 threads), thread pinning: OFF

WARNING: Running in FORCE mode: all safety checks are disabled!

[00:00:00] Reading alignment from file: LOC101264286_prot_linear_multi_sl25_prt_codonAlignment.fasta
[00:00:00] Loaded alignment with 119 taxa and 795 sites

Alignment comprises 1 partitions and 62 patterns

Partition 0: noname
Model: GTR+FO+G4m
Alignment sites / patterns: 795 / 62
Gaps: 0.00 %
Invariant sites: 92.08 %


NOTE: Binary MSA file created: LOC101264286_prot_linear_multi_sl25_prt_codonAlignment.raxml.rba

[00:00:00] Generating 10 random starting tree(s) with 119 taxa
[00:00:00] Generating 10 parsimony starting tree(s) with 119 taxa
[00:00:00] Data distribution: max. partitions/sites/weight per thread: 1 / 11 / 176

Starting ML tree search with 20 distinct starting trees

[00:00:04] ML tree search #1, logLikelihood: -1976.211844
[00:00:07] ML tree search #2, logLikelihood: -1978.776604
[00:00:13] ML tree search #3, logLikelihood: -1976.904582
[00:00:17] ML tree search #4, logLikelihood: -1978.015230
[00:00:22] ML tree search #5, logLikelihood: -1979.478456
[00:00:26] ML tree search #6, logLikelihood: -1983.749142
[00:00:31] ML tree search #7, logLikelihood: -1976.260085
[00:00:36] ML tree search #8, logLikelihood: -1981.881274
[00:00:40] ML tree search #9, logLikelihood: -1988.656364
[00:00:43] ML tree search #10, logLikelihood: -1992.046457
[00:00:46] ML tree search #11, logLikelihood: -1975.800458
[00:00:49] ML tree search #12, logLikelihood: -1980.867282
[00:00:51] ML tree search #13, logLikelihood: -1977.708554
[00:00:53] ML tree search #14, logLikelihood: -1993.796740
[00:00:57] ML tree search #15, logLikelihood: -1976.331679
[00:01:00] ML tree search #16, logLikelihood: -1982.304959
[00:01:04] ML tree search #17, logLikelihood: -1980.097099
[00:01:09] ML tree search #18, logLikelihood: -1976.698906
[00:01:13] ML tree search #19, logLikelihood: -1976.173938
[00:01:15] ML tree search #20, logLikelihood: -1985.200631

Optimized model parameters:

   Partition 0: noname
   Rate heterogeneity: GAMMA (4 cats, mean),  alpha: 0.020123 (ML),  weights&rates: (0.250000,0.000000) (0.250000,0.000000) (0.250000,0.000001) (0.250000,3.999999) 
   Base frequencies (ML): 0.217397 0.232181 0.271328 0.279094 
   Substitution rates (ML): 16.040366 14.349656 8.910353 0.001000 60.210441 1.000000 

Final LogLikelihood: -1975.800458

AIC score: 4439.600916 / AICc score: 4656.982734 / BIC score: 5581.116392
Free parameters (model + branch lengths): 244

Best ML tree saved to: /home/homma/Desktop/coding/github/pos_selection_pipeline/tomato_pipeline/pipeline/LOC/raxml-ng/LOC101264286_prot_linear_multi_sl25_prt_codonAlignment.raxml.bestTree
All ML trees saved to: /home/homma/Desktop/coding/github/pos_selection_pipeline/tomato_pipeline/pipeline/LOC/raxml-ng/LOC101264286_prot_linear_multi_sl25_prt_codonAlignment.raxml.mlTrees
Optimized model saved to: /home/homma/Desktop/coding/github/pos_selection_pipeline/tomato_pipeline/pipeline/LOC/raxml-ng/LOC101264286_prot_linear_multi_sl25_prt_codonAlignment.raxml.bestModel

Execution log saved to: /home/homma/Desktop/coding/github/pos_selection_pipeline/tomato_pipeline/pipeline/LOC/raxml-ng/LOC101264286_prot_linear_multi_sl25_prt_codonAlignment.raxml.log

Analysis started: 01-Mar-2020 22:15:23 / finished: 01-Mar-2020 22:16:39

Elapsed time: 75.860 seconds

