
RAxML-NG v. 0.8.1 BETA released on 05.03.2019 by The Exelixis Lab.
Authors: Alexey Kozlov, Alexandros Stamatakis, Diego Darriba, Tomas Flouri, Benoit Morel.
Latest version: https://github.com/amkozlov/raxml-ng
Questions/problems/suggestions? Please visit: https://groups.google.com/forum/#!forum/raxml

WARNING: This is a BETA release, please use at your own risk!

RAxML-NG was called at 01-Mar-2020 20:05:50 as follows:

raxml-ng --msa LOC101244316_prot_linear_multi_sl25_prt_codonAlignment.fasta --prefix LOC101244316_prot_linear_multi_sl25_prt_codonAlignment --model GTR+G --seed 123 --bs-tree 100 --force

Analysis options:
  run mode: ML tree search
  start tree(s): random (10) + parsimony (10)
  random seed: 123
  tip-inner: OFF
  pattern compression: ON
  per-rate scalers: OFF
  site repeats: ON
  fast spr radius: AUTO
  spr subtree cutoff: 1.000000
  branch lengths: proportional (ML estimate, algorithm: NR-FAST)
  SIMD kernels: AVX2
  parallelization: PTHREADS (6 threads), thread pinning: OFF

WARNING: Running in FORCE mode: all safety checks are disabled!

[00:00:00] Reading alignment from file: LOC101244316_prot_linear_multi_sl25_prt_codonAlignment.fasta
[00:00:00] Loaded alignment with 91 taxa and 1407 sites

Alignment comprises 1 partitions and 54 patterns

Partition 0: noname
Model: GTR+FO+G4m
Alignment sites / patterns: 1407 / 54
Gaps: 0.00 %
Invariant sites: 95.95 %


NOTE: Binary MSA file created: LOC101244316_prot_linear_multi_sl25_prt_codonAlignment.raxml.rba

[00:00:00] Generating 10 random starting tree(s) with 91 taxa
[00:00:00] Generating 10 parsimony starting tree(s) with 91 taxa
[00:00:00] Data distribution: max. partitions/sites/weight per thread: 1 / 9 / 144

Starting ML tree search with 20 distinct starting trees

[00:00:01] ML tree search #1, logLikelihood: -2531.784689
[00:00:02] ML tree search #2, logLikelihood: -2533.080996
[00:00:03] ML tree search #3, logLikelihood: -2571.427476
[00:00:04] ML tree search #4, logLikelihood: -2532.711772
[00:00:05] ML tree search #5, logLikelihood: -2532.298967
[00:00:07] ML tree search #6, logLikelihood: -2536.314790
[00:00:08] ML tree search #7, logLikelihood: -2533.625922
[00:00:09] ML tree search #8, logLikelihood: -2533.243187
[00:00:10] ML tree search #9, logLikelihood: -2532.552348
[00:00:12] ML tree search #10, logLikelihood: -2534.130542
[00:00:13] ML tree search #11, logLikelihood: -2531.774037
[00:00:14] ML tree search #12, logLikelihood: -2531.774739
[00:00:15] ML tree search #13, logLikelihood: -2532.602523
[00:00:16] ML tree search #14, logLikelihood: -2535.304396
[00:00:17] ML tree search #15, logLikelihood: -2532.602766
[00:00:18] ML tree search #16, logLikelihood: -2535.304429
[00:00:19] ML tree search #17, logLikelihood: -2535.279029
[00:00:20] ML tree search #18, logLikelihood: -2535.304399
[00:00:20] ML tree search #19, logLikelihood: -2535.148570
[00:00:21] ML tree search #20, logLikelihood: -2532.308912

Optimized model parameters:

   Partition 0: noname
   Rate heterogeneity: GAMMA (4 cats, mean),  alpha: 0.020139 (ML),  weights&rates: (0.250000,0.000000) (0.250000,0.000000) (0.250000,0.000001) (0.250000,3.999999) 
   Base frequencies (ML): 0.289659 0.183468 0.209694 0.317179 
   Substitution rates (ML): 13.463876 24.364783 9.143104 9.847121 42.956428 1.000000 

Final LogLikelihood: -2531.774037

AIC score: 5439.548075 / AICc score: 5497.892902 / BIC score: 6426.400506
Free parameters (model + branch lengths): 188

Best ML tree saved to: /home/homma/Desktop/coding/github/pos_selection_pipeline/tomato_pipeline/pipeline/LOC/raxml-ng/LOC101244316_prot_linear_multi_sl25_prt_codonAlignment.raxml.bestTree
All ML trees saved to: /home/homma/Desktop/coding/github/pos_selection_pipeline/tomato_pipeline/pipeline/LOC/raxml-ng/LOC101244316_prot_linear_multi_sl25_prt_codonAlignment.raxml.mlTrees
Optimized model saved to: /home/homma/Desktop/coding/github/pos_selection_pipeline/tomato_pipeline/pipeline/LOC/raxml-ng/LOC101244316_prot_linear_multi_sl25_prt_codonAlignment.raxml.bestModel

Execution log saved to: /home/homma/Desktop/coding/github/pos_selection_pipeline/tomato_pipeline/pipeline/LOC/raxml-ng/LOC101244316_prot_linear_multi_sl25_prt_codonAlignment.raxml.log

Analysis started: 01-Mar-2020 20:05:50 / finished: 01-Mar-2020 20:06:12

Elapsed time: 21.811 seconds

