
RAxML-NG v. 0.8.1 BETA released on 05.03.2019 by The Exelixis Lab.
Authors: Alexey Kozlov, Alexandros Stamatakis, Diego Darriba, Tomas Flouri, Benoit Morel.
Latest version: https://github.com/amkozlov/raxml-ng
Questions/problems/suggestions? Please visit: https://groups.google.com/forum/#!forum/raxml

WARNING: This is a BETA release, please use at your own risk!

RAxML-NG was called at 01-Mar-2020 20:18:08 as follows:

raxml-ng --msa LOC101253131_prot_linear_multi_sl25_prt_codonAlignment.fasta --prefix LOC101253131_prot_linear_multi_sl25_prt_codonAlignment --model GTR+G --seed 123 --bs-tree 100 --force

Analysis options:
  run mode: ML tree search
  start tree(s): random (10) + parsimony (10)
  random seed: 123
  tip-inner: OFF
  pattern compression: ON
  per-rate scalers: OFF
  site repeats: ON
  fast spr radius: AUTO
  spr subtree cutoff: 1.000000
  branch lengths: proportional (ML estimate, algorithm: NR-FAST)
  SIMD kernels: AVX2
  parallelization: PTHREADS (6 threads), thread pinning: OFF

WARNING: Running in FORCE mode: all safety checks are disabled!

[00:00:00] Reading alignment from file: LOC101253131_prot_linear_multi_sl25_prt_codonAlignment.fasta
[00:00:00] Loaded alignment with 99 taxa and 996 sites

Alignment comprises 1 partitions and 41 patterns

Partition 0: noname
Model: GTR+FO+G4m
Alignment sites / patterns: 996 / 41
Gaps: 0.00 %
Invariant sites: 95.88 %


NOTE: Binary MSA file created: LOC101253131_prot_linear_multi_sl25_prt_codonAlignment.raxml.rba

[00:00:00] Generating 10 random starting tree(s) with 99 taxa
[00:00:00] Generating 10 parsimony starting tree(s) with 99 taxa
[00:00:00] Data distribution: max. partitions/sites/weight per thread: 1 / 7 / 112

Starting ML tree search with 20 distinct starting trees

[00:00:01] ML tree search #1, logLikelihood: -1818.039017
[00:00:03] ML tree search #2, logLikelihood: -1817.846418
[00:00:04] ML tree search #3, logLikelihood: -1817.648309
[00:00:06] ML tree search #4, logLikelihood: -1825.506450
[00:00:08] ML tree search #5, logLikelihood: -1817.543226
[00:00:09] ML tree search #6, logLikelihood: -1817.846423
[00:00:11] ML tree search #7, logLikelihood: -1817.543217
[00:00:12] ML tree search #8, logLikelihood: -1817.354164
[00:00:14] ML tree search #9, logLikelihood: -1818.039021
[00:00:15] ML tree search #10, logLikelihood: -1818.154610
[00:00:16] ML tree search #11, logLikelihood: -1818.154785
[00:00:17] ML tree search #12, logLikelihood: -1818.039020
[00:00:17] ML tree search #13, logLikelihood: -1818.039016
[00:00:18] ML tree search #14, logLikelihood: -1818.039020
[00:00:18] ML tree search #15, logLikelihood: -1818.039017
[00:00:19] ML tree search #16, logLikelihood: -1818.039026
[00:00:20] ML tree search #17, logLikelihood: -1818.154613
[00:00:20] ML tree search #18, logLikelihood: -1818.039020
[00:00:21] ML tree search #19, logLikelihood: -1817.543226
[00:00:22] ML tree search #20, logLikelihood: -1817.543225

Optimized model parameters:

   Partition 0: noname
   Rate heterogeneity: GAMMA (4 cats, mean),  alpha: 0.020136 (ML),  weights&rates: (0.250000,0.000000) (0.250000,0.000000) (0.250000,0.000001) (0.250000,3.999999) 
   Base frequencies (ML): 0.251618 0.211206 0.251536 0.285640 
   Substitution rates (ML): 0.317988 2.080694 1.004125 0.653198 3.293181 1.000000 

Final LogLikelihood: -1817.354164

AIC score: 4042.708328 / AICc score: 4148.447899 / BIC score: 5043.072769
Free parameters (model + branch lengths): 204

Best ML tree saved to: /home/homma/Desktop/coding/github/pos_selection_pipeline/tomato_pipeline/pipeline/LOC/raxml-ng/LOC101253131_prot_linear_multi_sl25_prt_codonAlignment.raxml.bestTree
All ML trees saved to: /home/homma/Desktop/coding/github/pos_selection_pipeline/tomato_pipeline/pipeline/LOC/raxml-ng/LOC101253131_prot_linear_multi_sl25_prt_codonAlignment.raxml.mlTrees
Optimized model saved to: /home/homma/Desktop/coding/github/pos_selection_pipeline/tomato_pipeline/pipeline/LOC/raxml-ng/LOC101253131_prot_linear_multi_sl25_prt_codonAlignment.raxml.bestModel

Execution log saved to: /home/homma/Desktop/coding/github/pos_selection_pipeline/tomato_pipeline/pipeline/LOC/raxml-ng/LOC101253131_prot_linear_multi_sl25_prt_codonAlignment.raxml.log

Analysis started: 01-Mar-2020 20:18:08 / finished: 01-Mar-2020 20:18:31

Elapsed time: 22.921 seconds

