
RAxML-NG v. 0.8.1 BETA released on 05.03.2019 by The Exelixis Lab.
Authors: Alexey Kozlov, Alexandros Stamatakis, Diego Darriba, Tomas Flouri, Benoit Morel.
Latest version: https://github.com/amkozlov/raxml-ng
Questions/problems/suggestions? Please visit: https://groups.google.com/forum/#!forum/raxml

WARNING: This is a BETA release, please use at your own risk!

RAxML-NG was called at 01-Mar-2020 21:09:53 as follows:

raxml-ng --msa LOC101262050_prot_linear_multi_sl25_prt_codonAlignment.fasta --prefix LOC101262050_prot_linear_multi_sl25_prt_codonAlignment --model GTR+G --seed 123 --bs-tree 100 --force

Analysis options:
  run mode: ML tree search
  start tree(s): random (10) + parsimony (10)
  random seed: 123
  tip-inner: OFF
  pattern compression: ON
  per-rate scalers: OFF
  site repeats: ON
  fast spr radius: AUTO
  spr subtree cutoff: 1.000000
  branch lengths: proportional (ML estimate, algorithm: NR-FAST)
  SIMD kernels: AVX2
  parallelization: PTHREADS (6 threads), thread pinning: OFF

WARNING: Running in FORCE mode: all safety checks are disabled!

[00:00:00] Reading alignment from file: LOC101262050_prot_linear_multi_sl25_prt_codonAlignment.fasta
[00:00:00] Loaded alignment with 87 taxa and 384 sites

Alignment comprises 1 partitions and 20 patterns

Partition 0: noname
Model: GTR+FO+G4m
Alignment sites / patterns: 384 / 20
Gaps: 0.00 %
Invariant sites: 95.83 %


NOTE: Binary MSA file created: LOC101262050_prot_linear_multi_sl25_prt_codonAlignment.raxml.rba

[00:00:00] Generating 10 random starting tree(s) with 87 taxa
[00:00:00] Generating 10 parsimony starting tree(s) with 87 taxa
[00:00:00] Data distribution: max. partitions/sites/weight per thread: 1 / 4 / 64

Starting ML tree search with 20 distinct starting trees

[00:00:01] ML tree search #1, logLikelihood: -659.082663
[00:00:02] ML tree search #2, logLikelihood: -659.297528
[00:00:03] ML tree search #3, logLikelihood: -659.297347
[00:00:05] ML tree search #4, logLikelihood: -659.297523
[00:00:06] ML tree search #5, logLikelihood: -659.297508
[00:00:07] ML tree search #6, logLikelihood: -659.297378
[00:00:07] ML tree search #7, logLikelihood: -659.297344
[00:00:09] ML tree search #8, logLikelihood: -659.297516
[00:00:09] ML tree search #9, logLikelihood: -659.297348
[00:00:11] ML tree search #10, logLikelihood: -659.297560
[00:00:11] ML tree search #11, logLikelihood: -659.273174
[00:00:11] ML tree search #12, logLikelihood: -659.926108
[00:00:12] ML tree search #13, logLikelihood: -659.273175
[00:00:12] ML tree search #14, logLikelihood: -659.926104
[00:00:13] ML tree search #15, logLikelihood: -659.297523
[00:00:13] ML tree search #16, logLikelihood: -659.926104
[00:00:14] ML tree search #17, logLikelihood: -659.181039
[00:00:14] ML tree search #18, logLikelihood: -659.742864
[00:00:15] ML tree search #19, logLikelihood: -659.000031
[00:00:15] ML tree search #20, logLikelihood: -659.742860

Optimized model parameters:

   Partition 0: noname
   Rate heterogeneity: GAMMA (4 cats, mean),  alpha: 0.020124 (ML),  weights&rates: (0.250000,0.000000) (0.250000,0.000000) (0.250000,0.000001) (0.250000,3.999999) 
   Base frequencies (ML): 0.310549 0.199252 0.256052 0.234148 
   Substitution rates (ML): 0.339649 2.299071 0.289939 0.001000 1.794706 1.000000 

Final LogLikelihood: -659.000031

AIC score: 1678.000061 / AICc score: 1998.985283 / BIC score: 2389.115721
Free parameters (model + branch lengths): 180

Best ML tree saved to: /home/homma/Desktop/coding/github/pos_selection_pipeline/tomato_pipeline/pipeline/LOC/raxml-ng/LOC101262050_prot_linear_multi_sl25_prt_codonAlignment.raxml.bestTree
All ML trees saved to: /home/homma/Desktop/coding/github/pos_selection_pipeline/tomato_pipeline/pipeline/LOC/raxml-ng/LOC101262050_prot_linear_multi_sl25_prt_codonAlignment.raxml.mlTrees
Optimized model saved to: /home/homma/Desktop/coding/github/pos_selection_pipeline/tomato_pipeline/pipeline/LOC/raxml-ng/LOC101262050_prot_linear_multi_sl25_prt_codonAlignment.raxml.bestModel

Execution log saved to: /home/homma/Desktop/coding/github/pos_selection_pipeline/tomato_pipeline/pipeline/LOC/raxml-ng/LOC101262050_prot_linear_multi_sl25_prt_codonAlignment.raxml.log

Analysis started: 01-Mar-2020 21:09:53 / finished: 01-Mar-2020 21:10:09

Elapsed time: 15.705 seconds

