
RAxML-NG v. 0.8.1 BETA released on 05.03.2019 by The Exelixis Lab.
Authors: Alexey Kozlov, Alexandros Stamatakis, Diego Darriba, Tomas Flouri, Benoit Morel.
Latest version: https://github.com/amkozlov/raxml-ng
Questions/problems/suggestions? Please visit: https://groups.google.com/forum/#!forum/raxml

WARNING: This is a BETA release, please use at your own risk!

RAxML-NG was called at 01-Mar-2020 20:27:14 as follows:

raxml-ng --msa LOC101267921_prot_linear_multi_sl25_prt_codonAlignment.fasta --prefix LOC101267921_prot_linear_multi_sl25_prt_codonAlignment --model GTR+G --seed 123 --bs-tree 100 --force

Analysis options:
  run mode: ML tree search
  start tree(s): random (10) + parsimony (10)
  random seed: 123
  tip-inner: OFF
  pattern compression: ON
  per-rate scalers: OFF
  site repeats: ON
  fast spr radius: AUTO
  spr subtree cutoff: 1.000000
  branch lengths: proportional (ML estimate, algorithm: NR-FAST)
  SIMD kernels: AVX2
  parallelization: PTHREADS (6 threads), thread pinning: OFF

WARNING: Running in FORCE mode: all safety checks are disabled!

[00:00:00] Reading alignment from file: LOC101267921_prot_linear_multi_sl25_prt_codonAlignment.fasta
[00:00:00] Loaded alignment with 119 taxa and 1608 sites

Alignment comprises 1 partitions and 58 patterns

Partition 0: noname
Model: GTR+FO+G4m
Alignment sites / patterns: 1608 / 58
Gaps: 0.00 %
Invariant sites: 96.33 %


NOTE: Binary MSA file created: LOC101267921_prot_linear_multi_sl25_prt_codonAlignment.raxml.rba

[00:00:00] Generating 10 random starting tree(s) with 119 taxa
[00:00:00] Generating 10 parsimony starting tree(s) with 119 taxa
[00:00:00] Data distribution: max. partitions/sites/weight per thread: 1 / 10 / 160

Starting ML tree search with 20 distinct starting trees

[00:00:03] ML tree search #1, logLikelihood: -2910.948181
[00:00:05] ML tree search #2, logLikelihood: -2910.395685
[00:00:08] ML tree search #3, logLikelihood: -2913.739754
[00:00:12] ML tree search #4, logLikelihood: -2914.004960
[00:00:13] ML tree search #5, logLikelihood: -2919.228758
[00:00:16] ML tree search #6, logLikelihood: -2918.368306
[00:00:18] ML tree search #7, logLikelihood: -2914.057965
[00:00:20] ML tree search #8, logLikelihood: -2918.140968
[00:00:23] ML tree search #9, logLikelihood: -2913.662173
[00:00:25] ML tree search #10, logLikelihood: -2912.950939
[00:00:27] ML tree search #11, logLikelihood: -2911.359682
[00:00:29] ML tree search #12, logLikelihood: -2912.878157
[00:00:31] ML tree search #13, logLikelihood: -2912.878167
[00:00:32] ML tree search #14, logLikelihood: -2913.734510
[00:00:33] ML tree search #15, logLikelihood: -2913.856326
[00:00:34] ML tree search #16, logLikelihood: -2919.098585
[00:00:37] ML tree search #17, logLikelihood: -2913.557359
[00:00:38] ML tree search #18, logLikelihood: -2911.465605
[00:00:40] ML tree search #19, logLikelihood: -2914.004985
[00:00:41] ML tree search #20, logLikelihood: -2916.237812

Optimized model parameters:

   Partition 0: noname
   Rate heterogeneity: GAMMA (4 cats, mean),  alpha: 0.020122 (ML),  weights&rates: (0.250000,0.000000) (0.250000,0.000000) (0.250000,0.000001) (0.250000,3.999999) 
   Base frequencies (ML): 0.284569 0.191549 0.256164 0.267718 
   Substitution rates (ML): 0.646277 2.058555 0.776763 0.581927 6.824783 1.000000 

Final LogLikelihood: -2910.395685

AIC score: 6308.791369 / AICc score: 6396.509638 / BIC score: 7622.181503
Free parameters (model + branch lengths): 244

Best ML tree saved to: /home/homma/Desktop/coding/github/pos_selection_pipeline/tomato_pipeline/pipeline/LOC/raxml-ng/LOC101267921_prot_linear_multi_sl25_prt_codonAlignment.raxml.bestTree
All ML trees saved to: /home/homma/Desktop/coding/github/pos_selection_pipeline/tomato_pipeline/pipeline/LOC/raxml-ng/LOC101267921_prot_linear_multi_sl25_prt_codonAlignment.raxml.mlTrees
Optimized model saved to: /home/homma/Desktop/coding/github/pos_selection_pipeline/tomato_pipeline/pipeline/LOC/raxml-ng/LOC101267921_prot_linear_multi_sl25_prt_codonAlignment.raxml.bestModel

Execution log saved to: /home/homma/Desktop/coding/github/pos_selection_pipeline/tomato_pipeline/pipeline/LOC/raxml-ng/LOC101267921_prot_linear_multi_sl25_prt_codonAlignment.raxml.log

Analysis started: 01-Mar-2020 20:27:14 / finished: 01-Mar-2020 20:27:55

Elapsed time: 41.617 seconds

