
RAxML-NG v. 0.8.1 BETA released on 05.03.2019 by The Exelixis Lab.
Authors: Alexey Kozlov, Alexandros Stamatakis, Diego Darriba, Tomas Flouri, Benoit Morel.
Latest version: https://github.com/amkozlov/raxml-ng
Questions/problems/suggestions? Please visit: https://groups.google.com/forum/#!forum/raxml

WARNING: This is a BETA release, please use at your own risk!

RAxML-NG was called at 01-Mar-2020 20:24:08 as follows:

raxml-ng --msa LOC101244864_prot_linear_multi_sl25_prt_codonAlignment.fasta --prefix LOC101244864_prot_linear_multi_sl25_prt_codonAlignment --model GTR+G --seed 123 --bs-tree 100 --force

Analysis options:
  run mode: ML tree search
  start tree(s): random (10) + parsimony (10)
  random seed: 123
  tip-inner: OFF
  pattern compression: ON
  per-rate scalers: OFF
  site repeats: ON
  fast spr radius: AUTO
  spr subtree cutoff: 1.000000
  branch lengths: proportional (ML estimate, algorithm: NR-FAST)
  SIMD kernels: AVX2
  parallelization: PTHREADS (6 threads), thread pinning: OFF

WARNING: Running in FORCE mode: all safety checks are disabled!

[00:00:00] Reading alignment from file: LOC101244864_prot_linear_multi_sl25_prt_codonAlignment.fasta
[00:00:00] Loaded alignment with 133 taxa and 1350 sites

Alignment comprises 1 partitions and 49 patterns

Partition 0: noname
Model: GTR+FO+G4m
Alignment sites / patterns: 1350 / 49
Gaps: 0.00 %
Invariant sites: 96.44 %


NOTE: Binary MSA file created: LOC101244864_prot_linear_multi_sl25_prt_codonAlignment.raxml.rba

[00:00:00] Generating 10 random starting tree(s) with 133 taxa
[00:00:00] Generating 10 parsimony starting tree(s) with 133 taxa
[00:00:00] Data distribution: max. partitions/sites/weight per thread: 1 / 9 / 144

Starting ML tree search with 20 distinct starting trees

[00:00:02] ML tree search #1, logLikelihood: -2403.010579
[00:00:05] ML tree search #2, logLikelihood: -2402.731810
[00:00:09] ML tree search #3, logLikelihood: -2402.732120
[00:00:11] ML tree search #4, logLikelihood: -2405.120895
[00:00:15] ML tree search #5, logLikelihood: -2402.731789
[00:00:19] ML tree search #6, logLikelihood: -2405.120948
[00:00:21] ML tree search #7, logLikelihood: -2402.731815
[00:00:25] ML tree search #8, logLikelihood: -2402.731835
[00:00:29] ML tree search #9, logLikelihood: -2405.120834
[00:00:33] ML tree search #10, logLikelihood: -2405.120871
[00:00:34] ML tree search #11, logLikelihood: -2406.592544
[00:00:35] ML tree search #12, logLikelihood: -2403.010694
[00:00:36] ML tree search #13, logLikelihood: -2404.480468
[00:00:37] ML tree search #14, logLikelihood: -2404.480459
[00:00:38] ML tree search #15, logLikelihood: -2409.701367
[00:00:39] ML tree search #16, logLikelihood: -2404.480476
[00:00:40] ML tree search #17, logLikelihood: -2407.733971
[00:00:42] ML tree search #18, logLikelihood: -2409.143744
[00:00:44] ML tree search #19, logLikelihood: -2406.592613
[00:00:45] ML tree search #20, logLikelihood: -2405.269408

Optimized model parameters:

   Partition 0: noname
   Rate heterogeneity: GAMMA (4 cats, mean),  alpha: 0.020138 (ML),  weights&rates: (0.250000,0.000000) (0.250000,0.000000) (0.250000,0.000001) (0.250000,3.999999) 
   Base frequencies (ML): 0.243178 0.218178 0.249029 0.289615 
   Substitution rates (ML): 3.691016 4.335805 1.386601 0.861951 17.319495 1.000000 

Final LogLikelihood: -2402.731789

AIC score: 5349.463578 / AICc score: 5487.357728 / BIC score: 6766.001463
Free parameters (model + branch lengths): 272

Best ML tree saved to: /home/homma/Desktop/coding/github/pos_selection_pipeline/tomato_pipeline/pipeline/LOC/raxml-ng/LOC101244864_prot_linear_multi_sl25_prt_codonAlignment.raxml.bestTree
All ML trees saved to: /home/homma/Desktop/coding/github/pos_selection_pipeline/tomato_pipeline/pipeline/LOC/raxml-ng/LOC101244864_prot_linear_multi_sl25_prt_codonAlignment.raxml.mlTrees
Optimized model saved to: /home/homma/Desktop/coding/github/pos_selection_pipeline/tomato_pipeline/pipeline/LOC/raxml-ng/LOC101244864_prot_linear_multi_sl25_prt_codonAlignment.raxml.bestModel

Execution log saved to: /home/homma/Desktop/coding/github/pos_selection_pipeline/tomato_pipeline/pipeline/LOC/raxml-ng/LOC101244864_prot_linear_multi_sl25_prt_codonAlignment.raxml.log

Analysis started: 01-Mar-2020 20:24:08 / finished: 01-Mar-2020 20:24:54

Elapsed time: 45.845 seconds

