
RAxML-NG v. 0.8.1 BETA released on 05.03.2019 by The Exelixis Lab.
Authors: Alexey Kozlov, Alexandros Stamatakis, Diego Darriba, Tomas Flouri, Benoit Morel.
Latest version: https://github.com/amkozlov/raxml-ng
Questions/problems/suggestions? Please visit: https://groups.google.com/forum/#!forum/raxml

WARNING: This is a BETA release, please use at your own risk!

RAxML-NG was called at 01-Mar-2020 22:12:17 as follows:

raxml-ng --msa LOC101267959_prot_linear_multi_sl25_prt_codonAlignment.fasta --prefix LOC101267959_prot_linear_multi_sl25_prt_codonAlignment --model GTR+G --seed 123 --bs-tree 100 --force

Analysis options:
  run mode: ML tree search
  start tree(s): random (10) + parsimony (10)
  random seed: 123
  tip-inner: OFF
  pattern compression: ON
  per-rate scalers: OFF
  site repeats: ON
  fast spr radius: AUTO
  spr subtree cutoff: 1.000000
  branch lengths: proportional (ML estimate, algorithm: NR-FAST)
  SIMD kernels: AVX2
  parallelization: PTHREADS (6 threads), thread pinning: OFF

WARNING: Running in FORCE mode: all safety checks are disabled!

[00:00:00] Reading alignment from file: LOC101267959_prot_linear_multi_sl25_prt_codonAlignment.fasta
[00:00:00] Loaded alignment with 116 taxa and 1407 sites

Alignment comprises 1 partitions and 55 patterns

Partition 0: noname
Model: GTR+FO+G4m
Alignment sites / patterns: 1407 / 55
Gaps: 0.00 %
Invariant sites: 96.02 %


NOTE: Binary MSA file created: LOC101267959_prot_linear_multi_sl25_prt_codonAlignment.raxml.rba

[00:00:00] Generating 10 random starting tree(s) with 116 taxa
[00:00:00] Generating 10 parsimony starting tree(s) with 116 taxa
[00:00:00] Data distribution: max. partitions/sites/weight per thread: 1 / 10 / 160

Starting ML tree search with 20 distinct starting trees

[00:00:01] ML tree search #1, logLikelihood: -2618.923212
[00:00:03] ML tree search #2, logLikelihood: -2619.791172
[00:00:05] ML tree search #3, logLikelihood: -2623.590524
[00:00:07] ML tree search #4, logLikelihood: -2619.328119
[00:00:10] ML tree search #5, logLikelihood: -2622.211186
[00:00:12] ML tree search #6, logLikelihood: -2618.968249
[00:00:15] ML tree search #7, logLikelihood: -2618.728497
[00:00:18] ML tree search #8, logLikelihood: -2616.524176
[00:00:21] ML tree search #9, logLikelihood: -2617.665502
[00:00:25] ML tree search #10, logLikelihood: -2618.321791
[00:00:27] ML tree search #11, logLikelihood: -2620.877961
[00:00:29] ML tree search #12, logLikelihood: -2618.176635
[00:00:31] ML tree search #13, logLikelihood: -2627.283369
[00:00:33] ML tree search #14, logLikelihood: -2622.367524
[00:00:35] ML tree search #15, logLikelihood: -2620.469768
[00:00:38] ML tree search #16, logLikelihood: -2618.825547
[00:00:40] ML tree search #17, logLikelihood: -2618.956589
[00:00:41] ML tree search #18, logLikelihood: -2619.459487
[00:00:42] ML tree search #19, logLikelihood: -2621.424066
[00:00:46] ML tree search #20, logLikelihood: -2618.218301

Optimized model parameters:

   Partition 0: noname
   Rate heterogeneity: GAMMA (4 cats, mean),  alpha: 0.020139 (ML),  weights&rates: (0.250000,0.000000) (0.250000,0.000000) (0.250000,0.000001) (0.250000,3.999999) 
   Base frequencies (ML): 0.272544 0.182508 0.245242 0.299706 
   Substitution rates (ML): 4.702184 8.599279 6.959520 1.156068 13.360643 1.000000 

Final LogLikelihood: -2616.524176

AIC score: 5709.048351 / AICc score: 5806.449036 / BIC score: 6958.361535
Free parameters (model + branch lengths): 238

Best ML tree saved to: /home/homma/Desktop/coding/github/pos_selection_pipeline/tomato_pipeline/pipeline/LOC/raxml-ng/LOC101267959_prot_linear_multi_sl25_prt_codonAlignment.raxml.bestTree
All ML trees saved to: /home/homma/Desktop/coding/github/pos_selection_pipeline/tomato_pipeline/pipeline/LOC/raxml-ng/LOC101267959_prot_linear_multi_sl25_prt_codonAlignment.raxml.mlTrees
Optimized model saved to: /home/homma/Desktop/coding/github/pos_selection_pipeline/tomato_pipeline/pipeline/LOC/raxml-ng/LOC101267959_prot_linear_multi_sl25_prt_codonAlignment.raxml.bestModel

Execution log saved to: /home/homma/Desktop/coding/github/pos_selection_pipeline/tomato_pipeline/pipeline/LOC/raxml-ng/LOC101267959_prot_linear_multi_sl25_prt_codonAlignment.raxml.log

Analysis started: 01-Mar-2020 22:12:17 / finished: 01-Mar-2020 22:13:04

Elapsed time: 46.311 seconds

