
RAxML-NG v. 0.8.1 BETA released on 05.03.2019 by The Exelixis Lab.
Authors: Alexey Kozlov, Alexandros Stamatakis, Diego Darriba, Tomas Flouri, Benoit Morel.
Latest version: https://github.com/amkozlov/raxml-ng
Questions/problems/suggestions? Please visit: https://groups.google.com/forum/#!forum/raxml

WARNING: This is a BETA release, please use at your own risk!

RAxML-NG was called at 01-Mar-2020 20:12:29 as follows:

raxml-ng --msa LOC101245558_prot_linear_multi_sl25_prt_codonAlignment.fasta --prefix LOC101245558_prot_linear_multi_sl25_prt_codonAlignment --model GTR+G --seed 123 --bs-tree 100 --force

Analysis options:
  run mode: ML tree search
  start tree(s): random (10) + parsimony (10)
  random seed: 123
  tip-inner: OFF
  pattern compression: ON
  per-rate scalers: OFF
  site repeats: ON
  fast spr radius: AUTO
  spr subtree cutoff: 1.000000
  branch lengths: proportional (ML estimate, algorithm: NR-FAST)
  SIMD kernels: AVX2
  parallelization: PTHREADS (6 threads), thread pinning: OFF

WARNING: Running in FORCE mode: all safety checks are disabled!

[00:00:00] Reading alignment from file: LOC101245558_prot_linear_multi_sl25_prt_codonAlignment.fasta
[00:00:00] Loaded alignment with 94 taxa and 3144 sites

Alignment comprises 1 partitions and 104 patterns

Partition 0: noname
Model: GTR+FO+G4m
Alignment sites / patterns: 3144 / 104
Gaps: 0.01 %
Invariant sites: 96.60 %


NOTE: Binary MSA file created: LOC101245558_prot_linear_multi_sl25_prt_codonAlignment.raxml.rba

[00:00:00] Generating 10 random starting tree(s) with 94 taxa
[00:00:00] Generating 10 parsimony starting tree(s) with 94 taxa
[00:00:00] Data distribution: max. partitions/sites/weight per thread: 1 / 18 / 288

Starting ML tree search with 20 distinct starting trees

[00:00:04] ML tree search #1, logLikelihood: -5608.011118
[00:00:06] ML tree search #2, logLikelihood: -5603.911086
[00:00:07] ML tree search #3, logLikelihood: -5612.466691
[00:00:09] ML tree search #4, logLikelihood: -5603.687343
[00:00:12] ML tree search #5, logLikelihood: -5608.980277
[00:00:14] ML tree search #6, logLikelihood: -5606.076197
[00:00:16] ML tree search #7, logLikelihood: -5609.046967
[00:00:18] ML tree search #8, logLikelihood: -5604.026392
[00:00:20] ML tree search #9, logLikelihood: -5608.179877
[00:00:23] ML tree search #10, logLikelihood: -5606.308122
[00:00:25] ML tree search #11, logLikelihood: -5603.911010
[00:00:28] ML tree search #12, logLikelihood: -5603.945909
[00:00:31] ML tree search #13, logLikelihood: -5603.233675
[00:00:33] ML tree search #14, logLikelihood: -5603.687426
[00:00:35] ML tree search #15, logLikelihood: -5603.687415
[00:00:37] ML tree search #16, logLikelihood: -5603.467808
[00:00:38] ML tree search #17, logLikelihood: -5603.950874
[00:00:41] ML tree search #18, logLikelihood: -5604.502680
[00:00:43] ML tree search #19, logLikelihood: -5603.687357
[00:00:46] ML tree search #20, logLikelihood: -5606.525324

Optimized model parameters:

   Partition 0: noname
   Rate heterogeneity: GAMMA (4 cats, mean),  alpha: 0.020140 (ML),  weights&rates: (0.250000,0.000000) (0.250000,0.000000) (0.250000,0.000001) (0.250000,3.999999) 
   Base frequencies (ML): 0.324278 0.177792 0.257816 0.240114 
   Substitution rates (ML): 1.338789 4.353785 1.299937 2.057671 4.479744 1.000000 

Final LogLikelihood: -5603.233675

AIC score: 11594.467349 / AICc score: 11620.123504 / BIC score: 12768.798073
Free parameters (model + branch lengths): 194

Best ML tree saved to: /home/homma/Desktop/coding/github/pos_selection_pipeline/tomato_pipeline/pipeline/LOC/raxml-ng/LOC101245558_prot_linear_multi_sl25_prt_codonAlignment.raxml.bestTree
All ML trees saved to: /home/homma/Desktop/coding/github/pos_selection_pipeline/tomato_pipeline/pipeline/LOC/raxml-ng/LOC101245558_prot_linear_multi_sl25_prt_codonAlignment.raxml.mlTrees
Optimized model saved to: /home/homma/Desktop/coding/github/pos_selection_pipeline/tomato_pipeline/pipeline/LOC/raxml-ng/LOC101245558_prot_linear_multi_sl25_prt_codonAlignment.raxml.bestModel

Execution log saved to: /home/homma/Desktop/coding/github/pos_selection_pipeline/tomato_pipeline/pipeline/LOC/raxml-ng/LOC101245558_prot_linear_multi_sl25_prt_codonAlignment.raxml.log

Analysis started: 01-Mar-2020 20:12:29 / finished: 01-Mar-2020 20:13:15

Elapsed time: 46.180 seconds

