
RAxML-NG v. 0.8.1 BETA released on 05.03.2019 by The Exelixis Lab.
Authors: Alexey Kozlov, Alexandros Stamatakis, Diego Darriba, Tomas Flouri, Benoit Morel.
Latest version: https://github.com/amkozlov/raxml-ng
Questions/problems/suggestions? Please visit: https://groups.google.com/forum/#!forum/raxml

WARNING: This is a BETA release, please use at your own risk!

RAxML-NG was called at 01-Mar-2020 21:02:59 as follows:

raxml-ng --msa LOC101243905_prot_linear_multi_sl25_prt_codonAlignment.fasta --prefix LOC101243905_prot_linear_multi_sl25_prt_codonAlignment --model GTR+G --seed 123 --bs-tree 100 --force

Analysis options:
  run mode: ML tree search
  start tree(s): random (10) + parsimony (10)
  random seed: 123
  tip-inner: OFF
  pattern compression: ON
  per-rate scalers: OFF
  site repeats: ON
  fast spr radius: AUTO
  spr subtree cutoff: 1.000000
  branch lengths: proportional (ML estimate, algorithm: NR-FAST)
  SIMD kernels: AVX2
  parallelization: PTHREADS (6 threads), thread pinning: OFF

WARNING: Running in FORCE mode: all safety checks are disabled!

[00:00:00] Reading alignment from file: LOC101243905_prot_linear_multi_sl25_prt_codonAlignment.fasta
[00:00:00] Loaded alignment with 90 taxa and 639 sites

Alignment comprises 1 partitions and 33 patterns

Partition 0: noname
Model: GTR+FO+G4m
Alignment sites / patterns: 639 / 33
Gaps: 0.00 %
Invariant sites: 95.31 %


NOTE: Binary MSA file created: LOC101243905_prot_linear_multi_sl25_prt_codonAlignment.raxml.rba

[00:00:00] Generating 10 random starting tree(s) with 90 taxa
[00:00:00] Generating 10 parsimony starting tree(s) with 90 taxa
[00:00:00] Data distribution: max. partitions/sites/weight per thread: 1 / 6 / 96

Starting ML tree search with 20 distinct starting trees

[00:00:01] ML tree search #1, logLikelihood: -1146.171132
[00:00:02] ML tree search #2, logLikelihood: -1146.367308
[00:00:03] ML tree search #3, logLikelihood: -1146.171194
[00:00:04] ML tree search #4, logLikelihood: -1146.367304
[00:00:06] ML tree search #5, logLikelihood: -1146.171158
[00:00:07] ML tree search #6, logLikelihood: -1146.171121
[00:00:08] ML tree search #7, logLikelihood: -1146.171125
[00:00:09] ML tree search #8, logLikelihood: -1146.367306
[00:00:10] ML tree search #9, logLikelihood: -1146.367367
[00:00:12] ML tree search #10, logLikelihood: -1146.171120
[00:00:12] ML tree search #11, logLikelihood: -1146.669680
[00:00:13] ML tree search #12, logLikelihood: -1148.158681
[00:00:14] ML tree search #13, logLikelihood: -1151.327570
[00:00:14] ML tree search #14, logLikelihood: -1146.171126
[00:00:15] ML tree search #15, logLikelihood: -1149.495406
[00:00:15] ML tree search #16, logLikelihood: -1146.468482
[00:00:16] ML tree search #17, logLikelihood: -1146.669686
[00:00:17] ML tree search #18, logLikelihood: -1146.171146
[00:00:17] ML tree search #19, logLikelihood: -1146.367307
[00:00:18] ML tree search #20, logLikelihood: -1146.171141

Optimized model parameters:

   Partition 0: noname
   Rate heterogeneity: GAMMA (4 cats, mean),  alpha: 0.020138 (ML),  weights&rates: (0.250000,0.000000) (0.250000,0.000000) (0.250000,0.000001) (0.250000,3.999999) 
   Base frequencies (ML): 0.292945 0.219760 0.193675 0.293619 
   Substitution rates (ML): 0.369249 1.986886 0.084897 0.405603 1.471714 1.000000 

Final LogLikelihood: -1146.171120

AIC score: 2664.342239 / AICc score: 2818.244894 / BIC score: 3493.884468
Free parameters (model + branch lengths): 186

Best ML tree saved to: /home/homma/Desktop/coding/github/pos_selection_pipeline/tomato_pipeline/pipeline/LOC/raxml-ng/LOC101243905_prot_linear_multi_sl25_prt_codonAlignment.raxml.bestTree
All ML trees saved to: /home/homma/Desktop/coding/github/pos_selection_pipeline/tomato_pipeline/pipeline/LOC/raxml-ng/LOC101243905_prot_linear_multi_sl25_prt_codonAlignment.raxml.mlTrees
Optimized model saved to: /home/homma/Desktop/coding/github/pos_selection_pipeline/tomato_pipeline/pipeline/LOC/raxml-ng/LOC101243905_prot_linear_multi_sl25_prt_codonAlignment.raxml.bestModel

Execution log saved to: /home/homma/Desktop/coding/github/pos_selection_pipeline/tomato_pipeline/pipeline/LOC/raxml-ng/LOC101243905_prot_linear_multi_sl25_prt_codonAlignment.raxml.log

Analysis started: 01-Mar-2020 21:02:59 / finished: 01-Mar-2020 21:03:18

Elapsed time: 18.488 seconds

