
RAxML-NG v. 0.8.1 BETA released on 05.03.2019 by The Exelixis Lab.
Authors: Alexey Kozlov, Alexandros Stamatakis, Diego Darriba, Tomas Flouri, Benoit Morel.
Latest version: https://github.com/amkozlov/raxml-ng
Questions/problems/suggestions? Please visit: https://groups.google.com/forum/#!forum/raxml

WARNING: This is a BETA release, please use at your own risk!

RAxML-NG was called at 01-Mar-2020 21:50:03 as follows:

raxml-ng --msa LOC101266391_prot_linear_multi_sl25_prt_codonAlignment.fasta --prefix LOC101266391_prot_linear_multi_sl25_prt_codonAlignment --model GTR+G --seed 123 --bs-tree 100 --force

Analysis options:
  run mode: ML tree search
  start tree(s): random (10) + parsimony (10)
  random seed: 123
  tip-inner: OFF
  pattern compression: ON
  per-rate scalers: OFF
  site repeats: ON
  fast spr radius: AUTO
  spr subtree cutoff: 1.000000
  branch lengths: proportional (ML estimate, algorithm: NR-FAST)
  SIMD kernels: AVX2
  parallelization: PTHREADS (6 threads), thread pinning: OFF

WARNING: Running in FORCE mode: all safety checks are disabled!

[00:00:00] Reading alignment from file: LOC101266391_prot_linear_multi_sl25_prt_codonAlignment.fasta
[00:00:00] Loaded alignment with 98 taxa and 1527 sites

Alignment comprises 1 partitions and 59 patterns

Partition 0: noname
Model: GTR+FO+G4m
Alignment sites / patterns: 1527 / 59
Gaps: 0.00 %
Invariant sites: 95.87 %


NOTE: Binary MSA file created: LOC101266391_prot_linear_multi_sl25_prt_codonAlignment.raxml.rba

[00:00:00] Generating 10 random starting tree(s) with 98 taxa
[00:00:00] Generating 10 parsimony starting tree(s) with 98 taxa
[00:00:00] Data distribution: max. partitions/sites/weight per thread: 1 / 10 / 160

Starting ML tree search with 20 distinct starting trees

[00:00:01] ML tree search #1, logLikelihood: -2755.659581
[00:00:03] ML tree search #2, logLikelihood: -2751.733326
[00:00:05] ML tree search #3, logLikelihood: -2752.149429
[00:00:07] ML tree search #4, logLikelihood: -2756.078402
[00:00:09] ML tree search #5, logLikelihood: -2782.298858
[00:00:10] ML tree search #6, logLikelihood: -2755.659585
[00:00:12] ML tree search #7, logLikelihood: -2756.078396
[00:00:14] ML tree search #8, logLikelihood: -2755.659584
[00:00:16] ML tree search #9, logLikelihood: -2756.078426
[00:00:18] ML tree search #10, logLikelihood: -2755.659596
[00:00:19] ML tree search #11, logLikelihood: -2751.733378
[00:00:20] ML tree search #12, logLikelihood: -2755.659579
[00:00:20] ML tree search #13, logLikelihood: -2757.481278
[00:00:21] ML tree search #14, logLikelihood: -2757.481271
[00:00:22] ML tree search #15, logLikelihood: -2757.481275
[00:00:23] ML tree search #16, logLikelihood: -2752.149421
[00:00:24] ML tree search #17, logLikelihood: -2758.439435
[00:00:24] ML tree search #18, logLikelihood: -2757.481272
[00:00:25] ML tree search #19, logLikelihood: -2757.481278
[00:00:26] ML tree search #20, logLikelihood: -2757.481257

Optimized model parameters:

   Partition 0: noname
   Rate heterogeneity: GAMMA (4 cats, mean),  alpha: 0.020121 (ML),  weights&rates: (0.250000,0.000000) (0.250000,0.000000) (0.250000,0.000001) (0.250000,3.999999) 
   Base frequencies (ML): 0.278289 0.189217 0.244510 0.287984 
   Substitution rates (ML): 0.829799 2.725212 0.875288 0.747662 6.505095 1.000000 

Final LogLikelihood: -2751.733326

AIC score: 5907.466652 / AICc score: 5969.409250 / BIC score: 6984.340834
Free parameters (model + branch lengths): 202

Best ML tree saved to: /home/homma/Desktop/coding/github/pos_selection_pipeline/tomato_pipeline/pipeline/LOC/raxml-ng/LOC101266391_prot_linear_multi_sl25_prt_codonAlignment.raxml.bestTree
All ML trees saved to: /home/homma/Desktop/coding/github/pos_selection_pipeline/tomato_pipeline/pipeline/LOC/raxml-ng/LOC101266391_prot_linear_multi_sl25_prt_codonAlignment.raxml.mlTrees
Optimized model saved to: /home/homma/Desktop/coding/github/pos_selection_pipeline/tomato_pipeline/pipeline/LOC/raxml-ng/LOC101266391_prot_linear_multi_sl25_prt_codonAlignment.raxml.bestModel

Execution log saved to: /home/homma/Desktop/coding/github/pos_selection_pipeline/tomato_pipeline/pipeline/LOC/raxml-ng/LOC101266391_prot_linear_multi_sl25_prt_codonAlignment.raxml.log

Analysis started: 01-Mar-2020 21:50:03 / finished: 01-Mar-2020 21:50:29

Elapsed time: 26.572 seconds

