
RAxML-NG v. 0.8.1 BETA released on 05.03.2019 by The Exelixis Lab.
Authors: Alexey Kozlov, Alexandros Stamatakis, Diego Darriba, Tomas Flouri, Benoit Morel.
Latest version: https://github.com/amkozlov/raxml-ng
Questions/problems/suggestions? Please visit: https://groups.google.com/forum/#!forum/raxml

WARNING: This is a BETA release, please use at your own risk!

RAxML-NG was called at 01-Mar-2020 21:46:15 as follows:

raxml-ng --msa LOC101268888_prot_linear_multi_sl25_prt_codonAlignment.fasta --prefix LOC101268888_prot_linear_multi_sl25_prt_codonAlignment --model GTR+G --seed 123 --bs-tree 100 --force

Analysis options:
  run mode: ML tree search
  start tree(s): random (10) + parsimony (10)
  random seed: 123
  tip-inner: OFF
  pattern compression: ON
  per-rate scalers: OFF
  site repeats: ON
  fast spr radius: AUTO
  spr subtree cutoff: 1.000000
  branch lengths: proportional (ML estimate, algorithm: NR-FAST)
  SIMD kernels: AVX2
  parallelization: PTHREADS (6 threads), thread pinning: OFF

WARNING: Running in FORCE mode: all safety checks are disabled!

[00:00:00] Reading alignment from file: LOC101268888_prot_linear_multi_sl25_prt_codonAlignment.fasta
[00:00:00] Loaded alignment with 101 taxa and 924 sites

Alignment comprises 1 partitions and 95 patterns

Partition 0: noname
Model: GTR+FO+G4m
Alignment sites / patterns: 924 / 95
Gaps: 0.04 %
Invariant sites: 90.04 %


NOTE: Binary MSA file created: LOC101268888_prot_linear_multi_sl25_prt_codonAlignment.raxml.rba

[00:00:00] Generating 10 random starting tree(s) with 101 taxa
[00:00:00] Generating 10 parsimony starting tree(s) with 101 taxa
[00:00:00] Data distribution: max. partitions/sites/weight per thread: 1 / 16 / 256

Starting ML tree search with 20 distinct starting trees

[00:00:04] ML tree search #1, logLikelihood: -2303.067603
[00:00:07] ML tree search #2, logLikelihood: -2300.660093
[00:00:10] ML tree search #3, logLikelihood: -2305.720025
[00:00:13] ML tree search #4, logLikelihood: -2299.752700
[00:00:18] ML tree search #5, logLikelihood: -2306.262074
[00:00:21] ML tree search #6, logLikelihood: -2302.928706
[00:00:24] ML tree search #7, logLikelihood: -2299.752030
[00:00:28] ML tree search #8, logLikelihood: -2304.150653
[00:00:32] ML tree search #9, logLikelihood: -2302.674643
[00:00:35] ML tree search #10, logLikelihood: -2299.283551
[00:00:38] ML tree search #11, logLikelihood: -2305.867212
[00:00:41] ML tree search #12, logLikelihood: -2305.487249
[00:00:43] ML tree search #13, logLikelihood: -2305.283015
[00:00:48] ML tree search #14, logLikelihood: -2299.283264
[00:00:52] ML tree search #15, logLikelihood: -2300.045646
[00:00:54] ML tree search #16, logLikelihood: -2300.510137
[00:00:59] ML tree search #17, logLikelihood: -2304.843013
[00:01:05] ML tree search #18, logLikelihood: -2300.944960
[00:01:08] ML tree search #19, logLikelihood: -2303.554607
[00:01:10] ML tree search #20, logLikelihood: -2301.219526

Optimized model parameters:

   Partition 0: noname
   Rate heterogeneity: GAMMA (4 cats, mean),  alpha: 0.020126 (ML),  weights&rates: (0.250000,0.000000) (0.250000,0.000000) (0.250000,0.000001) (0.250000,3.999999) 
   Base frequencies (ML): 0.322839 0.179816 0.208257 0.289089 
   Substitution rates (ML): 2.922206 11.725890 0.869026 1.545993 28.739980 1.000000 

Final LogLikelihood: -2299.283264

AIC score: 5014.566529 / AICc score: 5136.166529 / BIC score: 6018.938640
Free parameters (model + branch lengths): 208

Best ML tree saved to: /home/homma/Desktop/coding/github/pos_selection_pipeline/tomato_pipeline/pipeline/LOC/raxml-ng/LOC101268888_prot_linear_multi_sl25_prt_codonAlignment.raxml.bestTree
All ML trees saved to: /home/homma/Desktop/coding/github/pos_selection_pipeline/tomato_pipeline/pipeline/LOC/raxml-ng/LOC101268888_prot_linear_multi_sl25_prt_codonAlignment.raxml.mlTrees
Optimized model saved to: /home/homma/Desktop/coding/github/pos_selection_pipeline/tomato_pipeline/pipeline/LOC/raxml-ng/LOC101268888_prot_linear_multi_sl25_prt_codonAlignment.raxml.bestModel

Execution log saved to: /home/homma/Desktop/coding/github/pos_selection_pipeline/tomato_pipeline/pipeline/LOC/raxml-ng/LOC101268888_prot_linear_multi_sl25_prt_codonAlignment.raxml.log

Analysis started: 01-Mar-2020 21:46:15 / finished: 01-Mar-2020 21:47:26

Elapsed time: 70.867 seconds

