
RAxML-NG v. 0.8.1 BETA released on 05.03.2019 by The Exelixis Lab.
Authors: Alexey Kozlov, Alexandros Stamatakis, Diego Darriba, Tomas Flouri, Benoit Morel.
Latest version: https://github.com/amkozlov/raxml-ng
Questions/problems/suggestions? Please visit: https://groups.google.com/forum/#!forum/raxml

WARNING: This is a BETA release, please use at your own risk!

RAxML-NG was called at 01-Mar-2020 21:40:03 as follows:

raxml-ng --msa LOC101254109_prot_linear_multi_sl25_prt_codonAlignment.fasta --prefix LOC101254109_prot_linear_multi_sl25_prt_codonAlignment --model GTR+G --seed 123 --bs-tree 100 --force

Analysis options:
  run mode: ML tree search
  start tree(s): random (10) + parsimony (10)
  random seed: 123
  tip-inner: OFF
  pattern compression: ON
  per-rate scalers: OFF
  site repeats: ON
  fast spr radius: AUTO
  spr subtree cutoff: 1.000000
  branch lengths: proportional (ML estimate, algorithm: NR-FAST)
  SIMD kernels: AVX2
  parallelization: PTHREADS (6 threads), thread pinning: OFF

WARNING: Running in FORCE mode: all safety checks are disabled!

[00:00:00] Reading alignment from file: LOC101254109_prot_linear_multi_sl25_prt_codonAlignment.fasta
[00:00:00] Loaded alignment with 86 taxa and 1323 sites

Alignment comprises 1 partitions and 80 patterns

Partition 0: noname
Model: GTR+FO+G4m
Alignment sites / patterns: 1323 / 80
Gaps: 0.00 %
Invariant sites: 93.95 %


NOTE: Binary MSA file created: LOC101254109_prot_linear_multi_sl25_prt_codonAlignment.raxml.rba

[00:00:00] Generating 10 random starting tree(s) with 86 taxa
[00:00:00] Generating 10 parsimony starting tree(s) with 86 taxa
[00:00:00] Data distribution: max. partitions/sites/weight per thread: 1 / 14 / 224

Starting ML tree search with 20 distinct starting trees

[00:00:02] ML tree search #1, logLikelihood: -2832.979860
[00:00:04] ML tree search #2, logLikelihood: -2832.880150
[00:00:06] ML tree search #3, logLikelihood: -2834.915992
[00:00:07] ML tree search #4, logLikelihood: -2830.556239
[00:00:08] ML tree search #5, logLikelihood: -2840.311258
[00:00:10] ML tree search #6, logLikelihood: -2835.418623
[00:00:12] ML tree search #7, logLikelihood: -2831.271332
[00:00:14] ML tree search #8, logLikelihood: -2834.932924
[00:00:15] ML tree search #9, logLikelihood: -2835.888977
[00:00:17] ML tree search #10, logLikelihood: -2840.561834
[00:00:19] ML tree search #11, logLikelihood: -2830.417223
[00:00:20] ML tree search #12, logLikelihood: -2831.700219
[00:00:22] ML tree search #13, logLikelihood: -2833.318368
[00:00:23] ML tree search #14, logLikelihood: -2831.777345
[00:00:24] ML tree search #15, logLikelihood: -2836.331598
[00:00:26] ML tree search #16, logLikelihood: -2831.025213
[00:00:27] ML tree search #17, logLikelihood: -2830.417821
[00:00:29] ML tree search #18, logLikelihood: -2835.861799
[00:00:30] ML tree search #19, logLikelihood: -2836.868223
[00:00:31] ML tree search #20, logLikelihood: -2835.957203

Optimized model parameters:

   Partition 0: noname
   Rate heterogeneity: GAMMA (4 cats, mean),  alpha: 0.020139 (ML),  weights&rates: (0.250000,0.000000) (0.250000,0.000000) (0.250000,0.000001) (0.250000,3.999999) 
   Base frequencies (ML): 0.329165 0.166494 0.216272 0.288070 
   Substitution rates (ML): 1.025593 4.012489 0.964003 0.537348 3.279133 1.000000 

Final LogLikelihood: -2830.417223

AIC score: 6016.834445 / AICc score: 6072.537242 / BIC score: 6940.237420
Free parameters (model + branch lengths): 178

Best ML tree saved to: /home/homma/Desktop/coding/github/pos_selection_pipeline/tomato_pipeline/pipeline/LOC/raxml-ng/LOC101254109_prot_linear_multi_sl25_prt_codonAlignment.raxml.bestTree
All ML trees saved to: /home/homma/Desktop/coding/github/pos_selection_pipeline/tomato_pipeline/pipeline/LOC/raxml-ng/LOC101254109_prot_linear_multi_sl25_prt_codonAlignment.raxml.mlTrees
Optimized model saved to: /home/homma/Desktop/coding/github/pos_selection_pipeline/tomato_pipeline/pipeline/LOC/raxml-ng/LOC101254109_prot_linear_multi_sl25_prt_codonAlignment.raxml.bestModel

Execution log saved to: /home/homma/Desktop/coding/github/pos_selection_pipeline/tomato_pipeline/pipeline/LOC/raxml-ng/LOC101254109_prot_linear_multi_sl25_prt_codonAlignment.raxml.log

Analysis started: 01-Mar-2020 21:40:03 / finished: 01-Mar-2020 21:40:34

Elapsed time: 31.321 seconds

