
RAxML-NG v. 0.8.1 BETA released on 05.03.2019 by The Exelixis Lab.
Authors: Alexey Kozlov, Alexandros Stamatakis, Diego Darriba, Tomas Flouri, Benoit Morel.
Latest version: https://github.com/amkozlov/raxml-ng
Questions/problems/suggestions? Please visit: https://groups.google.com/forum/#!forum/raxml

WARNING: This is a BETA release, please use at your own risk!

RAxML-NG was called at 01-Mar-2020 21:24:44 as follows:

raxml-ng --msa LOC101261914_prot_linear_multi_sl25_prt_codonAlignment.fasta --prefix LOC101261914_prot_linear_multi_sl25_prt_codonAlignment --model GTR+G --seed 123 --bs-tree 100 --force

Analysis options:
  run mode: ML tree search
  start tree(s): random (10) + parsimony (10)
  random seed: 123
  tip-inner: OFF
  pattern compression: ON
  per-rate scalers: OFF
  site repeats: ON
  fast spr radius: AUTO
  spr subtree cutoff: 1.000000
  branch lengths: proportional (ML estimate, algorithm: NR-FAST)
  SIMD kernels: AVX2
  parallelization: PTHREADS (6 threads), thread pinning: OFF

WARNING: Running in FORCE mode: all safety checks are disabled!

[00:00:00] Reading alignment from file: LOC101261914_prot_linear_multi_sl25_prt_codonAlignment.fasta
[00:00:00] Loaded alignment with 135 taxa and 1950 sites

Alignment comprises 1 partitions and 107 patterns

Partition 0: noname
Model: GTR+FO+G4m
Alignment sites / patterns: 1950 / 107
Gaps: 0.00 %
Invariant sites: 93.69 %


NOTE: Binary MSA file created: LOC101261914_prot_linear_multi_sl25_prt_codonAlignment.raxml.rba

[00:00:00] Generating 10 random starting tree(s) with 135 taxa
[00:00:00] Generating 10 parsimony starting tree(s) with 135 taxa
[00:00:00] Data distribution: max. partitions/sites/weight per thread: 1 / 18 / 288

Starting ML tree search with 20 distinct starting trees

[00:00:07] ML tree search #1, logLikelihood: -4330.796429
[00:00:12] ML tree search #2, logLikelihood: -4330.714991
[00:00:16] ML tree search #3, logLikelihood: -4337.785183
[00:00:23] ML tree search #4, logLikelihood: -4332.389538
[00:00:29] ML tree search #5, logLikelihood: -4331.952328
[00:00:34] ML tree search #6, logLikelihood: -4336.630255
[00:00:39] ML tree search #7, logLikelihood: -4330.468393
[00:00:46] ML tree search #8, logLikelihood: -4334.030597
[00:00:53] ML tree search #9, logLikelihood: -4333.372447
[00:00:59] ML tree search #10, logLikelihood: -4337.349268
[00:01:03] ML tree search #11, logLikelihood: -4331.651583
[00:01:05] ML tree search #12, logLikelihood: -4333.285348
[00:01:11] ML tree search #13, logLikelihood: -4332.154206
[00:01:16] ML tree search #14, logLikelihood: -4333.268636
[00:01:20] ML tree search #15, logLikelihood: -4340.420861
[00:01:25] ML tree search #16, logLikelihood: -4332.859966
[00:01:30] ML tree search #17, logLikelihood: -4335.501059
[00:01:33] ML tree search #18, logLikelihood: -4347.608389
[00:01:38] ML tree search #19, logLikelihood: -4338.147575
[00:01:43] ML tree search #20, logLikelihood: -4333.272375

Optimized model parameters:

   Partition 0: noname
   Rate heterogeneity: GAMMA (4 cats, mean),  alpha: 0.020129 (ML),  weights&rates: (0.250000,0.000000) (0.250000,0.000000) (0.250000,0.000001) (0.250000,3.999999) 
   Base frequencies (ML): 0.314020 0.187426 0.221871 0.276684 
   Substitution rates (ML): 1.923492 3.021551 0.410394 0.721935 3.528067 1.000000 

Final LogLikelihood: -4330.468393

AIC score: 9212.936786 / AICc score: 9304.331884 / BIC score: 10751.798150
Free parameters (model + branch lengths): 276

Best ML tree saved to: /home/homma/Desktop/coding/github/pos_selection_pipeline/tomato_pipeline/pipeline/LOC/raxml-ng/LOC101261914_prot_linear_multi_sl25_prt_codonAlignment.raxml.bestTree
All ML trees saved to: /home/homma/Desktop/coding/github/pos_selection_pipeline/tomato_pipeline/pipeline/LOC/raxml-ng/LOC101261914_prot_linear_multi_sl25_prt_codonAlignment.raxml.mlTrees
Optimized model saved to: /home/homma/Desktop/coding/github/pos_selection_pipeline/tomato_pipeline/pipeline/LOC/raxml-ng/LOC101261914_prot_linear_multi_sl25_prt_codonAlignment.raxml.bestModel

Execution log saved to: /home/homma/Desktop/coding/github/pos_selection_pipeline/tomato_pipeline/pipeline/LOC/raxml-ng/LOC101261914_prot_linear_multi_sl25_prt_codonAlignment.raxml.log

Analysis started: 01-Mar-2020 21:24:44 / finished: 01-Mar-2020 21:26:27

Elapsed time: 103.422 seconds

