
RAxML-NG v. 0.8.1 BETA released on 05.03.2019 by The Exelixis Lab.
Authors: Alexey Kozlov, Alexandros Stamatakis, Diego Darriba, Tomas Flouri, Benoit Morel.
Latest version: https://github.com/amkozlov/raxml-ng
Questions/problems/suggestions? Please visit: https://groups.google.com/forum/#!forum/raxml

WARNING: This is a BETA release, please use at your own risk!

RAxML-NG was called at 01-Mar-2020 21:36:28 as follows:

raxml-ng --msa LOC101263563_prot_linear_multi_sl25_prt_codonAlignment.fasta --prefix LOC101263563_prot_linear_multi_sl25_prt_codonAlignment --model GTR+G --seed 123 --bs-tree 100 --force

Analysis options:
  run mode: ML tree search
  start tree(s): random (10) + parsimony (10)
  random seed: 123
  tip-inner: OFF
  pattern compression: ON
  per-rate scalers: OFF
  site repeats: ON
  fast spr radius: AUTO
  spr subtree cutoff: 1.000000
  branch lengths: proportional (ML estimate, algorithm: NR-FAST)
  SIMD kernels: AVX2
  parallelization: PTHREADS (6 threads), thread pinning: OFF

WARNING: Running in FORCE mode: all safety checks are disabled!

[00:00:00] Reading alignment from file: LOC101263563_prot_linear_multi_sl25_prt_codonAlignment.fasta
[00:00:00] Loaded alignment with 92 taxa and 906 sites

Alignment comprises 1 partitions and 44 patterns

Partition 0: noname
Model: GTR+FO+G4m
Alignment sites / patterns: 906 / 44
Gaps: 0.00 %
Invariant sites: 95.58 %


NOTE: Binary MSA file created: LOC101263563_prot_linear_multi_sl25_prt_codonAlignment.raxml.rba

[00:00:00] Generating 10 random starting tree(s) with 92 taxa
[00:00:00] Generating 10 parsimony starting tree(s) with 92 taxa
[00:00:00] Data distribution: max. partitions/sites/weight per thread: 1 / 8 / 128

Starting ML tree search with 20 distinct starting trees

[00:00:01] ML tree search #1, logLikelihood: -1660.321914
[00:00:02] ML tree search #2, logLikelihood: -1662.614107
[00:00:03] ML tree search #3, logLikelihood: -1657.378300
[00:00:04] ML tree search #4, logLikelihood: -1657.378310
[00:00:05] ML tree search #5, logLikelihood: -1660.321994
[00:00:07] ML tree search #6, logLikelihood: -1657.114503
[00:00:08] ML tree search #7, logLikelihood: -1657.114495
[00:00:10] ML tree search #8, logLikelihood: -1657.378332
[00:00:11] ML tree search #9, logLikelihood: -1660.321903
[00:00:12] ML tree search #10, logLikelihood: -1657.378324
[00:00:12] ML tree search #11, logLikelihood: -1657.114508
[00:00:13] ML tree search #12, logLikelihood: -1657.114518
[00:00:14] ML tree search #13, logLikelihood: -1667.078587
[00:00:14] ML tree search #14, logLikelihood: -1657.114513
[00:00:15] ML tree search #15, logLikelihood: -1663.740004
[00:00:16] ML tree search #16, logLikelihood: -1660.321984
[00:00:16] ML tree search #17, logLikelihood: -1657.378459
[00:00:17] ML tree search #18, logLikelihood: -1659.908839
[00:00:18] ML tree search #19, logLikelihood: -1657.378303
[00:00:19] ML tree search #20, logLikelihood: -1657.114508

Optimized model parameters:

   Partition 0: noname
   Rate heterogeneity: GAMMA (4 cats, mean),  alpha: 0.020129 (ML),  weights&rates: (0.250000,0.000000) (0.250000,0.000000) (0.250000,0.000001) (0.250000,3.999999) 
   Base frequencies (ML): 0.289583 0.196548 0.220543 0.293326 
   Substitution rates (ML): 0.717680 3.450975 0.879900 0.466463 2.985351 1.000000 

Final LogLikelihood: -1657.114495

AIC score: 3694.228990 / AICc score: 3795.739479 / BIC score: 4607.946458
Free parameters (model + branch lengths): 190

Best ML tree saved to: /home/homma/Desktop/coding/github/pos_selection_pipeline/tomato_pipeline/pipeline/LOC/raxml-ng/LOC101263563_prot_linear_multi_sl25_prt_codonAlignment.raxml.bestTree
All ML trees saved to: /home/homma/Desktop/coding/github/pos_selection_pipeline/tomato_pipeline/pipeline/LOC/raxml-ng/LOC101263563_prot_linear_multi_sl25_prt_codonAlignment.raxml.mlTrees
Optimized model saved to: /home/homma/Desktop/coding/github/pos_selection_pipeline/tomato_pipeline/pipeline/LOC/raxml-ng/LOC101263563_prot_linear_multi_sl25_prt_codonAlignment.raxml.bestModel

Execution log saved to: /home/homma/Desktop/coding/github/pos_selection_pipeline/tomato_pipeline/pipeline/LOC/raxml-ng/LOC101263563_prot_linear_multi_sl25_prt_codonAlignment.raxml.log

Analysis started: 01-Mar-2020 21:36:28 / finished: 01-Mar-2020 21:36:47

Elapsed time: 19.037 seconds

