
RAxML-NG v. 0.8.1 BETA released on 05.03.2019 by The Exelixis Lab.
Authors: Alexey Kozlov, Alexandros Stamatakis, Diego Darriba, Tomas Flouri, Benoit Morel.
Latest version: https://github.com/amkozlov/raxml-ng
Questions/problems/suggestions? Please visit: https://groups.google.com/forum/#!forum/raxml

WARNING: This is a BETA release, please use at your own risk!

RAxML-NG was called at 01-Mar-2020 20:34:02 as follows:

raxml-ng --msa LOC101267287_prot_linear_multi_sl25_prt_codonAlignment.fasta --prefix LOC101267287_prot_linear_multi_sl25_prt_codonAlignment --model GTR+G --seed 123 --bs-tree 100 --force

Analysis options:
  run mode: ML tree search
  start tree(s): random (10) + parsimony (10)
  random seed: 123
  tip-inner: OFF
  pattern compression: ON
  per-rate scalers: OFF
  site repeats: ON
  fast spr radius: AUTO
  spr subtree cutoff: 1.000000
  branch lengths: proportional (ML estimate, algorithm: NR-FAST)
  SIMD kernels: AVX2
  parallelization: PTHREADS (6 threads), thread pinning: OFF

WARNING: Running in FORCE mode: all safety checks are disabled!

[00:00:00] Reading alignment from file: LOC101267287_prot_linear_multi_sl25_prt_codonAlignment.fasta
[00:00:00] Loaded alignment with 118 taxa and 1896 sites

Alignment comprises 1 partitions and 94 patterns

Partition 0: noname
Model: GTR+FO+G4m
Alignment sites / patterns: 1896 / 94
Gaps: 0.00 %
Invariant sites: 94.73 %


NOTE: Binary MSA file created: LOC101267287_prot_linear_multi_sl25_prt_codonAlignment.raxml.rba

[00:00:00] Generating 10 random starting tree(s) with 118 taxa
[00:00:00] Generating 10 parsimony starting tree(s) with 118 taxa
[00:00:00] Data distribution: max. partitions/sites/weight per thread: 1 / 16 / 256

Starting ML tree search with 20 distinct starting trees

[00:00:03] ML tree search #1, logLikelihood: -3775.822909
[00:00:05] ML tree search #2, logLikelihood: -3781.584571
[00:00:08] ML tree search #3, logLikelihood: -3784.113268
[00:00:10] ML tree search #4, logLikelihood: -3775.171845
[00:00:12] ML tree search #5, logLikelihood: -3783.930451
[00:00:17] ML tree search #6, logLikelihood: -3781.584538
[00:00:19] ML tree search #7, logLikelihood: -3779.236799
[00:00:22] ML tree search #8, logLikelihood: -3775.219229
[00:00:25] ML tree search #9, logLikelihood: -3776.514570
[00:00:28] ML tree search #10, logLikelihood: -3774.708133
[00:00:31] ML tree search #11, logLikelihood: -3774.395990
[00:00:32] ML tree search #12, logLikelihood: -3774.534166
[00:00:34] ML tree search #13, logLikelihood: -3784.397566
[00:00:35] ML tree search #14, logLikelihood: -3777.084745
[00:00:36] ML tree search #15, logLikelihood: -3775.263910
[00:00:38] ML tree search #16, logLikelihood: -3780.027321
[00:00:39] ML tree search #17, logLikelihood: -3776.028122
[00:00:41] ML tree search #18, logLikelihood: -3774.708325
[00:00:43] ML tree search #19, logLikelihood: -3783.514281
[00:00:45] ML tree search #20, logLikelihood: -3777.393746

Optimized model parameters:

   Partition 0: noname
   Rate heterogeneity: GAMMA (4 cats, mean),  alpha: 0.020139 (ML),  weights&rates: (0.250000,0.000000) (0.250000,0.000000) (0.250000,0.000001) (0.250000,3.999999) 
   Base frequencies (ML): 0.268589 0.190865 0.230599 0.309947 
   Substitution rates (ML): 3.094738 7.096237 1.959099 3.430910 7.432692 1.000000 

Final LogLikelihood: -3774.395990

AIC score: 8032.791980 / AICc score: 8103.942615 / BIC score: 9375.287387
Free parameters (model + branch lengths): 242

Best ML tree saved to: /home/homma/Desktop/coding/github/pos_selection_pipeline/tomato_pipeline/pipeline/LOC/raxml-ng/LOC101267287_prot_linear_multi_sl25_prt_codonAlignment.raxml.bestTree
All ML trees saved to: /home/homma/Desktop/coding/github/pos_selection_pipeline/tomato_pipeline/pipeline/LOC/raxml-ng/LOC101267287_prot_linear_multi_sl25_prt_codonAlignment.raxml.mlTrees
Optimized model saved to: /home/homma/Desktop/coding/github/pos_selection_pipeline/tomato_pipeline/pipeline/LOC/raxml-ng/LOC101267287_prot_linear_multi_sl25_prt_codonAlignment.raxml.bestModel

Execution log saved to: /home/homma/Desktop/coding/github/pos_selection_pipeline/tomato_pipeline/pipeline/LOC/raxml-ng/LOC101267287_prot_linear_multi_sl25_prt_codonAlignment.raxml.log

Analysis started: 01-Mar-2020 20:34:02 / finished: 01-Mar-2020 20:34:47

Elapsed time: 45.192 seconds

