
RAxML-NG v. 0.8.1 BETA released on 05.03.2019 by The Exelixis Lab.
Authors: Alexey Kozlov, Alexandros Stamatakis, Diego Darriba, Tomas Flouri, Benoit Morel.
Latest version: https://github.com/amkozlov/raxml-ng
Questions/problems/suggestions? Please visit: https://groups.google.com/forum/#!forum/raxml

WARNING: This is a BETA release, please use at your own risk!

RAxML-NG was called at 01-Mar-2020 21:36:47 as follows:

raxml-ng --msa LOC101260941_prot_linear_multi_sl25_prt_codonAlignment.fasta --prefix LOC101260941_prot_linear_multi_sl25_prt_codonAlignment --model GTR+G --seed 123 --bs-tree 100 --force

Analysis options:
  run mode: ML tree search
  start tree(s): random (10) + parsimony (10)
  random seed: 123
  tip-inner: OFF
  pattern compression: ON
  per-rate scalers: OFF
  site repeats: ON
  fast spr radius: AUTO
  spr subtree cutoff: 1.000000
  branch lengths: proportional (ML estimate, algorithm: NR-FAST)
  SIMD kernels: AVX2
  parallelization: PTHREADS (6 threads), thread pinning: OFF

WARNING: Running in FORCE mode: all safety checks are disabled!

[00:00:00] Reading alignment from file: LOC101260941_prot_linear_multi_sl25_prt_codonAlignment.fasta
[00:00:00] Loaded alignment with 120 taxa and 1692 sites

Alignment comprises 1 partitions and 118 patterns

Partition 0: noname
Model: GTR+FO+G4m
Alignment sites / patterns: 1692 / 118
Gaps: 0.00 %
Invariant sites: 92.55 %


NOTE: Binary MSA file created: LOC101260941_prot_linear_multi_sl25_prt_codonAlignment.raxml.rba

[00:00:00] Generating 10 random starting tree(s) with 120 taxa
[00:00:00] Generating 10 parsimony starting tree(s) with 120 taxa
[00:00:00] Data distribution: max. partitions/sites/weight per thread: 1 / 20 / 320

Starting ML tree search with 20 distinct starting trees

[00:00:06] ML tree search #1, logLikelihood: -4068.215464
[00:00:13] ML tree search #2, logLikelihood: -4056.485968
[00:00:20] ML tree search #3, logLikelihood: -4079.768944
[00:00:24] ML tree search #4, logLikelihood: -4058.936046
[00:00:31] ML tree search #5, logLikelihood: -4051.891851
[00:00:37] ML tree search #6, logLikelihood: -4052.751201
[00:00:42] ML tree search #7, logLikelihood: -4055.576010
[00:00:47] ML tree search #8, logLikelihood: -4055.840303
[00:00:55] ML tree search #9, logLikelihood: -4050.819794
[00:00:59] ML tree search #10, logLikelihood: -4056.418754
[00:01:01] ML tree search #11, logLikelihood: -4058.274962
[00:01:03] ML tree search #12, logLikelihood: -4058.222043
[00:01:05] ML tree search #13, logLikelihood: -4053.123926
[00:01:09] ML tree search #14, logLikelihood: -4054.894507
[00:01:12] ML tree search #15, logLikelihood: -4052.594842
[00:01:14] ML tree search #16, logLikelihood: -4052.413215
[00:01:25] ML tree search #17, logLikelihood: -4052.442491
[00:01:28] ML tree search #18, logLikelihood: -4054.762841
[00:01:30] ML tree search #19, logLikelihood: -4053.420775
[00:01:36] ML tree search #20, logLikelihood: -4051.838459

Optimized model parameters:

   Partition 0: noname
   Rate heterogeneity: GAMMA (4 cats, mean),  alpha: 0.020138 (ML),  weights&rates: (0.250000,0.000000) (0.250000,0.000000) (0.250000,0.000001) (0.250000,3.999999) 
   Base frequencies (ML): 0.319171 0.200323 0.188410 0.292096 
   Substitution rates (ML): 1.445989 3.635325 0.822307 2.679774 4.069162 1.000000 

Final LogLikelihood: -4050.819794

AIC score: 8593.639589 / AICc score: 8677.739243 / BIC score: 9930.321558
Free parameters (model + branch lengths): 246

Best ML tree saved to: /home/homma/Desktop/coding/github/pos_selection_pipeline/tomato_pipeline/pipeline/LOC/raxml-ng/LOC101260941_prot_linear_multi_sl25_prt_codonAlignment.raxml.bestTree
All ML trees saved to: /home/homma/Desktop/coding/github/pos_selection_pipeline/tomato_pipeline/pipeline/LOC/raxml-ng/LOC101260941_prot_linear_multi_sl25_prt_codonAlignment.raxml.mlTrees
Optimized model saved to: /home/homma/Desktop/coding/github/pos_selection_pipeline/tomato_pipeline/pipeline/LOC/raxml-ng/LOC101260941_prot_linear_multi_sl25_prt_codonAlignment.raxml.bestModel

Execution log saved to: /home/homma/Desktop/coding/github/pos_selection_pipeline/tomato_pipeline/pipeline/LOC/raxml-ng/LOC101260941_prot_linear_multi_sl25_prt_codonAlignment.raxml.log

Analysis started: 01-Mar-2020 21:36:47 / finished: 01-Mar-2020 21:38:23

Elapsed time: 96.166 seconds

