
RAxML-NG v. 0.8.1 BETA released on 05.03.2019 by The Exelixis Lab.
Authors: Alexey Kozlov, Alexandros Stamatakis, Diego Darriba, Tomas Flouri, Benoit Morel.
Latest version: https://github.com/amkozlov/raxml-ng
Questions/problems/suggestions? Please visit: https://groups.google.com/forum/#!forum/raxml

WARNING: This is a BETA release, please use at your own risk!

RAxML-NG was called at 01-Mar-2020 20:27:55 as follows:

raxml-ng --msa LOC101267611_prot_linear_multi_sl25_prt_codonAlignment.fasta --prefix LOC101267611_prot_linear_multi_sl25_prt_codonAlignment --model GTR+G --seed 123 --bs-tree 100 --force

Analysis options:
  run mode: ML tree search
  start tree(s): random (10) + parsimony (10)
  random seed: 123
  tip-inner: OFF
  pattern compression: ON
  per-rate scalers: OFF
  site repeats: ON
  fast spr radius: AUTO
  spr subtree cutoff: 1.000000
  branch lengths: proportional (ML estimate, algorithm: NR-FAST)
  SIMD kernels: AVX2
  parallelization: PTHREADS (6 threads), thread pinning: OFF

WARNING: Running in FORCE mode: all safety checks are disabled!

[00:00:00] Reading alignment from file: LOC101267611_prot_linear_multi_sl25_prt_codonAlignment.fasta
[00:00:00] Loaded alignment with 104 taxa and 381 sites

Alignment comprises 1 partitions and 20 patterns

Partition 0: noname
Model: GTR+FO+G4m
Alignment sites / patterns: 381 / 20
Gaps: 0.01 %
Invariant sites: 96.33 %


NOTE: Binary MSA file created: LOC101267611_prot_linear_multi_sl25_prt_codonAlignment.raxml.rba

[00:00:00] Generating 10 random starting tree(s) with 104 taxa
[00:00:00] Generating 10 parsimony starting tree(s) with 104 taxa
[00:00:00] Data distribution: max. partitions/sites/weight per thread: 1 / 4 / 64

Starting ML tree search with 20 distinct starting trees

[00:00:01] ML tree search #1, logLikelihood: -723.227785
[00:00:03] ML tree search #2, logLikelihood: -722.150975
[00:00:04] ML tree search #3, logLikelihood: -750.572094
[00:00:06] ML tree search #4, logLikelihood: -719.401024
[00:00:07] ML tree search #5, logLikelihood: -718.960205
[00:00:08] ML tree search #6, logLikelihood: -775.420528
[00:00:10] ML tree search #7, logLikelihood: -718.960226
[00:00:12] ML tree search #8, logLikelihood: -722.143894
[00:00:13] ML tree search #9, logLikelihood: -715.199198
[00:00:15] ML tree search #10, logLikelihood: -715.926510
[00:00:15] ML tree search #11, logLikelihood: -718.960206
[00:00:16] ML tree search #12, logLikelihood: -723.903570
[00:00:17] ML tree search #13, logLikelihood: -721.965710
[00:00:17] ML tree search #14, logLikelihood: -723.007803
[00:00:18] ML tree search #15, logLikelihood: -721.281693
[00:00:19] ML tree search #16, logLikelihood: -721.356053
[00:00:19] ML tree search #17, logLikelihood: -717.461494
[00:00:20] ML tree search #18, logLikelihood: -724.587716
[00:00:21] ML tree search #19, logLikelihood: -722.835294
[00:00:22] ML tree search #20, logLikelihood: -720.337202

Optimized model parameters:

   Partition 0: noname
   Rate heterogeneity: GAMMA (4 cats, mean),  alpha: 0.020122 (ML),  weights&rates: (0.250000,0.000000) (0.250000,0.000000) (0.250000,0.000001) (0.250000,3.999999) 
   Base frequencies (ML): 0.323788 0.170165 0.284807 0.221240 
   Substitution rates (ML): 0.544222 4.269605 0.416699 4.256197 5.862735 1.000000 

Final LogLikelihood: -715.199198

AIC score: 1858.398396 / AICc score: 2412.735745 / BIC score: 2702.157462
Free parameters (model + branch lengths): 214

Best ML tree saved to: /home/homma/Desktop/coding/github/pos_selection_pipeline/tomato_pipeline/pipeline/LOC/raxml-ng/LOC101267611_prot_linear_multi_sl25_prt_codonAlignment.raxml.bestTree
All ML trees saved to: /home/homma/Desktop/coding/github/pos_selection_pipeline/tomato_pipeline/pipeline/LOC/raxml-ng/LOC101267611_prot_linear_multi_sl25_prt_codonAlignment.raxml.mlTrees
Optimized model saved to: /home/homma/Desktop/coding/github/pos_selection_pipeline/tomato_pipeline/pipeline/LOC/raxml-ng/LOC101267611_prot_linear_multi_sl25_prt_codonAlignment.raxml.bestModel

Execution log saved to: /home/homma/Desktop/coding/github/pos_selection_pipeline/tomato_pipeline/pipeline/LOC/raxml-ng/LOC101267611_prot_linear_multi_sl25_prt_codonAlignment.raxml.log

Analysis started: 01-Mar-2020 20:27:55 / finished: 01-Mar-2020 20:28:17

Elapsed time: 22.095 seconds

