
RAxML-NG v. 0.8.1 BETA released on 05.03.2019 by The Exelixis Lab.
Authors: Alexey Kozlov, Alexandros Stamatakis, Diego Darriba, Tomas Flouri, Benoit Morel.
Latest version: https://github.com/amkozlov/raxml-ng
Questions/problems/suggestions? Please visit: https://groups.google.com/forum/#!forum/raxml

WARNING: This is a BETA release, please use at your own risk!

RAxML-NG was called at 01-Mar-2020 21:35:51 as follows:

raxml-ng --msa LOC101267512_prot_linear_multi_sl25_prt_codonAlignment.fasta --prefix LOC101267512_prot_linear_multi_sl25_prt_codonAlignment --model GTR+G --seed 123 --bs-tree 100 --force

Analysis options:
  run mode: ML tree search
  start tree(s): random (10) + parsimony (10)
  random seed: 123
  tip-inner: OFF
  pattern compression: ON
  per-rate scalers: OFF
  site repeats: ON
  fast spr radius: AUTO
  spr subtree cutoff: 1.000000
  branch lengths: proportional (ML estimate, algorithm: NR-FAST)
  SIMD kernels: AVX2
  parallelization: PTHREADS (6 threads), thread pinning: OFF

WARNING: Running in FORCE mode: all safety checks are disabled!

[00:00:00] Reading alignment from file: LOC101267512_prot_linear_multi_sl25_prt_codonAlignment.fasta
[00:00:00] Loaded alignment with 75 taxa and 456 sites

Alignment comprises 1 partitions and 26 patterns

Partition 0: noname
Model: GTR+FO+G4m
Alignment sites / patterns: 456 / 26
Gaps: 0.05 %
Invariant sites: 95.83 %


NOTE: Binary MSA file created: LOC101267512_prot_linear_multi_sl25_prt_codonAlignment.raxml.rba

[00:00:00] Generating 10 random starting tree(s) with 75 taxa
[00:00:00] Generating 10 parsimony starting tree(s) with 75 taxa
[00:00:00] Data distribution: max. partitions/sites/weight per thread: 1 / 5 / 80

Starting ML tree search with 20 distinct starting trees

[00:00:01] ML tree search #1, logLikelihood: -764.071160
[00:00:01] ML tree search #2, logLikelihood: -764.838538
[00:00:02] ML tree search #3, logLikelihood: -764.661459
[00:00:02] ML tree search #4, logLikelihood: -764.661458
[00:00:03] ML tree search #5, logLikelihood: -764.071058
[00:00:04] ML tree search #6, logLikelihood: -764.838646
[00:00:05] ML tree search #7, logLikelihood: -779.736824
[00:00:06] ML tree search #8, logLikelihood: -764.071051
[00:00:07] ML tree search #9, logLikelihood: -764.071056
[00:00:07] ML tree search #10, logLikelihood: -770.995895
[00:00:08] ML tree search #11, logLikelihood: -765.200551
[00:00:08] ML tree search #12, logLikelihood: -765.313811
[00:00:08] ML tree search #13, logLikelihood: -765.313838
[00:00:09] ML tree search #14, logLikelihood: -764.838533
[00:00:09] ML tree search #15, logLikelihood: -765.313838
[00:00:10] ML tree search #16, logLikelihood: -764.838543
[00:00:10] ML tree search #17, logLikelihood: -765.200835
[00:00:11] ML tree search #18, logLikelihood: -764.071085
[00:00:11] ML tree search #19, logLikelihood: -765.313829
[00:00:12] ML tree search #20, logLikelihood: -764.071057

Optimized model parameters:

   Partition 0: noname
   Rate heterogeneity: GAMMA (4 cats, mean),  alpha: 0.020136 (ML),  weights&rates: (0.250000,0.000000) (0.250000,0.000000) (0.250000,0.000001) (0.250000,3.999999) 
   Base frequencies (ML): 0.379192 0.107419 0.207329 0.306060 
   Substitution rates (ML): 0.778947 4.614603 1.105644 2.930661 4.894568 1.000000 

Final LogLikelihood: -764.071051

AIC score: 1840.142103 / AICc score: 2003.968190 / BIC score: 2483.250981
Free parameters (model + branch lengths): 156

Best ML tree saved to: /home/homma/Desktop/coding/github/pos_selection_pipeline/tomato_pipeline/pipeline/LOC/raxml-ng/LOC101267512_prot_linear_multi_sl25_prt_codonAlignment.raxml.bestTree
All ML trees saved to: /home/homma/Desktop/coding/github/pos_selection_pipeline/tomato_pipeline/pipeline/LOC/raxml-ng/LOC101267512_prot_linear_multi_sl25_prt_codonAlignment.raxml.mlTrees
Optimized model saved to: /home/homma/Desktop/coding/github/pos_selection_pipeline/tomato_pipeline/pipeline/LOC/raxml-ng/LOC101267512_prot_linear_multi_sl25_prt_codonAlignment.raxml.bestModel

Execution log saved to: /home/homma/Desktop/coding/github/pos_selection_pipeline/tomato_pipeline/pipeline/LOC/raxml-ng/LOC101267512_prot_linear_multi_sl25_prt_codonAlignment.raxml.log

Analysis started: 01-Mar-2020 21:35:51 / finished: 01-Mar-2020 21:36:03

Elapsed time: 12.246 seconds

