
RAxML-NG v. 0.8.1 BETA released on 05.03.2019 by The Exelixis Lab.
Authors: Alexey Kozlov, Alexandros Stamatakis, Diego Darriba, Tomas Flouri, Benoit Morel.
Latest version: https://github.com/amkozlov/raxml-ng
Questions/problems/suggestions? Please visit: https://groups.google.com/forum/#!forum/raxml

WARNING: This is a BETA release, please use at your own risk!

RAxML-NG was called at 01-Mar-2020 21:44:14 as follows:

raxml-ng --msa LOC101266731_prot_linear_multi_sl25_prt_codonAlignment.fasta --prefix LOC101266731_prot_linear_multi_sl25_prt_codonAlignment --model GTR+G --seed 123 --bs-tree 100 --force

Analysis options:
  run mode: ML tree search
  start tree(s): random (10) + parsimony (10)
  random seed: 123
  tip-inner: OFF
  pattern compression: ON
  per-rate scalers: OFF
  site repeats: ON
  fast spr radius: AUTO
  spr subtree cutoff: 1.000000
  branch lengths: proportional (ML estimate, algorithm: NR-FAST)
  SIMD kernels: AVX2
  parallelization: PTHREADS (6 threads), thread pinning: OFF

WARNING: Running in FORCE mode: all safety checks are disabled!

[00:00:00] Reading alignment from file: LOC101266731_prot_linear_multi_sl25_prt_codonAlignment.fasta
[00:00:00] Loaded alignment with 120 taxa and 1101 sites

Alignment comprises 1 partitions and 39 patterns

Partition 0: noname
Model: GTR+FO+G4m
Alignment sites / patterns: 1101 / 39
Gaps: 0.00 %
Invariant sites: 96.19 %


NOTE: Binary MSA file created: LOC101266731_prot_linear_multi_sl25_prt_codonAlignment.raxml.rba

[00:00:00] Generating 10 random starting tree(s) with 120 taxa
[00:00:00] Generating 10 parsimony starting tree(s) with 120 taxa
[00:00:00] Data distribution: max. partitions/sites/weight per thread: 1 / 7 / 112

Starting ML tree search with 20 distinct starting trees

[00:00:03] ML tree search #1, logLikelihood: -1966.490404
[00:00:05] ML tree search #2, logLikelihood: -1968.957920
[00:00:08] ML tree search #3, logLikelihood: -1969.280897
[00:00:11] ML tree search #4, logLikelihood: -1970.559368
[00:00:13] ML tree search #5, logLikelihood: -1966.490399
[00:00:16] ML tree search #6, logLikelihood: -1968.924016
[00:00:19] ML tree search #7, logLikelihood: -1965.744775
[00:00:20] ML tree search #8, logLikelihood: -1973.588980
[00:00:22] ML tree search #9, logLikelihood: -1966.490400
[00:00:25] ML tree search #10, logLikelihood: -1974.799726
[00:00:27] ML tree search #11, logLikelihood: -1966.435781
[00:00:28] ML tree search #12, logLikelihood: -1967.671779
[00:00:29] ML tree search #13, logLikelihood: -1967.971949
[00:00:30] ML tree search #14, logLikelihood: -1966.435816
[00:00:31] ML tree search #15, logLikelihood: -1968.043223
[00:00:33] ML tree search #16, logLikelihood: -1966.750466
[00:00:34] ML tree search #17, logLikelihood: -1974.374097
[00:00:35] ML tree search #18, logLikelihood: -1969.550899
[00:00:37] ML tree search #19, logLikelihood: -1970.946898
[00:00:37] ML tree search #20, logLikelihood: -1970.872334

Optimized model parameters:

   Partition 0: noname
   Rate heterogeneity: GAMMA (4 cats, mean),  alpha: 0.020138 (ML),  weights&rates: (0.250000,0.000000) (0.250000,0.000000) (0.250000,0.000001) (0.250000,3.999999) 
   Base frequencies (ML): 0.261741 0.197217 0.252482 0.288561 
   Substitution rates (ML): 0.718406 4.407521 2.787051 1.080445 7.717769 1.000000 

Final LogLikelihood: -1965.744775

AIC score: 4423.489549 / AICc score: 4565.789315 / BIC score: 5654.467187
Free parameters (model + branch lengths): 246

Best ML tree saved to: /home/homma/Desktop/coding/github/pos_selection_pipeline/tomato_pipeline/pipeline/LOC/raxml-ng/LOC101266731_prot_linear_multi_sl25_prt_codonAlignment.raxml.bestTree
All ML trees saved to: /home/homma/Desktop/coding/github/pos_selection_pipeline/tomato_pipeline/pipeline/LOC/raxml-ng/LOC101266731_prot_linear_multi_sl25_prt_codonAlignment.raxml.mlTrees
Optimized model saved to: /home/homma/Desktop/coding/github/pos_selection_pipeline/tomato_pipeline/pipeline/LOC/raxml-ng/LOC101266731_prot_linear_multi_sl25_prt_codonAlignment.raxml.bestModel

Execution log saved to: /home/homma/Desktop/coding/github/pos_selection_pipeline/tomato_pipeline/pipeline/LOC/raxml-ng/LOC101266731_prot_linear_multi_sl25_prt_codonAlignment.raxml.log

Analysis started: 01-Mar-2020 21:44:14 / finished: 01-Mar-2020 21:44:52

Elapsed time: 37.929 seconds

