
RAxML-NG v. 0.8.1 BETA released on 05.03.2019 by The Exelixis Lab.
Authors: Alexey Kozlov, Alexandros Stamatakis, Diego Darriba, Tomas Flouri, Benoit Morel.
Latest version: https://github.com/amkozlov/raxml-ng
Questions/problems/suggestions? Please visit: https://groups.google.com/forum/#!forum/raxml

WARNING: This is a BETA release, please use at your own risk!

RAxML-NG was called at 01-Mar-2020 20:45:01 as follows:

raxml-ng --msa LOC101246035_prot_linear_multi_sl25_prt_codonAlignment.fasta --prefix LOC101246035_prot_linear_multi_sl25_prt_codonAlignment --model GTR+G --seed 123 --bs-tree 100 --force

Analysis options:
  run mode: ML tree search
  start tree(s): random (10) + parsimony (10)
  random seed: 123
  tip-inner: OFF
  pattern compression: ON
  per-rate scalers: OFF
  site repeats: ON
  fast spr radius: AUTO
  spr subtree cutoff: 1.000000
  branch lengths: proportional (ML estimate, algorithm: NR-FAST)
  SIMD kernels: AVX2
  parallelization: PTHREADS (6 threads), thread pinning: OFF

WARNING: Running in FORCE mode: all safety checks are disabled!

[00:00:00] Reading alignment from file: LOC101246035_prot_linear_multi_sl25_prt_codonAlignment.fasta
[00:00:00] Loaded alignment with 84 taxa and 1731 sites

Alignment comprises 1 partitions and 62 patterns

Partition 0: noname
Model: GTR+FO+G4m
Alignment sites / patterns: 1731 / 62
Gaps: 0.37 %
Invariant sites: 96.82 %


NOTE: Binary MSA file created: LOC101246035_prot_linear_multi_sl25_prt_codonAlignment.raxml.rba

[00:00:00] Generating 10 random starting tree(s) with 84 taxa
[00:00:00] Generating 10 parsimony starting tree(s) with 84 taxa
[00:00:00] Data distribution: max. partitions/sites/weight per thread: 1 / 11 / 176

Starting ML tree search with 20 distinct starting trees

[00:00:01] ML tree search #1, logLikelihood: -3079.764711
[00:00:02] ML tree search #2, logLikelihood: -3086.303133
[00:00:03] ML tree search #3, logLikelihood: -3081.627456
[00:00:05] ML tree search #4, logLikelihood: -3084.052524
[00:00:06] ML tree search #5, logLikelihood: -3079.122860
[00:00:07] ML tree search #6, logLikelihood: -3078.929452
[00:00:08] ML tree search #7, logLikelihood: -3081.947775
[00:00:09] ML tree search #8, logLikelihood: -3081.740319
[00:00:10] ML tree search #9, logLikelihood: -3079.372998
[00:00:12] ML tree search #10, logLikelihood: -3088.115447
[00:00:12] ML tree search #11, logLikelihood: -3082.795258
[00:00:14] ML tree search #12, logLikelihood: -3079.570902
[00:00:15] ML tree search #13, logLikelihood: -3082.470030
[00:00:16] ML tree search #14, logLikelihood: -3085.619243
[00:00:17] ML tree search #15, logLikelihood: -3078.731460
[00:00:18] ML tree search #16, logLikelihood: -3081.254754
[00:00:20] ML tree search #17, logLikelihood: -3078.731490
[00:00:21] ML tree search #18, logLikelihood: -3078.929326
[00:00:22] ML tree search #19, logLikelihood: -3082.585463
[00:00:24] ML tree search #20, logLikelihood: -3079.029116

Optimized model parameters:

   Partition 0: noname
   Rate heterogeneity: GAMMA (4 cats, mean),  alpha: 0.020138 (ML),  weights&rates: (0.250000,0.000000) (0.250000,0.000000) (0.250000,0.000001) (0.250000,3.999999) 
   Base frequencies (ML): 0.267437 0.216127 0.218731 0.297705 
   Substitution rates (ML): 0.981627 2.664191 0.528600 2.005510 4.868023 1.000000 

Final LogLikelihood: -3078.731460

AIC score: 6505.462921 / AICc score: 6544.601738 / BIC score: 7454.886013
Free parameters (model + branch lengths): 174

Best ML tree saved to: /home/homma/Desktop/coding/github/pos_selection_pipeline/tomato_pipeline/pipeline/LOC/raxml-ng/LOC101246035_prot_linear_multi_sl25_prt_codonAlignment.raxml.bestTree
All ML trees saved to: /home/homma/Desktop/coding/github/pos_selection_pipeline/tomato_pipeline/pipeline/LOC/raxml-ng/LOC101246035_prot_linear_multi_sl25_prt_codonAlignment.raxml.mlTrees
Optimized model saved to: /home/homma/Desktop/coding/github/pos_selection_pipeline/tomato_pipeline/pipeline/LOC/raxml-ng/LOC101246035_prot_linear_multi_sl25_prt_codonAlignment.raxml.bestModel

Execution log saved to: /home/homma/Desktop/coding/github/pos_selection_pipeline/tomato_pipeline/pipeline/LOC/raxml-ng/LOC101246035_prot_linear_multi_sl25_prt_codonAlignment.raxml.log

Analysis started: 01-Mar-2020 20:45:01 / finished: 01-Mar-2020 20:45:26

Elapsed time: 24.341 seconds

