
RAxML-NG v. 0.8.1 BETA released on 05.03.2019 by The Exelixis Lab.
Authors: Alexey Kozlov, Alexandros Stamatakis, Diego Darriba, Tomas Flouri, Benoit Morel.
Latest version: https://github.com/amkozlov/raxml-ng
Questions/problems/suggestions? Please visit: https://groups.google.com/forum/#!forum/raxml

WARNING: This is a BETA release, please use at your own risk!

RAxML-NG was called at 01-Mar-2020 22:02:25 as follows:

raxml-ng --msa LOC101253788_prot_linear_multi_sl25_prt_codonAlignment.fasta --prefix LOC101253788_prot_linear_multi_sl25_prt_codonAlignment --model GTR+G --seed 123 --bs-tree 100 --force

Analysis options:
  run mode: ML tree search
  start tree(s): random (10) + parsimony (10)
  random seed: 123
  tip-inner: OFF
  pattern compression: ON
  per-rate scalers: OFF
  site repeats: ON
  fast spr radius: AUTO
  spr subtree cutoff: 1.000000
  branch lengths: proportional (ML estimate, algorithm: NR-FAST)
  SIMD kernels: AVX2
  parallelization: PTHREADS (6 threads), thread pinning: OFF

WARNING: Running in FORCE mode: all safety checks are disabled!

[00:00:00] Reading alignment from file: LOC101253788_prot_linear_multi_sl25_prt_codonAlignment.fasta
[00:00:00] Loaded alignment with 130 taxa and 876 sites

Alignment comprises 1 partitions and 56 patterns

Partition 0: noname
Model: GTR+FO+G4m
Alignment sites / patterns: 876 / 56
Gaps: 0.00 %
Invariant sites: 93.38 %


NOTE: Binary MSA file created: LOC101253788_prot_linear_multi_sl25_prt_codonAlignment.raxml.rba

[00:00:00] Generating 10 random starting tree(s) with 130 taxa
[00:00:00] Generating 10 parsimony starting tree(s) with 130 taxa
[00:00:00] Data distribution: max. partitions/sites/weight per thread: 1 / 10 / 160

Starting ML tree search with 20 distinct starting trees

[00:00:02] ML tree search #1, logLikelihood: -1822.439146
[00:00:04] ML tree search #2, logLikelihood: -1816.551855
[00:00:06] ML tree search #3, logLikelihood: -1818.825689
[00:00:08] ML tree search #4, logLikelihood: -1822.439096
[00:00:11] ML tree search #5, logLikelihood: -1824.571775
[00:00:13] ML tree search #6, logLikelihood: -1826.446276
[00:00:15] ML tree search #7, logLikelihood: -1824.831803
[00:00:17] ML tree search #8, logLikelihood: -1824.831752
[00:00:20] ML tree search #9, logLikelihood: -1816.551857
[00:00:22] ML tree search #10, logLikelihood: -1816.551998
[00:00:23] ML tree search #11, logLikelihood: -1816.551850
[00:00:24] ML tree search #12, logLikelihood: -1816.551854
[00:00:25] ML tree search #13, logLikelihood: -1816.551853
[00:00:26] ML tree search #14, logLikelihood: -1816.551852
[00:00:27] ML tree search #15, logLikelihood: -1816.886428
[00:00:29] ML tree search #16, logLikelihood: -1816.886399
[00:00:30] ML tree search #17, logLikelihood: -1816.551901
[00:00:31] ML tree search #18, logLikelihood: -1816.551906
[00:00:32] ML tree search #19, logLikelihood: -1824.831795
[00:00:33] ML tree search #20, logLikelihood: -1816.551844

Optimized model parameters:

   Partition 0: noname
   Rate heterogeneity: GAMMA (4 cats, mean),  alpha: 0.020122 (ML),  weights&rates: (0.250000,0.000000) (0.250000,0.000000) (0.250000,0.000001) (0.250000,3.999999) 
   Base frequencies (ML): 0.284193 0.167099 0.221259 0.327449 
   Substitution rates (ML): 2.314742 2.536789 0.641340 0.001000 4.014865 1.000000 

Final LogLikelihood: -1816.551844

AIC score: 4165.103688 / AICc score: 4398.345067 / BIC score: 5435.351068
Free parameters (model + branch lengths): 266

Best ML tree saved to: /home/homma/Desktop/coding/github/pos_selection_pipeline/tomato_pipeline/pipeline/LOC/raxml-ng/LOC101253788_prot_linear_multi_sl25_prt_codonAlignment.raxml.bestTree
All ML trees saved to: /home/homma/Desktop/coding/github/pos_selection_pipeline/tomato_pipeline/pipeline/LOC/raxml-ng/LOC101253788_prot_linear_multi_sl25_prt_codonAlignment.raxml.mlTrees
Optimized model saved to: /home/homma/Desktop/coding/github/pos_selection_pipeline/tomato_pipeline/pipeline/LOC/raxml-ng/LOC101253788_prot_linear_multi_sl25_prt_codonAlignment.raxml.bestModel

Execution log saved to: /home/homma/Desktop/coding/github/pos_selection_pipeline/tomato_pipeline/pipeline/LOC/raxml-ng/LOC101253788_prot_linear_multi_sl25_prt_codonAlignment.raxml.log

Analysis started: 01-Mar-2020 22:02:25 / finished: 01-Mar-2020 22:02:58

Elapsed time: 33.782 seconds

