
RAxML-NG v. 0.8.1 BETA released on 05.03.2019 by The Exelixis Lab.
Authors: Alexey Kozlov, Alexandros Stamatakis, Diego Darriba, Tomas Flouri, Benoit Morel.
Latest version: https://github.com/amkozlov/raxml-ng
Questions/problems/suggestions? Please visit: https://groups.google.com/forum/#!forum/raxml

WARNING: This is a BETA release, please use at your own risk!

RAxML-NG was called at 01-Mar-2020 20:05:34 as follows:

raxml-ng --msa LOC101249777_prot_linear_multi_sl25_prt_codonAlignment.fasta --prefix LOC101249777_prot_linear_multi_sl25_prt_codonAlignment --model GTR+G --seed 123 --bs-tree 100 --force

Analysis options:
  run mode: ML tree search
  start tree(s): random (10) + parsimony (10)
  random seed: 123
  tip-inner: OFF
  pattern compression: ON
  per-rate scalers: OFF
  site repeats: ON
  fast spr radius: AUTO
  spr subtree cutoff: 1.000000
  branch lengths: proportional (ML estimate, algorithm: NR-FAST)
  SIMD kernels: AVX2
  parallelization: PTHREADS (6 threads), thread pinning: OFF

WARNING: Running in FORCE mode: all safety checks are disabled!

[00:00:00] Reading alignment from file: LOC101249777_prot_linear_multi_sl25_prt_codonAlignment.fasta
[00:00:00] Loaded alignment with 78 taxa and 1302 sites

Alignment comprises 1 partitions and 34 patterns

Partition 0: noname
Model: GTR+FO+G4m
Alignment sites / patterns: 1302 / 34
Gaps: 0.00 %
Invariant sites: 97.47 %


NOTE: Binary MSA file created: LOC101249777_prot_linear_multi_sl25_prt_codonAlignment.raxml.rba

[00:00:00] Generating 10 random starting tree(s) with 78 taxa
[00:00:00] Generating 10 parsimony starting tree(s) with 78 taxa
[00:00:00] Data distribution: max. partitions/sites/weight per thread: 1 / 6 / 96

Starting ML tree search with 20 distinct starting trees

[00:00:01] ML tree search #1, logLikelihood: -2142.204236
[00:00:02] ML tree search #2, logLikelihood: -2144.948090
[00:00:03] ML tree search #3, logLikelihood: -2145.612696
[00:00:03] ML tree search #4, logLikelihood: -2148.522999
[00:00:05] ML tree search #5, logLikelihood: -2143.575242
[00:00:06] ML tree search #6, logLikelihood: -2146.452747
[00:00:07] ML tree search #7, logLikelihood: -2146.452931
[00:00:08] ML tree search #8, logLikelihood: -2146.754580
[00:00:09] ML tree search #9, logLikelihood: -2146.920563
[00:00:10] ML tree search #10, logLikelihood: -2148.821975
[00:00:11] ML tree search #11, logLikelihood: -2145.215047
[00:00:11] ML tree search #12, logLikelihood: -2144.000561
[00:00:12] ML tree search #13, logLikelihood: -2143.296150
[00:00:12] ML tree search #14, logLikelihood: -2144.947597
[00:00:13] ML tree search #15, logLikelihood: -2147.122102
[00:00:13] ML tree search #16, logLikelihood: -2143.296206
[00:00:14] ML tree search #17, logLikelihood: -2143.296158
[00:00:14] ML tree search #18, logLikelihood: -2142.204050
[00:00:15] ML tree search #19, logLikelihood: -2145.086735
[00:00:15] ML tree search #20, logLikelihood: -2144.948593

Optimized model parameters:

   Partition 0: noname
   Rate heterogeneity: GAMMA (4 cats, mean),  alpha: 0.020139 (ML),  weights&rates: (0.250000,0.000000) (0.250000,0.000000) (0.250000,0.000001) (0.250000,3.999999) 
   Base frequencies (ML): 0.297994 0.213638 0.239632 0.248737 
   Substitution rates (ML): 4.566686 11.495438 0.789746 3.389802 22.162794 1.000000 

Final LogLikelihood: -2142.204050

AIC score: 4608.408100 / AICc score: 4654.775089 / BIC score: 5446.216506
Free parameters (model + branch lengths): 162

Best ML tree saved to: /home/homma/Desktop/coding/github/pos_selection_pipeline/tomato_pipeline/pipeline/LOC/raxml-ng/LOC101249777_prot_linear_multi_sl25_prt_codonAlignment.raxml.bestTree
All ML trees saved to: /home/homma/Desktop/coding/github/pos_selection_pipeline/tomato_pipeline/pipeline/LOC/raxml-ng/LOC101249777_prot_linear_multi_sl25_prt_codonAlignment.raxml.mlTrees
Optimized model saved to: /home/homma/Desktop/coding/github/pos_selection_pipeline/tomato_pipeline/pipeline/LOC/raxml-ng/LOC101249777_prot_linear_multi_sl25_prt_codonAlignment.raxml.bestModel

Execution log saved to: /home/homma/Desktop/coding/github/pos_selection_pipeline/tomato_pipeline/pipeline/LOC/raxml-ng/LOC101249777_prot_linear_multi_sl25_prt_codonAlignment.raxml.log

Analysis started: 01-Mar-2020 20:05:34 / finished: 01-Mar-2020 20:05:50

Elapsed time: 15.502 seconds

