
RAxML-NG v. 0.8.1 BETA released on 05.03.2019 by The Exelixis Lab.
Authors: Alexey Kozlov, Alexandros Stamatakis, Diego Darriba, Tomas Flouri, Benoit Morel.
Latest version: https://github.com/amkozlov/raxml-ng
Questions/problems/suggestions? Please visit: https://groups.google.com/forum/#!forum/raxml

WARNING: This is a BETA release, please use at your own risk!

RAxML-NG was called at 01-Mar-2020 22:05:11 as follows:

raxml-ng --msa LOC101253805_prot_linear_multi_sl25_prt_codonAlignment.fasta --prefix LOC101253805_prot_linear_multi_sl25_prt_codonAlignment --model GTR+G --seed 123 --bs-tree 100 --force

Analysis options:
  run mode: ML tree search
  start tree(s): random (10) + parsimony (10)
  random seed: 123
  tip-inner: OFF
  pattern compression: ON
  per-rate scalers: OFF
  site repeats: ON
  fast spr radius: AUTO
  spr subtree cutoff: 1.000000
  branch lengths: proportional (ML estimate, algorithm: NR-FAST)
  SIMD kernels: AVX2
  parallelization: PTHREADS (6 threads), thread pinning: OFF

WARNING: Running in FORCE mode: all safety checks are disabled!

[00:00:00] Reading alignment from file: LOC101253805_prot_linear_multi_sl25_prt_codonAlignment.fasta
[00:00:00] Loaded alignment with 111 taxa and 1446 sites

Alignment comprises 1 partitions and 28 patterns

Partition 0: noname
Model: GTR+FO+G4m
Alignment sites / patterns: 1446 / 28
Gaps: 0.00 %
Invariant sites: 98.34 %


NOTE: Binary MSA file created: LOC101253805_prot_linear_multi_sl25_prt_codonAlignment.raxml.rba

[00:00:00] Generating 10 random starting tree(s) with 111 taxa
[00:00:00] Generating 10 parsimony starting tree(s) with 111 taxa
[00:00:00] Data distribution: max. partitions/sites/weight per thread: 1 / 5 / 80

Starting ML tree search with 20 distinct starting trees

[00:00:01] ML tree search #1, logLikelihood: -2288.032794
[00:00:03] ML tree search #2, logLikelihood: -2282.807351
[00:00:05] ML tree search #3, logLikelihood: -2282.549552
[00:00:07] ML tree search #4, logLikelihood: -2282.534762
[00:00:10] ML tree search #5, logLikelihood: -2306.606601
[00:00:12] ML tree search #6, logLikelihood: -2284.602717
[00:00:14] ML tree search #7, logLikelihood: -2282.554780
[00:00:16] ML tree search #8, logLikelihood: -2298.233888
[00:00:18] ML tree search #9, logLikelihood: -2282.759093
[00:00:21] ML tree search #10, logLikelihood: -2282.675929
[00:00:22] ML tree search #11, logLikelihood: -2286.027240
[00:00:23] ML tree search #12, logLikelihood: -2284.708713
[00:00:23] ML tree search #13, logLikelihood: -2291.250526
[00:00:24] ML tree search #14, logLikelihood: -2284.732496
[00:00:25] ML tree search #15, logLikelihood: -2291.311617
[00:00:26] ML tree search #16, logLikelihood: -2284.708348
[00:00:27] ML tree search #17, logLikelihood: -2289.654541
[00:00:28] ML tree search #18, logLikelihood: -2285.228291
[00:00:29] ML tree search #19, logLikelihood: -2291.636795
[00:00:30] ML tree search #20, logLikelihood: -2286.116147

Optimized model parameters:

   Partition 0: noname
   Rate heterogeneity: GAMMA (4 cats, mean),  alpha: 0.020137 (ML),  weights&rates: (0.250000,0.000000) (0.250000,0.000000) (0.250000,0.000001) (0.250000,3.999999) 
   Base frequencies (ML): 0.254551 0.224041 0.241725 0.279682 
   Substitution rates (ML): 61.061955 970.791143 297.426752 128.877285 506.301011 1.000000 

Final LogLikelihood: -2282.534762

AIC score: 5021.069524 / AICc score: 5106.873961 / BIC score: 6224.124384
Free parameters (model + branch lengths): 228

Best ML tree saved to: /home/homma/Desktop/coding/github/pos_selection_pipeline/tomato_pipeline/pipeline/LOC/raxml-ng/LOC101253805_prot_linear_multi_sl25_prt_codonAlignment.raxml.bestTree
All ML trees saved to: /home/homma/Desktop/coding/github/pos_selection_pipeline/tomato_pipeline/pipeline/LOC/raxml-ng/LOC101253805_prot_linear_multi_sl25_prt_codonAlignment.raxml.mlTrees
Optimized model saved to: /home/homma/Desktop/coding/github/pos_selection_pipeline/tomato_pipeline/pipeline/LOC/raxml-ng/LOC101253805_prot_linear_multi_sl25_prt_codonAlignment.raxml.bestModel

Execution log saved to: /home/homma/Desktop/coding/github/pos_selection_pipeline/tomato_pipeline/pipeline/LOC/raxml-ng/LOC101253805_prot_linear_multi_sl25_prt_codonAlignment.raxml.log

Analysis started: 01-Mar-2020 22:05:11 / finished: 01-Mar-2020 22:05:41

Elapsed time: 30.108 seconds

