
RAxML-NG v. 0.8.1 BETA released on 05.03.2019 by The Exelixis Lab.
Authors: Alexey Kozlov, Alexandros Stamatakis, Diego Darriba, Tomas Flouri, Benoit Morel.
Latest version: https://github.com/amkozlov/raxml-ng
Questions/problems/suggestions? Please visit: https://groups.google.com/forum/#!forum/raxml

WARNING: This is a BETA release, please use at your own risk!

RAxML-NG was called at 01-Mar-2020 21:04:00 as follows:

raxml-ng --msa LOC101254039_prot_linear_multi_sl25_prt_codonAlignment.fasta --prefix LOC101254039_prot_linear_multi_sl25_prt_codonAlignment --model GTR+G --seed 123 --bs-tree 100 --force

Analysis options:
  run mode: ML tree search
  start tree(s): random (10) + parsimony (10)
  random seed: 123
  tip-inner: OFF
  pattern compression: ON
  per-rate scalers: OFF
  site repeats: ON
  fast spr radius: AUTO
  spr subtree cutoff: 1.000000
  branch lengths: proportional (ML estimate, algorithm: NR-FAST)
  SIMD kernels: AVX2
  parallelization: PTHREADS (6 threads), thread pinning: OFF

WARNING: Running in FORCE mode: all safety checks are disabled!

[00:00:00] Reading alignment from file: LOC101254039_prot_linear_multi_sl25_prt_codonAlignment.fasta
[00:00:00] Loaded alignment with 92 taxa and 3249 sites

Alignment comprises 1 partitions and 132 patterns

Partition 0: noname
Model: GTR+FO+G4m
Alignment sites / patterns: 3249 / 132
Gaps: 0.00 %
Invariant sites: 95.26 %


NOTE: Binary MSA file created: LOC101254039_prot_linear_multi_sl25_prt_codonAlignment.raxml.rba

[00:00:00] Generating 10 random starting tree(s) with 92 taxa
[00:00:00] Generating 10 parsimony starting tree(s) with 92 taxa
[00:00:00] Data distribution: max. partitions/sites/weight per thread: 1 / 22 / 352

Starting ML tree search with 20 distinct starting trees

[00:00:03] ML tree search #1, logLikelihood: -6220.033818
[00:00:06] ML tree search #2, logLikelihood: -6220.451182
[00:00:10] ML tree search #3, logLikelihood: -6222.823350
[00:00:13] ML tree search #4, logLikelihood: -6229.234979
[00:00:15] ML tree search #5, logLikelihood: -6220.033843
[00:00:17] ML tree search #6, logLikelihood: -6231.480448
[00:00:19] ML tree search #7, logLikelihood: -6220.452632
[00:00:22] ML tree search #8, logLikelihood: -6222.824525
[00:00:24] ML tree search #9, logLikelihood: -6223.245617
[00:00:26] ML tree search #10, logLikelihood: -6223.470592
[00:00:29] ML tree search #11, logLikelihood: -6223.470762
[00:00:31] ML tree search #12, logLikelihood: -6220.256292
[00:00:34] ML tree search #13, logLikelihood: -6220.035047
[00:00:36] ML tree search #14, logLikelihood: -6220.451235
[00:00:39] ML tree search #15, logLikelihood: -6223.244674
[00:00:41] ML tree search #16, logLikelihood: -6220.033829
[00:00:42] ML tree search #17, logLikelihood: -6234.688177
[00:00:45] ML tree search #18, logLikelihood: -6220.256916
[00:00:47] ML tree search #19, logLikelihood: -6220.451214
[00:00:48] ML tree search #20, logLikelihood: -6220.033902

Optimized model parameters:

   Partition 0: noname
   Rate heterogeneity: GAMMA (4 cats, mean),  alpha: 0.020131 (ML),  weights&rates: (0.250000,0.000000) (0.250000,0.000000) (0.250000,0.000001) (0.250000,3.999999) 
   Base frequencies (ML): 0.281328 0.195788 0.225108 0.297775 
   Substitution rates (ML): 0.630152 5.625869 0.961807 2.259482 7.092917 1.000000 

Final LogLikelihood: -6220.033818

AIC score: 12820.067636 / AICc score: 12843.802103 / BIC score: 13976.427118
Free parameters (model + branch lengths): 190

Best ML tree saved to: /home/homma/Desktop/coding/github/pos_selection_pipeline/tomato_pipeline/pipeline/LOC/raxml-ng/LOC101254039_prot_linear_multi_sl25_prt_codonAlignment.raxml.bestTree
All ML trees saved to: /home/homma/Desktop/coding/github/pos_selection_pipeline/tomato_pipeline/pipeline/LOC/raxml-ng/LOC101254039_prot_linear_multi_sl25_prt_codonAlignment.raxml.mlTrees
Optimized model saved to: /home/homma/Desktop/coding/github/pos_selection_pipeline/tomato_pipeline/pipeline/LOC/raxml-ng/LOC101254039_prot_linear_multi_sl25_prt_codonAlignment.raxml.bestModel

Execution log saved to: /home/homma/Desktop/coding/github/pos_selection_pipeline/tomato_pipeline/pipeline/LOC/raxml-ng/LOC101254039_prot_linear_multi_sl25_prt_codonAlignment.raxml.log

Analysis started: 01-Mar-2020 21:04:00 / finished: 01-Mar-2020 21:04:49

Elapsed time: 48.523 seconds

