
RAxML-NG v. 0.8.1 BETA released on 05.03.2019 by The Exelixis Lab.
Authors: Alexey Kozlov, Alexandros Stamatakis, Diego Darriba, Tomas Flouri, Benoit Morel.
Latest version: https://github.com/amkozlov/raxml-ng
Questions/problems/suggestions? Please visit: https://groups.google.com/forum/#!forum/raxml

WARNING: This is a BETA release, please use at your own risk!

RAxML-NG was called at 01-Mar-2020 20:31:25 as follows:

raxml-ng --msa LOC101263605_prot_linear_multi_sl25_prt_codonAlignment.fasta --prefix LOC101263605_prot_linear_multi_sl25_prt_codonAlignment --model GTR+G --seed 123 --bs-tree 100 --force

Analysis options:
  run mode: ML tree search
  start tree(s): random (10) + parsimony (10)
  random seed: 123
  tip-inner: OFF
  pattern compression: ON
  per-rate scalers: OFF
  site repeats: ON
  fast spr radius: AUTO
  spr subtree cutoff: 1.000000
  branch lengths: proportional (ML estimate, algorithm: NR-FAST)
  SIMD kernels: AVX2
  parallelization: PTHREADS (6 threads), thread pinning: OFF

WARNING: Running in FORCE mode: all safety checks are disabled!

[00:00:00] Reading alignment from file: LOC101263605_prot_linear_multi_sl25_prt_codonAlignment.fasta
[00:00:00] Loaded alignment with 139 taxa and 1530 sites

Alignment comprises 1 partitions and 62 patterns

Partition 0: noname
Model: GTR+FO+G4m
Alignment sites / patterns: 1530 / 62
Gaps: 0.19 %
Invariant sites: 96.21 %


NOTE: Binary MSA file created: LOC101263605_prot_linear_multi_sl25_prt_codonAlignment.raxml.rba

[00:00:00] Generating 10 random starting tree(s) with 139 taxa
[00:00:00] Generating 10 parsimony starting tree(s) with 139 taxa
[00:00:00] Data distribution: max. partitions/sites/weight per thread: 1 / 11 / 176

Starting ML tree search with 20 distinct starting trees

[00:00:04] ML tree search #1, logLikelihood: -2734.321156
[00:00:08] ML tree search #2, logLikelihood: -2719.138725
[00:00:10] ML tree search #3, logLikelihood: -2720.587833
[00:00:13] ML tree search #4, logLikelihood: -2722.609641
[00:00:15] ML tree search #5, logLikelihood: -2719.240894
[00:00:17] ML tree search #6, logLikelihood: -2732.423504
[00:00:20] ML tree search #7, logLikelihood: -2720.374645
[00:00:23] ML tree search #8, logLikelihood: -2717.891306
[00:00:27] ML tree search #9, logLikelihood: -2719.048089
[00:00:30] ML tree search #10, logLikelihood: -2719.010848
[00:00:32] ML tree search #11, logLikelihood: -2720.510364
[00:00:34] ML tree search #12, logLikelihood: -2725.067733
[00:00:35] ML tree search #13, logLikelihood: -2719.138712
[00:00:36] ML tree search #14, logLikelihood: -2720.510394
[00:00:38] ML tree search #15, logLikelihood: -2721.569283
[00:00:39] ML tree search #16, logLikelihood: -2723.002111
[00:00:40] ML tree search #17, logLikelihood: -2718.850109
[00:00:41] ML tree search #18, logLikelihood: -2722.339750
[00:00:43] ML tree search #19, logLikelihood: -2723.807979
[00:00:44] ML tree search #20, logLikelihood: -2723.277433

Optimized model parameters:

   Partition 0: noname
   Rate heterogeneity: GAMMA (4 cats, mean),  alpha: 0.020131 (ML),  weights&rates: (0.250000,0.000000) (0.250000,0.000000) (0.250000,0.000001) (0.250000,3.999999) 
   Base frequencies (ML): 0.298912 0.211909 0.228054 0.261125 
   Substitution rates (ML): 1.191417 1.950101 1.119267 0.670181 4.696269 1.000000 

Final LogLikelihood: -2717.891306

AIC score: 6003.782613 / AICc score: 6133.806709 / BIC score: 7518.361149
Free parameters (model + branch lengths): 284

Best ML tree saved to: /home/homma/Desktop/coding/github/pos_selection_pipeline/tomato_pipeline/pipeline/LOC/raxml-ng/LOC101263605_prot_linear_multi_sl25_prt_codonAlignment.raxml.bestTree
All ML trees saved to: /home/homma/Desktop/coding/github/pos_selection_pipeline/tomato_pipeline/pipeline/LOC/raxml-ng/LOC101263605_prot_linear_multi_sl25_prt_codonAlignment.raxml.mlTrees
Optimized model saved to: /home/homma/Desktop/coding/github/pos_selection_pipeline/tomato_pipeline/pipeline/LOC/raxml-ng/LOC101263605_prot_linear_multi_sl25_prt_codonAlignment.raxml.bestModel

Execution log saved to: /home/homma/Desktop/coding/github/pos_selection_pipeline/tomato_pipeline/pipeline/LOC/raxml-ng/LOC101263605_prot_linear_multi_sl25_prt_codonAlignment.raxml.log

Analysis started: 01-Mar-2020 20:31:25 / finished: 01-Mar-2020 20:32:09

Elapsed time: 44.094 seconds

