
RAxML-NG v. 0.8.1 BETA released on 05.03.2019 by The Exelixis Lab.
Authors: Alexey Kozlov, Alexandros Stamatakis, Diego Darriba, Tomas Flouri, Benoit Morel.
Latest version: https://github.com/amkozlov/raxml-ng
Questions/problems/suggestions? Please visit: https://groups.google.com/forum/#!forum/raxml

WARNING: This is a BETA release, please use at your own risk!

RAxML-NG was called at 01-Mar-2020 21:14:24 as follows:

raxml-ng --msa LOC101244415_prot_linear_multi_sl25_prt_codonAlignment.fasta --prefix LOC101244415_prot_linear_multi_sl25_prt_codonAlignment --model GTR+G --seed 123 --bs-tree 100 --force

Analysis options:
  run mode: ML tree search
  start tree(s): random (10) + parsimony (10)
  random seed: 123
  tip-inner: OFF
  pattern compression: ON
  per-rate scalers: OFF
  site repeats: ON
  fast spr radius: AUTO
  spr subtree cutoff: 1.000000
  branch lengths: proportional (ML estimate, algorithm: NR-FAST)
  SIMD kernels: AVX2
  parallelization: PTHREADS (6 threads), thread pinning: OFF

WARNING: Running in FORCE mode: all safety checks are disabled!

[00:00:00] Reading alignment from file: LOC101244415_prot_linear_multi_sl25_prt_codonAlignment.fasta
[00:00:00] Loaded alignment with 123 taxa and 975 sites

Alignment comprises 1 partitions and 42 patterns

Partition 0: noname
Model: GTR+FO+G4m
Alignment sites / patterns: 975 / 42
Gaps: 0.00 %
Invariant sites: 95.59 %


NOTE: Binary MSA file created: LOC101244415_prot_linear_multi_sl25_prt_codonAlignment.raxml.rba

[00:00:00] Generating 10 random starting tree(s) with 123 taxa
[00:00:00] Generating 10 parsimony starting tree(s) with 123 taxa
[00:00:00] Data distribution: max. partitions/sites/weight per thread: 1 / 7 / 112

Starting ML tree search with 20 distinct starting trees

[00:00:01] ML tree search #1, logLikelihood: -1801.185742
[00:00:04] ML tree search #2, logLikelihood: -1801.236309
[00:00:06] ML tree search #3, logLikelihood: -1800.817215
[00:00:09] ML tree search #4, logLikelihood: -1801.407977
[00:00:11] ML tree search #5, logLikelihood: -1801.729819
[00:00:13] ML tree search #6, logLikelihood: -1801.729701
[00:00:15] ML tree search #7, logLikelihood: -1800.817176
[00:00:17] ML tree search #8, logLikelihood: -1802.386155
[00:00:19] ML tree search #9, logLikelihood: -1801.185739
[00:00:22] ML tree search #10, logLikelihood: -1801.249457
[00:00:24] ML tree search #11, logLikelihood: -1802.169625
[00:00:26] ML tree search #12, logLikelihood: -1800.906056
[00:00:28] ML tree search #13, logLikelihood: -1801.445808
[00:00:30] ML tree search #14, logLikelihood: -1801.812092
[00:00:33] ML tree search #15, logLikelihood: -1802.221516
[00:00:36] ML tree search #16, logLikelihood: -1801.445731
[00:00:38] ML tree search #17, logLikelihood: -1800.876482
[00:00:42] ML tree search #18, logLikelihood: -1800.534138
[00:00:45] ML tree search #19, logLikelihood: -1801.812104
[00:00:48] ML tree search #20, logLikelihood: -1801.445733

Optimized model parameters:

   Partition 0: noname
   Rate heterogeneity: GAMMA (4 cats, mean),  alpha: 0.020139 (ML),  weights&rates: (0.250000,0.000000) (0.250000,0.000000) (0.250000,0.000001) (0.250000,3.999999) 
   Base frequencies (ML): 0.274942 0.184547 0.271986 0.268525 
   Substitution rates (ML): 0.796094 1.897195 1.429236 0.191562 5.104488 1.000000 

Final LogLikelihood: -1800.534138

AIC score: 4105.068276 / AICc score: 4281.677694 / BIC score: 5335.442519
Free parameters (model + branch lengths): 252

Best ML tree saved to: /home/homma/Desktop/coding/github/pos_selection_pipeline/tomato_pipeline/pipeline/LOC/raxml-ng/LOC101244415_prot_linear_multi_sl25_prt_codonAlignment.raxml.bestTree
All ML trees saved to: /home/homma/Desktop/coding/github/pos_selection_pipeline/tomato_pipeline/pipeline/LOC/raxml-ng/LOC101244415_prot_linear_multi_sl25_prt_codonAlignment.raxml.mlTrees
Optimized model saved to: /home/homma/Desktop/coding/github/pos_selection_pipeline/tomato_pipeline/pipeline/LOC/raxml-ng/LOC101244415_prot_linear_multi_sl25_prt_codonAlignment.raxml.bestModel

Execution log saved to: /home/homma/Desktop/coding/github/pos_selection_pipeline/tomato_pipeline/pipeline/LOC/raxml-ng/LOC101244415_prot_linear_multi_sl25_prt_codonAlignment.raxml.log

Analysis started: 01-Mar-2020 21:14:24 / finished: 01-Mar-2020 21:15:13

Elapsed time: 48.660 seconds

