
RAxML-NG v. 0.8.1 BETA released on 05.03.2019 by The Exelixis Lab.
Authors: Alexey Kozlov, Alexandros Stamatakis, Diego Darriba, Tomas Flouri, Benoit Morel.
Latest version: https://github.com/amkozlov/raxml-ng
Questions/problems/suggestions? Please visit: https://groups.google.com/forum/#!forum/raxml

WARNING: This is a BETA release, please use at your own risk!

RAxML-NG was called at 01-Mar-2020 21:21:32 as follows:

raxml-ng --msa LOC101253200_prot_linear_multi_sl25_prt_codonAlignment.fasta --prefix LOC101253200_prot_linear_multi_sl25_prt_codonAlignment --model GTR+G --seed 123 --bs-tree 100 --force

Analysis options:
  run mode: ML tree search
  start tree(s): random (10) + parsimony (10)
  random seed: 123
  tip-inner: OFF
  pattern compression: ON
  per-rate scalers: OFF
  site repeats: ON
  fast spr radius: AUTO
  spr subtree cutoff: 1.000000
  branch lengths: proportional (ML estimate, algorithm: NR-FAST)
  SIMD kernels: AVX2
  parallelization: PTHREADS (6 threads), thread pinning: OFF

WARNING: Running in FORCE mode: all safety checks are disabled!

[00:00:00] Reading alignment from file: LOC101253200_prot_linear_multi_sl25_prt_codonAlignment.fasta
[00:00:00] Loaded alignment with 96 taxa and 1722 sites

Alignment comprises 1 partitions and 87 patterns

Partition 0: noname
Model: GTR+FO+G4m
Alignment sites / patterns: 1722 / 87
Gaps: 0.00 %
Invariant sites: 94.37 %


NOTE: Binary MSA file created: LOC101253200_prot_linear_multi_sl25_prt_codonAlignment.raxml.rba

[00:00:00] Generating 10 random starting tree(s) with 96 taxa
[00:00:00] Generating 10 parsimony starting tree(s) with 96 taxa
[00:00:00] Data distribution: max. partitions/sites/weight per thread: 1 / 15 / 240

Starting ML tree search with 20 distinct starting trees

[00:00:04] ML tree search #1, logLikelihood: -3575.343240
[00:00:06] ML tree search #2, logLikelihood: -3581.457120
[00:00:11] ML tree search #3, logLikelihood: -3577.083175
[00:00:15] ML tree search #4, logLikelihood: -3585.200853
[00:00:19] ML tree search #5, logLikelihood: -3583.875767
[00:00:21] ML tree search #6, logLikelihood: -3582.578131
[00:00:24] ML tree search #7, logLikelihood: -3577.579311
[00:00:26] ML tree search #8, logLikelihood: -3578.119516
[00:00:30] ML tree search #9, logLikelihood: -3572.618890
[00:00:33] ML tree search #10, logLikelihood: -3569.567023
[00:00:35] ML tree search #11, logLikelihood: -3582.641363
[00:00:39] ML tree search #12, logLikelihood: -3572.618917
[00:00:40] ML tree search #13, logLikelihood: -3581.099900
[00:00:43] ML tree search #14, logLikelihood: -3580.558338
[00:00:45] ML tree search #15, logLikelihood: -3572.284878
[00:00:47] ML tree search #16, logLikelihood: -3581.495794
[00:00:50] ML tree search #17, logLikelihood: -3578.845206
[00:00:53] ML tree search #18, logLikelihood: -3580.896911
[00:00:57] ML tree search #19, logLikelihood: -3581.736080
[00:00:59] ML tree search #20, logLikelihood: -3576.653440

Optimized model parameters:

   Partition 0: noname
   Rate heterogeneity: GAMMA (4 cats, mean),  alpha: 0.020139 (ML),  weights&rates: (0.250000,0.000000) (0.250000,0.000000) (0.250000,0.000001) (0.250000,3.999999) 
   Base frequencies (ML): 0.333512 0.166838 0.263950 0.235700 
   Substitution rates (ML): 0.734469 2.671347 1.593404 1.460013 11.195015 1.000000 

Final LogLikelihood: -3569.567023

AIC score: 7535.134045 / AICc score: 7586.876659 / BIC score: 8614.479899
Free parameters (model + branch lengths): 198

Best ML tree saved to: /home/homma/Desktop/coding/github/pos_selection_pipeline/tomato_pipeline/pipeline/LOC/raxml-ng/LOC101253200_prot_linear_multi_sl25_prt_codonAlignment.raxml.bestTree
All ML trees saved to: /home/homma/Desktop/coding/github/pos_selection_pipeline/tomato_pipeline/pipeline/LOC/raxml-ng/LOC101253200_prot_linear_multi_sl25_prt_codonAlignment.raxml.mlTrees
Optimized model saved to: /home/homma/Desktop/coding/github/pos_selection_pipeline/tomato_pipeline/pipeline/LOC/raxml-ng/LOC101253200_prot_linear_multi_sl25_prt_codonAlignment.raxml.bestModel

Execution log saved to: /home/homma/Desktop/coding/github/pos_selection_pipeline/tomato_pipeline/pipeline/LOC/raxml-ng/LOC101253200_prot_linear_multi_sl25_prt_codonAlignment.raxml.log

Analysis started: 01-Mar-2020 21:21:32 / finished: 01-Mar-2020 21:22:32

Elapsed time: 59.623 seconds

