
RAxML-NG v. 0.8.1 BETA released on 05.03.2019 by The Exelixis Lab.
Authors: Alexey Kozlov, Alexandros Stamatakis, Diego Darriba, Tomas Flouri, Benoit Morel.
Latest version: https://github.com/amkozlov/raxml-ng
Questions/problems/suggestions? Please visit: https://groups.google.com/forum/#!forum/raxml

WARNING: This is a BETA release, please use at your own risk!

RAxML-NG was called at 01-Mar-2020 20:58:35 as follows:

raxml-ng --msa LOC101055557_prot_linear_multi_sl25_prt_codonAlignment.fasta --prefix LOC101055557_prot_linear_multi_sl25_prt_codonAlignment --model GTR+G --seed 123 --bs-tree 100 --force

Analysis options:
  run mode: ML tree search
  start tree(s): random (10) + parsimony (10)
  random seed: 123
  tip-inner: OFF
  pattern compression: ON
  per-rate scalers: OFF
  site repeats: ON
  fast spr radius: AUTO
  spr subtree cutoff: 1.000000
  branch lengths: proportional (ML estimate, algorithm: NR-FAST)
  SIMD kernels: AVX2
  parallelization: PTHREADS (6 threads), thread pinning: OFF

WARNING: Running in FORCE mode: all safety checks are disabled!

[00:00:00] Reading alignment from file: LOC101055557_prot_linear_multi_sl25_prt_codonAlignment.fasta
[00:00:00] Loaded alignment with 102 taxa and 1164 sites

Alignment comprises 1 partitions and 49 patterns

Partition 0: noname
Model: GTR+FO+G4m
Alignment sites / patterns: 1164 / 49
Gaps: 0.00 %
Invariant sites: 95.88 %


NOTE: Binary MSA file created: LOC101055557_prot_linear_multi_sl25_prt_codonAlignment.raxml.rba

[00:00:00] Generating 10 random starting tree(s) with 102 taxa
[00:00:00] Generating 10 parsimony starting tree(s) with 102 taxa
[00:00:00] Data distribution: max. partitions/sites/weight per thread: 1 / 9 / 144

Starting ML tree search with 20 distinct starting trees

[00:00:01] ML tree search #1, logLikelihood: -2172.407705
[00:00:03] ML tree search #2, logLikelihood: -2172.546991
[00:00:04] ML tree search #3, logLikelihood: -2166.737494
[00:00:07] ML tree search #4, logLikelihood: -2173.178663
[00:00:08] ML tree search #5, logLikelihood: -2173.782681
[00:00:10] ML tree search #6, logLikelihood: -2182.099077
[00:00:11] ML tree search #7, logLikelihood: -2173.180488
[00:00:13] ML tree search #8, logLikelihood: -2172.877772
[00:00:15] ML tree search #9, logLikelihood: -2166.737315
[00:00:17] ML tree search #10, logLikelihood: -2167.492276
[00:00:19] ML tree search #11, logLikelihood: -2179.113747
[00:00:20] ML tree search #12, logLikelihood: -2166.737315
[00:00:21] ML tree search #13, logLikelihood: -2167.492271
[00:00:23] ML tree search #14, logLikelihood: -2173.473464
[00:00:25] ML tree search #15, logLikelihood: -2176.124906
[00:00:26] ML tree search #16, logLikelihood: -2166.737390
[00:00:27] ML tree search #17, logLikelihood: -2177.984723
[00:00:28] ML tree search #18, logLikelihood: -2172.661719
[00:00:29] ML tree search #19, logLikelihood: -2175.173056
[00:00:31] ML tree search #20, logLikelihood: -2171.296907

Optimized model parameters:

   Partition 0: noname
   Rate heterogeneity: GAMMA (4 cats, mean),  alpha: 0.020121 (ML),  weights&rates: (0.250000,0.000000) (0.250000,0.000000) (0.250000,0.000001) (0.250000,3.999999) 
   Base frequencies (ML): 0.266039 0.160515 0.271631 0.301815 
   Substitution rates (ML): 3.287762 3.940429 0.636315 5.074906 11.362200 1.000000 

Final LogLikelihood: -2166.737315

AIC score: 4753.474630 / AICc score: 4846.465186 / BIC score: 5815.994332
Free parameters (model + branch lengths): 210

Best ML tree saved to: /home/homma/Desktop/coding/github/pos_selection_pipeline/tomato_pipeline/pipeline/LOC/raxml-ng/LOC101055557_prot_linear_multi_sl25_prt_codonAlignment.raxml.bestTree
All ML trees saved to: /home/homma/Desktop/coding/github/pos_selection_pipeline/tomato_pipeline/pipeline/LOC/raxml-ng/LOC101055557_prot_linear_multi_sl25_prt_codonAlignment.raxml.mlTrees
Optimized model saved to: /home/homma/Desktop/coding/github/pos_selection_pipeline/tomato_pipeline/pipeline/LOC/raxml-ng/LOC101055557_prot_linear_multi_sl25_prt_codonAlignment.raxml.bestModel

Execution log saved to: /home/homma/Desktop/coding/github/pos_selection_pipeline/tomato_pipeline/pipeline/LOC/raxml-ng/LOC101055557_prot_linear_multi_sl25_prt_codonAlignment.raxml.log

Analysis started: 01-Mar-2020 20:58:35 / finished: 01-Mar-2020 20:59:06

Elapsed time: 31.069 seconds

