
RAxML-NG v. 0.8.1 BETA released on 05.03.2019 by The Exelixis Lab.
Authors: Alexey Kozlov, Alexandros Stamatakis, Diego Darriba, Tomas Flouri, Benoit Morel.
Latest version: https://github.com/amkozlov/raxml-ng
Questions/problems/suggestions? Please visit: https://groups.google.com/forum/#!forum/raxml

WARNING: This is a BETA release, please use at your own risk!

RAxML-NG was called at 01-Mar-2020 22:25:03 as follows:

raxml-ng --msa LOC101251798_prot_linear_multi_sl25_prt_codonAlignment.fasta --prefix LOC101251798_prot_linear_multi_sl25_prt_codonAlignment --model GTR+G --seed 123 --bs-tree 100 --force

Analysis options:
  run mode: ML tree search
  start tree(s): random (10) + parsimony (10)
  random seed: 123
  tip-inner: OFF
  pattern compression: ON
  per-rate scalers: OFF
  site repeats: ON
  fast spr radius: AUTO
  spr subtree cutoff: 1.000000
  branch lengths: proportional (ML estimate, algorithm: NR-FAST)
  SIMD kernels: AVX2
  parallelization: PTHREADS (6 threads), thread pinning: OFF

WARNING: Running in FORCE mode: all safety checks are disabled!

[00:00:00] Reading alignment from file: LOC101251798_prot_linear_multi_sl25_prt_codonAlignment.fasta
[00:00:00] Loaded alignment with 93 taxa and 1176 sites

Alignment comprises 1 partitions and 67 patterns

Partition 0: noname
Model: GTR+FO+G4m
Alignment sites / patterns: 1176 / 67
Gaps: 0.00 %
Invariant sites: 94.39 %


NOTE: Binary MSA file created: LOC101251798_prot_linear_multi_sl25_prt_codonAlignment.raxml.rba

[00:00:00] Generating 10 random starting tree(s) with 93 taxa
[00:00:00] Generating 10 parsimony starting tree(s) with 93 taxa
[00:00:00] Data distribution: max. partitions/sites/weight per thread: 1 / 12 / 192

Starting ML tree search with 20 distinct starting trees

[00:00:01] ML tree search #1, logLikelihood: -2497.061411
[00:00:05] ML tree search #2, logLikelihood: -2500.019853
[00:00:07] ML tree search #3, logLikelihood: -2560.859131
[00:00:10] ML tree search #4, logLikelihood: -2494.580673
[00:00:13] ML tree search #5, logLikelihood: -2494.901141
[00:00:15] ML tree search #6, logLikelihood: -2501.638456
[00:00:17] ML tree search #7, logLikelihood: -2502.366420
[00:00:19] ML tree search #8, logLikelihood: -2500.044009
[00:00:22] ML tree search #9, logLikelihood: -2504.378518
[00:00:24] ML tree search #10, logLikelihood: -2500.451298
[00:00:26] ML tree search #11, logLikelihood: -2494.427995
[00:00:28] ML tree search #12, logLikelihood: -2496.571518
[00:00:30] ML tree search #13, logLikelihood: -2494.627192
[00:00:32] ML tree search #14, logLikelihood: -2494.901511
[00:00:34] ML tree search #15, logLikelihood: -2496.211721
[00:00:36] ML tree search #16, logLikelihood: -2500.019842
[00:00:37] ML tree search #17, logLikelihood: -2494.581426
[00:00:39] ML tree search #18, logLikelihood: -2497.817634
[00:00:42] ML tree search #19, logLikelihood: -2495.534055
[00:00:44] ML tree search #20, logLikelihood: -2500.629779

Optimized model parameters:

   Partition 0: noname
   Rate heterogeneity: GAMMA (4 cats, mean),  alpha: 0.020139 (ML),  weights&rates: (0.250000,0.000000) (0.250000,0.000000) (0.250000,0.000001) (0.250000,3.999999) 
   Base frequencies (ML): 0.302762 0.187658 0.214618 0.294962 
   Substitution rates (ML): 0.228038 4.585373 1.328747 0.694312 5.957514 1.000000 

Final LogLikelihood: -2494.427995

AIC score: 5372.855991 / AICc score: 5448.249684 / BIC score: 6346.271823
Free parameters (model + branch lengths): 192

Best ML tree saved to: /home/homma/Desktop/coding/github/pos_selection_pipeline/tomato_pipeline/pipeline/LOC/raxml-ng/LOC101251798_prot_linear_multi_sl25_prt_codonAlignment.raxml.bestTree
All ML trees saved to: /home/homma/Desktop/coding/github/pos_selection_pipeline/tomato_pipeline/pipeline/LOC/raxml-ng/LOC101251798_prot_linear_multi_sl25_prt_codonAlignment.raxml.mlTrees
Optimized model saved to: /home/homma/Desktop/coding/github/pos_selection_pipeline/tomato_pipeline/pipeline/LOC/raxml-ng/LOC101251798_prot_linear_multi_sl25_prt_codonAlignment.raxml.bestModel

Execution log saved to: /home/homma/Desktop/coding/github/pos_selection_pipeline/tomato_pipeline/pipeline/LOC/raxml-ng/LOC101251798_prot_linear_multi_sl25_prt_codonAlignment.raxml.log

Analysis started: 01-Mar-2020 22:25:03 / finished: 01-Mar-2020 22:25:48

Elapsed time: 44.430 seconds

