
RAxML-NG v. 0.8.1 BETA released on 05.03.2019 by The Exelixis Lab.
Authors: Alexey Kozlov, Alexandros Stamatakis, Diego Darriba, Tomas Flouri, Benoit Morel.
Latest version: https://github.com/amkozlov/raxml-ng
Questions/problems/suggestions? Please visit: https://groups.google.com/forum/#!forum/raxml

WARNING: This is a BETA release, please use at your own risk!

RAxML-NG was called at 01-Mar-2020 22:16:39 as follows:

raxml-ng --msa LOC101267841_prot_linear_multi_sl25_prt_codonAlignment.fasta --prefix LOC101267841_prot_linear_multi_sl25_prt_codonAlignment --model GTR+G --seed 123 --bs-tree 100 --force

Analysis options:
  run mode: ML tree search
  start tree(s): random (10) + parsimony (10)
  random seed: 123
  tip-inner: OFF
  pattern compression: ON
  per-rate scalers: OFF
  site repeats: ON
  fast spr radius: AUTO
  spr subtree cutoff: 1.000000
  branch lengths: proportional (ML estimate, algorithm: NR-FAST)
  SIMD kernels: AVX2
  parallelization: PTHREADS (6 threads), thread pinning: OFF

WARNING: Running in FORCE mode: all safety checks are disabled!

[00:00:00] Reading alignment from file: LOC101267841_prot_linear_multi_sl25_prt_codonAlignment.fasta
[00:00:00] Loaded alignment with 91 taxa and 2931 sites

Alignment comprises 1 partitions and 93 patterns

Partition 0: noname
Model: GTR+FO+G4m
Alignment sites / patterns: 2931 / 93
Gaps: 0.00 %
Invariant sites: 96.45 %


NOTE: Binary MSA file created: LOC101267841_prot_linear_multi_sl25_prt_codonAlignment.raxml.rba

[00:00:00] Generating 10 random starting tree(s) with 91 taxa
[00:00:00] Generating 10 parsimony starting tree(s) with 91 taxa
[00:00:00] Data distribution: max. partitions/sites/weight per thread: 1 / 16 / 256

Starting ML tree search with 20 distinct starting trees

[00:00:02] ML tree search #1, logLikelihood: -5230.366900
[00:00:04] ML tree search #2, logLikelihood: -5228.318631
[00:00:06] ML tree search #3, logLikelihood: -5229.922014
[00:00:08] ML tree search #4, logLikelihood: -5228.815049
[00:00:10] ML tree search #5, logLikelihood: -5228.195726
[00:00:13] ML tree search #6, logLikelihood: -5228.569011
[00:00:17] ML tree search #7, logLikelihood: -5229.037951
[00:00:20] ML tree search #8, logLikelihood: -5227.428020
[00:00:22] ML tree search #9, logLikelihood: -5229.293035
[00:00:24] ML tree search #10, logLikelihood: -5228.826048
[00:00:26] ML tree search #11, logLikelihood: -5228.195772
[00:00:28] ML tree search #12, logLikelihood: -5230.190661
[00:00:30] ML tree search #13, logLikelihood: -5230.706407
[00:00:32] ML tree search #14, logLikelihood: -5230.719879
[00:00:33] ML tree search #15, logLikelihood: -5229.706679
[00:00:35] ML tree search #16, logLikelihood: -5228.318566
[00:00:37] ML tree search #17, logLikelihood: -5229.645367
[00:00:38] ML tree search #18, logLikelihood: -5229.326948
[00:00:40] ML tree search #19, logLikelihood: -5229.501347
[00:00:42] ML tree search #20, logLikelihood: -5229.635015

Optimized model parameters:

   Partition 0: noname
   Rate heterogeneity: GAMMA (4 cats, mean),  alpha: 0.020137 (ML),  weights&rates: (0.250000,0.000000) (0.250000,0.000000) (0.250000,0.000001) (0.250000,3.999999) 
   Base frequencies (ML): 0.276406 0.214270 0.230837 0.278488 
   Substitution rates (ML): 6.342128 11.802699 3.921940 2.896832 11.557791 1.000000 

Final LogLikelihood: -5227.428020

AIC score: 10830.856041 / AICc score: 10856.772890 / BIC score: 11955.678641
Free parameters (model + branch lengths): 188

Best ML tree saved to: /home/homma/Desktop/coding/github/pos_selection_pipeline/tomato_pipeline/pipeline/LOC/raxml-ng/LOC101267841_prot_linear_multi_sl25_prt_codonAlignment.raxml.bestTree
All ML trees saved to: /home/homma/Desktop/coding/github/pos_selection_pipeline/tomato_pipeline/pipeline/LOC/raxml-ng/LOC101267841_prot_linear_multi_sl25_prt_codonAlignment.raxml.mlTrees
Optimized model saved to: /home/homma/Desktop/coding/github/pos_selection_pipeline/tomato_pipeline/pipeline/LOC/raxml-ng/LOC101267841_prot_linear_multi_sl25_prt_codonAlignment.raxml.bestModel

Execution log saved to: /home/homma/Desktop/coding/github/pos_selection_pipeline/tomato_pipeline/pipeline/LOC/raxml-ng/LOC101267841_prot_linear_multi_sl25_prt_codonAlignment.raxml.log

Analysis started: 01-Mar-2020 22:16:39 / finished: 01-Mar-2020 22:17:21

Elapsed time: 42.220 seconds

