
RAxML-NG v. 0.8.1 BETA released on 05.03.2019 by The Exelixis Lab.
Authors: Alexey Kozlov, Alexandros Stamatakis, Diego Darriba, Tomas Flouri, Benoit Morel.
Latest version: https://github.com/amkozlov/raxml-ng
Questions/problems/suggestions? Please visit: https://groups.google.com/forum/#!forum/raxml

WARNING: This is a BETA release, please use at your own risk!

RAxML-NG was called at 01-Mar-2020 22:01:37 as follows:

raxml-ng --msa LOC101267940_prot_linear_multi_sl25_prt_codonAlignment.fasta --prefix LOC101267940_prot_linear_multi_sl25_prt_codonAlignment --model GTR+G --seed 123 --bs-tree 100 --force

Analysis options:
  run mode: ML tree search
  start tree(s): random (10) + parsimony (10)
  random seed: 123
  tip-inner: OFF
  pattern compression: ON
  per-rate scalers: OFF
  site repeats: ON
  fast spr radius: AUTO
  spr subtree cutoff: 1.000000
  branch lengths: proportional (ML estimate, algorithm: NR-FAST)
  SIMD kernels: AVX2
  parallelization: PTHREADS (6 threads), thread pinning: OFF

WARNING: Running in FORCE mode: all safety checks are disabled!

[00:00:00] Reading alignment from file: LOC101267940_prot_linear_multi_sl25_prt_codonAlignment.fasta
[00:00:00] Loaded alignment with 95 taxa and 804 sites

Alignment comprises 1 partitions and 60 patterns

Partition 0: noname
Model: GTR+FO+G4m
Alignment sites / patterns: 804 / 60
Gaps: 0.00 %
Invariant sites: 92.66 %


NOTE: Binary MSA file created: LOC101267940_prot_linear_multi_sl25_prt_codonAlignment.raxml.rba

[00:00:00] Generating 10 random starting tree(s) with 95 taxa
[00:00:00] Generating 10 parsimony starting tree(s) with 95 taxa
[00:00:00] Data distribution: max. partitions/sites/weight per thread: 1 / 10 / 160

Starting ML tree search with 20 distinct starting trees

[00:00:01] ML tree search #1, logLikelihood: -1798.801764
[00:00:02] ML tree search #2, logLikelihood: -1805.702417
[00:00:05] ML tree search #3, logLikelihood: -1794.531730
[00:00:06] ML tree search #4, logLikelihood: -1800.077058
[00:00:08] ML tree search #5, logLikelihood: -1802.342750
[00:00:10] ML tree search #6, logLikelihood: -1865.161791
[00:00:11] ML tree search #7, logLikelihood: -1808.027070
[00:00:13] ML tree search #8, logLikelihood: -1804.711246
[00:00:15] ML tree search #9, logLikelihood: -1799.107281
[00:00:20] ML tree search #10, logLikelihood: -1794.609192
[00:00:20] ML tree search #11, logLikelihood: -1802.690170
[00:00:21] ML tree search #12, logLikelihood: -1797.243868
[00:00:22] ML tree search #13, logLikelihood: -1794.609129
[00:00:23] ML tree search #14, logLikelihood: -1799.129520
[00:00:24] ML tree search #15, logLikelihood: -1795.520046
[00:00:25] ML tree search #16, logLikelihood: -1802.730040
[00:00:25] ML tree search #17, logLikelihood: -1797.299649
[00:00:26] ML tree search #18, logLikelihood: -1801.525615
[00:00:27] ML tree search #19, logLikelihood: -1792.230058
[00:00:28] ML tree search #20, logLikelihood: -1794.916349

Optimized model parameters:

   Partition 0: noname
   Rate heterogeneity: GAMMA (4 cats, mean),  alpha: 0.020121 (ML),  weights&rates: (0.250000,0.000000) (0.250000,0.000000) (0.250000,0.000001) (0.250000,3.999999) 
   Base frequencies (ML): 0.284766 0.203022 0.259689 0.252523 
   Substitution rates (ML): 2.194562 5.214214 1.203153 1.327919 2.148998 1.000000 

Final LogLikelihood: -1792.230058

AIC score: 3976.460117 / AICc score: 4103.682522 / BIC score: 4895.621573
Free parameters (model + branch lengths): 196

Best ML tree saved to: /home/homma/Desktop/coding/github/pos_selection_pipeline/tomato_pipeline/pipeline/LOC/raxml-ng/LOC101267940_prot_linear_multi_sl25_prt_codonAlignment.raxml.bestTree
All ML trees saved to: /home/homma/Desktop/coding/github/pos_selection_pipeline/tomato_pipeline/pipeline/LOC/raxml-ng/LOC101267940_prot_linear_multi_sl25_prt_codonAlignment.raxml.mlTrees
Optimized model saved to: /home/homma/Desktop/coding/github/pos_selection_pipeline/tomato_pipeline/pipeline/LOC/raxml-ng/LOC101267940_prot_linear_multi_sl25_prt_codonAlignment.raxml.bestModel

Execution log saved to: /home/homma/Desktop/coding/github/pos_selection_pipeline/tomato_pipeline/pipeline/LOC/raxml-ng/LOC101267940_prot_linear_multi_sl25_prt_codonAlignment.raxml.log

Analysis started: 01-Mar-2020 22:01:37 / finished: 01-Mar-2020 22:02:05

Elapsed time: 28.518 seconds

