
RAxML-NG v. 0.8.1 BETA released on 05.03.2019 by The Exelixis Lab.
Authors: Alexey Kozlov, Alexandros Stamatakis, Diego Darriba, Tomas Flouri, Benoit Morel.
Latest version: https://github.com/amkozlov/raxml-ng
Questions/problems/suggestions? Please visit: https://groups.google.com/forum/#!forum/raxml

WARNING: This is a BETA release, please use at your own risk!

RAxML-NG was called at 01-Mar-2020 20:22:46 as follows:

raxml-ng --msa LOC101244113_prot_linear_multi_sl25_prt_codonAlignment.fasta --prefix LOC101244113_prot_linear_multi_sl25_prt_codonAlignment --model GTR+G --seed 123 --bs-tree 100 --force

Analysis options:
  run mode: ML tree search
  start tree(s): random (10) + parsimony (10)
  random seed: 123
  tip-inner: OFF
  pattern compression: ON
  per-rate scalers: OFF
  site repeats: ON
  fast spr radius: AUTO
  spr subtree cutoff: 1.000000
  branch lengths: proportional (ML estimate, algorithm: NR-FAST)
  SIMD kernels: AVX2
  parallelization: PTHREADS (6 threads), thread pinning: OFF

WARNING: Running in FORCE mode: all safety checks are disabled!

[00:00:00] Reading alignment from file: LOC101244113_prot_linear_multi_sl25_prt_codonAlignment.fasta
[00:00:00] Loaded alignment with 126 taxa and 2511 sites

Alignment comprises 1 partitions and 80 patterns

Partition 0: noname
Model: GTR+FO+G4m
Alignment sites / patterns: 2511 / 80
Gaps: 0.03 %
Invariant sites: 96.73 %


NOTE: Binary MSA file created: LOC101244113_prot_linear_multi_sl25_prt_codonAlignment.raxml.rba

[00:00:00] Generating 10 random starting tree(s) with 126 taxa
[00:00:00] Generating 10 parsimony starting tree(s) with 126 taxa
[00:00:00] Data distribution: max. partitions/sites/weight per thread: 1 / 14 / 224

Starting ML tree search with 20 distinct starting trees

[00:00:02] ML tree search #1, logLikelihood: -4416.945824
[00:00:06] ML tree search #2, logLikelihood: -4391.395081
[00:00:10] ML tree search #3, logLikelihood: -4392.773907
[00:00:14] ML tree search #4, logLikelihood: -4391.395108
[00:00:16] ML tree search #5, logLikelihood: -4392.865109
[00:00:20] ML tree search #6, logLikelihood: -4391.159451
[00:00:24] ML tree search #7, logLikelihood: -4393.019773
[00:00:27] ML tree search #8, logLikelihood: -4390.920787
[00:00:31] ML tree search #9, logLikelihood: -4391.395137
[00:00:34] ML tree search #10, logLikelihood: -4393.581307
[00:00:36] ML tree search #11, logLikelihood: -4393.502729
[00:00:38] ML tree search #12, logLikelihood: -4391.857701
[00:00:41] ML tree search #13, logLikelihood: -4391.627926
[00:00:43] ML tree search #14, logLikelihood: -4392.302006
[00:00:46] ML tree search #15, logLikelihood: -4394.188316
[00:00:48] ML tree search #16, logLikelihood: -4394.672783
[00:00:49] ML tree search #17, logLikelihood: -4396.949705
[00:00:51] ML tree search #18, logLikelihood: -4393.852445
[00:00:53] ML tree search #19, logLikelihood: -4397.503670
[00:00:55] ML tree search #20, logLikelihood: -4392.693145

Optimized model parameters:

   Partition 0: noname
   Rate heterogeneity: GAMMA (4 cats, mean),  alpha: 0.020140 (ML),  weights&rates: (0.250000,0.000000) (0.250000,0.000000) (0.250000,0.000001) (0.250000,3.999999) 
   Base frequencies (ML): 0.297089 0.195688 0.233568 0.273655 
   Substitution rates (ML): 0.680117 2.400746 0.621266 0.410391 2.013896 1.000000 

Final LogLikelihood: -4390.920787

AIC score: 9297.841575 / AICc score: 9357.186157 / BIC score: 10801.578155
Free parameters (model + branch lengths): 258

Best ML tree saved to: /home/homma/Desktop/coding/github/pos_selection_pipeline/tomato_pipeline/pipeline/LOC/raxml-ng/LOC101244113_prot_linear_multi_sl25_prt_codonAlignment.raxml.bestTree
All ML trees saved to: /home/homma/Desktop/coding/github/pos_selection_pipeline/tomato_pipeline/pipeline/LOC/raxml-ng/LOC101244113_prot_linear_multi_sl25_prt_codonAlignment.raxml.mlTrees
Optimized model saved to: /home/homma/Desktop/coding/github/pos_selection_pipeline/tomato_pipeline/pipeline/LOC/raxml-ng/LOC101244113_prot_linear_multi_sl25_prt_codonAlignment.raxml.bestModel

Execution log saved to: /home/homma/Desktop/coding/github/pos_selection_pipeline/tomato_pipeline/pipeline/LOC/raxml-ng/LOC101244113_prot_linear_multi_sl25_prt_codonAlignment.raxml.log

Analysis started: 01-Mar-2020 20:22:46 / finished: 01-Mar-2020 20:23:41

Elapsed time: 55.262 seconds

