
RAxML-NG v. 0.8.1 BETA released on 05.03.2019 by The Exelixis Lab.
Authors: Alexey Kozlov, Alexandros Stamatakis, Diego Darriba, Tomas Flouri, Benoit Morel.
Latest version: https://github.com/amkozlov/raxml-ng
Questions/problems/suggestions? Please visit: https://groups.google.com/forum/#!forum/raxml

WARNING: This is a BETA release, please use at your own risk!

RAxML-NG was called at 01-Mar-2020 21:35:20 as follows:

raxml-ng --msa LOC101244772_prot_linear_multi_sl25_prt_codonAlignment.fasta --prefix LOC101244772_prot_linear_multi_sl25_prt_codonAlignment --model GTR+G --seed 123 --bs-tree 100 --force

Analysis options:
  run mode: ML tree search
  start tree(s): random (10) + parsimony (10)
  random seed: 123
  tip-inner: OFF
  pattern compression: ON
  per-rate scalers: OFF
  site repeats: ON
  fast spr radius: AUTO
  spr subtree cutoff: 1.000000
  branch lengths: proportional (ML estimate, algorithm: NR-FAST)
  SIMD kernels: AVX2
  parallelization: PTHREADS (6 threads), thread pinning: OFF

WARNING: Running in FORCE mode: all safety checks are disabled!

[00:00:00] Reading alignment from file: LOC101244772_prot_linear_multi_sl25_prt_codonAlignment.fasta
[00:00:00] Loaded alignment with 115 taxa and 969 sites

Alignment comprises 1 partitions and 38 patterns

Partition 0: noname
Model: GTR+FO+G4m
Alignment sites / patterns: 969 / 38
Gaps: 0.00 %
Invariant sites: 96.39 %


NOTE: Binary MSA file created: LOC101244772_prot_linear_multi_sl25_prt_codonAlignment.raxml.rba

[00:00:00] Generating 10 random starting tree(s) with 115 taxa
[00:00:00] Generating 10 parsimony starting tree(s) with 115 taxa
[00:00:00] Data distribution: max. partitions/sites/weight per thread: 1 / 7 / 112

Starting ML tree search with 20 distinct starting trees

[00:00:01] ML tree search #1, logLikelihood: -1696.926700
[00:00:03] ML tree search #2, logLikelihood: -1696.926678
[00:00:05] ML tree search #3, logLikelihood: -1696.926805
[00:00:07] ML tree search #4, logLikelihood: -1697.232463
[00:00:09] ML tree search #5, logLikelihood: -1697.207856
[00:00:11] ML tree search #6, logLikelihood: -1697.505963
[00:00:13] ML tree search #7, logLikelihood: -1697.505867
[00:00:15] ML tree search #8, logLikelihood: -1702.388086
[00:00:17] ML tree search #9, logLikelihood: -1697.505876
[00:00:19] ML tree search #10, logLikelihood: -1696.926667
[00:00:20] ML tree search #11, logLikelihood: -1702.976104
[00:00:22] ML tree search #12, logLikelihood: -1697.207865
[00:00:23] ML tree search #13, logLikelihood: -1707.381535
[00:00:24] ML tree search #14, logLikelihood: -1704.835593
[00:00:25] ML tree search #15, logLikelihood: -1697.505919
[00:00:26] ML tree search #16, logLikelihood: -1701.627029
[00:00:29] ML tree search #17, logLikelihood: -1701.598838
[00:00:29] ML tree search #18, logLikelihood: -1701.283049
[00:00:30] ML tree search #19, logLikelihood: -1698.766421
[00:00:31] ML tree search #20, logLikelihood: -1698.492799

Optimized model parameters:

   Partition 0: noname
   Rate heterogeneity: GAMMA (4 cats, mean),  alpha: 0.020126 (ML),  weights&rates: (0.250000,0.000000) (0.250000,0.000000) (0.250000,0.000001) (0.250000,3.999999) 
   Base frequencies (ML): 0.296817 0.192996 0.222645 0.287542 
   Substitution rates (ML): 0.551535 4.228851 0.127357 0.700168 2.018714 1.000000 

Final LogLikelihood: -1696.926667

AIC score: 3865.853334 / AICc score: 4018.673006 / BIC score: 5016.651782
Free parameters (model + branch lengths): 236

Best ML tree saved to: /home/homma/Desktop/coding/github/pos_selection_pipeline/tomato_pipeline/pipeline/LOC/raxml-ng/LOC101244772_prot_linear_multi_sl25_prt_codonAlignment.raxml.bestTree
All ML trees saved to: /home/homma/Desktop/coding/github/pos_selection_pipeline/tomato_pipeline/pipeline/LOC/raxml-ng/LOC101244772_prot_linear_multi_sl25_prt_codonAlignment.raxml.mlTrees
Optimized model saved to: /home/homma/Desktop/coding/github/pos_selection_pipeline/tomato_pipeline/pipeline/LOC/raxml-ng/LOC101244772_prot_linear_multi_sl25_prt_codonAlignment.raxml.bestModel

Execution log saved to: /home/homma/Desktop/coding/github/pos_selection_pipeline/tomato_pipeline/pipeline/LOC/raxml-ng/LOC101244772_prot_linear_multi_sl25_prt_codonAlignment.raxml.log

Analysis started: 01-Mar-2020 21:35:20 / finished: 01-Mar-2020 21:35:51

Elapsed time: 31.390 seconds

