
RAxML-NG v. 0.8.1 BETA released on 05.03.2019 by The Exelixis Lab.
Authors: Alexey Kozlov, Alexandros Stamatakis, Diego Darriba, Tomas Flouri, Benoit Morel.
Latest version: https://github.com/amkozlov/raxml-ng
Questions/problems/suggestions? Please visit: https://groups.google.com/forum/#!forum/raxml

WARNING: This is a BETA release, please use at your own risk!

RAxML-NG was called at 01-Mar-2020 20:29:40 as follows:

raxml-ng --msa LOC101244399_prot_linear_multi_sl25_prt_codonAlignment.fasta --prefix LOC101244399_prot_linear_multi_sl25_prt_codonAlignment --model GTR+G --seed 123 --bs-tree 100 --force

Analysis options:
  run mode: ML tree search
  start tree(s): random (10) + parsimony (10)
  random seed: 123
  tip-inner: OFF
  pattern compression: ON
  per-rate scalers: OFF
  site repeats: ON
  fast spr radius: AUTO
  spr subtree cutoff: 1.000000
  branch lengths: proportional (ML estimate, algorithm: NR-FAST)
  SIMD kernels: AVX2
  parallelization: PTHREADS (6 threads), thread pinning: OFF

WARNING: Running in FORCE mode: all safety checks are disabled!

[00:00:00] Reading alignment from file: LOC101244399_prot_linear_multi_sl25_prt_codonAlignment.fasta
[00:00:00] Loaded alignment with 131 taxa and 1320 sites

Alignment comprises 1 partitions and 112 patterns

Partition 0: noname
Model: GTR+FO+G4m
Alignment sites / patterns: 1320 / 112
Gaps: 0.04 %
Invariant sites: 91.67 %


NOTE: Binary MSA file created: LOC101244399_prot_linear_multi_sl25_prt_codonAlignment.raxml.rba

[00:00:00] Generating 10 random starting tree(s) with 131 taxa
[00:00:00] Generating 10 parsimony starting tree(s) with 131 taxa
[00:00:00] Data distribution: max. partitions/sites/weight per thread: 1 / 19 / 304

Starting ML tree search with 20 distinct starting trees

[00:00:05] ML tree search #1, logLikelihood: -3475.591040
[00:00:11] ML tree search #2, logLikelihood: -3477.495072
[00:00:16] ML tree search #3, logLikelihood: -3481.327600
[00:00:23] ML tree search #4, logLikelihood: -3470.711376
[00:00:33] ML tree search #5, logLikelihood: -3478.367421
[00:00:39] ML tree search #6, logLikelihood: -3476.065034
[00:00:46] ML tree search #7, logLikelihood: -3465.659813
[00:00:54] ML tree search #8, logLikelihood: -3470.209341
[00:01:01] ML tree search #9, logLikelihood: -3469.950845
[00:01:09] ML tree search #10, logLikelihood: -3474.793296
[00:01:13] ML tree search #11, logLikelihood: -3459.816310
[00:01:18] ML tree search #12, logLikelihood: -3471.402282
[00:01:20] ML tree search #13, logLikelihood: -3506.714598
[00:01:27] ML tree search #14, logLikelihood: -3464.268867
[00:01:29] ML tree search #15, logLikelihood: -3487.259292
[00:01:31] ML tree search #16, logLikelihood: -3484.616101
[00:01:33] ML tree search #17, logLikelihood: -3487.669910
[00:01:37] ML tree search #18, logLikelihood: -3478.374795
[00:01:40] ML tree search #19, logLikelihood: -3477.731403
[00:01:44] ML tree search #20, logLikelihood: -3481.376697

Optimized model parameters:

   Partition 0: noname
   Rate heterogeneity: GAMMA (4 cats, mean),  alpha: 0.020121 (ML),  weights&rates: (0.250000,0.000000) (0.250000,0.000000) (0.250000,0.000001) (0.250000,3.999999) 
   Base frequencies (ML): 0.314947 0.158955 0.211839 0.314258 
   Substitution rates (ML): 6.461087 11.679252 1.156492 7.119533 17.515896 1.000000 

Final LogLikelihood: -3459.816310

AIC score: 7455.632619 / AICc score: 7592.820060 / BIC score: 8845.316340
Free parameters (model + branch lengths): 268

Best ML tree saved to: /home/homma/Desktop/coding/github/pos_selection_pipeline/tomato_pipeline/pipeline/LOC/raxml-ng/LOC101244399_prot_linear_multi_sl25_prt_codonAlignment.raxml.bestTree
All ML trees saved to: /home/homma/Desktop/coding/github/pos_selection_pipeline/tomato_pipeline/pipeline/LOC/raxml-ng/LOC101244399_prot_linear_multi_sl25_prt_codonAlignment.raxml.mlTrees
Optimized model saved to: /home/homma/Desktop/coding/github/pos_selection_pipeline/tomato_pipeline/pipeline/LOC/raxml-ng/LOC101244399_prot_linear_multi_sl25_prt_codonAlignment.raxml.bestModel

Execution log saved to: /home/homma/Desktop/coding/github/pos_selection_pipeline/tomato_pipeline/pipeline/LOC/raxml-ng/LOC101244399_prot_linear_multi_sl25_prt_codonAlignment.raxml.log

Analysis started: 01-Mar-2020 20:29:40 / finished: 01-Mar-2020 20:31:25

Elapsed time: 104.383 seconds

