
RAxML-NG v. 0.8.1 BETA released on 05.03.2019 by The Exelixis Lab.
Authors: Alexey Kozlov, Alexandros Stamatakis, Diego Darriba, Tomas Flouri, Benoit Morel.
Latest version: https://github.com/amkozlov/raxml-ng
Questions/problems/suggestions? Please visit: https://groups.google.com/forum/#!forum/raxml

WARNING: This is a BETA release, please use at your own risk!

RAxML-NG was called at 01-Mar-2020 21:45:29 as follows:

raxml-ng --msa LOC101264240_prot_linear_multi_sl25_prt_codonAlignment.fasta --prefix LOC101264240_prot_linear_multi_sl25_prt_codonAlignment --model GTR+G --seed 123 --bs-tree 100 --force

Analysis options:
  run mode: ML tree search
  start tree(s): random (10) + parsimony (10)
  random seed: 123
  tip-inner: OFF
  pattern compression: ON
  per-rate scalers: OFF
  site repeats: ON
  fast spr radius: AUTO
  spr subtree cutoff: 1.000000
  branch lengths: proportional (ML estimate, algorithm: NR-FAST)
  SIMD kernels: AVX2
  parallelization: PTHREADS (6 threads), thread pinning: OFF

WARNING: Running in FORCE mode: all safety checks are disabled!

[00:00:00] Reading alignment from file: LOC101264240_prot_linear_multi_sl25_prt_codonAlignment.fasta
[00:00:00] Loaded alignment with 84 taxa and 384 sites

Alignment comprises 1 partitions and 17 patterns

Partition 0: noname
Model: GTR+FO+G4m
Alignment sites / patterns: 384 / 17
Gaps: 0.00 %
Invariant sites: 96.61 %


NOTE: Binary MSA file created: LOC101264240_prot_linear_multi_sl25_prt_codonAlignment.raxml.rba

[00:00:00] Generating 10 random starting tree(s) with 84 taxa
[00:00:00] Generating 10 parsimony starting tree(s) with 84 taxa
[00:00:00] Data distribution: max. partitions/sites/weight per thread: 1 / 3 / 48

Starting ML tree search with 20 distinct starting trees

[00:00:01] ML tree search #1, logLikelihood: -665.281163
[00:00:02] ML tree search #2, logLikelihood: -664.481538
[00:00:03] ML tree search #3, logLikelihood: -665.589740
[00:00:04] ML tree search #4, logLikelihood: -665.667693
[00:00:05] ML tree search #5, logLikelihood: -665.325082
[00:00:07] ML tree search #6, logLikelihood: -664.717583
[00:00:08] ML tree search #7, logLikelihood: -665.281118
[00:00:09] ML tree search #8, logLikelihood: -665.667758
[00:00:11] ML tree search #9, logLikelihood: -665.325067
[00:00:12] ML tree search #10, logLikelihood: -665.589749
[00:00:13] ML tree search #11, logLikelihood: -665.248331
[00:00:13] ML tree search #12, logLikelihood: -664.059923
[00:00:14] ML tree search #13, logLikelihood: -665.248119
[00:00:15] ML tree search #14, logLikelihood: -665.248162
[00:00:15] ML tree search #15, logLikelihood: -665.248319
[00:00:16] ML tree search #16, logLikelihood: -665.394261
[00:00:16] ML tree search #17, logLikelihood: -665.394262
[00:00:17] ML tree search #18, logLikelihood: -665.248466
[00:00:17] ML tree search #19, logLikelihood: -670.128549
[00:00:18] ML tree search #20, logLikelihood: -668.080858

Optimized model parameters:

   Partition 0: noname
   Rate heterogeneity: GAMMA (4 cats, mean),  alpha: 0.020138 (ML),  weights&rates: (0.250000,0.000000) (0.250000,0.000000) (0.250000,0.000001) (0.250000,3.999999) 
   Base frequencies (ML): 0.301107 0.205349 0.250273 0.243271 
   Substitution rates (ML): 0.412369 0.353342 1.271788 0.496530 7.303068 1.000000 

Final LogLikelihood: -664.059923

AIC score: 1676.119845 / AICc score: 1967.507405 / BIC score: 2363.531650
Free parameters (model + branch lengths): 174

Best ML tree saved to: /home/homma/Desktop/coding/github/pos_selection_pipeline/tomato_pipeline/pipeline/LOC/raxml-ng/LOC101264240_prot_linear_multi_sl25_prt_codonAlignment.raxml.bestTree
All ML trees saved to: /home/homma/Desktop/coding/github/pos_selection_pipeline/tomato_pipeline/pipeline/LOC/raxml-ng/LOC101264240_prot_linear_multi_sl25_prt_codonAlignment.raxml.mlTrees
Optimized model saved to: /home/homma/Desktop/coding/github/pos_selection_pipeline/tomato_pipeline/pipeline/LOC/raxml-ng/LOC101264240_prot_linear_multi_sl25_prt_codonAlignment.raxml.bestModel

Execution log saved to: /home/homma/Desktop/coding/github/pos_selection_pipeline/tomato_pipeline/pipeline/LOC/raxml-ng/LOC101264240_prot_linear_multi_sl25_prt_codonAlignment.raxml.log

Analysis started: 01-Mar-2020 21:45:29 / finished: 01-Mar-2020 21:45:47

Elapsed time: 18.032 seconds

