
RAxML-NG v. 0.8.1 BETA released on 05.03.2019 by The Exelixis Lab.
Authors: Alexey Kozlov, Alexandros Stamatakis, Diego Darriba, Tomas Flouri, Benoit Morel.
Latest version: https://github.com/amkozlov/raxml-ng
Questions/problems/suggestions? Please visit: https://groups.google.com/forum/#!forum/raxml

WARNING: This is a BETA release, please use at your own risk!

RAxML-NG was called at 01-Mar-2020 20:48:02 as follows:

raxml-ng --msa LOC101249763_prot_linear_multi_sl25_prt_codonAlignment.fasta --prefix LOC101249763_prot_linear_multi_sl25_prt_codonAlignment --model GTR+G --seed 123 --bs-tree 100 --force

Analysis options:
  run mode: ML tree search
  start tree(s): random (10) + parsimony (10)
  random seed: 123
  tip-inner: OFF
  pattern compression: ON
  per-rate scalers: OFF
  site repeats: ON
  fast spr radius: AUTO
  spr subtree cutoff: 1.000000
  branch lengths: proportional (ML estimate, algorithm: NR-FAST)
  SIMD kernels: AVX2
  parallelization: PTHREADS (6 threads), thread pinning: OFF

WARNING: Running in FORCE mode: all safety checks are disabled!

[00:00:00] Reading alignment from file: LOC101249763_prot_linear_multi_sl25_prt_codonAlignment.fasta
[00:00:00] Loaded alignment with 86 taxa and 1659 sites

Alignment comprises 1 partitions and 77 patterns

Partition 0: noname
Model: GTR+FO+G4m
Alignment sites / patterns: 1659 / 77
Gaps: 0.67 %
Invariant sites: 95.48 %


NOTE: Binary MSA file created: LOC101249763_prot_linear_multi_sl25_prt_codonAlignment.raxml.rba

[00:00:00] Generating 10 random starting tree(s) with 86 taxa
[00:00:00] Generating 10 parsimony starting tree(s) with 86 taxa
[00:00:00] Data distribution: max. partitions/sites/weight per thread: 1 / 13 / 208

Starting ML tree search with 20 distinct starting trees

[00:00:01] ML tree search #1, logLikelihood: -3038.568724
[00:00:02] ML tree search #2, logLikelihood: -3046.453723
[00:00:03] ML tree search #3, logLikelihood: -3032.849826
[00:00:04] ML tree search #4, logLikelihood: -3042.840150
[00:00:06] ML tree search #5, logLikelihood: -3032.849833
[00:00:07] ML tree search #6, logLikelihood: -3037.722491
[00:00:08] ML tree search #7, logLikelihood: -3032.849841
[00:00:10] ML tree search #8, logLikelihood: -3050.673757
[00:00:11] ML tree search #9, logLikelihood: -3043.374252
[00:00:12] ML tree search #10, logLikelihood: -3038.568723
[00:00:14] ML tree search #11, logLikelihood: -3032.850052
[00:00:15] ML tree search #12, logLikelihood: -3038.568786
[00:00:16] ML tree search #13, logLikelihood: -3032.849898
[00:00:17] ML tree search #14, logLikelihood: -3053.058672
[00:00:18] ML tree search #15, logLikelihood: -3042.840130
[00:00:19] ML tree search #16, logLikelihood: -3038.044410
[00:00:20] ML tree search #17, logLikelihood: -3032.849913
[00:00:21] ML tree search #18, logLikelihood: -3042.840148
[00:00:22] ML tree search #19, logLikelihood: -3038.044402
[00:00:22] ML tree search #20, logLikelihood: -3038.568725

Optimized model parameters:

   Partition 0: noname
   Rate heterogeneity: GAMMA (4 cats, mean),  alpha: 0.020137 (ML),  weights&rates: (0.250000,0.000000) (0.250000,0.000000) (0.250000,0.000001) (0.250000,3.999999) 
   Base frequencies (ML): 0.316994 0.176583 0.207269 0.299154 
   Substitution rates (ML): 0.092552 2.938637 1.381591 1.458212 3.804197 1.000000 

Final LogLikelihood: -3032.849826

AIC score: 6421.699651 / AICc score: 6464.756408 / BIC score: 7385.386363
Free parameters (model + branch lengths): 178

Best ML tree saved to: /home/homma/Desktop/coding/github/pos_selection_pipeline/tomato_pipeline/pipeline/LOC/raxml-ng/LOC101249763_prot_linear_multi_sl25_prt_codonAlignment.raxml.bestTree
All ML trees saved to: /home/homma/Desktop/coding/github/pos_selection_pipeline/tomato_pipeline/pipeline/LOC/raxml-ng/LOC101249763_prot_linear_multi_sl25_prt_codonAlignment.raxml.mlTrees
Optimized model saved to: /home/homma/Desktop/coding/github/pos_selection_pipeline/tomato_pipeline/pipeline/LOC/raxml-ng/LOC101249763_prot_linear_multi_sl25_prt_codonAlignment.raxml.bestModel

Execution log saved to: /home/homma/Desktop/coding/github/pos_selection_pipeline/tomato_pipeline/pipeline/LOC/raxml-ng/LOC101249763_prot_linear_multi_sl25_prt_codonAlignment.raxml.log

Analysis started: 01-Mar-2020 20:48:02 / finished: 01-Mar-2020 20:48:25

Elapsed time: 22.945 seconds

