
RAxML-NG v. 0.8.1 BETA released on 05.03.2019 by The Exelixis Lab.
Authors: Alexey Kozlov, Alexandros Stamatakis, Diego Darriba, Tomas Flouri, Benoit Morel.
Latest version: https://github.com/amkozlov/raxml-ng
Questions/problems/suggestions? Please visit: https://groups.google.com/forum/#!forum/raxml

WARNING: This is a BETA release, please use at your own risk!

RAxML-NG was called at 01-Mar-2020 20:42:00 as follows:

raxml-ng --msa LOC101245387_prot_linear_multi_sl25_prt_codonAlignment.fasta --prefix LOC101245387_prot_linear_multi_sl25_prt_codonAlignment --model GTR+G --seed 123 --bs-tree 100 --force

Analysis options:
  run mode: ML tree search
  start tree(s): random (10) + parsimony (10)
  random seed: 123
  tip-inner: OFF
  pattern compression: ON
  per-rate scalers: OFF
  site repeats: ON
  fast spr radius: AUTO
  spr subtree cutoff: 1.000000
  branch lengths: proportional (ML estimate, algorithm: NR-FAST)
  SIMD kernels: AVX2
  parallelization: PTHREADS (6 threads), thread pinning: OFF

WARNING: Running in FORCE mode: all safety checks are disabled!

[00:00:00] Reading alignment from file: LOC101245387_prot_linear_multi_sl25_prt_codonAlignment.fasta
[00:00:00] Loaded alignment with 98 taxa and 1737 sites

Alignment comprises 1 partitions and 87 patterns

Partition 0: noname
Model: GTR+FO+G4m
Alignment sites / patterns: 1737 / 87
Gaps: 0.00 %
Invariant sites: 94.53 %


NOTE: Binary MSA file created: LOC101245387_prot_linear_multi_sl25_prt_codonAlignment.raxml.rba

[00:00:00] Generating 10 random starting tree(s) with 98 taxa
[00:00:00] Generating 10 parsimony starting tree(s) with 98 taxa
[00:00:00] Data distribution: max. partitions/sites/weight per thread: 1 / 15 / 240

Starting ML tree search with 20 distinct starting trees

[00:00:01] ML tree search #1, logLikelihood: -3490.816759
[00:00:04] ML tree search #2, logLikelihood: -3490.563479
[00:00:06] ML tree search #3, logLikelihood: -3490.172643
[00:00:10] ML tree search #4, logLikelihood: -3489.456297
[00:00:11] ML tree search #5, logLikelihood: -3494.541508
[00:00:14] ML tree search #6, logLikelihood: -3485.231167
[00:00:16] ML tree search #7, logLikelihood: -3496.444655
[00:00:18] ML tree search #8, logLikelihood: -3488.805404
[00:00:20] ML tree search #9, logLikelihood: -3490.323362
[00:00:22] ML tree search #10, logLikelihood: -3499.494070
[00:00:24] ML tree search #11, logLikelihood: -3490.357456
[00:00:25] ML tree search #12, logLikelihood: -3494.248950
[00:00:27] ML tree search #13, logLikelihood: -3488.761992
[00:00:28] ML tree search #14, logLikelihood: -3485.390867
[00:00:30] ML tree search #15, logLikelihood: -3489.213329
[00:00:33] ML tree search #16, logLikelihood: -3489.213321
[00:00:35] ML tree search #17, logLikelihood: -3485.231226
[00:00:37] ML tree search #18, logLikelihood: -3490.520415
[00:00:38] ML tree search #19, logLikelihood: -3486.791434
[00:00:40] ML tree search #20, logLikelihood: -3490.673995

Optimized model parameters:

   Partition 0: noname
   Rate heterogeneity: GAMMA (4 cats, mean),  alpha: 0.020139 (ML),  weights&rates: (0.250000,0.000000) (0.250000,0.000000) (0.250000,0.000001) (0.250000,3.999999) 
   Base frequencies (ML): 0.315324 0.192326 0.266174 0.226176 
   Substitution rates (ML): 1.716058 3.789618 1.762155 0.641195 8.518150 1.000000 

Final LogLikelihood: -3485.231167

AIC score: 7374.462334 / AICc score: 7427.925177 / BIC score: 8477.365117
Free parameters (model + branch lengths): 202

Best ML tree saved to: /home/homma/Desktop/coding/github/pos_selection_pipeline/tomato_pipeline/pipeline/LOC/raxml-ng/LOC101245387_prot_linear_multi_sl25_prt_codonAlignment.raxml.bestTree
All ML trees saved to: /home/homma/Desktop/coding/github/pos_selection_pipeline/tomato_pipeline/pipeline/LOC/raxml-ng/LOC101245387_prot_linear_multi_sl25_prt_codonAlignment.raxml.mlTrees
Optimized model saved to: /home/homma/Desktop/coding/github/pos_selection_pipeline/tomato_pipeline/pipeline/LOC/raxml-ng/LOC101245387_prot_linear_multi_sl25_prt_codonAlignment.raxml.bestModel

Execution log saved to: /home/homma/Desktop/coding/github/pos_selection_pipeline/tomato_pipeline/pipeline/LOC/raxml-ng/LOC101245387_prot_linear_multi_sl25_prt_codonAlignment.raxml.log

Analysis started: 01-Mar-2020 20:42:00 / finished: 01-Mar-2020 20:42:40

Elapsed time: 40.566 seconds

