
RAxML-NG v. 0.8.1 BETA released on 05.03.2019 by The Exelixis Lab.
Authors: Alexey Kozlov, Alexandros Stamatakis, Diego Darriba, Tomas Flouri, Benoit Morel.
Latest version: https://github.com/amkozlov/raxml-ng
Questions/problems/suggestions? Please visit: https://groups.google.com/forum/#!forum/raxml

WARNING: This is a BETA release, please use at your own risk!

RAxML-NG was called at 01-Mar-2020 20:08:48 as follows:

raxml-ng --msa LOC101252192_prot_linear_multi_sl25_prt_codonAlignment.fasta --prefix LOC101252192_prot_linear_multi_sl25_prt_codonAlignment --model GTR+G --seed 123 --bs-tree 100 --force

Analysis options:
  run mode: ML tree search
  start tree(s): random (10) + parsimony (10)
  random seed: 123
  tip-inner: OFF
  pattern compression: ON
  per-rate scalers: OFF
  site repeats: ON
  fast spr radius: AUTO
  spr subtree cutoff: 1.000000
  branch lengths: proportional (ML estimate, algorithm: NR-FAST)
  SIMD kernels: AVX2
  parallelization: PTHREADS (6 threads), thread pinning: OFF

WARNING: Running in FORCE mode: all safety checks are disabled!

[00:00:00] Reading alignment from file: LOC101252192_prot_linear_multi_sl25_prt_codonAlignment.fasta
[00:00:00] Loaded alignment with 117 taxa and 1383 sites

Alignment comprises 1 partitions and 56 patterns

Partition 0: noname
Model: GTR+FO+G4m
Alignment sites / patterns: 1383 / 56
Gaps: 0.00 %
Invariant sites: 95.73 %


NOTE: Binary MSA file created: LOC101252192_prot_linear_multi_sl25_prt_codonAlignment.raxml.rba

[00:00:00] Generating 10 random starting tree(s) with 117 taxa
[00:00:00] Generating 10 parsimony starting tree(s) with 117 taxa
[00:00:00] Data distribution: max. partitions/sites/weight per thread: 1 / 10 / 160

Starting ML tree search with 20 distinct starting trees

[00:00:02] ML tree search #1, logLikelihood: -2533.996941
[00:00:04] ML tree search #2, logLikelihood: -2537.301620
[00:00:07] ML tree search #3, logLikelihood: -2533.607054
[00:00:09] ML tree search #4, logLikelihood: -2549.998315
[00:00:11] ML tree search #5, logLikelihood: -2540.112756
[00:00:14] ML tree search #6, logLikelihood: -2546.256391
[00:00:18] ML tree search #7, logLikelihood: -2533.607006
[00:00:22] ML tree search #8, logLikelihood: -2533.607026
[00:00:24] ML tree search #9, logLikelihood: -2533.607039
[00:00:26] ML tree search #10, logLikelihood: -2533.607053
[00:00:27] ML tree search #11, logLikelihood: -2542.287664
[00:00:28] ML tree search #12, logLikelihood: -2539.775944
[00:00:29] ML tree search #13, logLikelihood: -2533.393795
[00:00:30] ML tree search #14, logLikelihood: -2533.533269
[00:00:31] ML tree search #15, logLikelihood: -2533.533278
[00:00:33] ML tree search #16, logLikelihood: -2540.616762
[00:00:34] ML tree search #17, logLikelihood: -2539.826022
[00:00:35] ML tree search #18, logLikelihood: -2539.776030
[00:00:38] ML tree search #19, logLikelihood: -2533.783398
[00:00:40] ML tree search #20, logLikelihood: -2533.353710

Optimized model parameters:

   Partition 0: noname
   Rate heterogeneity: GAMMA (4 cats, mean),  alpha: 0.020140 (ML),  weights&rates: (0.250000,0.000000) (0.250000,0.000000) (0.250000,0.000001) (0.250000,3.999999) 
   Base frequencies (ML): 0.280048 0.196871 0.231029 0.292052 
   Substitution rates (ML): 0.716971 2.593102 3.138564 0.415226 4.833354 1.000000 

Final LogLikelihood: -2533.353710

AIC score: 5546.707421 / AICc score: 5648.003393 / BIC score: 6802.389901
Free parameters (model + branch lengths): 240

Best ML tree saved to: /home/homma/Desktop/coding/github/pos_selection_pipeline/tomato_pipeline/pipeline/LOC/raxml-ng/LOC101252192_prot_linear_multi_sl25_prt_codonAlignment.raxml.bestTree
All ML trees saved to: /home/homma/Desktop/coding/github/pos_selection_pipeline/tomato_pipeline/pipeline/LOC/raxml-ng/LOC101252192_prot_linear_multi_sl25_prt_codonAlignment.raxml.mlTrees
Optimized model saved to: /home/homma/Desktop/coding/github/pos_selection_pipeline/tomato_pipeline/pipeline/LOC/raxml-ng/LOC101252192_prot_linear_multi_sl25_prt_codonAlignment.raxml.bestModel

Execution log saved to: /home/homma/Desktop/coding/github/pos_selection_pipeline/tomato_pipeline/pipeline/LOC/raxml-ng/LOC101252192_prot_linear_multi_sl25_prt_codonAlignment.raxml.log

Analysis started: 01-Mar-2020 20:08:48 / finished: 01-Mar-2020 20:09:28

Elapsed time: 40.290 seconds

