
RAxML-NG v. 0.8.1 BETA released on 05.03.2019 by The Exelixis Lab.
Authors: Alexey Kozlov, Alexandros Stamatakis, Diego Darriba, Tomas Flouri, Benoit Morel.
Latest version: https://github.com/amkozlov/raxml-ng
Questions/problems/suggestions? Please visit: https://groups.google.com/forum/#!forum/raxml

WARNING: This is a BETA release, please use at your own risk!

RAxML-NG was called at 01-Mar-2020 21:12:01 as follows:

raxml-ng --msa LOC101262903_prot_linear_multi_sl25_prt_codonAlignment.fasta --prefix LOC101262903_prot_linear_multi_sl25_prt_codonAlignment --model GTR+G --seed 123 --bs-tree 100 --force

Analysis options:
  run mode: ML tree search
  start tree(s): random (10) + parsimony (10)
  random seed: 123
  tip-inner: OFF
  pattern compression: ON
  per-rate scalers: OFF
  site repeats: ON
  fast spr radius: AUTO
  spr subtree cutoff: 1.000000
  branch lengths: proportional (ML estimate, algorithm: NR-FAST)
  SIMD kernels: AVX2
  parallelization: PTHREADS (6 threads), thread pinning: OFF

WARNING: Running in FORCE mode: all safety checks are disabled!

[00:00:00] Reading alignment from file: LOC101262903_prot_linear_multi_sl25_prt_codonAlignment.fasta
[00:00:00] Loaded alignment with 88 taxa and 663 sites

Alignment comprises 1 partitions and 64 patterns

Partition 0: noname
Model: GTR+FO+G4m
Alignment sites / patterns: 663 / 64
Gaps: 0.00 %
Invariant sites: 90.95 %


NOTE: Binary MSA file created: LOC101262903_prot_linear_multi_sl25_prt_codonAlignment.raxml.rba

[00:00:00] Generating 10 random starting tree(s) with 88 taxa
[00:00:00] Generating 10 parsimony starting tree(s) with 88 taxa
[00:00:00] Data distribution: max. partitions/sites/weight per thread: 1 / 11 / 176

Starting ML tree search with 20 distinct starting trees

[00:00:01] ML tree search #1, logLikelihood: -1682.638935
[00:00:02] ML tree search #2, logLikelihood: -1698.562951
[00:00:05] ML tree search #3, logLikelihood: -1696.017936
[00:00:06] ML tree search #4, logLikelihood: -1685.362579
[00:00:08] ML tree search #5, logLikelihood: -1684.169021
[00:00:09] ML tree search #6, logLikelihood: -1683.788202
[00:00:11] ML tree search #7, logLikelihood: -1683.321402
[00:00:12] ML tree search #8, logLikelihood: -1683.988946
[00:00:14] ML tree search #9, logLikelihood: -1682.485289
[00:00:15] ML tree search #10, logLikelihood: -1683.988968
[00:00:16] ML tree search #11, logLikelihood: -1691.061479
[00:00:17] ML tree search #12, logLikelihood: -1682.978490
[00:00:18] ML tree search #13, logLikelihood: -1680.635626
[00:00:19] ML tree search #14, logLikelihood: -1684.234222
[00:00:20] ML tree search #15, logLikelihood: -1683.857452
[00:00:21] ML tree search #16, logLikelihood: -1695.096301
[00:00:22] ML tree search #17, logLikelihood: -1680.842196
[00:00:23] ML tree search #18, logLikelihood: -1684.611545
[00:00:24] ML tree search #19, logLikelihood: -1689.058825
[00:00:25] ML tree search #20, logLikelihood: -1683.321385

Optimized model parameters:

   Partition 0: noname
   Rate heterogeneity: GAMMA (4 cats, mean),  alpha: 0.020121 (ML),  weights&rates: (0.250000,0.000000) (0.250000,0.000000) (0.250000,0.000001) (0.250000,3.999999) 
   Base frequencies (ML): 0.267039 0.172873 0.217368 0.342720 
   Substitution rates (ML): 1.666128 3.372670 0.766233 4.656499 3.913612 1.000000 

Final LogLikelihood: -1680.635626

AIC score: 3725.271252 / AICc score: 3864.046252 / BIC score: 4543.684301
Free parameters (model + branch lengths): 182

Best ML tree saved to: /home/homma/Desktop/coding/github/pos_selection_pipeline/tomato_pipeline/pipeline/LOC/raxml-ng/LOC101262903_prot_linear_multi_sl25_prt_codonAlignment.raxml.bestTree
All ML trees saved to: /home/homma/Desktop/coding/github/pos_selection_pipeline/tomato_pipeline/pipeline/LOC/raxml-ng/LOC101262903_prot_linear_multi_sl25_prt_codonAlignment.raxml.mlTrees
Optimized model saved to: /home/homma/Desktop/coding/github/pos_selection_pipeline/tomato_pipeline/pipeline/LOC/raxml-ng/LOC101262903_prot_linear_multi_sl25_prt_codonAlignment.raxml.bestModel

Execution log saved to: /home/homma/Desktop/coding/github/pos_selection_pipeline/tomato_pipeline/pipeline/LOC/raxml-ng/LOC101262903_prot_linear_multi_sl25_prt_codonAlignment.raxml.log

Analysis started: 01-Mar-2020 21:12:01 / finished: 01-Mar-2020 21:12:26

Elapsed time: 25.412 seconds

