
RAxML-NG v. 0.8.1 BETA released on 05.03.2019 by The Exelixis Lab.
Authors: Alexey Kozlov, Alexandros Stamatakis, Diego Darriba, Tomas Flouri, Benoit Morel.
Latest version: https://github.com/amkozlov/raxml-ng
Questions/problems/suggestions? Please visit: https://groups.google.com/forum/#!forum/raxml

WARNING: This is a BETA release, please use at your own risk!

RAxML-NG was called at 01-Mar-2020 20:44:12 as follows:

raxml-ng --msa LOC101262296_prot_linear_multi_sl25_prt_codonAlignment.fasta --prefix LOC101262296_prot_linear_multi_sl25_prt_codonAlignment --model GTR+G --seed 123 --bs-tree 100 --force

Analysis options:
  run mode: ML tree search
  start tree(s): random (10) + parsimony (10)
  random seed: 123
  tip-inner: OFF
  pattern compression: ON
  per-rate scalers: OFF
  site repeats: ON
  fast spr radius: AUTO
  spr subtree cutoff: 1.000000
  branch lengths: proportional (ML estimate, algorithm: NR-FAST)
  SIMD kernels: AVX2
  parallelization: PTHREADS (6 threads), thread pinning: OFF

WARNING: Running in FORCE mode: all safety checks are disabled!

[00:00:00] Reading alignment from file: LOC101262296_prot_linear_multi_sl25_prt_codonAlignment.fasta
[00:00:00] Loaded alignment with 90 taxa and 741 sites

Alignment comprises 1 partitions and 77 patterns

Partition 0: noname
Model: GTR+FO+G4m
Alignment sites / patterns: 741 / 77
Gaps: 0.40 %
Invariant sites: 89.88 %


NOTE: Binary MSA file created: LOC101262296_prot_linear_multi_sl25_prt_codonAlignment.raxml.rba

[00:00:00] Generating 10 random starting tree(s) with 90 taxa
[00:00:00] Generating 10 parsimony starting tree(s) with 90 taxa
[00:00:00] Data distribution: max. partitions/sites/weight per thread: 1 / 13 / 208

Starting ML tree search with 20 distinct starting trees

[00:00:02] ML tree search #1, logLikelihood: -1938.334874
[00:00:05] ML tree search #2, logLikelihood: -1940.241527
[00:00:07] ML tree search #3, logLikelihood: -1940.867020
[00:00:10] ML tree search #4, logLikelihood: -1941.155766
[00:00:13] ML tree search #5, logLikelihood: -1941.155444
[00:00:15] ML tree search #6, logLikelihood: -1943.795374
[00:00:18] ML tree search #7, logLikelihood: -1950.920153
[00:00:21] ML tree search #8, logLikelihood: -1938.833192
[00:00:23] ML tree search #9, logLikelihood: -1938.169498
[00:00:25] ML tree search #10, logLikelihood: -1941.155565
[00:00:27] ML tree search #11, logLikelihood: -1944.735876
[00:00:29] ML tree search #12, logLikelihood: -1943.509146
[00:00:31] ML tree search #13, logLikelihood: -1939.898525
[00:00:33] ML tree search #14, logLikelihood: -1936.213193
[00:00:36] ML tree search #15, logLikelihood: -1939.928932
[00:00:38] ML tree search #16, logLikelihood: -1940.052755
[00:00:41] ML tree search #17, logLikelihood: -1940.865472
[00:00:42] ML tree search #18, logLikelihood: -1937.515560
[00:00:46] ML tree search #19, logLikelihood: -1940.353207
[00:00:49] ML tree search #20, logLikelihood: -1936.451556

Optimized model parameters:

   Partition 0: noname
   Rate heterogeneity: GAMMA (4 cats, mean),  alpha: 0.020123 (ML),  weights&rates: (0.250000,0.000000) (0.250000,0.000000) (0.250000,0.000001) (0.250000,3.999999) 
   Base frequencies (ML): 0.289855 0.170561 0.211719 0.327866 
   Substitution rates (ML): 0.374250 5.226049 0.443814 4.738556 2.791251 1.000000 

Final LogLikelihood: -1936.213193

AIC score: 4244.426386 / AICc score: 4369.993173 / BIC score: 5101.514503
Free parameters (model + branch lengths): 186

Best ML tree saved to: /home/homma/Desktop/coding/github/pos_selection_pipeline/tomato_pipeline/pipeline/LOC/raxml-ng/LOC101262296_prot_linear_multi_sl25_prt_codonAlignment.raxml.bestTree
All ML trees saved to: /home/homma/Desktop/coding/github/pos_selection_pipeline/tomato_pipeline/pipeline/LOC/raxml-ng/LOC101262296_prot_linear_multi_sl25_prt_codonAlignment.raxml.mlTrees
Optimized model saved to: /home/homma/Desktop/coding/github/pos_selection_pipeline/tomato_pipeline/pipeline/LOC/raxml-ng/LOC101262296_prot_linear_multi_sl25_prt_codonAlignment.raxml.bestModel

Execution log saved to: /home/homma/Desktop/coding/github/pos_selection_pipeline/tomato_pipeline/pipeline/LOC/raxml-ng/LOC101262296_prot_linear_multi_sl25_prt_codonAlignment.raxml.log

Analysis started: 01-Mar-2020 20:44:12 / finished: 01-Mar-2020 20:45:01

Elapsed time: 49.139 seconds

