
RAxML-NG v. 0.8.1 BETA released on 05.03.2019 by The Exelixis Lab.
Authors: Alexey Kozlov, Alexandros Stamatakis, Diego Darriba, Tomas Flouri, Benoit Morel.
Latest version: https://github.com/amkozlov/raxml-ng
Questions/problems/suggestions? Please visit: https://groups.google.com/forum/#!forum/raxml

WARNING: This is a BETA release, please use at your own risk!

RAxML-NG was called at 01-Mar-2020 20:51:32 as follows:

raxml-ng --msa LOC101268498_prot_linear_multi_sl25_prt_codonAlignment.fasta --prefix LOC101268498_prot_linear_multi_sl25_prt_codonAlignment --model GTR+G --seed 123 --bs-tree 100 --force

Analysis options:
  run mode: ML tree search
  start tree(s): random (10) + parsimony (10)
  random seed: 123
  tip-inner: OFF
  pattern compression: ON
  per-rate scalers: OFF
  site repeats: ON
  fast spr radius: AUTO
  spr subtree cutoff: 1.000000
  branch lengths: proportional (ML estimate, algorithm: NR-FAST)
  SIMD kernels: AVX2
  parallelization: PTHREADS (6 threads), thread pinning: OFF

WARNING: Running in FORCE mode: all safety checks are disabled!

[00:00:00] Reading alignment from file: LOC101268498_prot_linear_multi_sl25_prt_codonAlignment.fasta
[00:00:00] Loaded alignment with 116 taxa and 1776 sites

Alignment comprises 1 partitions and 77 patterns

Partition 0: noname
Model: GTR+FO+G4m
Alignment sites / patterns: 1776 / 77
Gaps: 0.00 %
Invariant sites: 95.50 %


NOTE: Binary MSA file created: LOC101268498_prot_linear_multi_sl25_prt_codonAlignment.raxml.rba

[00:00:00] Generating 10 random starting tree(s) with 116 taxa
[00:00:00] Generating 10 parsimony starting tree(s) with 116 taxa
[00:00:00] Data distribution: max. partitions/sites/weight per thread: 1 / 13 / 208

Starting ML tree search with 20 distinct starting trees

[00:00:03] ML tree search #1, logLikelihood: -3317.416932
[00:00:07] ML tree search #2, logLikelihood: -3318.668982
[00:00:11] ML tree search #3, logLikelihood: -3318.669024
[00:00:16] ML tree search #4, logLikelihood: -3325.584860
[00:00:19] ML tree search #5, logLikelihood: -3322.937909
[00:00:23] ML tree search #6, logLikelihood: -3325.584827
[00:00:26] ML tree search #7, logLikelihood: -3317.719700
[00:00:30] ML tree search #8, logLikelihood: -3325.584789
[00:00:34] ML tree search #9, logLikelihood: -3318.967266
[00:00:37] ML tree search #10, logLikelihood: -3325.965891
[00:00:38] ML tree search #11, logLikelihood: -3317.719722
[00:00:40] ML tree search #12, logLikelihood: -3318.944180
[00:00:42] ML tree search #13, logLikelihood: -3319.260487
[00:00:44] ML tree search #14, logLikelihood: -3319.150418
[00:00:45] ML tree search #15, logLikelihood: -3317.719716
[00:00:46] ML tree search #16, logLikelihood: -3320.554693
[00:00:48] ML tree search #17, logLikelihood: -3319.085649
[00:00:50] ML tree search #18, logLikelihood: -3319.150405
[00:00:52] ML tree search #19, logLikelihood: -3332.074404
[00:00:53] ML tree search #20, logLikelihood: -3324.672636

Optimized model parameters:

   Partition 0: noname
   Rate heterogeneity: GAMMA (4 cats, mean),  alpha: 0.020140 (ML),  weights&rates: (0.250000,0.000000) (0.250000,0.000000) (0.250000,0.000001) (0.250000,3.999999) 
   Base frequencies (ML): 0.303470 0.180593 0.223568 0.292369 
   Substitution rates (ML): 0.753153 3.492803 0.611507 0.244535 3.887617 1.000000 

Final LogLikelihood: -3317.416932

AIC score: 7110.833863 / AICc score: 7184.850780 / BIC score: 8415.578167
Free parameters (model + branch lengths): 238

Best ML tree saved to: /home/homma/Desktop/coding/github/pos_selection_pipeline/tomato_pipeline/pipeline/LOC/raxml-ng/LOC101268498_prot_linear_multi_sl25_prt_codonAlignment.raxml.bestTree
All ML trees saved to: /home/homma/Desktop/coding/github/pos_selection_pipeline/tomato_pipeline/pipeline/LOC/raxml-ng/LOC101268498_prot_linear_multi_sl25_prt_codonAlignment.raxml.mlTrees
Optimized model saved to: /home/homma/Desktop/coding/github/pos_selection_pipeline/tomato_pipeline/pipeline/LOC/raxml-ng/LOC101268498_prot_linear_multi_sl25_prt_codonAlignment.raxml.bestModel

Execution log saved to: /home/homma/Desktop/coding/github/pos_selection_pipeline/tomato_pipeline/pipeline/LOC/raxml-ng/LOC101268498_prot_linear_multi_sl25_prt_codonAlignment.raxml.log

Analysis started: 01-Mar-2020 20:51:32 / finished: 01-Mar-2020 20:52:26

Elapsed time: 53.516 seconds

