
RAxML-NG v. 0.8.1 BETA released on 05.03.2019 by The Exelixis Lab.
Authors: Alexey Kozlov, Alexandros Stamatakis, Diego Darriba, Tomas Flouri, Benoit Morel.
Latest version: https://github.com/amkozlov/raxml-ng
Questions/problems/suggestions? Please visit: https://groups.google.com/forum/#!forum/raxml

WARNING: This is a BETA release, please use at your own risk!

RAxML-NG was called at 01-Mar-2020 20:37:21 as follows:

raxml-ng --msa LOC101243958_prot_linear_multi_sl25_prt_codonAlignment.fasta --prefix LOC101243958_prot_linear_multi_sl25_prt_codonAlignment --model GTR+G --seed 123 --bs-tree 100 --force

Analysis options:
  run mode: ML tree search
  start tree(s): random (10) + parsimony (10)
  random seed: 123
  tip-inner: OFF
  pattern compression: ON
  per-rate scalers: OFF
  site repeats: ON
  fast spr radius: AUTO
  spr subtree cutoff: 1.000000
  branch lengths: proportional (ML estimate, algorithm: NR-FAST)
  SIMD kernels: AVX2
  parallelization: PTHREADS (6 threads), thread pinning: OFF

WARNING: Running in FORCE mode: all safety checks are disabled!

[00:00:00] Reading alignment from file: LOC101243958_prot_linear_multi_sl25_prt_codonAlignment.fasta
[00:00:00] Loaded alignment with 122 taxa and 540 sites

Alignment comprises 1 partitions and 29 patterns

Partition 0: noname
Model: GTR+FO+G4m
Alignment sites / patterns: 540 / 29
Gaps: 0.00 %
Invariant sites: 95.37 %


NOTE: Binary MSA file created: LOC101243958_prot_linear_multi_sl25_prt_codonAlignment.raxml.rba

[00:00:00] Generating 10 random starting tree(s) with 122 taxa
[00:00:00] Generating 10 parsimony starting tree(s) with 122 taxa
[00:00:00] Data distribution: max. partitions/sites/weight per thread: 1 / 5 / 80

Starting ML tree search with 20 distinct starting trees

[00:00:01] ML tree search #1, logLikelihood: -1009.009454
[00:00:03] ML tree search #2, logLikelihood: -1008.695924
[00:00:05] ML tree search #3, logLikelihood: -1009.008558
[00:00:06] ML tree search #4, logLikelihood: -1009.281955
[00:00:08] ML tree search #5, logLikelihood: -1009.282152
[00:00:11] ML tree search #6, logLikelihood: -1009.356592
[00:00:12] ML tree search #7, logLikelihood: -1009.008565
[00:00:14] ML tree search #8, logLikelihood: -1009.304299
[00:00:16] ML tree search #9, logLikelihood: -1010.367172
[00:00:17] ML tree search #10, logLikelihood: -1008.696135
[00:00:18] ML tree search #11, logLikelihood: -1017.336392
[00:00:19] ML tree search #12, logLikelihood: -1009.648594
[00:00:20] ML tree search #13, logLikelihood: -1013.034614
[00:00:22] ML tree search #14, logLikelihood: -1010.833535
[00:00:23] ML tree search #15, logLikelihood: -1010.069049
[00:00:24] ML tree search #16, logLikelihood: -1009.008563
[00:00:25] ML tree search #17, logLikelihood: -1011.955233
[00:00:26] ML tree search #18, logLikelihood: -1009.281959
[00:00:26] ML tree search #19, logLikelihood: -1010.247309
[00:00:27] ML tree search #20, logLikelihood: -1009.008828

Optimized model parameters:

   Partition 0: noname
   Rate heterogeneity: GAMMA (4 cats, mean),  alpha: 0.020126 (ML),  weights&rates: (0.250000,0.000000) (0.250000,0.000000) (0.250000,0.000001) (0.250000,3.999999) 
   Base frequencies (ML): 0.303433 0.172497 0.284742 0.239329 
   Substitution rates (ML): 8.364758 10.339470 0.945593 1.387942 32.370121 1.000000 

Final LogLikelihood: -1008.695924

AIC score: 2517.391849 / AICc score: 2951.647904 / BIC score: 3590.284134
Free parameters (model + branch lengths): 250

Best ML tree saved to: /home/homma/Desktop/coding/github/pos_selection_pipeline/tomato_pipeline/pipeline/LOC/raxml-ng/LOC101243958_prot_linear_multi_sl25_prt_codonAlignment.raxml.bestTree
All ML trees saved to: /home/homma/Desktop/coding/github/pos_selection_pipeline/tomato_pipeline/pipeline/LOC/raxml-ng/LOC101243958_prot_linear_multi_sl25_prt_codonAlignment.raxml.mlTrees
Optimized model saved to: /home/homma/Desktop/coding/github/pos_selection_pipeline/tomato_pipeline/pipeline/LOC/raxml-ng/LOC101243958_prot_linear_multi_sl25_prt_codonAlignment.raxml.bestModel

Execution log saved to: /home/homma/Desktop/coding/github/pos_selection_pipeline/tomato_pipeline/pipeline/LOC/raxml-ng/LOC101243958_prot_linear_multi_sl25_prt_codonAlignment.raxml.log

Analysis started: 01-Mar-2020 20:37:21 / finished: 01-Mar-2020 20:37:49

Elapsed time: 27.844 seconds

