
RAxML-NG v. 0.8.1 BETA released on 05.03.2019 by The Exelixis Lab.
Authors: Alexey Kozlov, Alexandros Stamatakis, Diego Darriba, Tomas Flouri, Benoit Morel.
Latest version: https://github.com/amkozlov/raxml-ng
Questions/problems/suggestions? Please visit: https://groups.google.com/forum/#!forum/raxml

WARNING: This is a BETA release, please use at your own risk!

RAxML-NG was called at 01-Mar-2020 22:06:12 as follows:

raxml-ng --msa LOC101244246_prot_linear_multi_sl25_prt_codonAlignment.fasta --prefix LOC101244246_prot_linear_multi_sl25_prt_codonAlignment --model GTR+G --seed 123 --bs-tree 100 --force

Analysis options:
  run mode: ML tree search
  start tree(s): random (10) + parsimony (10)
  random seed: 123
  tip-inner: OFF
  pattern compression: ON
  per-rate scalers: OFF
  site repeats: ON
  fast spr radius: AUTO
  spr subtree cutoff: 1.000000
  branch lengths: proportional (ML estimate, algorithm: NR-FAST)
  SIMD kernels: AVX2
  parallelization: PTHREADS (6 threads), thread pinning: OFF

WARNING: Running in FORCE mode: all safety checks are disabled!

[00:00:00] Reading alignment from file: LOC101244246_prot_linear_multi_sl25_prt_codonAlignment.fasta
[00:00:00] Loaded alignment with 97 taxa and 984 sites

Alignment comprises 1 partitions and 60 patterns

Partition 0: noname
Model: GTR+FO+G4m
Alignment sites / patterns: 984 / 60
Gaps: 0.00 %
Invariant sites: 94.00 %


NOTE: Binary MSA file created: LOC101244246_prot_linear_multi_sl25_prt_codonAlignment.raxml.rba

[00:00:00] Generating 10 random starting tree(s) with 97 taxa
[00:00:00] Generating 10 parsimony starting tree(s) with 97 taxa
[00:00:00] Data distribution: max. partitions/sites/weight per thread: 1 / 10 / 160

Starting ML tree search with 20 distinct starting trees

[00:00:02] ML tree search #1, logLikelihood: -1968.512543
[00:00:03] ML tree search #2, logLikelihood: -1968.512547
[00:00:06] ML tree search #3, logLikelihood: -1986.941482
[00:00:08] ML tree search #4, logLikelihood: -1968.512540
[00:00:09] ML tree search #5, logLikelihood: -1986.941527
[00:00:11] ML tree search #6, logLikelihood: -1968.512542
[00:00:13] ML tree search #7, logLikelihood: -1972.461993
[00:00:14] ML tree search #8, logLikelihood: -1972.461998
[00:00:17] ML tree search #9, logLikelihood: -1972.556316
[00:00:19] ML tree search #10, logLikelihood: -1968.512544
[00:00:20] ML tree search #11, logLikelihood: -1974.383978
[00:00:20] ML tree search #12, logLikelihood: -1975.280109
[00:00:21] ML tree search #13, logLikelihood: -1972.461992
[00:00:22] ML tree search #14, logLikelihood: -1972.461989
[00:00:22] ML tree search #15, logLikelihood: -1968.512539
[00:00:23] ML tree search #16, logLikelihood: -1974.383980
[00:00:24] ML tree search #17, logLikelihood: -1968.512543
[00:00:24] ML tree search #18, logLikelihood: -1972.461991
[00:00:25] ML tree search #19, logLikelihood: -1968.512542
[00:00:26] ML tree search #20, logLikelihood: -1972.461992

Optimized model parameters:

   Partition 0: noname
   Rate heterogeneity: GAMMA (4 cats, mean),  alpha: 0.020139 (ML),  weights&rates: (0.250000,0.000000) (0.250000,0.000000) (0.250000,0.000001) (0.250000,3.999999) 
   Base frequencies (ML): 0.260456 0.248904 0.203638 0.287002 
   Substitution rates (ML): 1.173520 1.303092 0.415679 0.432714 1.257010 1.000000 

Final LogLikelihood: -1968.512539

AIC score: 4337.025079 / AICc score: 4439.707071 / BIC score: 5315.350258
Free parameters (model + branch lengths): 200

Best ML tree saved to: /home/homma/Desktop/coding/github/pos_selection_pipeline/tomato_pipeline/pipeline/LOC/raxml-ng/LOC101244246_prot_linear_multi_sl25_prt_codonAlignment.raxml.bestTree
All ML trees saved to: /home/homma/Desktop/coding/github/pos_selection_pipeline/tomato_pipeline/pipeline/LOC/raxml-ng/LOC101244246_prot_linear_multi_sl25_prt_codonAlignment.raxml.mlTrees
Optimized model saved to: /home/homma/Desktop/coding/github/pos_selection_pipeline/tomato_pipeline/pipeline/LOC/raxml-ng/LOC101244246_prot_linear_multi_sl25_prt_codonAlignment.raxml.bestModel

Execution log saved to: /home/homma/Desktop/coding/github/pos_selection_pipeline/tomato_pipeline/pipeline/LOC/raxml-ng/LOC101244246_prot_linear_multi_sl25_prt_codonAlignment.raxml.log

Analysis started: 01-Mar-2020 22:06:12 / finished: 01-Mar-2020 22:06:38

Elapsed time: 26.391 seconds

