
RAxML-NG v. 0.8.1 BETA released on 05.03.2019 by The Exelixis Lab.
Authors: Alexey Kozlov, Alexandros Stamatakis, Diego Darriba, Tomas Flouri, Benoit Morel.
Latest version: https://github.com/amkozlov/raxml-ng
Questions/problems/suggestions? Please visit: https://groups.google.com/forum/#!forum/raxml

WARNING: This is a BETA release, please use at your own risk!

RAxML-NG was called at 01-Mar-2020 20:59:06 as follows:

raxml-ng --msa LOC101251765_prot_linear_multi_sl25_prt_codonAlignment.fasta --prefix LOC101251765_prot_linear_multi_sl25_prt_codonAlignment --model GTR+G --seed 123 --bs-tree 100 --force

Analysis options:
  run mode: ML tree search
  start tree(s): random (10) + parsimony (10)
  random seed: 123
  tip-inner: OFF
  pattern compression: ON
  per-rate scalers: OFF
  site repeats: ON
  fast spr radius: AUTO
  spr subtree cutoff: 1.000000
  branch lengths: proportional (ML estimate, algorithm: NR-FAST)
  SIMD kernels: AVX2
  parallelization: PTHREADS (6 threads), thread pinning: OFF

WARNING: Running in FORCE mode: all safety checks are disabled!

[00:00:00] Reading alignment from file: LOC101251765_prot_linear_multi_sl25_prt_codonAlignment.fasta
[00:00:00] Loaded alignment with 95 taxa and 2169 sites

Alignment comprises 1 partitions and 109 patterns

Partition 0: noname
Model: GTR+FO+G4m
Alignment sites / patterns: 2169 / 109
Gaps: 0.00 %
Invariant sites: 94.47 %


NOTE: Binary MSA file created: LOC101251765_prot_linear_multi_sl25_prt_codonAlignment.raxml.rba

[00:00:00] Generating 10 random starting tree(s) with 95 taxa
[00:00:00] Generating 10 parsimony starting tree(s) with 95 taxa
[00:00:00] Data distribution: max. partitions/sites/weight per thread: 1 / 19 / 304

Starting ML tree search with 20 distinct starting trees

[00:00:02] ML tree search #1, logLikelihood: -4476.281173
[00:00:04] ML tree search #2, logLikelihood: -4477.218872
[00:00:08] ML tree search #3, logLikelihood: -4476.569490
[00:00:11] ML tree search #4, logLikelihood: -4479.242032
[00:00:16] ML tree search #5, logLikelihood: -4477.406201
[00:00:18] ML tree search #6, logLikelihood: -4476.304459
[00:00:23] ML tree search #7, logLikelihood: -4476.330326
[00:00:27] ML tree search #8, logLikelihood: -4475.462592
[00:00:31] ML tree search #9, logLikelihood: -4476.352398
[00:00:33] ML tree search #10, logLikelihood: -4480.156480
[00:00:36] ML tree search #11, logLikelihood: -4478.077513
[00:00:37] ML tree search #12, logLikelihood: -4477.674919
[00:00:39] ML tree search #13, logLikelihood: -4481.263918
[00:00:41] ML tree search #14, logLikelihood: -4479.385526
[00:00:43] ML tree search #15, logLikelihood: -4475.990136
[00:00:47] ML tree search #16, logLikelihood: -4476.489696
[00:00:48] ML tree search #17, logLikelihood: -4474.783893
[00:00:49] ML tree search #18, logLikelihood: -4476.979903
[00:00:53] ML tree search #19, logLikelihood: -4474.730607
[00:00:54] ML tree search #20, logLikelihood: -4482.847978

Optimized model parameters:

   Partition 0: noname
   Rate heterogeneity: GAMMA (4 cats, mean),  alpha: 0.020140 (ML),  weights&rates: (0.250000,0.000000) (0.250000,0.000000) (0.250000,0.000001) (0.250000,3.999999) 
   Base frequencies (ML): 0.304938 0.193731 0.229542 0.271788 
   Substitution rates (ML): 0.801417 2.266705 0.888465 0.975238 2.374552 1.000000 

Final LogLikelihood: -4474.730607

AIC score: 9341.461215 / AICc score: 9380.621458 / BIC score: 10455.137431
Free parameters (model + branch lengths): 196

Best ML tree saved to: /home/homma/Desktop/coding/github/pos_selection_pipeline/tomato_pipeline/pipeline/LOC/raxml-ng/LOC101251765_prot_linear_multi_sl25_prt_codonAlignment.raxml.bestTree
All ML trees saved to: /home/homma/Desktop/coding/github/pos_selection_pipeline/tomato_pipeline/pipeline/LOC/raxml-ng/LOC101251765_prot_linear_multi_sl25_prt_codonAlignment.raxml.mlTrees
Optimized model saved to: /home/homma/Desktop/coding/github/pos_selection_pipeline/tomato_pipeline/pipeline/LOC/raxml-ng/LOC101251765_prot_linear_multi_sl25_prt_codonAlignment.raxml.bestModel

Execution log saved to: /home/homma/Desktop/coding/github/pos_selection_pipeline/tomato_pipeline/pipeline/LOC/raxml-ng/LOC101251765_prot_linear_multi_sl25_prt_codonAlignment.raxml.log

Analysis started: 01-Mar-2020 20:59:06 / finished: 01-Mar-2020 21:00:00

Elapsed time: 54.785 seconds

