
RAxML-NG v. 0.8.1 BETA released on 05.03.2019 by The Exelixis Lab.
Authors: Alexey Kozlov, Alexandros Stamatakis, Diego Darriba, Tomas Flouri, Benoit Morel.
Latest version: https://github.com/amkozlov/raxml-ng
Questions/problems/suggestions? Please visit: https://groups.google.com/forum/#!forum/raxml

WARNING: This is a BETA release, please use at your own risk!

RAxML-NG was called at 01-Mar-2020 20:02:06 as follows:

raxml-ng --msa LOC101266326_prot_linear_multi_sl25_prt_codonAlignment.fasta --prefix LOC101266326_prot_linear_multi_sl25_prt_codonAlignment --model GTR+G --seed 123 --bs-tree 100 --force

Analysis options:
  run mode: ML tree search
  start tree(s): random (10) + parsimony (10)
  random seed: 123
  tip-inner: OFF
  pattern compression: ON
  per-rate scalers: OFF
  site repeats: ON
  fast spr radius: AUTO
  spr subtree cutoff: 1.000000
  branch lengths: proportional (ML estimate, algorithm: NR-FAST)
  SIMD kernels: AVX2
  parallelization: PTHREADS (6 threads), thread pinning: OFF

WARNING: Running in FORCE mode: all safety checks are disabled!

[00:00:00] Reading alignment from file: LOC101266326_prot_linear_multi_sl25_prt_codonAlignment.fasta
[00:00:00] Loaded alignment with 90 taxa and 438 sites

Alignment comprises 1 partitions and 51 patterns

Partition 0: noname
Model: GTR+FO+G4m
Alignment sites / patterns: 438 / 51
Gaps: 0.07 %
Invariant sites: 89.95 %


NOTE: Binary MSA file created: LOC101266326_prot_linear_multi_sl25_prt_codonAlignment.raxml.rba

[00:00:00] Generating 10 random starting tree(s) with 90 taxa
[00:00:00] Generating 10 parsimony starting tree(s) with 90 taxa
[00:00:00] Data distribution: max. partitions/sites/weight per thread: 1 / 9 / 144

Starting ML tree search with 20 distinct starting trees

[00:00:02] ML tree search #1, logLikelihood: -996.748259
[00:00:04] ML tree search #2, logLikelihood: -999.185961
[00:00:06] ML tree search #3, logLikelihood: -996.188791
[00:00:07] ML tree search #4, logLikelihood: -998.062009
[00:00:10] ML tree search #5, logLikelihood: -995.612569
[00:00:12] ML tree search #6, logLikelihood: -999.800621
[00:00:13] ML tree search #7, logLikelihood: -996.748238
[00:00:15] ML tree search #8, logLikelihood: -997.291897
[00:00:16] ML tree search #9, logLikelihood: -995.612626
[00:00:17] ML tree search #10, logLikelihood: -1008.575812
[00:00:18] ML tree search #11, logLikelihood: -997.359315
[00:00:20] ML tree search #12, logLikelihood: -996.748365
[00:00:22] ML tree search #13, logLikelihood: -996.748222
[00:00:23] ML tree search #14, logLikelihood: -999.755105
[00:00:24] ML tree search #15, logLikelihood: -996.748572
[00:00:25] ML tree search #16, logLikelihood: -996.748301
[00:00:26] ML tree search #17, logLikelihood: -997.291928
[00:00:27] ML tree search #18, logLikelihood: -996.188718
[00:00:29] ML tree search #19, logLikelihood: -995.612574
[00:00:31] ML tree search #20, logLikelihood: -999.215319

Optimized model parameters:

   Partition 0: noname
   Rate heterogeneity: GAMMA (4 cats, mean),  alpha: 0.020134 (ML),  weights&rates: (0.250000,0.000000) (0.250000,0.000000) (0.250000,0.000001) (0.250000,3.999999) 
   Base frequencies (ML): 0.344733 0.171682 0.190822 0.292763 
   Substitution rates (ML): 0.175835 5.318207 0.111059 0.001000 5.404553 1.000000 

Final LogLikelihood: -995.612569

AIC score: 2363.225137 / AICc score: 2640.372548 / BIC score: 3122.517855
Free parameters (model + branch lengths): 186

Best ML tree saved to: /home/homma/Desktop/coding/github/pos_selection_pipeline/tomato_pipeline/pipeline/LOC/raxml-ng/LOC101266326_prot_linear_multi_sl25_prt_codonAlignment.raxml.bestTree
All ML trees saved to: /home/homma/Desktop/coding/github/pos_selection_pipeline/tomato_pipeline/pipeline/LOC/raxml-ng/LOC101266326_prot_linear_multi_sl25_prt_codonAlignment.raxml.mlTrees
Optimized model saved to: /home/homma/Desktop/coding/github/pos_selection_pipeline/tomato_pipeline/pipeline/LOC/raxml-ng/LOC101266326_prot_linear_multi_sl25_prt_codonAlignment.raxml.bestModel

Execution log saved to: /home/homma/Desktop/coding/github/pos_selection_pipeline/tomato_pipeline/pipeline/LOC/raxml-ng/LOC101266326_prot_linear_multi_sl25_prt_codonAlignment.raxml.log

Analysis started: 01-Mar-2020 20:02:06 / finished: 01-Mar-2020 20:02:37

Elapsed time: 31.315 seconds

