
RAxML-NG v. 0.8.1 BETA released on 05.03.2019 by The Exelixis Lab.
Authors: Alexey Kozlov, Alexandros Stamatakis, Diego Darriba, Tomas Flouri, Benoit Morel.
Latest version: https://github.com/amkozlov/raxml-ng
Questions/problems/suggestions? Please visit: https://groups.google.com/forum/#!forum/raxml

WARNING: This is a BETA release, please use at your own risk!

RAxML-NG was called at 01-Mar-2020 21:33:54 as follows:

raxml-ng --msa LOC101249542_prot_linear_multi_sl25_prt_codonAlignment.fasta --prefix LOC101249542_prot_linear_multi_sl25_prt_codonAlignment --model GTR+G --seed 123 --bs-tree 100 --force

Analysis options:
  run mode: ML tree search
  start tree(s): random (10) + parsimony (10)
  random seed: 123
  tip-inner: OFF
  pattern compression: ON
  per-rate scalers: OFF
  site repeats: ON
  fast spr radius: AUTO
  spr subtree cutoff: 1.000000
  branch lengths: proportional (ML estimate, algorithm: NR-FAST)
  SIMD kernels: AVX2
  parallelization: PTHREADS (6 threads), thread pinning: OFF

WARNING: Running in FORCE mode: all safety checks are disabled!

[00:00:00] Reading alignment from file: LOC101249542_prot_linear_multi_sl25_prt_codonAlignment.fasta
[00:00:00] Loaded alignment with 124 taxa and 1254 sites

Alignment comprises 1 partitions and 70 patterns

Partition 0: noname
Model: GTR+FO+G4m
Alignment sites / patterns: 1254 / 70
Gaps: 0.00 %
Invariant sites: 94.34 %


NOTE: Binary MSA file created: LOC101249542_prot_linear_multi_sl25_prt_codonAlignment.raxml.rba

[00:00:00] Generating 10 random starting tree(s) with 124 taxa
[00:00:00] Generating 10 parsimony starting tree(s) with 124 taxa
[00:00:00] Data distribution: max. partitions/sites/weight per thread: 1 / 12 / 192

Starting ML tree search with 20 distinct starting trees

[00:00:07] ML tree search #1, logLikelihood: -2808.989605
[00:00:14] ML tree search #2, logLikelihood: -2809.721978
[00:00:23] ML tree search #3, logLikelihood: -2812.287272
[00:00:29] ML tree search #4, logLikelihood: -2814.321431
[00:00:35] ML tree search #5, logLikelihood: -2806.553974
[00:00:40] ML tree search #6, logLikelihood: -2824.065081
[00:00:43] ML tree search #7, logLikelihood: -2814.617792
[00:00:49] ML tree search #8, logLikelihood: -2814.984251
[00:00:55] ML tree search #9, logLikelihood: -2810.513771
[00:01:00] ML tree search #10, logLikelihood: -2826.957040
[00:01:02] ML tree search #11, logLikelihood: -2821.062867
[00:01:04] ML tree search #12, logLikelihood: -2812.937942
[00:01:07] ML tree search #13, logLikelihood: -2818.239498
[00:01:09] ML tree search #14, logLikelihood: -2813.948618
[00:01:12] ML tree search #15, logLikelihood: -2817.069039
[00:01:17] ML tree search #16, logLikelihood: -2814.401128
[00:01:19] ML tree search #17, logLikelihood: -2839.222329
[00:01:21] ML tree search #18, logLikelihood: -2818.230570
[00:01:24] ML tree search #19, logLikelihood: -2835.620903
[00:01:25] ML tree search #20, logLikelihood: -2830.303683

Optimized model parameters:

   Partition 0: noname
   Rate heterogeneity: GAMMA (4 cats, mean),  alpha: 0.020126 (ML),  weights&rates: (0.250000,0.000000) (0.250000,0.000000) (0.250000,0.000001) (0.250000,3.999999) 
   Base frequencies (ML): 0.301697 0.173664 0.260012 0.264628 
   Substitution rates (ML): 2.364257 6.155815 3.739569 4.417769 16.933964 1.000000 

Final LogLikelihood: -2806.553974

AIC score: 6121.107949 / AICc score: 6250.777618 / BIC score: 7425.167754
Free parameters (model + branch lengths): 254

Best ML tree saved to: /home/homma/Desktop/coding/github/pos_selection_pipeline/tomato_pipeline/pipeline/LOC/raxml-ng/LOC101249542_prot_linear_multi_sl25_prt_codonAlignment.raxml.bestTree
All ML trees saved to: /home/homma/Desktop/coding/github/pos_selection_pipeline/tomato_pipeline/pipeline/LOC/raxml-ng/LOC101249542_prot_linear_multi_sl25_prt_codonAlignment.raxml.mlTrees
Optimized model saved to: /home/homma/Desktop/coding/github/pos_selection_pipeline/tomato_pipeline/pipeline/LOC/raxml-ng/LOC101249542_prot_linear_multi_sl25_prt_codonAlignment.raxml.bestModel

Execution log saved to: /home/homma/Desktop/coding/github/pos_selection_pipeline/tomato_pipeline/pipeline/LOC/raxml-ng/LOC101249542_prot_linear_multi_sl25_prt_codonAlignment.raxml.log

Analysis started: 01-Mar-2020 21:33:54 / finished: 01-Mar-2020 21:35:20

Elapsed time: 85.886 seconds

