
RAxML-NG v. 0.8.1 BETA released on 05.03.2019 by The Exelixis Lab.
Authors: Alexey Kozlov, Alexandros Stamatakis, Diego Darriba, Tomas Flouri, Benoit Morel.
Latest version: https://github.com/amkozlov/raxml-ng
Questions/problems/suggestions? Please visit: https://groups.google.com/forum/#!forum/raxml

WARNING: This is a BETA release, please use at your own risk!

RAxML-NG was called at 01-Mar-2020 22:13:04 as follows:

raxml-ng --msa LOC101266414_prot_linear_multi_sl25_prt_codonAlignment.fasta --prefix LOC101266414_prot_linear_multi_sl25_prt_codonAlignment --model GTR+G --seed 123 --bs-tree 100 --force

Analysis options:
  run mode: ML tree search
  start tree(s): random (10) + parsimony (10)
  random seed: 123
  tip-inner: OFF
  pattern compression: ON
  per-rate scalers: OFF
  site repeats: ON
  fast spr radius: AUTO
  spr subtree cutoff: 1.000000
  branch lengths: proportional (ML estimate, algorithm: NR-FAST)
  SIMD kernels: AVX2
  parallelization: PTHREADS (6 threads), thread pinning: OFF

WARNING: Running in FORCE mode: all safety checks are disabled!

[00:00:00] Reading alignment from file: LOC101266414_prot_linear_multi_sl25_prt_codonAlignment.fasta
[00:00:00] Loaded alignment with 128 taxa and 1071 sites

Alignment comprises 1 partitions and 80 patterns

Partition 0: noname
Model: GTR+FO+G4m
Alignment sites / patterns: 1071 / 80
Gaps: 0.05 %
Invariant sites: 92.81 %


NOTE: Binary MSA file created: LOC101266414_prot_linear_multi_sl25_prt_codonAlignment.raxml.rba

[00:00:00] Generating 10 random starting tree(s) with 128 taxa
[00:00:00] Generating 10 parsimony starting tree(s) with 128 taxa
[00:00:00] Data distribution: max. partitions/sites/weight per thread: 1 / 14 / 224

Starting ML tree search with 20 distinct starting trees

[00:00:06] ML tree search #1, logLikelihood: -2429.400887
[00:00:11] ML tree search #2, logLikelihood: -2426.507497
[00:00:17] ML tree search #3, logLikelihood: -2429.458603
[00:00:23] ML tree search #4, logLikelihood: -2424.321551
[00:00:28] ML tree search #5, logLikelihood: -2423.198732
[00:00:35] ML tree search #6, logLikelihood: -2428.559650
[00:00:43] ML tree search #7, logLikelihood: -2423.961353
[00:00:49] ML tree search #8, logLikelihood: -2542.348396
[00:00:55] ML tree search #9, logLikelihood: -2428.699601
[00:00:59] ML tree search #10, logLikelihood: -2430.906669
[00:01:02] ML tree search #11, logLikelihood: -2436.449204
[00:01:04] ML tree search #12, logLikelihood: -2438.073171
[00:01:07] ML tree search #13, logLikelihood: -2426.480182
[00:01:11] ML tree search #14, logLikelihood: -2424.931394
[00:01:13] ML tree search #15, logLikelihood: -2431.784654
[00:01:15] ML tree search #16, logLikelihood: -2444.425689
[00:01:17] ML tree search #17, logLikelihood: -2439.643358
[00:01:19] ML tree search #18, logLikelihood: -2434.228307
[00:01:24] ML tree search #19, logLikelihood: -2429.684857
[00:01:27] ML tree search #20, logLikelihood: -2433.381849

Optimized model parameters:

   Partition 0: noname
   Rate heterogeneity: GAMMA (4 cats, mean),  alpha: 0.020124 (ML),  weights&rates: (0.250000,0.000000) (0.250000,0.000000) (0.250000,0.000001) (0.250000,3.999999) 
   Base frequencies (ML): 0.316107 0.147769 0.239972 0.296152 
   Substitution rates (ML): 1.431165 4.685829 1.797288 6.414433 11.550896 1.000000 

Final LogLikelihood: -2423.198732

AIC score: 5370.397465 / AICc score: 5540.956871 / BIC score: 6674.200659
Free parameters (model + branch lengths): 262

Best ML tree saved to: /home/homma/Desktop/coding/github/pos_selection_pipeline/tomato_pipeline/pipeline/LOC/raxml-ng/LOC101266414_prot_linear_multi_sl25_prt_codonAlignment.raxml.bestTree
All ML trees saved to: /home/homma/Desktop/coding/github/pos_selection_pipeline/tomato_pipeline/pipeline/LOC/raxml-ng/LOC101266414_prot_linear_multi_sl25_prt_codonAlignment.raxml.mlTrees
Optimized model saved to: /home/homma/Desktop/coding/github/pos_selection_pipeline/tomato_pipeline/pipeline/LOC/raxml-ng/LOC101266414_prot_linear_multi_sl25_prt_codonAlignment.raxml.bestModel

Execution log saved to: /home/homma/Desktop/coding/github/pos_selection_pipeline/tomato_pipeline/pipeline/LOC/raxml-ng/LOC101266414_prot_linear_multi_sl25_prt_codonAlignment.raxml.log

Analysis started: 01-Mar-2020 22:13:04 / finished: 01-Mar-2020 22:14:31

Elapsed time: 87.382 seconds

