
RAxML-NG v. 0.8.1 BETA released on 05.03.2019 by The Exelixis Lab.
Authors: Alexey Kozlov, Alexandros Stamatakis, Diego Darriba, Tomas Flouri, Benoit Morel.
Latest version: https://github.com/amkozlov/raxml-ng
Questions/problems/suggestions? Please visit: https://groups.google.com/forum/#!forum/raxml

WARNING: This is a BETA release, please use at your own risk!

RAxML-NG was called at 01-Mar-2020 20:06:54 as follows:

raxml-ng --msa LOC101248236_prot_linear_multi_sl25_prt_codonAlignment.fasta --prefix LOC101248236_prot_linear_multi_sl25_prt_codonAlignment --model GTR+G --seed 123 --bs-tree 100 --force

Analysis options:
  run mode: ML tree search
  start tree(s): random (10) + parsimony (10)
  random seed: 123
  tip-inner: OFF
  pattern compression: ON
  per-rate scalers: OFF
  site repeats: ON
  fast spr radius: AUTO
  spr subtree cutoff: 1.000000
  branch lengths: proportional (ML estimate, algorithm: NR-FAST)
  SIMD kernels: AVX2
  parallelization: PTHREADS (6 threads), thread pinning: OFF

WARNING: Running in FORCE mode: all safety checks are disabled!

[00:00:00] Reading alignment from file: LOC101248236_prot_linear_multi_sl25_prt_codonAlignment.fasta
[00:00:00] Loaded alignment with 81 taxa and 987 sites

Alignment comprises 1 partitions and 80 patterns

Partition 0: noname
Model: GTR+FO+G4m
Alignment sites / patterns: 987 / 80
Gaps: 0.30 %
Invariant sites: 92.30 %


NOTE: Binary MSA file created: LOC101248236_prot_linear_multi_sl25_prt_codonAlignment.raxml.rba

[00:00:00] Generating 10 random starting tree(s) with 81 taxa
[00:00:00] Generating 10 parsimony starting tree(s) with 81 taxa
[00:00:00] Data distribution: max. partitions/sites/weight per thread: 1 / 14 / 224

Starting ML tree search with 20 distinct starting trees

[00:00:02] ML tree search #1, logLikelihood: -2084.435226
[00:00:03] ML tree search #2, logLikelihood: -2131.169457
[00:00:04] ML tree search #3, logLikelihood: -2088.950869
[00:00:05] ML tree search #4, logLikelihood: -2084.578230
[00:00:06] ML tree search #5, logLikelihood: -2083.232798
[00:00:07] ML tree search #6, logLikelihood: -2084.731028
[00:00:08] ML tree search #7, logLikelihood: -2082.298399
[00:00:09] ML tree search #8, logLikelihood: -2083.232816
[00:00:11] ML tree search #9, logLikelihood: -2082.334803
[00:00:12] ML tree search #10, logLikelihood: -2082.298412
[00:00:13] ML tree search #11, logLikelihood: -2082.334761
[00:00:15] ML tree search #12, logLikelihood: -2082.298425
[00:00:15] ML tree search #13, logLikelihood: -2082.334772
[00:00:16] ML tree search #14, logLikelihood: -2083.306300
[00:00:17] ML tree search #15, logLikelihood: -2082.334824
[00:00:19] ML tree search #16, logLikelihood: -2082.334939
[00:00:19] ML tree search #17, logLikelihood: -2083.306338
[00:00:20] ML tree search #18, logLikelihood: -2083.306312
[00:00:21] ML tree search #19, logLikelihood: -2082.334795
[00:00:22] ML tree search #20, logLikelihood: -2082.335139

Optimized model parameters:

   Partition 0: noname
   Rate heterogeneity: GAMMA (4 cats, mean),  alpha: 0.020121 (ML),  weights&rates: (0.250000,0.000000) (0.250000,0.000000) (0.250000,0.000001) (0.250000,3.999999) 
   Base frequencies (ML): 0.338628 0.174185 0.190185 0.297002 
   Substitution rates (ML): 2.209354 7.767718 1.826893 3.441394 11.810173 1.000000 

Final LogLikelihood: -2082.298399

AIC score: 4500.596798 / AICc score: 4570.014891 / BIC score: 5322.901364
Free parameters (model + branch lengths): 168

Best ML tree saved to: /home/homma/Desktop/coding/github/pos_selection_pipeline/tomato_pipeline/pipeline/LOC/raxml-ng/LOC101248236_prot_linear_multi_sl25_prt_codonAlignment.raxml.bestTree
All ML trees saved to: /home/homma/Desktop/coding/github/pos_selection_pipeline/tomato_pipeline/pipeline/LOC/raxml-ng/LOC101248236_prot_linear_multi_sl25_prt_codonAlignment.raxml.mlTrees
Optimized model saved to: /home/homma/Desktop/coding/github/pos_selection_pipeline/tomato_pipeline/pipeline/LOC/raxml-ng/LOC101248236_prot_linear_multi_sl25_prt_codonAlignment.raxml.bestModel

Execution log saved to: /home/homma/Desktop/coding/github/pos_selection_pipeline/tomato_pipeline/pipeline/LOC/raxml-ng/LOC101248236_prot_linear_multi_sl25_prt_codonAlignment.raxml.log

Analysis started: 01-Mar-2020 20:06:54 / finished: 01-Mar-2020 20:07:17

Elapsed time: 22.352 seconds

