
RAxML-NG v. 0.8.1 BETA released on 05.03.2019 by The Exelixis Lab.
Authors: Alexey Kozlov, Alexandros Stamatakis, Diego Darriba, Tomas Flouri, Benoit Morel.
Latest version: https://github.com/amkozlov/raxml-ng
Questions/problems/suggestions? Please visit: https://groups.google.com/forum/#!forum/raxml

WARNING: This is a BETA release, please use at your own risk!

RAxML-NG was called at 01-Mar-2020 20:36:15 as follows:

raxml-ng --msa LOC101245729_prot_linear_multi_sl25_prt_codonAlignment.fasta --prefix LOC101245729_prot_linear_multi_sl25_prt_codonAlignment --model GTR+G --seed 123 --bs-tree 100 --force

Analysis options:
  run mode: ML tree search
  start tree(s): random (10) + parsimony (10)
  random seed: 123
  tip-inner: OFF
  pattern compression: ON
  per-rate scalers: OFF
  site repeats: ON
  fast spr radius: AUTO
  spr subtree cutoff: 1.000000
  branch lengths: proportional (ML estimate, algorithm: NR-FAST)
  SIMD kernels: AVX2
  parallelization: PTHREADS (6 threads), thread pinning: OFF

WARNING: Running in FORCE mode: all safety checks are disabled!

[00:00:00] Reading alignment from file: LOC101245729_prot_linear_multi_sl25_prt_codonAlignment.fasta
[00:00:00] Loaded alignment with 90 taxa and 801 sites

Alignment comprises 1 partitions and 64 patterns

Partition 0: noname
Model: GTR+FO+G4m
Alignment sites / patterns: 801 / 64
Gaps: 0.00 %
Invariant sites: 92.01 %


NOTE: Binary MSA file created: LOC101245729_prot_linear_multi_sl25_prt_codonAlignment.raxml.rba

[00:00:00] Generating 10 random starting tree(s) with 90 taxa
[00:00:00] Generating 10 parsimony starting tree(s) with 90 taxa
[00:00:00] Data distribution: max. partitions/sites/weight per thread: 1 / 11 / 176

Starting ML tree search with 20 distinct starting trees

[00:00:02] ML tree search #1, logLikelihood: -2018.569547
[00:00:04] ML tree search #2, logLikelihood: -2025.311779
[00:00:06] ML tree search #3, logLikelihood: -2019.606845
[00:00:09] ML tree search #4, logLikelihood: -2021.906820
[00:00:11] ML tree search #5, logLikelihood: -2021.296629
[00:00:14] ML tree search #6, logLikelihood: -2021.948155
[00:00:17] ML tree search #7, logLikelihood: -2028.581843
[00:00:21] ML tree search #8, logLikelihood: -2022.699448
[00:00:23] ML tree search #9, logLikelihood: -2018.366216
[00:00:27] ML tree search #10, logLikelihood: -2018.366142
[00:00:29] ML tree search #11, logLikelihood: -2018.457953
[00:00:31] ML tree search #12, logLikelihood: -2018.763206
[00:00:34] ML tree search #13, logLikelihood: -2019.801140
[00:00:37] ML tree search #14, logLikelihood: -2018.366122
[00:00:41] ML tree search #15, logLikelihood: -2019.370579
[00:00:43] ML tree search #16, logLikelihood: -2018.569575
[00:00:45] ML tree search #17, logLikelihood: -2020.541475
[00:00:46] ML tree search #18, logLikelihood: -2024.981619
[00:00:48] ML tree search #19, logLikelihood: -2020.024514
[00:00:50] ML tree search #20, logLikelihood: -2018.857235

Optimized model parameters:

   Partition 0: noname
   Rate heterogeneity: GAMMA (4 cats, mean),  alpha: 0.020122 (ML),  weights&rates: (0.250000,0.000000) (0.250000,0.000000) (0.250000,0.000001) (0.250000,3.999999) 
   Base frequencies (ML): 0.217527 0.202846 0.268555 0.311072 
   Substitution rates (ML): 3.584902 3.368807 1.846846 0.625794 14.131312 1.000000 

Final LogLikelihood: -2018.366122

AIC score: 4408.732244 / AICc score: 4522.028661 / BIC score: 5280.302380
Free parameters (model + branch lengths): 186

Best ML tree saved to: /home/homma/Desktop/coding/github/pos_selection_pipeline/tomato_pipeline/pipeline/LOC/raxml-ng/LOC101245729_prot_linear_multi_sl25_prt_codonAlignment.raxml.bestTree
All ML trees saved to: /home/homma/Desktop/coding/github/pos_selection_pipeline/tomato_pipeline/pipeline/LOC/raxml-ng/LOC101245729_prot_linear_multi_sl25_prt_codonAlignment.raxml.mlTrees
Optimized model saved to: /home/homma/Desktop/coding/github/pos_selection_pipeline/tomato_pipeline/pipeline/LOC/raxml-ng/LOC101245729_prot_linear_multi_sl25_prt_codonAlignment.raxml.bestModel

Execution log saved to: /home/homma/Desktop/coding/github/pos_selection_pipeline/tomato_pipeline/pipeline/LOC/raxml-ng/LOC101245729_prot_linear_multi_sl25_prt_codonAlignment.raxml.log

Analysis started: 01-Mar-2020 20:36:15 / finished: 01-Mar-2020 20:37:05

Elapsed time: 50.255 seconds

