
RAxML-NG v. 0.8.1 BETA released on 05.03.2019 by The Exelixis Lab.
Authors: Alexey Kozlov, Alexandros Stamatakis, Diego Darriba, Tomas Flouri, Benoit Morel.
Latest version: https://github.com/amkozlov/raxml-ng
Questions/problems/suggestions? Please visit: https://groups.google.com/forum/#!forum/raxml

WARNING: This is a BETA release, please use at your own risk!

RAxML-NG was called at 01-Mar-2020 20:26:25 as follows:

raxml-ng --msa LOC101266991_prot_linear_multi_sl25_prt_codonAlignment.fasta --prefix LOC101266991_prot_linear_multi_sl25_prt_codonAlignment --model GTR+G --seed 123 --bs-tree 100 --force

Analysis options:
  run mode: ML tree search
  start tree(s): random (10) + parsimony (10)
  random seed: 123
  tip-inner: OFF
  pattern compression: ON
  per-rate scalers: OFF
  site repeats: ON
  fast spr radius: AUTO
  spr subtree cutoff: 1.000000
  branch lengths: proportional (ML estimate, algorithm: NR-FAST)
  SIMD kernels: AVX2
  parallelization: PTHREADS (6 threads), thread pinning: OFF

WARNING: Running in FORCE mode: all safety checks are disabled!

[00:00:00] Reading alignment from file: LOC101266991_prot_linear_multi_sl25_prt_codonAlignment.fasta
[00:00:00] Loaded alignment with 100 taxa and 987 sites

Alignment comprises 1 partitions and 56 patterns

Partition 0: noname
Model: GTR+FO+G4m
Alignment sites / patterns: 987 / 56
Gaps: 0.00 %
Invariant sites: 94.33 %


NOTE: Binary MSA file created: LOC101266991_prot_linear_multi_sl25_prt_codonAlignment.raxml.rba

[00:00:00] Generating 10 random starting tree(s) with 100 taxa
[00:00:00] Generating 10 parsimony starting tree(s) with 100 taxa
[00:00:00] Data distribution: max. partitions/sites/weight per thread: 1 / 10 / 160

Starting ML tree search with 20 distinct starting trees

[00:00:03] ML tree search #1, logLikelihood: -1950.953274
[00:00:05] ML tree search #2, logLikelihood: -1951.938303
[00:00:07] ML tree search #3, logLikelihood: -1960.572110
[00:00:09] ML tree search #4, logLikelihood: -1952.716373
[00:00:12] ML tree search #5, logLikelihood: -1951.022277
[00:00:14] ML tree search #6, logLikelihood: -1951.823785
[00:00:17] ML tree search #7, logLikelihood: -1950.983447
[00:00:21] ML tree search #8, logLikelihood: -1950.732719
[00:00:23] ML tree search #9, logLikelihood: -1950.783692
[00:00:26] ML tree search #10, logLikelihood: -1950.953313
[00:00:28] ML tree search #11, logLikelihood: -1950.545337
[00:00:31] ML tree search #12, logLikelihood: -1951.375044
[00:00:32] ML tree search #13, logLikelihood: -1950.732625
[00:00:34] ML tree search #14, logLikelihood: -1950.732623
[00:00:35] ML tree search #15, logLikelihood: -1952.901556
[00:00:37] ML tree search #16, logLikelihood: -1951.150218
[00:00:39] ML tree search #17, logLikelihood: -1951.803503
[00:00:44] ML tree search #18, logLikelihood: -1950.545373
[00:00:45] ML tree search #19, logLikelihood: -1953.320782
[00:00:48] ML tree search #20, logLikelihood: -1952.275412

Optimized model parameters:

   Partition 0: noname
   Rate heterogeneity: GAMMA (4 cats, mean),  alpha: 0.020121 (ML),  weights&rates: (0.250000,0.000000) (0.250000,0.000000) (0.250000,0.000001) (0.250000,3.999999) 
   Base frequencies (ML): 0.316467 0.236148 0.252485 0.194900 
   Substitution rates (ML): 0.490081 1.684455 0.228728 1.223797 5.029412 1.000000 

Final LogLikelihood: -1950.545337

AIC score: 4313.090675 / AICc score: 4422.429136 / BIC score: 5321.392703
Free parameters (model + branch lengths): 206

Best ML tree saved to: /home/homma/Desktop/coding/github/pos_selection_pipeline/tomato_pipeline/pipeline/LOC/raxml-ng/LOC101266991_prot_linear_multi_sl25_prt_codonAlignment.raxml.bestTree
All ML trees saved to: /home/homma/Desktop/coding/github/pos_selection_pipeline/tomato_pipeline/pipeline/LOC/raxml-ng/LOC101266991_prot_linear_multi_sl25_prt_codonAlignment.raxml.mlTrees
Optimized model saved to: /home/homma/Desktop/coding/github/pos_selection_pipeline/tomato_pipeline/pipeline/LOC/raxml-ng/LOC101266991_prot_linear_multi_sl25_prt_codonAlignment.raxml.bestModel

Execution log saved to: /home/homma/Desktop/coding/github/pos_selection_pipeline/tomato_pipeline/pipeline/LOC/raxml-ng/LOC101266991_prot_linear_multi_sl25_prt_codonAlignment.raxml.log

Analysis started: 01-Mar-2020 20:26:25 / finished: 01-Mar-2020 20:27:14

Elapsed time: 48.726 seconds

