
RAxML-NG v. 0.8.1 BETA released on 05.03.2019 by The Exelixis Lab.
Authors: Alexey Kozlov, Alexandros Stamatakis, Diego Darriba, Tomas Flouri, Benoit Morel.
Latest version: https://github.com/amkozlov/raxml-ng
Questions/problems/suggestions? Please visit: https://groups.google.com/forum/#!forum/raxml

WARNING: This is a BETA release, please use at your own risk!

RAxML-NG was called at 01-Mar-2020 22:02:58 as follows:

raxml-ng --msa LOC101246429_prot_linear_multi_sl25_prt_codonAlignment.fasta --prefix LOC101246429_prot_linear_multi_sl25_prt_codonAlignment --model GTR+G --seed 123 --bs-tree 100 --force

Analysis options:
  run mode: ML tree search
  start tree(s): random (10) + parsimony (10)
  random seed: 123
  tip-inner: OFF
  pattern compression: ON
  per-rate scalers: OFF
  site repeats: ON
  fast spr radius: AUTO
  spr subtree cutoff: 1.000000
  branch lengths: proportional (ML estimate, algorithm: NR-FAST)
  SIMD kernels: AVX2
  parallelization: PTHREADS (6 threads), thread pinning: OFF

WARNING: Running in FORCE mode: all safety checks are disabled!

[00:00:00] Reading alignment from file: LOC101246429_prot_linear_multi_sl25_prt_codonAlignment.fasta
[00:00:00] Loaded alignment with 107 taxa and 1713 sites

Alignment comprises 1 partitions and 106 patterns

Partition 0: noname
Model: GTR+FO+G4m
Alignment sites / patterns: 1713 / 106
Gaps: 0.00 %
Invariant sites: 93.40 %


NOTE: Binary MSA file created: LOC101246429_prot_linear_multi_sl25_prt_codonAlignment.raxml.rba

[00:00:00] Generating 10 random starting tree(s) with 107 taxa
[00:00:00] Generating 10 parsimony starting tree(s) with 107 taxa
[00:00:00] Data distribution: max. partitions/sites/weight per thread: 1 / 18 / 288

Starting ML tree search with 20 distinct starting trees

[00:00:04] ML tree search #1, logLikelihood: -3824.896864
[00:00:09] ML tree search #2, logLikelihood: -3828.127184
[00:00:12] ML tree search #3, logLikelihood: -3827.485009
[00:00:16] ML tree search #4, logLikelihood: -3824.165275
[00:00:21] ML tree search #5, logLikelihood: -3820.496322
[00:00:24] ML tree search #6, logLikelihood: -3824.124448
[00:00:27] ML tree search #7, logLikelihood: -3826.179914
[00:00:30] ML tree search #8, logLikelihood: -3835.754042
[00:00:37] ML tree search #9, logLikelihood: -3818.355337
[00:00:39] ML tree search #10, logLikelihood: -3831.357720
[00:00:43] ML tree search #11, logLikelihood: -3826.858113
[00:00:46] ML tree search #12, logLikelihood: -3825.436999
[00:00:51] ML tree search #13, logLikelihood: -3826.097903
[00:00:54] ML tree search #14, logLikelihood: -3836.863585
[00:00:55] ML tree search #15, logLikelihood: -3824.317100
[00:00:59] ML tree search #16, logLikelihood: -3832.802118
[00:01:03] ML tree search #17, logLikelihood: -3831.786109
[00:01:07] ML tree search #18, logLikelihood: -3824.147953
[00:01:10] ML tree search #19, logLikelihood: -3825.436218
[00:01:12] ML tree search #20, logLikelihood: -3822.362343

Optimized model parameters:

   Partition 0: noname
   Rate heterogeneity: GAMMA (4 cats, mean),  alpha: 0.020138 (ML),  weights&rates: (0.250000,0.000000) (0.250000,0.000000) (0.250000,0.000001) (0.250000,3.999999) 
   Base frequencies (ML): 0.282955 0.171544 0.248897 0.296604 
   Substitution rates (ML): 3.077860 18.888944 1.352579 1.974365 16.674767 1.000000 

Final LogLikelihood: -3818.355337

AIC score: 8076.710674 / AICc score: 8141.884937 / BIC score: 9274.831004
Free parameters (model + branch lengths): 220

Best ML tree saved to: /home/homma/Desktop/coding/github/pos_selection_pipeline/tomato_pipeline/pipeline/LOC/raxml-ng/LOC101246429_prot_linear_multi_sl25_prt_codonAlignment.raxml.bestTree
All ML trees saved to: /home/homma/Desktop/coding/github/pos_selection_pipeline/tomato_pipeline/pipeline/LOC/raxml-ng/LOC101246429_prot_linear_multi_sl25_prt_codonAlignment.raxml.mlTrees
Optimized model saved to: /home/homma/Desktop/coding/github/pos_selection_pipeline/tomato_pipeline/pipeline/LOC/raxml-ng/LOC101246429_prot_linear_multi_sl25_prt_codonAlignment.raxml.bestModel

Execution log saved to: /home/homma/Desktop/coding/github/pos_selection_pipeline/tomato_pipeline/pipeline/LOC/raxml-ng/LOC101246429_prot_linear_multi_sl25_prt_codonAlignment.raxml.log

Analysis started: 01-Mar-2020 22:02:58 / finished: 01-Mar-2020 22:04:11

Elapsed time: 72.433 seconds

