
RAxML-NG v. 0.8.1 BETA released on 05.03.2019 by The Exelixis Lab.
Authors: Alexey Kozlov, Alexandros Stamatakis, Diego Darriba, Tomas Flouri, Benoit Morel.
Latest version: https://github.com/amkozlov/raxml-ng
Questions/problems/suggestions? Please visit: https://groups.google.com/forum/#!forum/raxml

WARNING: This is a BETA release, please use at your own risk!

RAxML-NG was called at 01-Mar-2020 20:16:37 as follows:

raxml-ng --msa LOC101245713_prot_linear_multi_sl25_prt_codonAlignment.fasta --prefix LOC101245713_prot_linear_multi_sl25_prt_codonAlignment --model GTR+G --seed 123 --bs-tree 100 --force

Analysis options:
  run mode: ML tree search
  start tree(s): random (10) + parsimony (10)
  random seed: 123
  tip-inner: OFF
  pattern compression: ON
  per-rate scalers: OFF
  site repeats: ON
  fast spr radius: AUTO
  spr subtree cutoff: 1.000000
  branch lengths: proportional (ML estimate, algorithm: NR-FAST)
  SIMD kernels: AVX2
  parallelization: PTHREADS (6 threads), thread pinning: OFF

WARNING: Running in FORCE mode: all safety checks are disabled!

[00:00:00] Reading alignment from file: LOC101245713_prot_linear_multi_sl25_prt_codonAlignment.fasta
[00:00:00] Loaded alignment with 95 taxa and 1677 sites

Alignment comprises 1 partitions and 114 patterns

Partition 0: noname
Model: GTR+FO+G4m
Alignment sites / patterns: 1677 / 114
Gaps: 0.25 %
Invariant sites: 93.20 %


NOTE: Binary MSA file created: LOC101245713_prot_linear_multi_sl25_prt_codonAlignment.raxml.rba

[00:00:00] Generating 10 random starting tree(s) with 95 taxa
[00:00:00] Generating 10 parsimony starting tree(s) with 95 taxa
[00:00:00] Data distribution: max. partitions/sites/weight per thread: 1 / 19 / 304

Starting ML tree search with 20 distinct starting trees

[00:00:02] ML tree search #1, logLikelihood: -3819.487172
[00:00:05] ML tree search #2, logLikelihood: -3819.826608
[00:00:09] ML tree search #3, logLikelihood: -3820.001873
[00:00:11] ML tree search #4, logLikelihood: -3819.744251
[00:00:13] ML tree search #5, logLikelihood: -3826.914906
[00:00:16] ML tree search #6, logLikelihood: -3819.549266
[00:00:19] ML tree search #7, logLikelihood: -3819.549118
[00:00:21] ML tree search #8, logLikelihood: -3821.663383
[00:00:25] ML tree search #9, logLikelihood: -3819.819149
[00:00:28] ML tree search #10, logLikelihood: -3828.537572
[00:00:30] ML tree search #11, logLikelihood: -3825.122632
[00:00:32] ML tree search #12, logLikelihood: -3819.556559
[00:00:34] ML tree search #13, logLikelihood: -3819.874869
[00:00:37] ML tree search #14, logLikelihood: -3821.673341
[00:00:39] ML tree search #15, logLikelihood: -3819.577127
[00:00:41] ML tree search #16, logLikelihood: -3830.164300
[00:00:43] ML tree search #17, logLikelihood: -3820.091601
[00:00:44] ML tree search #18, logLikelihood: -3819.609471
[00:00:47] ML tree search #19, logLikelihood: -3821.929808
[00:00:49] ML tree search #20, logLikelihood: -3822.064992

Optimized model parameters:

   Partition 0: noname
   Rate heterogeneity: GAMMA (4 cats, mean),  alpha: 0.020137 (ML),  weights&rates: (0.250000,0.000000) (0.250000,0.000000) (0.250000,0.000001) (0.250000,3.999999) 
   Base frequencies (ML): 0.261087 0.210556 0.254196 0.274161 
   Substitution rates (ML): 0.746297 2.584743 1.129869 0.469885 3.239949 1.000000 

Final LogLikelihood: -3819.487172

AIC score: 8030.974345 / AICc score: 8083.152723 / BIC score: 9094.227650
Free parameters (model + branch lengths): 196

Best ML tree saved to: /home/homma/Desktop/coding/github/pos_selection_pipeline/tomato_pipeline/pipeline/LOC/raxml-ng/LOC101245713_prot_linear_multi_sl25_prt_codonAlignment.raxml.bestTree
All ML trees saved to: /home/homma/Desktop/coding/github/pos_selection_pipeline/tomato_pipeline/pipeline/LOC/raxml-ng/LOC101245713_prot_linear_multi_sl25_prt_codonAlignment.raxml.mlTrees
Optimized model saved to: /home/homma/Desktop/coding/github/pos_selection_pipeline/tomato_pipeline/pipeline/LOC/raxml-ng/LOC101245713_prot_linear_multi_sl25_prt_codonAlignment.raxml.bestModel

Execution log saved to: /home/homma/Desktop/coding/github/pos_selection_pipeline/tomato_pipeline/pipeline/LOC/raxml-ng/LOC101245713_prot_linear_multi_sl25_prt_codonAlignment.raxml.log

Analysis started: 01-Mar-2020 20:16:37 / finished: 01-Mar-2020 20:17:27

Elapsed time: 49.981 seconds

