
RAxML-NG v. 0.8.1 BETA released on 05.03.2019 by The Exelixis Lab.
Authors: Alexey Kozlov, Alexandros Stamatakis, Diego Darriba, Tomas Flouri, Benoit Morel.
Latest version: https://github.com/amkozlov/raxml-ng
Questions/problems/suggestions? Please visit: https://groups.google.com/forum/#!forum/raxml

WARNING: This is a BETA release, please use at your own risk!

RAxML-NG was called at 01-Mar-2020 20:25:11 as follows:

raxml-ng --msa LOC101254504_prot_linear_multi_sl25_prt_codonAlignment.fasta --prefix LOC101254504_prot_linear_multi_sl25_prt_codonAlignment --model GTR+G --seed 123 --bs-tree 100 --force

Analysis options:
  run mode: ML tree search
  start tree(s): random (10) + parsimony (10)
  random seed: 123
  tip-inner: OFF
  pattern compression: ON
  per-rate scalers: OFF
  site repeats: ON
  fast spr radius: AUTO
  spr subtree cutoff: 1.000000
  branch lengths: proportional (ML estimate, algorithm: NR-FAST)
  SIMD kernels: AVX2
  parallelization: PTHREADS (6 threads), thread pinning: OFF

WARNING: Running in FORCE mode: all safety checks are disabled!

[00:00:00] Reading alignment from file: LOC101254504_prot_linear_multi_sl25_prt_codonAlignment.fasta
[00:00:00] Loaded alignment with 110 taxa and 3030 sites

Alignment comprises 1 partitions and 113 patterns

Partition 0: noname
Model: GTR+FO+G4m
Alignment sites / patterns: 3030 / 113
Gaps: 0.01 %
Invariant sites: 95.78 %


NOTE: Binary MSA file created: LOC101254504_prot_linear_multi_sl25_prt_codonAlignment.raxml.rba

[00:00:00] Generating 10 random starting tree(s) with 110 taxa
[00:00:00] Generating 10 parsimony starting tree(s) with 110 taxa
[00:00:00] Data distribution: max. partitions/sites/weight per thread: 1 / 19 / 304

Starting ML tree search with 20 distinct starting trees

[00:00:02] ML tree search #1, logLikelihood: -5613.025192
[00:00:05] ML tree search #2, logLikelihood: -5615.369819
[00:00:07] ML tree search #3, logLikelihood: -5613.255083
[00:00:11] ML tree search #4, logLikelihood: -5612.949338
[00:00:13] ML tree search #5, logLikelihood: -5613.389149
[00:00:16] ML tree search #6, logLikelihood: -5613.381600
[00:00:19] ML tree search #7, logLikelihood: -5613.457439
[00:00:22] ML tree search #8, logLikelihood: -5612.291441
[00:00:25] ML tree search #9, logLikelihood: -5613.088867
[00:00:28] ML tree search #10, logLikelihood: -5611.499316
[00:00:32] ML tree search #11, logLikelihood: -5612.715143
[00:00:33] ML tree search #12, logLikelihood: -5611.799061
[00:00:35] ML tree search #13, logLikelihood: -5616.220943
[00:00:38] ML tree search #14, logLikelihood: -5613.381598
[00:00:39] ML tree search #15, logLikelihood: -5611.066997
[00:00:41] ML tree search #16, logLikelihood: -5615.232735
[00:00:45] ML tree search #17, logLikelihood: -5615.171203
[00:00:47] ML tree search #18, logLikelihood: -5612.653663
[00:00:48] ML tree search #19, logLikelihood: -5615.292049
[00:00:51] ML tree search #20, logLikelihood: -5613.150316

Optimized model parameters:

   Partition 0: noname
   Rate heterogeneity: GAMMA (4 cats, mean),  alpha: 0.020139 (ML),  weights&rates: (0.250000,0.000000) (0.250000,0.000000) (0.250000,0.000001) (0.250000,3.999999) 
   Base frequencies (ML): 0.291521 0.170855 0.273813 0.263811 
   Substitution rates (ML): 1.151025 3.565194 1.188294 0.838345 6.898635 1.000000 

Final LogLikelihood: -5611.066997

AIC score: 11674.133994 / AICc score: 11710.739060 / BIC score: 13033.821839
Free parameters (model + branch lengths): 226

Best ML tree saved to: /home/homma/Desktop/coding/github/pos_selection_pipeline/tomato_pipeline/pipeline/LOC/raxml-ng/LOC101254504_prot_linear_multi_sl25_prt_codonAlignment.raxml.bestTree
All ML trees saved to: /home/homma/Desktop/coding/github/pos_selection_pipeline/tomato_pipeline/pipeline/LOC/raxml-ng/LOC101254504_prot_linear_multi_sl25_prt_codonAlignment.raxml.mlTrees
Optimized model saved to: /home/homma/Desktop/coding/github/pos_selection_pipeline/tomato_pipeline/pipeline/LOC/raxml-ng/LOC101254504_prot_linear_multi_sl25_prt_codonAlignment.raxml.bestModel

Execution log saved to: /home/homma/Desktop/coding/github/pos_selection_pipeline/tomato_pipeline/pipeline/LOC/raxml-ng/LOC101254504_prot_linear_multi_sl25_prt_codonAlignment.raxml.log

Analysis started: 01-Mar-2020 20:25:11 / finished: 01-Mar-2020 20:26:03

Elapsed time: 51.856 seconds

