
RAxML-NG v. 0.8.1 BETA released on 05.03.2019 by The Exelixis Lab.
Authors: Alexey Kozlov, Alexandros Stamatakis, Diego Darriba, Tomas Flouri, Benoit Morel.
Latest version: https://github.com/amkozlov/raxml-ng
Questions/problems/suggestions? Please visit: https://groups.google.com/forum/#!forum/raxml

WARNING: This is a BETA release, please use at your own risk!

RAxML-NG was called at 01-Mar-2020 21:53:11 as follows:

raxml-ng --msa LOC101247856_prot_linear_multi_sl25_prt_codonAlignment.fasta --prefix LOC101247856_prot_linear_multi_sl25_prt_codonAlignment --model GTR+G --seed 123 --bs-tree 100 --force

Analysis options:
  run mode: ML tree search
  start tree(s): random (10) + parsimony (10)
  random seed: 123
  tip-inner: OFF
  pattern compression: ON
  per-rate scalers: OFF
  site repeats: ON
  fast spr radius: AUTO
  spr subtree cutoff: 1.000000
  branch lengths: proportional (ML estimate, algorithm: NR-FAST)
  SIMD kernels: AVX2
  parallelization: PTHREADS (6 threads), thread pinning: OFF

WARNING: Running in FORCE mode: all safety checks are disabled!

[00:00:00] Reading alignment from file: LOC101247856_prot_linear_multi_sl25_prt_codonAlignment.fasta
[00:00:00] Loaded alignment with 113 taxa and 2661 sites

Alignment comprises 1 partitions and 165 patterns

Partition 0: noname
Model: GTR+FO+G4m
Alignment sites / patterns: 2661 / 165
Gaps: 0.00 %
Invariant sites: 92.48 %


NOTE: Binary MSA file created: LOC101247856_prot_linear_multi_sl25_prt_codonAlignment.raxml.rba

[00:00:00] Generating 10 random starting tree(s) with 113 taxa
[00:00:00] Generating 10 parsimony starting tree(s) with 113 taxa
[00:00:00] Data distribution: max. partitions/sites/weight per thread: 1 / 28 / 448

Starting ML tree search with 20 distinct starting trees

[00:00:04] ML tree search #1, logLikelihood: -6149.230813
[00:00:08] ML tree search #2, logLikelihood: -6143.194166
[00:00:14] ML tree search #3, logLikelihood: -6148.943981
[00:00:17] ML tree search #4, logLikelihood: -6140.773926
[00:00:25] ML tree search #5, logLikelihood: -6139.904549
[00:00:30] ML tree search #6, logLikelihood: -6143.994362
[00:00:37] ML tree search #7, logLikelihood: -6141.683830
[00:00:44] ML tree search #8, logLikelihood: -6151.284800
[00:00:53] ML tree search #9, logLikelihood: -6141.336499
[00:01:00] ML tree search #10, logLikelihood: -6138.725292
[00:01:03] ML tree search #11, logLikelihood: -6150.017747
[00:01:09] ML tree search #12, logLikelihood: -6144.536561
[00:01:11] ML tree search #13, logLikelihood: -6160.193732
[00:01:13] ML tree search #14, logLikelihood: -6164.996022
[00:01:16] ML tree search #15, logLikelihood: -6149.707513
[00:01:20] ML tree search #16, logLikelihood: -6144.005438
[00:01:25] ML tree search #17, logLikelihood: -6167.851077
[00:01:28] ML tree search #18, logLikelihood: -6149.568493
[00:01:30] ML tree search #19, logLikelihood: -6148.312519
[00:01:34] ML tree search #20, logLikelihood: -6151.146970

Optimized model parameters:

   Partition 0: noname
   Rate heterogeneity: GAMMA (4 cats, mean),  alpha: 0.020139 (ML),  weights&rates: (0.250000,0.000000) (0.250000,0.000000) (0.250000,0.000001) (0.250000,3.999999) 
   Base frequencies (ML): 0.307389 0.181922 0.215895 0.294794 
   Substitution rates (ML): 0.803123 2.363264 0.508064 0.810880 3.343835 1.000000 

Final LogLikelihood: -6138.725292

AIC score: 12741.450583 / AICc score: 12785.977766 / BIC score: 14107.108670
Free parameters (model + branch lengths): 232

Best ML tree saved to: /home/homma/Desktop/coding/github/pos_selection_pipeline/tomato_pipeline/pipeline/LOC/raxml-ng/LOC101247856_prot_linear_multi_sl25_prt_codonAlignment.raxml.bestTree
All ML trees saved to: /home/homma/Desktop/coding/github/pos_selection_pipeline/tomato_pipeline/pipeline/LOC/raxml-ng/LOC101247856_prot_linear_multi_sl25_prt_codonAlignment.raxml.mlTrees
Optimized model saved to: /home/homma/Desktop/coding/github/pos_selection_pipeline/tomato_pipeline/pipeline/LOC/raxml-ng/LOC101247856_prot_linear_multi_sl25_prt_codonAlignment.raxml.bestModel

Execution log saved to: /home/homma/Desktop/coding/github/pos_selection_pipeline/tomato_pipeline/pipeline/LOC/raxml-ng/LOC101247856_prot_linear_multi_sl25_prt_codonAlignment.raxml.log

Analysis started: 01-Mar-2020 21:53:11 / finished: 01-Mar-2020 21:54:46

Elapsed time: 94.579 seconds

