
RAxML-NG v. 0.8.1 BETA released on 05.03.2019 by The Exelixis Lab.
Authors: Alexey Kozlov, Alexandros Stamatakis, Diego Darriba, Tomas Flouri, Benoit Morel.
Latest version: https://github.com/amkozlov/raxml-ng
Questions/problems/suggestions? Please visit: https://groups.google.com/forum/#!forum/raxml

WARNING: This is a BETA release, please use at your own risk!

RAxML-NG was called at 01-Mar-2020 21:38:23 as follows:

raxml-ng --msa LOC101266223_prot_linear_multi_sl25_prt_codonAlignment.fasta --prefix LOC101266223_prot_linear_multi_sl25_prt_codonAlignment --model GTR+G --seed 123 --bs-tree 100 --force

Analysis options:
  run mode: ML tree search
  start tree(s): random (10) + parsimony (10)
  random seed: 123
  tip-inner: OFF
  pattern compression: ON
  per-rate scalers: OFF
  site repeats: ON
  fast spr radius: AUTO
  spr subtree cutoff: 1.000000
  branch lengths: proportional (ML estimate, algorithm: NR-FAST)
  SIMD kernels: AVX2
  parallelization: PTHREADS (6 threads), thread pinning: OFF

WARNING: Running in FORCE mode: all safety checks are disabled!

[00:00:00] Reading alignment from file: LOC101266223_prot_linear_multi_sl25_prt_codonAlignment.fasta
[00:00:00] Loaded alignment with 100 taxa and 630 sites

Alignment comprises 1 partitions and 33 patterns

Partition 0: noname
Model: GTR+FO+G4m
Alignment sites / patterns: 630 / 33
Gaps: 0.00 %
Invariant sites: 95.24 %


NOTE: Binary MSA file created: LOC101266223_prot_linear_multi_sl25_prt_codonAlignment.raxml.rba

[00:00:00] Generating 10 random starting tree(s) with 100 taxa
[00:00:00] Generating 10 parsimony starting tree(s) with 100 taxa
[00:00:00] Data distribution: max. partitions/sites/weight per thread: 1 / 6 / 96

Starting ML tree search with 20 distinct starting trees

[00:00:02] ML tree search #1, logLikelihood: -1138.012371
[00:00:04] ML tree search #2, logLikelihood: -1144.370047
[00:00:05] ML tree search #3, logLikelihood: -1143.659103
[00:00:06] ML tree search #4, logLikelihood: -1140.179467
[00:00:08] ML tree search #5, logLikelihood: -1139.155699
[00:00:11] ML tree search #6, logLikelihood: -1139.406965
[00:00:13] ML tree search #7, logLikelihood: -1139.439933
[00:00:15] ML tree search #8, logLikelihood: -1138.362140
[00:00:16] ML tree search #9, logLikelihood: -1138.811342
[00:00:18] ML tree search #10, logLikelihood: -1142.720082
[00:00:19] ML tree search #11, logLikelihood: -1140.007905
[00:00:20] ML tree search #12, logLikelihood: -1139.358992
[00:00:21] ML tree search #13, logLikelihood: -1139.358947
[00:00:22] ML tree search #14, logLikelihood: -1139.139552
[00:00:24] ML tree search #15, logLikelihood: -1139.155711
[00:00:25] ML tree search #16, logLikelihood: -1138.642577
[00:00:25] ML tree search #17, logLikelihood: -1140.144136
[00:00:27] ML tree search #18, logLikelihood: -1138.642565
[00:00:29] ML tree search #19, logLikelihood: -1139.058783
[00:00:30] ML tree search #20, logLikelihood: -1139.684292

Optimized model parameters:

   Partition 0: noname
   Rate heterogeneity: GAMMA (4 cats, mean),  alpha: 0.020122 (ML),  weights&rates: (0.250000,0.000000) (0.250000,0.000000) (0.250000,0.000001) (0.250000,3.999999) 
   Base frequencies (ML): 0.342650 0.128034 0.239286 0.290031 
   Substitution rates (ML): 3.241766 3.410784 1.481173 7.954171 13.892538 1.000000 

Final LogLikelihood: -1138.012371

AIC score: 2688.024741 / AICc score: 2889.641763 / BIC score: 3603.843024
Free parameters (model + branch lengths): 206

Best ML tree saved to: /home/homma/Desktop/coding/github/pos_selection_pipeline/tomato_pipeline/pipeline/LOC/raxml-ng/LOC101266223_prot_linear_multi_sl25_prt_codonAlignment.raxml.bestTree
All ML trees saved to: /home/homma/Desktop/coding/github/pos_selection_pipeline/tomato_pipeline/pipeline/LOC/raxml-ng/LOC101266223_prot_linear_multi_sl25_prt_codonAlignment.raxml.mlTrees
Optimized model saved to: /home/homma/Desktop/coding/github/pos_selection_pipeline/tomato_pipeline/pipeline/LOC/raxml-ng/LOC101266223_prot_linear_multi_sl25_prt_codonAlignment.raxml.bestModel

Execution log saved to: /home/homma/Desktop/coding/github/pos_selection_pipeline/tomato_pipeline/pipeline/LOC/raxml-ng/LOC101266223_prot_linear_multi_sl25_prt_codonAlignment.raxml.log

Analysis started: 01-Mar-2020 21:38:23 / finished: 01-Mar-2020 21:38:53

Elapsed time: 30.250 seconds

