
RAxML-NG v. 0.8.1 BETA released on 05.03.2019 by The Exelixis Lab.
Authors: Alexey Kozlov, Alexandros Stamatakis, Diego Darriba, Tomas Flouri, Benoit Morel.
Latest version: https://github.com/amkozlov/raxml-ng
Questions/problems/suggestions? Please visit: https://groups.google.com/forum/#!forum/raxml

WARNING: This is a BETA release, please use at your own risk!

RAxML-NG was called at 01-Mar-2020 22:27:34 as follows:

raxml-ng --msa LOC101263403_prot_linear_multi_sl25_prt_codonAlignment.fasta --prefix LOC101263403_prot_linear_multi_sl25_prt_codonAlignment --model GTR+G --seed 123 --bs-tree 100 --force

Analysis options:
  run mode: ML tree search
  start tree(s): random (10) + parsimony (10)
  random seed: 123
  tip-inner: OFF
  pattern compression: ON
  per-rate scalers: OFF
  site repeats: ON
  fast spr radius: AUTO
  spr subtree cutoff: 1.000000
  branch lengths: proportional (ML estimate, algorithm: NR-FAST)
  SIMD kernels: AVX2
  parallelization: PTHREADS (6 threads), thread pinning: OFF

WARNING: Running in FORCE mode: all safety checks are disabled!

[00:00:00] Reading alignment from file: LOC101263403_prot_linear_multi_sl25_prt_codonAlignment.fasta
[00:00:00] Loaded alignment with 101 taxa and 1326 sites

Alignment comprises 1 partitions and 58 patterns

Partition 0: noname
Model: GTR+FO+G4m
Alignment sites / patterns: 1326 / 58
Gaps: 0.00 %
Invariant sites: 95.85 %


NOTE: Binary MSA file created: LOC101263403_prot_linear_multi_sl25_prt_codonAlignment.raxml.rba

[00:00:00] Generating 10 random starting tree(s) with 101 taxa
[00:00:00] Generating 10 parsimony starting tree(s) with 101 taxa
[00:00:00] Data distribution: max. partitions/sites/weight per thread: 1 / 10 / 160

Starting ML tree search with 20 distinct starting trees

[00:00:01] ML tree search #1, logLikelihood: -2368.930858
[00:00:03] ML tree search #2, logLikelihood: -2368.583576
[00:00:05] ML tree search #3, logLikelihood: -2373.555080
[00:00:06] ML tree search #4, logLikelihood: -2373.192423
[00:00:09] ML tree search #5, logLikelihood: -2368.912239
[00:00:11] ML tree search #6, logLikelihood: -2368.731139
[00:00:12] ML tree search #7, logLikelihood: -2369.666526
[00:00:14] ML tree search #8, logLikelihood: -2375.086680
[00:00:17] ML tree search #9, logLikelihood: -2369.253680
[00:00:18] ML tree search #10, logLikelihood: -2372.872175
[00:00:19] ML tree search #11, logLikelihood: -2375.574783
[00:00:21] ML tree search #12, logLikelihood: -2368.912260
[00:00:22] ML tree search #13, logLikelihood: -2368.930854
[00:00:23] ML tree search #14, logLikelihood: -2370.810933
[00:00:24] ML tree search #15, logLikelihood: -2369.993631
[00:00:25] ML tree search #16, logLikelihood: -2368.912260
[00:00:26] ML tree search #17, logLikelihood: -2369.993637
[00:00:28] ML tree search #18, logLikelihood: -2368.930864
[00:00:29] ML tree search #19, logLikelihood: -2376.023996
[00:00:30] ML tree search #20, logLikelihood: -2368.930894

Optimized model parameters:

   Partition 0: noname
   Rate heterogeneity: GAMMA (4 cats, mean),  alpha: 0.020125 (ML),  weights&rates: (0.250000,0.000000) (0.250000,0.000000) (0.250000,0.000001) (0.250000,3.999999) 
   Base frequencies (ML): 0.319786 0.184263 0.229417 0.266534 
   Substitution rates (ML): 0.607181 2.304908 0.714958 0.161212 4.158187 1.000000 

Final LogLikelihood: -2368.583576

AIC score: 5153.167152 / AICc score: 5231.004215 / BIC score: 6232.670963
Free parameters (model + branch lengths): 208

Best ML tree saved to: /home/homma/Desktop/coding/github/pos_selection_pipeline/tomato_pipeline/pipeline/LOC/raxml-ng/LOC101263403_prot_linear_multi_sl25_prt_codonAlignment.raxml.bestTree
All ML trees saved to: /home/homma/Desktop/coding/github/pos_selection_pipeline/tomato_pipeline/pipeline/LOC/raxml-ng/LOC101263403_prot_linear_multi_sl25_prt_codonAlignment.raxml.mlTrees
Optimized model saved to: /home/homma/Desktop/coding/github/pos_selection_pipeline/tomato_pipeline/pipeline/LOC/raxml-ng/LOC101263403_prot_linear_multi_sl25_prt_codonAlignment.raxml.bestModel

Execution log saved to: /home/homma/Desktop/coding/github/pos_selection_pipeline/tomato_pipeline/pipeline/LOC/raxml-ng/LOC101263403_prot_linear_multi_sl25_prt_codonAlignment.raxml.log

Analysis started: 01-Mar-2020 22:27:34 / finished: 01-Mar-2020 22:28:05

Elapsed time: 30.514 seconds

