
RAxML-NG v. 0.8.1 BETA released on 05.03.2019 by The Exelixis Lab.
Authors: Alexey Kozlov, Alexandros Stamatakis, Diego Darriba, Tomas Flouri, Benoit Morel.
Latest version: https://github.com/amkozlov/raxml-ng
Questions/problems/suggestions? Please visit: https://groups.google.com/forum/#!forum/raxml

WARNING: This is a BETA release, please use at your own risk!

RAxML-NG was called at 01-Mar-2020 21:36:03 as follows:

raxml-ng --msa LOC101245299_prot_linear_multi_sl25_prt_codonAlignment.fasta --prefix LOC101245299_prot_linear_multi_sl25_prt_codonAlignment --model GTR+G --seed 123 --bs-tree 100 --force

Analysis options:
  run mode: ML tree search
  start tree(s): random (10) + parsimony (10)
  random seed: 123
  tip-inner: OFF
  pattern compression: ON
  per-rate scalers: OFF
  site repeats: ON
  fast spr radius: AUTO
  spr subtree cutoff: 1.000000
  branch lengths: proportional (ML estimate, algorithm: NR-FAST)
  SIMD kernels: AVX2
  parallelization: PTHREADS (6 threads), thread pinning: OFF

WARNING: Running in FORCE mode: all safety checks are disabled!

[00:00:00] Reading alignment from file: LOC101245299_prot_linear_multi_sl25_prt_codonAlignment.fasta
[00:00:00] Loaded alignment with 92 taxa and 2223 sites

Alignment comprises 1 partitions and 69 patterns

Partition 0: noname
Model: GTR+FO+G4m
Alignment sites / patterns: 2223 / 69
Gaps: 0.00 %
Invariant sites: 96.76 %


NOTE: Binary MSA file created: LOC101245299_prot_linear_multi_sl25_prt_codonAlignment.raxml.rba

[00:00:00] Generating 10 random starting tree(s) with 92 taxa
[00:00:00] Generating 10 parsimony starting tree(s) with 92 taxa
[00:00:00] Data distribution: max. partitions/sites/weight per thread: 1 / 12 / 192

Starting ML tree search with 20 distinct starting trees

[00:00:01] ML tree search #1, logLikelihood: -3980.246617
[00:00:02] ML tree search #2, logLikelihood: -3987.998756
[00:00:03] ML tree search #3, logLikelihood: -4020.608703
[00:00:06] ML tree search #4, logLikelihood: -3986.442486
[00:00:08] ML tree search #5, logLikelihood: -3982.937688
[00:00:10] ML tree search #6, logLikelihood: -3987.644495
[00:00:12] ML tree search #7, logLikelihood: -4018.965602
[00:00:13] ML tree search #8, logLikelihood: -3982.371293
[00:00:15] ML tree search #9, logLikelihood: -3990.958910
[00:00:16] ML tree search #10, logLikelihood: -3992.473578
[00:00:17] ML tree search #11, logLikelihood: -3982.678454
[00:00:18] ML tree search #12, logLikelihood: -3984.957408
[00:00:18] ML tree search #13, logLikelihood: -3982.468289
[00:00:19] ML tree search #14, logLikelihood: -3982.468426
[00:00:20] ML tree search #15, logLikelihood: -3986.945571
[00:00:20] ML tree search #16, logLikelihood: -3983.247778
[00:00:22] ML tree search #17, logLikelihood: -3978.537214
[00:00:22] ML tree search #18, logLikelihood: -3988.655737
[00:00:23] ML tree search #19, logLikelihood: -3989.212349
[00:00:24] ML tree search #20, logLikelihood: -3978.864611

Optimized model parameters:

   Partition 0: noname
   Rate heterogeneity: GAMMA (4 cats, mean),  alpha: 0.020138 (ML),  weights&rates: (0.250000,0.000000) (0.250000,0.000000) (0.250000,0.000001) (0.250000,3.999999) 
   Base frequencies (ML): 0.258822 0.211321 0.233440 0.296417 
   Substitution rates (ML): 3.402105 5.342143 2.433797 2.526740 12.176578 1.000000 

Final LogLikelihood: -3978.537214

AIC score: 8337.074428 / AICc score: 8372.792932 / BIC score: 9421.330882
Free parameters (model + branch lengths): 190

Best ML tree saved to: /home/homma/Desktop/coding/github/pos_selection_pipeline/tomato_pipeline/pipeline/LOC/raxml-ng/LOC101245299_prot_linear_multi_sl25_prt_codonAlignment.raxml.bestTree
All ML trees saved to: /home/homma/Desktop/coding/github/pos_selection_pipeline/tomato_pipeline/pipeline/LOC/raxml-ng/LOC101245299_prot_linear_multi_sl25_prt_codonAlignment.raxml.mlTrees
Optimized model saved to: /home/homma/Desktop/coding/github/pos_selection_pipeline/tomato_pipeline/pipeline/LOC/raxml-ng/LOC101245299_prot_linear_multi_sl25_prt_codonAlignment.raxml.bestModel

Execution log saved to: /home/homma/Desktop/coding/github/pos_selection_pipeline/tomato_pipeline/pipeline/LOC/raxml-ng/LOC101245299_prot_linear_multi_sl25_prt_codonAlignment.raxml.log

Analysis started: 01-Mar-2020 21:36:03 / finished: 01-Mar-2020 21:36:28

Elapsed time: 24.425 seconds

