
RAxML-NG v. 0.8.1 BETA released on 05.03.2019 by The Exelixis Lab.
Authors: Alexey Kozlov, Alexandros Stamatakis, Diego Darriba, Tomas Flouri, Benoit Morel.
Latest version: https://github.com/amkozlov/raxml-ng
Questions/problems/suggestions? Please visit: https://groups.google.com/forum/#!forum/raxml

WARNING: This is a BETA release, please use at your own risk!

RAxML-NG was called at 01-Mar-2020 20:37:49 as follows:

raxml-ng --msa LOC101268416_prot_linear_multi_sl25_prt_codonAlignment.fasta --prefix LOC101268416_prot_linear_multi_sl25_prt_codonAlignment --model GTR+G --seed 123 --bs-tree 100 --force

Analysis options:
  run mode: ML tree search
  start tree(s): random (10) + parsimony (10)
  random seed: 123
  tip-inner: OFF
  pattern compression: ON
  per-rate scalers: OFF
  site repeats: ON
  fast spr radius: AUTO
  spr subtree cutoff: 1.000000
  branch lengths: proportional (ML estimate, algorithm: NR-FAST)
  SIMD kernels: AVX2
  parallelization: PTHREADS (6 threads), thread pinning: OFF

WARNING: Running in FORCE mode: all safety checks are disabled!

[00:00:00] Reading alignment from file: LOC101268416_prot_linear_multi_sl25_prt_codonAlignment.fasta
[00:00:00] Loaded alignment with 132 taxa and 1329 sites

Alignment comprises 1 partitions and 103 patterns

Partition 0: noname
Model: GTR+FO+G4m
Alignment sites / patterns: 1329 / 103
Gaps: 4.97 %
Invariant sites: 93.83 %


NOTE: Binary MSA file created: LOC101268416_prot_linear_multi_sl25_prt_codonAlignment.raxml.rba

[00:00:00] Generating 10 random starting tree(s) with 132 taxa
[00:00:00] Generating 10 parsimony starting tree(s) with 132 taxa
[00:00:00] Data distribution: max. partitions/sites/weight per thread: 1 / 18 / 288

Starting ML tree search with 20 distinct starting trees

[00:00:06] ML tree search #1, logLikelihood: -2964.295840
[00:00:15] ML tree search #2, logLikelihood: -2962.887728
[00:00:22] ML tree search #3, logLikelihood: -2964.521575
[00:00:29] ML tree search #4, logLikelihood: -2966.272398
[00:00:35] ML tree search #5, logLikelihood: -2968.033747
[00:00:40] ML tree search #6, logLikelihood: -2965.659532
[00:00:46] ML tree search #7, logLikelihood: -2964.274313
[00:00:50] ML tree search #8, logLikelihood: -2966.173472
[00:00:54] ML tree search #9, logLikelihood: -2964.271098
[00:00:58] ML tree search #10, logLikelihood: -2963.213686
[00:01:01] ML tree search #11, logLikelihood: -2968.221814
[00:01:06] ML tree search #12, logLikelihood: -2963.934360
[00:01:10] ML tree search #13, logLikelihood: -2968.011138
[00:01:13] ML tree search #14, logLikelihood: -2966.387236
[00:01:16] ML tree search #15, logLikelihood: -2965.821696
[00:01:20] ML tree search #16, logLikelihood: -2968.002458
[00:01:24] ML tree search #17, logLikelihood: -2965.770525
[00:01:27] ML tree search #18, logLikelihood: -2964.882967
[00:01:29] ML tree search #19, logLikelihood: -2966.408026
[00:01:37] ML tree search #20, logLikelihood: -2962.686008

Optimized model parameters:

   Partition 0: noname
   Rate heterogeneity: GAMMA (4 cats, mean),  alpha: 0.020140 (ML),  weights&rates: (0.250000,0.000000) (0.250000,0.000000) (0.250000,0.000001) (0.250000,3.999999) 
   Base frequencies (ML): 0.284538 0.193492 0.280781 0.241188 
   Substitution rates (ML): 2.031681 2.608152 1.746446 1.413584 16.846856 1.000000 

Final LogLikelihood: -2962.686008

AIC score: 6465.372017 / AICc score: 6603.689597 / BIC score: 7867.261172
Free parameters (model + branch lengths): 270

Best ML tree saved to: /home/homma/Desktop/coding/github/pos_selection_pipeline/tomato_pipeline/pipeline/LOC/raxml-ng/LOC101268416_prot_linear_multi_sl25_prt_codonAlignment.raxml.bestTree
All ML trees saved to: /home/homma/Desktop/coding/github/pos_selection_pipeline/tomato_pipeline/pipeline/LOC/raxml-ng/LOC101268416_prot_linear_multi_sl25_prt_codonAlignment.raxml.mlTrees
Optimized model saved to: /home/homma/Desktop/coding/github/pos_selection_pipeline/tomato_pipeline/pipeline/LOC/raxml-ng/LOC101268416_prot_linear_multi_sl25_prt_codonAlignment.raxml.bestModel

Execution log saved to: /home/homma/Desktop/coding/github/pos_selection_pipeline/tomato_pipeline/pipeline/LOC/raxml-ng/LOC101268416_prot_linear_multi_sl25_prt_codonAlignment.raxml.log

Analysis started: 01-Mar-2020 20:37:49 / finished: 01-Mar-2020 20:39:26

Elapsed time: 97.168 seconds

