
RAxML-NG v. 0.8.1 BETA released on 05.03.2019 by The Exelixis Lab.
Authors: Alexey Kozlov, Alexandros Stamatakis, Diego Darriba, Tomas Flouri, Benoit Morel.
Latest version: https://github.com/amkozlov/raxml-ng
Questions/problems/suggestions? Please visit: https://groups.google.com/forum/#!forum/raxml

WARNING: This is a BETA release, please use at your own risk!

RAxML-NG was called at 01-Mar-2020 21:57:33 as follows:

raxml-ng --msa LOC101260262_prot_linear_multi_sl25_prt_codonAlignment.fasta --prefix LOC101260262_prot_linear_multi_sl25_prt_codonAlignment --model GTR+G --seed 123 --bs-tree 100 --force

Analysis options:
  run mode: ML tree search
  start tree(s): random (10) + parsimony (10)
  random seed: 123
  tip-inner: OFF
  pattern compression: ON
  per-rate scalers: OFF
  site repeats: ON
  fast spr radius: AUTO
  spr subtree cutoff: 1.000000
  branch lengths: proportional (ML estimate, algorithm: NR-FAST)
  SIMD kernels: AVX2
  parallelization: PTHREADS (6 threads), thread pinning: OFF

WARNING: Running in FORCE mode: all safety checks are disabled!

[00:00:00] Reading alignment from file: LOC101260262_prot_linear_multi_sl25_prt_codonAlignment.fasta
[00:00:00] Loaded alignment with 103 taxa and 1458 sites

Alignment comprises 1 partitions and 78 patterns

Partition 0: noname
Model: GTR+FO+G4m
Alignment sites / patterns: 1458 / 78
Gaps: 0.20 %
Invariant sites: 94.99 %


NOTE: Binary MSA file created: LOC101260262_prot_linear_multi_sl25_prt_codonAlignment.raxml.rba

[00:00:00] Generating 10 random starting tree(s) with 103 taxa
[00:00:00] Generating 10 parsimony starting tree(s) with 103 taxa
[00:00:00] Data distribution: max. partitions/sites/weight per thread: 1 / 13 / 208

Starting ML tree search with 20 distinct starting trees

[00:00:02] ML tree search #1, logLikelihood: -2989.803246
[00:00:07] ML tree search #2, logLikelihood: -2990.168149
[00:00:09] ML tree search #3, logLikelihood: -2986.285694
[00:00:14] ML tree search #4, logLikelihood: -2989.159681
[00:00:16] ML tree search #5, logLikelihood: -2989.611226
[00:00:20] ML tree search #6, logLikelihood: -2988.332907
[00:00:24] ML tree search #7, logLikelihood: -2986.298475
[00:00:29] ML tree search #8, logLikelihood: -2985.745569
[00:00:34] ML tree search #9, logLikelihood: -2986.298528
[00:00:39] ML tree search #10, logLikelihood: -2985.752368
[00:00:43] ML tree search #11, logLikelihood: -2990.980613
[00:00:47] ML tree search #12, logLikelihood: -2989.195748
[00:00:50] ML tree search #13, logLikelihood: -2989.857760
[00:00:51] ML tree search #14, logLikelihood: -2991.343904
[00:00:53] ML tree search #15, logLikelihood: -2991.927798
[00:00:57] ML tree search #16, logLikelihood: -2985.503736
[00:00:59] ML tree search #17, logLikelihood: -2989.245371
[00:01:03] ML tree search #18, logLikelihood: -2996.022812
[00:01:07] ML tree search #19, logLikelihood: -2985.503733
[00:01:10] ML tree search #20, logLikelihood: -2996.131297

Optimized model parameters:

   Partition 0: noname
   Rate heterogeneity: GAMMA (4 cats, mean),  alpha: 0.020139 (ML),  weights&rates: (0.250000,0.000000) (0.250000,0.000000) (0.250000,0.000001) (0.250000,3.999999) 
   Base frequencies (ML): 0.282886 0.171946 0.246245 0.298922 
   Substitution rates (ML): 2.970385 4.959658 1.320434 1.897406 13.025881 1.000000 

Final LogLikelihood: -2985.503733

AIC score: 6395.007467 / AICc score: 6467.547226 / BIC score: 7515.389500
Free parameters (model + branch lengths): 212

Best ML tree saved to: /home/homma/Desktop/coding/github/pos_selection_pipeline/tomato_pipeline/pipeline/LOC/raxml-ng/LOC101260262_prot_linear_multi_sl25_prt_codonAlignment.raxml.bestTree
All ML trees saved to: /home/homma/Desktop/coding/github/pos_selection_pipeline/tomato_pipeline/pipeline/LOC/raxml-ng/LOC101260262_prot_linear_multi_sl25_prt_codonAlignment.raxml.mlTrees
Optimized model saved to: /home/homma/Desktop/coding/github/pos_selection_pipeline/tomato_pipeline/pipeline/LOC/raxml-ng/LOC101260262_prot_linear_multi_sl25_prt_codonAlignment.raxml.bestModel

Execution log saved to: /home/homma/Desktop/coding/github/pos_selection_pipeline/tomato_pipeline/pipeline/LOC/raxml-ng/LOC101260262_prot_linear_multi_sl25_prt_codonAlignment.raxml.log

Analysis started: 01-Mar-2020 21:57:33 / finished: 01-Mar-2020 21:58:44

Elapsed time: 70.694 seconds

