
RAxML-NG v. 0.8.1 BETA released on 05.03.2019 by The Exelixis Lab.
Authors: Alexey Kozlov, Alexandros Stamatakis, Diego Darriba, Tomas Flouri, Benoit Morel.
Latest version: https://github.com/amkozlov/raxml-ng
Questions/problems/suggestions? Please visit: https://groups.google.com/forum/#!forum/raxml

WARNING: This is a BETA release, please use at your own risk!

RAxML-NG was called at 01-Mar-2020 22:26:20 as follows:

raxml-ng --msa LOC101263035_prot_linear_multi_sl25_prt_codonAlignment.fasta --prefix LOC101263035_prot_linear_multi_sl25_prt_codonAlignment --model GTR+G --seed 123 --bs-tree 100 --force

Analysis options:
  run mode: ML tree search
  start tree(s): random (10) + parsimony (10)
  random seed: 123
  tip-inner: OFF
  pattern compression: ON
  per-rate scalers: OFF
  site repeats: ON
  fast spr radius: AUTO
  spr subtree cutoff: 1.000000
  branch lengths: proportional (ML estimate, algorithm: NR-FAST)
  SIMD kernels: AVX2
  parallelization: PTHREADS (6 threads), thread pinning: OFF

WARNING: Running in FORCE mode: all safety checks are disabled!

[00:00:00] Reading alignment from file: LOC101263035_prot_linear_multi_sl25_prt_codonAlignment.fasta
[00:00:00] Loaded alignment with 97 taxa and 972 sites

Alignment comprises 1 partitions and 47 patterns

Partition 0: noname
Model: GTR+FO+G4m
Alignment sites / patterns: 972 / 47
Gaps: 0.00 %
Invariant sites: 95.37 %


NOTE: Binary MSA file created: LOC101263035_prot_linear_multi_sl25_prt_codonAlignment.raxml.rba

[00:00:00] Generating 10 random starting tree(s) with 97 taxa
[00:00:00] Generating 10 parsimony starting tree(s) with 97 taxa
[00:00:00] Data distribution: max. partitions/sites/weight per thread: 1 / 8 / 128

Starting ML tree search with 20 distinct starting trees

[00:00:02] ML tree search #1, logLikelihood: -1875.045776
[00:00:03] ML tree search #2, logLikelihood: -1877.728198
[00:00:06] ML tree search #3, logLikelihood: -1878.819207
[00:00:09] ML tree search #4, logLikelihood: -1875.866217
[00:00:10] ML tree search #5, logLikelihood: -1879.036886
[00:00:12] ML tree search #6, logLikelihood: -1872.892083
[00:00:15] ML tree search #7, logLikelihood: -1872.906916
[00:00:17] ML tree search #8, logLikelihood: -1875.423676
[00:00:19] ML tree search #9, logLikelihood: -1873.333812
[00:00:21] ML tree search #10, logLikelihood: -1877.571656
[00:00:23] ML tree search #11, logLikelihood: -1879.043525
[00:00:24] ML tree search #12, logLikelihood: -1872.660726
[00:00:25] ML tree search #13, logLikelihood: -1877.585539
[00:00:26] ML tree search #14, logLikelihood: -1873.116831
[00:00:28] ML tree search #15, logLikelihood: -1873.333805
[00:00:29] ML tree search #16, logLikelihood: -1888.861964
[00:00:30] ML tree search #17, logLikelihood: -1873.333828
[00:00:31] ML tree search #18, logLikelihood: -1878.219886
[00:00:32] ML tree search #19, logLikelihood: -1875.683806
[00:00:33] ML tree search #20, logLikelihood: -1873.117262

Optimized model parameters:

   Partition 0: noname
   Rate heterogeneity: GAMMA (4 cats, mean),  alpha: 0.020140 (ML),  weights&rates: (0.250000,0.000000) (0.250000,0.000000) (0.250000,0.000001) (0.250000,3.999999) 
   Base frequencies (ML): 0.292845 0.188177 0.231211 0.287768 
   Substitution rates (ML): 4.641098 11.658028 1.476981 2.066106 4.715057 1.000000 

Final LogLikelihood: -1872.660726

AIC score: 4145.321451 / AICc score: 4249.601607 / BIC score: 5121.192612
Free parameters (model + branch lengths): 200

Best ML tree saved to: /home/homma/Desktop/coding/github/pos_selection_pipeline/tomato_pipeline/pipeline/LOC/raxml-ng/LOC101263035_prot_linear_multi_sl25_prt_codonAlignment.raxml.bestTree
All ML trees saved to: /home/homma/Desktop/coding/github/pos_selection_pipeline/tomato_pipeline/pipeline/LOC/raxml-ng/LOC101263035_prot_linear_multi_sl25_prt_codonAlignment.raxml.mlTrees
Optimized model saved to: /home/homma/Desktop/coding/github/pos_selection_pipeline/tomato_pipeline/pipeline/LOC/raxml-ng/LOC101263035_prot_linear_multi_sl25_prt_codonAlignment.raxml.bestModel

Execution log saved to: /home/homma/Desktop/coding/github/pos_selection_pipeline/tomato_pipeline/pipeline/LOC/raxml-ng/LOC101263035_prot_linear_multi_sl25_prt_codonAlignment.raxml.log

Analysis started: 01-Mar-2020 22:26:20 / finished: 01-Mar-2020 22:26:54

Elapsed time: 33.632 seconds

