
RAxML-NG v. 0.8.1 BETA released on 05.03.2019 by The Exelixis Lab.
Authors: Alexey Kozlov, Alexandros Stamatakis, Diego Darriba, Tomas Flouri, Benoit Morel.
Latest version: https://github.com/amkozlov/raxml-ng
Questions/problems/suggestions? Please visit: https://groups.google.com/forum/#!forum/raxml

WARNING: This is a BETA release, please use at your own risk!

RAxML-NG was called at 01-Mar-2020 20:45:55 as follows:

raxml-ng --msa LOC101261866_prot_linear_multi_sl25_prt_codonAlignment.fasta --prefix LOC101261866_prot_linear_multi_sl25_prt_codonAlignment --model GTR+G --seed 123 --bs-tree 100 --force

Analysis options:
  run mode: ML tree search
  start tree(s): random (10) + parsimony (10)
  random seed: 123
  tip-inner: OFF
  pattern compression: ON
  per-rate scalers: OFF
  site repeats: ON
  fast spr radius: AUTO
  spr subtree cutoff: 1.000000
  branch lengths: proportional (ML estimate, algorithm: NR-FAST)
  SIMD kernels: AVX2
  parallelization: PTHREADS (6 threads), thread pinning: OFF

WARNING: Running in FORCE mode: all safety checks are disabled!

[00:00:00] Reading alignment from file: LOC101261866_prot_linear_multi_sl25_prt_codonAlignment.fasta
[00:00:00] Loaded alignment with 110 taxa and 927 sites

Alignment comprises 1 partitions and 51 patterns

Partition 0: noname
Model: GTR+FO+G4m
Alignment sites / patterns: 927 / 51
Gaps: 0.00 %
Invariant sites: 94.71 %


NOTE: Binary MSA file created: LOC101261866_prot_linear_multi_sl25_prt_codonAlignment.raxml.rba

[00:00:00] Generating 10 random starting tree(s) with 110 taxa
[00:00:00] Generating 10 parsimony starting tree(s) with 110 taxa
[00:00:00] Data distribution: max. partitions/sites/weight per thread: 1 / 9 / 144

Starting ML tree search with 20 distinct starting trees

[00:00:02] ML tree search #1, logLikelihood: -1778.948041
[00:00:04] ML tree search #2, logLikelihood: -1780.267573
[00:00:06] ML tree search #3, logLikelihood: -1785.835172
[00:00:09] ML tree search #4, logLikelihood: -1778.716334
[00:00:11] ML tree search #5, logLikelihood: -1783.215122
[00:00:13] ML tree search #6, logLikelihood: -1783.079751
[00:00:15] ML tree search #7, logLikelihood: -1779.000872
[00:00:18] ML tree search #8, logLikelihood: -1798.704631
[00:00:20] ML tree search #9, logLikelihood: -1780.965055
[00:00:22] ML tree search #10, logLikelihood: -1779.000848
[00:00:23] ML tree search #11, logLikelihood: -1779.488084
[00:00:24] ML tree search #12, logLikelihood: -1779.000978
[00:00:24] ML tree search #13, logLikelihood: -1781.584020
[00:00:25] ML tree search #14, logLikelihood: -1779.000801
[00:00:26] ML tree search #15, logLikelihood: -1779.001449
[00:00:27] ML tree search #16, logLikelihood: -1780.645289
[00:00:28] ML tree search #17, logLikelihood: -1776.954618
[00:00:28] ML tree search #18, logLikelihood: -1780.538665
[00:00:29] ML tree search #19, logLikelihood: -1778.716455
[00:00:30] ML tree search #20, logLikelihood: -1779.001435

Optimized model parameters:

   Partition 0: noname
   Rate heterogeneity: GAMMA (4 cats, mean),  alpha: 0.020123 (ML),  weights&rates: (0.250000,0.000000) (0.250000,0.000000) (0.250000,0.000001) (0.250000,3.999999) 
   Base frequencies (ML): 0.320631 0.185633 0.232878 0.260858 
   Substitution rates (ML): 14.077231 14.822996 6.354529 9.053913 33.459296 1.000000 

Final LogLikelihood: -1776.954618

AIC score: 4005.909236 / AICc score: 4152.486379 / BIC score: 5097.930742
Free parameters (model + branch lengths): 226

Best ML tree saved to: /home/homma/Desktop/coding/github/pos_selection_pipeline/tomato_pipeline/pipeline/LOC/raxml-ng/LOC101261866_prot_linear_multi_sl25_prt_codonAlignment.raxml.bestTree
All ML trees saved to: /home/homma/Desktop/coding/github/pos_selection_pipeline/tomato_pipeline/pipeline/LOC/raxml-ng/LOC101261866_prot_linear_multi_sl25_prt_codonAlignment.raxml.mlTrees
Optimized model saved to: /home/homma/Desktop/coding/github/pos_selection_pipeline/tomato_pipeline/pipeline/LOC/raxml-ng/LOC101261866_prot_linear_multi_sl25_prt_codonAlignment.raxml.bestModel

Execution log saved to: /home/homma/Desktop/coding/github/pos_selection_pipeline/tomato_pipeline/pipeline/LOC/raxml-ng/LOC101261866_prot_linear_multi_sl25_prt_codonAlignment.raxml.log

Analysis started: 01-Mar-2020 20:45:55 / finished: 01-Mar-2020 20:46:25

Elapsed time: 30.675 seconds

