
RAxML-NG v. 0.8.1 BETA released on 05.03.2019 by The Exelixis Lab.
Authors: Alexey Kozlov, Alexandros Stamatakis, Diego Darriba, Tomas Flouri, Benoit Morel.
Latest version: https://github.com/amkozlov/raxml-ng
Questions/problems/suggestions? Please visit: https://groups.google.com/forum/#!forum/raxml

WARNING: This is a BETA release, please use at your own risk!

RAxML-NG was called at 01-Mar-2020 20:15:38 as follows:

raxml-ng --msa LOC101248407_prot_linear_multi_sl25_prt_codonAlignment.fasta --prefix LOC101248407_prot_linear_multi_sl25_prt_codonAlignment --model GTR+G --seed 123 --bs-tree 100 --force

Analysis options:
  run mode: ML tree search
  start tree(s): random (10) + parsimony (10)
  random seed: 123
  tip-inner: OFF
  pattern compression: ON
  per-rate scalers: OFF
  site repeats: ON
  fast spr radius: AUTO
  spr subtree cutoff: 1.000000
  branch lengths: proportional (ML estimate, algorithm: NR-FAST)
  SIMD kernels: AVX2
  parallelization: PTHREADS (6 threads), thread pinning: OFF

WARNING: Running in FORCE mode: all safety checks are disabled!

[00:00:00] Reading alignment from file: LOC101248407_prot_linear_multi_sl25_prt_codonAlignment.fasta
[00:00:00] Loaded alignment with 121 taxa and 2892 sites

Alignment comprises 1 partitions and 120 patterns

Partition 0: noname
Model: GTR+FO+G4m
Alignment sites / patterns: 2892 / 120
Gaps: 0.00 %
Invariant sites: 95.40 %


NOTE: Binary MSA file created: LOC101248407_prot_linear_multi_sl25_prt_codonAlignment.raxml.rba

[00:00:00] Generating 10 random starting tree(s) with 121 taxa
[00:00:00] Generating 10 parsimony starting tree(s) with 121 taxa
[00:00:00] Data distribution: max. partitions/sites/weight per thread: 1 / 20 / 320

Starting ML tree search with 20 distinct starting trees

[00:00:03] ML tree search #1, logLikelihood: -5598.820078
[00:00:06] ML tree search #2, logLikelihood: -5560.268849
[00:00:09] ML tree search #3, logLikelihood: -5559.821701
[00:00:12] ML tree search #4, logLikelihood: -5584.353577
[00:00:16] ML tree search #5, logLikelihood: -5559.580821
[00:00:21] ML tree search #6, logLikelihood: -5559.580809
[00:00:26] ML tree search #7, logLikelihood: -5558.750659
[00:00:31] ML tree search #8, logLikelihood: -5562.579814
[00:00:34] ML tree search #9, logLikelihood: -5559.690330
[00:00:38] ML tree search #10, logLikelihood: -5560.133535
[00:00:40] ML tree search #11, logLikelihood: -5562.607893
[00:00:42] ML tree search #12, logLikelihood: -5562.228375
[00:00:43] ML tree search #13, logLikelihood: -5568.396435
[00:00:44] ML tree search #14, logLikelihood: -5562.789418
[00:00:46] ML tree search #15, logLikelihood: -5567.930643
[00:00:48] ML tree search #16, logLikelihood: -5563.136721
[00:00:49] ML tree search #17, logLikelihood: -5564.596334
[00:00:51] ML tree search #18, logLikelihood: -5564.383063
[00:00:55] ML tree search #19, logLikelihood: -5567.139453
[00:00:58] ML tree search #20, logLikelihood: -5559.060538

Optimized model parameters:

   Partition 0: noname
   Rate heterogeneity: GAMMA (4 cats, mean),  alpha: 0.020135 (ML),  weights&rates: (0.250000,0.000000) (0.250000,0.000000) (0.250000,0.000001) (0.250000,3.999999) 
   Base frequencies (ML): 0.276708 0.201312 0.248547 0.273433 
   Substitution rates (ML): 1.444755 5.271964 2.373391 1.255148 8.254858 1.000000 

Final LogLikelihood: -5558.750659

AIC score: 11613.501317 / AICc score: 11660.230034 / BIC score: 13093.987806
Free parameters (model + branch lengths): 248

Best ML tree saved to: /home/homma/Desktop/coding/github/pos_selection_pipeline/tomato_pipeline/pipeline/LOC/raxml-ng/LOC101248407_prot_linear_multi_sl25_prt_codonAlignment.raxml.bestTree
All ML trees saved to: /home/homma/Desktop/coding/github/pos_selection_pipeline/tomato_pipeline/pipeline/LOC/raxml-ng/LOC101248407_prot_linear_multi_sl25_prt_codonAlignment.raxml.mlTrees
Optimized model saved to: /home/homma/Desktop/coding/github/pos_selection_pipeline/tomato_pipeline/pipeline/LOC/raxml-ng/LOC101248407_prot_linear_multi_sl25_prt_codonAlignment.raxml.bestModel

Execution log saved to: /home/homma/Desktop/coding/github/pos_selection_pipeline/tomato_pipeline/pipeline/LOC/raxml-ng/LOC101248407_prot_linear_multi_sl25_prt_codonAlignment.raxml.log

Analysis started: 01-Mar-2020 20:15:38 / finished: 01-Mar-2020 20:16:37

Elapsed time: 59.016 seconds

