
RAxML-NG v. 0.8.1 BETA released on 05.03.2019 by The Exelixis Lab.
Authors: Alexey Kozlov, Alexandros Stamatakis, Diego Darriba, Tomas Flouri, Benoit Morel.
Latest version: https://github.com/amkozlov/raxml-ng
Questions/problems/suggestions? Please visit: https://groups.google.com/forum/#!forum/raxml

WARNING: This is a BETA release, please use at your own risk!

RAxML-NG was called at 01-Mar-2020 20:33:43 as follows:

raxml-ng --msa LOC101248107_prot_linear_multi_sl25_prt_codonAlignment.fasta --prefix LOC101248107_prot_linear_multi_sl25_prt_codonAlignment --model GTR+G --seed 123 --bs-tree 100 --force

Analysis options:
  run mode: ML tree search
  start tree(s): random (10) + parsimony (10)
  random seed: 123
  tip-inner: OFF
  pattern compression: ON
  per-rate scalers: OFF
  site repeats: ON
  fast spr radius: AUTO
  spr subtree cutoff: 1.000000
  branch lengths: proportional (ML estimate, algorithm: NR-FAST)
  SIMD kernels: AVX2
  parallelization: PTHREADS (6 threads), thread pinning: OFF

WARNING: Running in FORCE mode: all safety checks are disabled!

[00:00:00] Reading alignment from file: LOC101248107_prot_linear_multi_sl25_prt_codonAlignment.fasta
[00:00:00] Loaded alignment with 90 taxa and 1239 sites

Alignment comprises 1 partitions and 39 patterns

Partition 0: noname
Model: GTR+FO+G4m
Alignment sites / patterns: 1239 / 39
Gaps: 0.00 %
Invariant sites: 97.18 %


NOTE: Binary MSA file created: LOC101248107_prot_linear_multi_sl25_prt_codonAlignment.raxml.rba

[00:00:00] Generating 10 random starting tree(s) with 90 taxa
[00:00:00] Generating 10 parsimony starting tree(s) with 90 taxa
[00:00:00] Data distribution: max. partitions/sites/weight per thread: 1 / 7 / 112

Starting ML tree search with 20 distinct starting trees

[00:00:01] ML tree search #1, logLikelihood: -2076.214554
[00:00:02] ML tree search #2, logLikelihood: -2072.342902
[00:00:03] ML tree search #3, logLikelihood: -2074.572418
[00:00:05] ML tree search #4, logLikelihood: -2072.342869
[00:00:06] ML tree search #5, logLikelihood: -2073.563736
[00:00:07] ML tree search #6, logLikelihood: -2069.474062
[00:00:08] ML tree search #7, logLikelihood: -2071.755431
[00:00:09] ML tree search #8, logLikelihood: -2074.715063
[00:00:10] ML tree search #9, logLikelihood: -2073.345427
[00:00:12] ML tree search #10, logLikelihood: -2072.342877
[00:00:13] ML tree search #11, logLikelihood: -2072.342917
[00:00:13] ML tree search #12, logLikelihood: -2080.762121
[00:00:14] ML tree search #13, logLikelihood: -2074.154147
[00:00:15] ML tree search #14, logLikelihood: -2071.755431
[00:00:15] ML tree search #15, logLikelihood: -2070.480923
[00:00:16] ML tree search #16, logLikelihood: -2074.572402
[00:00:17] ML tree search #17, logLikelihood: -2071.755421
[00:00:17] ML tree search #18, logLikelihood: -2081.662515
[00:00:18] ML tree search #19, logLikelihood: -2069.474075
[00:00:19] ML tree search #20, logLikelihood: -2070.480929

Optimized model parameters:

   Partition 0: noname
   Rate heterogeneity: GAMMA (4 cats, mean),  alpha: 0.020136 (ML),  weights&rates: (0.250000,0.000000) (0.250000,0.000000) (0.250000,0.000001) (0.250000,3.999999) 
   Base frequencies (ML): 0.284988 0.192993 0.243024 0.278994 
   Substitution rates (ML): 0.487781 4.389547 2.938799 1.559346 11.350806 1.000000 

Final LogLikelihood: -2069.474062

AIC score: 4510.948125 / AICc score: 4577.073600 / BIC score: 5463.651263
Free parameters (model + branch lengths): 186

Best ML tree saved to: /home/homma/Desktop/coding/github/pos_selection_pipeline/tomato_pipeline/pipeline/LOC/raxml-ng/LOC101248107_prot_linear_multi_sl25_prt_codonAlignment.raxml.bestTree
All ML trees saved to: /home/homma/Desktop/coding/github/pos_selection_pipeline/tomato_pipeline/pipeline/LOC/raxml-ng/LOC101248107_prot_linear_multi_sl25_prt_codonAlignment.raxml.mlTrees
Optimized model saved to: /home/homma/Desktop/coding/github/pos_selection_pipeline/tomato_pipeline/pipeline/LOC/raxml-ng/LOC101248107_prot_linear_multi_sl25_prt_codonAlignment.raxml.bestModel

Execution log saved to: /home/homma/Desktop/coding/github/pos_selection_pipeline/tomato_pipeline/pipeline/LOC/raxml-ng/LOC101248107_prot_linear_multi_sl25_prt_codonAlignment.raxml.log

Analysis started: 01-Mar-2020 20:33:43 / finished: 01-Mar-2020 20:34:02

Elapsed time: 19.054 seconds

