
RAxML-NG v. 0.8.1 BETA released on 05.03.2019 by The Exelixis Lab.
Authors: Alexey Kozlov, Alexandros Stamatakis, Diego Darriba, Tomas Flouri, Benoit Morel.
Latest version: https://github.com/amkozlov/raxml-ng
Questions/problems/suggestions? Please visit: https://groups.google.com/forum/#!forum/raxml

WARNING: This is a BETA release, please use at your own risk!

RAxML-NG was called at 01-Mar-2020 22:04:11 as follows:

raxml-ng --msa LOC101260852_prot_linear_multi_sl25_prt_codonAlignment.fasta --prefix LOC101260852_prot_linear_multi_sl25_prt_codonAlignment --model GTR+G --seed 123 --bs-tree 100 --force

Analysis options:
  run mode: ML tree search
  start tree(s): random (10) + parsimony (10)
  random seed: 123
  tip-inner: OFF
  pattern compression: ON
  per-rate scalers: OFF
  site repeats: ON
  fast spr radius: AUTO
  spr subtree cutoff: 1.000000
  branch lengths: proportional (ML estimate, algorithm: NR-FAST)
  SIMD kernels: AVX2
  parallelization: PTHREADS (6 threads), thread pinning: OFF

WARNING: Running in FORCE mode: all safety checks are disabled!

[00:00:00] Reading alignment from file: LOC101260852_prot_linear_multi_sl25_prt_codonAlignment.fasta
[00:00:00] Loaded alignment with 91 taxa and 1209 sites

Alignment comprises 1 partitions and 53 patterns

Partition 0: noname
Model: GTR+FO+G4m
Alignment sites / patterns: 1209 / 53
Gaps: 0.06 %
Invariant sites: 95.70 %


NOTE: Binary MSA file created: LOC101260852_prot_linear_multi_sl25_prt_codonAlignment.raxml.rba

[00:00:00] Generating 10 random starting tree(s) with 91 taxa
[00:00:00] Generating 10 parsimony starting tree(s) with 91 taxa
[00:00:00] Data distribution: max. partitions/sites/weight per thread: 1 / 9 / 144

Starting ML tree search with 20 distinct starting trees

[00:00:01] ML tree search #1, logLikelihood: -2228.707617
[00:00:02] ML tree search #2, logLikelihood: -2237.351144
[00:00:03] ML tree search #3, logLikelihood: -2228.707796
[00:00:06] ML tree search #4, logLikelihood: -2227.779447
[00:00:08] ML tree search #5, logLikelihood: -2228.707609
[00:00:09] ML tree search #6, logLikelihood: -2228.707659
[00:00:10] ML tree search #7, logLikelihood: -2235.928608
[00:00:12] ML tree search #8, logLikelihood: -2227.874851
[00:00:13] ML tree search #9, logLikelihood: -2227.874859
[00:00:15] ML tree search #10, logLikelihood: -2227.779479
[00:00:15] ML tree search #11, logLikelihood: -2233.033599
[00:00:16] ML tree search #12, logLikelihood: -2227.779468
[00:00:17] ML tree search #13, logLikelihood: -2227.874862
[00:00:18] ML tree search #14, logLikelihood: -2229.919413
[00:00:18] ML tree search #15, logLikelihood: -2232.615755
[00:00:19] ML tree search #16, logLikelihood: -2232.039270
[00:00:20] ML tree search #17, logLikelihood: -2231.902007
[00:00:20] ML tree search #18, logLikelihood: -2232.039254
[00:00:21] ML tree search #19, logLikelihood: -2232.315013
[00:00:22] ML tree search #20, logLikelihood: -2232.039248

Optimized model parameters:

   Partition 0: noname
   Rate heterogeneity: GAMMA (4 cats, mean),  alpha: 0.020128 (ML),  weights&rates: (0.250000,0.000000) (0.250000,0.000000) (0.250000,0.000001) (0.250000,3.999999) 
   Base frequencies (ML): 0.314291 0.175084 0.231359 0.279266 
   Substitution rates (ML): 4.631053 14.506301 0.963792 1.618315 5.936114 1.000000 

Final LogLikelihood: -2227.779447

AIC score: 4831.558893 / AICc score: 4901.229482 / BIC score: 5789.898077
Free parameters (model + branch lengths): 188

Best ML tree saved to: /home/homma/Desktop/coding/github/pos_selection_pipeline/tomato_pipeline/pipeline/LOC/raxml-ng/LOC101260852_prot_linear_multi_sl25_prt_codonAlignment.raxml.bestTree
All ML trees saved to: /home/homma/Desktop/coding/github/pos_selection_pipeline/tomato_pipeline/pipeline/LOC/raxml-ng/LOC101260852_prot_linear_multi_sl25_prt_codonAlignment.raxml.mlTrees
Optimized model saved to: /home/homma/Desktop/coding/github/pos_selection_pipeline/tomato_pipeline/pipeline/LOC/raxml-ng/LOC101260852_prot_linear_multi_sl25_prt_codonAlignment.raxml.bestModel

Execution log saved to: /home/homma/Desktop/coding/github/pos_selection_pipeline/tomato_pipeline/pipeline/LOC/raxml-ng/LOC101260852_prot_linear_multi_sl25_prt_codonAlignment.raxml.log

Analysis started: 01-Mar-2020 22:04:11 / finished: 01-Mar-2020 22:04:33

Elapsed time: 22.062 seconds

