
RAxML-NG v. 0.8.1 BETA released on 05.03.2019 by The Exelixis Lab.
Authors: Alexey Kozlov, Alexandros Stamatakis, Diego Darriba, Tomas Flouri, Benoit Morel.
Latest version: https://github.com/amkozlov/raxml-ng
Questions/problems/suggestions? Please visit: https://groups.google.com/forum/#!forum/raxml

WARNING: This is a BETA release, please use at your own risk!

RAxML-NG was called at 01-Mar-2020 20:21:51 as follows:

raxml-ng --msa LOC101263049_prot_linear_multi_sl25_prt_codonAlignment.fasta --prefix LOC101263049_prot_linear_multi_sl25_prt_codonAlignment --model GTR+G --seed 123 --bs-tree 100 --force

Analysis options:
  run mode: ML tree search
  start tree(s): random (10) + parsimony (10)
  random seed: 123
  tip-inner: OFF
  pattern compression: ON
  per-rate scalers: OFF
  site repeats: ON
  fast spr radius: AUTO
  spr subtree cutoff: 1.000000
  branch lengths: proportional (ML estimate, algorithm: NR-FAST)
  SIMD kernels: AVX2
  parallelization: PTHREADS (6 threads), thread pinning: OFF

WARNING: Running in FORCE mode: all safety checks are disabled!

[00:00:00] Reading alignment from file: LOC101263049_prot_linear_multi_sl25_prt_codonAlignment.fasta
[00:00:00] Loaded alignment with 100 taxa and 744 sites

Alignment comprises 1 partitions and 41 patterns

Partition 0: noname
Model: GTR+FO+G4m
Alignment sites / patterns: 744 / 41
Gaps: 0.00 %
Invariant sites: 95.03 %


NOTE: Binary MSA file created: LOC101263049_prot_linear_multi_sl25_prt_codonAlignment.raxml.rba

[00:00:00] Generating 10 random starting tree(s) with 100 taxa
[00:00:00] Generating 10 parsimony starting tree(s) with 100 taxa
[00:00:00] Data distribution: max. partitions/sites/weight per thread: 1 / 7 / 112

Starting ML tree search with 20 distinct starting trees

[00:00:01] ML tree search #1, logLikelihood: -1446.696522
[00:00:03] ML tree search #2, logLikelihood: -1446.457361
[00:00:05] ML tree search #3, logLikelihood: -1449.977870
[00:00:07] ML tree search #4, logLikelihood: -1451.548788
[00:00:08] ML tree search #5, logLikelihood: -1446.542005
[00:00:11] ML tree search #6, logLikelihood: -1447.638740
[00:00:12] ML tree search #7, logLikelihood: -1449.515260
[00:00:15] ML tree search #8, logLikelihood: -1445.623254
[00:00:16] ML tree search #9, logLikelihood: -1448.322515
[00:00:19] ML tree search #10, logLikelihood: -1445.623180
[00:00:19] ML tree search #11, logLikelihood: -1449.560839
[00:00:21] ML tree search #12, logLikelihood: -1447.599728
[00:00:22] ML tree search #13, logLikelihood: -1451.794968
[00:00:22] ML tree search #14, logLikelihood: -1446.542001
[00:00:25] ML tree search #15, logLikelihood: -1446.482562
[00:00:25] ML tree search #16, logLikelihood: -1448.907341
[00:00:27] ML tree search #17, logLikelihood: -1448.367621
[00:00:28] ML tree search #18, logLikelihood: -1451.207396
[00:00:28] ML tree search #19, logLikelihood: -1448.203916
[00:00:29] ML tree search #20, logLikelihood: -1448.102383

Optimized model parameters:

   Partition 0: noname
   Rate heterogeneity: GAMMA (4 cats, mean),  alpha: 0.020140 (ML),  weights&rates: (0.250000,0.000000) (0.250000,0.000000) (0.250000,0.000001) (0.250000,3.999999) 
   Base frequencies (ML): 0.255723 0.186922 0.261765 0.295590 
   Substitution rates (ML): 4.424173 14.445407 1.416089 0.741536 14.654000 1.000000 

Final LogLikelihood: -1445.623180

AIC score: 3303.246360 / AICc score: 3462.062002 / BIC score: 4253.326813
Free parameters (model + branch lengths): 206

Best ML tree saved to: /home/homma/Desktop/coding/github/pos_selection_pipeline/tomato_pipeline/pipeline/LOC/raxml-ng/LOC101263049_prot_linear_multi_sl25_prt_codonAlignment.raxml.bestTree
All ML trees saved to: /home/homma/Desktop/coding/github/pos_selection_pipeline/tomato_pipeline/pipeline/LOC/raxml-ng/LOC101263049_prot_linear_multi_sl25_prt_codonAlignment.raxml.mlTrees
Optimized model saved to: /home/homma/Desktop/coding/github/pos_selection_pipeline/tomato_pipeline/pipeline/LOC/raxml-ng/LOC101263049_prot_linear_multi_sl25_prt_codonAlignment.raxml.bestModel

Execution log saved to: /home/homma/Desktop/coding/github/pos_selection_pipeline/tomato_pipeline/pipeline/LOC/raxml-ng/LOC101263049_prot_linear_multi_sl25_prt_codonAlignment.raxml.log

Analysis started: 01-Mar-2020 20:21:51 / finished: 01-Mar-2020 20:22:21

Elapsed time: 29.389 seconds

