
RAxML-NG v. 0.8.1 BETA released on 05.03.2019 by The Exelixis Lab.
Authors: Alexey Kozlov, Alexandros Stamatakis, Diego Darriba, Tomas Flouri, Benoit Morel.
Latest version: https://github.com/amkozlov/raxml-ng
Questions/problems/suggestions? Please visit: https://groups.google.com/forum/#!forum/raxml

WARNING: This is a BETA release, please use at your own risk!

RAxML-NG was called at 01-Mar-2020 21:47:26 as follows:

raxml-ng --msa LOC101246317_prot_linear_multi_sl25_prt_codonAlignment.fasta --prefix LOC101246317_prot_linear_multi_sl25_prt_codonAlignment --model GTR+G --seed 123 --bs-tree 100 --force

Analysis options:
  run mode: ML tree search
  start tree(s): random (10) + parsimony (10)
  random seed: 123
  tip-inner: OFF
  pattern compression: ON
  per-rate scalers: OFF
  site repeats: ON
  fast spr radius: AUTO
  spr subtree cutoff: 1.000000
  branch lengths: proportional (ML estimate, algorithm: NR-FAST)
  SIMD kernels: AVX2
  parallelization: PTHREADS (6 threads), thread pinning: OFF

WARNING: Running in FORCE mode: all safety checks are disabled!

[00:00:00] Reading alignment from file: LOC101246317_prot_linear_multi_sl25_prt_codonAlignment.fasta
[00:00:00] Loaded alignment with 98 taxa and 681 sites

Alignment comprises 1 partitions and 37 patterns

Partition 0: noname
Model: GTR+FO+G4m
Alignment sites / patterns: 681 / 37
Gaps: 0.04 %
Invariant sites: 95.30 %


NOTE: Binary MSA file created: LOC101246317_prot_linear_multi_sl25_prt_codonAlignment.raxml.rba

[00:00:00] Generating 10 random starting tree(s) with 98 taxa
[00:00:00] Generating 10 parsimony starting tree(s) with 98 taxa
[00:00:00] Data distribution: max. partitions/sites/weight per thread: 1 / 7 / 112

Starting ML tree search with 20 distinct starting trees

[00:00:02] ML tree search #1, logLikelihood: -1312.822911
[00:00:03] ML tree search #2, logLikelihood: -1309.063297
[00:00:04] ML tree search #3, logLikelihood: -1308.002635
[00:00:06] ML tree search #4, logLikelihood: -1327.974975
[00:00:07] ML tree search #5, logLikelihood: -1307.194265
[00:00:09] ML tree search #6, logLikelihood: -1308.347821
[00:00:10] ML tree search #7, logLikelihood: -1323.640968
[00:00:12] ML tree search #8, logLikelihood: -1308.886209
[00:00:13] ML tree search #9, logLikelihood: -1311.150283
[00:00:15] ML tree search #10, logLikelihood: -1310.068038
[00:00:16] ML tree search #11, logLikelihood: -1313.787828
[00:00:16] ML tree search #12, logLikelihood: -1312.493829
[00:00:17] ML tree search #13, logLikelihood: -1308.826699
[00:00:18] ML tree search #14, logLikelihood: -1307.194297
[00:00:18] ML tree search #15, logLikelihood: -1307.566289
[00:00:19] ML tree search #16, logLikelihood: -1317.770238
[00:00:20] ML tree search #17, logLikelihood: -1307.194298
[00:00:20] ML tree search #18, logLikelihood: -1307.194269
[00:00:21] ML tree search #19, logLikelihood: -1307.194316
[00:00:22] ML tree search #20, logLikelihood: -1312.006453

Optimized model parameters:

   Partition 0: noname
   Rate heterogeneity: GAMMA (4 cats, mean),  alpha: 0.020137 (ML),  weights&rates: (0.250000,0.000000) (0.250000,0.000000) (0.250000,0.000001) (0.250000,3.999999) 
   Base frequencies (ML): 0.267165 0.190310 0.265058 0.277467 
   Substitution rates (ML): 1.030585 3.150264 0.272622 0.196075 3.376143 1.000000 

Final LogLikelihood: -1307.194265

AIC score: 3018.388530 / AICc score: 3189.961752 / BIC score: 3932.148116
Free parameters (model + branch lengths): 202

Best ML tree saved to: /home/homma/Desktop/coding/github/pos_selection_pipeline/tomato_pipeline/pipeline/LOC/raxml-ng/LOC101246317_prot_linear_multi_sl25_prt_codonAlignment.raxml.bestTree
All ML trees saved to: /home/homma/Desktop/coding/github/pos_selection_pipeline/tomato_pipeline/pipeline/LOC/raxml-ng/LOC101246317_prot_linear_multi_sl25_prt_codonAlignment.raxml.mlTrees
Optimized model saved to: /home/homma/Desktop/coding/github/pos_selection_pipeline/tomato_pipeline/pipeline/LOC/raxml-ng/LOC101246317_prot_linear_multi_sl25_prt_codonAlignment.raxml.bestModel

Execution log saved to: /home/homma/Desktop/coding/github/pos_selection_pipeline/tomato_pipeline/pipeline/LOC/raxml-ng/LOC101246317_prot_linear_multi_sl25_prt_codonAlignment.raxml.log

Analysis started: 01-Mar-2020 21:47:26 / finished: 01-Mar-2020 21:47:49

Elapsed time: 22.538 seconds

