
RAxML-NG v. 0.8.1 BETA released on 05.03.2019 by The Exelixis Lab.
Authors: Alexey Kozlov, Alexandros Stamatakis, Diego Darriba, Tomas Flouri, Benoit Morel.
Latest version: https://github.com/amkozlov/raxml-ng
Questions/problems/suggestions? Please visit: https://groups.google.com/forum/#!forum/raxml

WARNING: This is a BETA release, please use at your own risk!

RAxML-NG was called at 01-Mar-2020 21:47:49 as follows:

raxml-ng --msa LOC101254013_prot_linear_multi_sl25_prt_codonAlignment.fasta --prefix LOC101254013_prot_linear_multi_sl25_prt_codonAlignment --model GTR+G --seed 123 --bs-tree 100 --force

Analysis options:
  run mode: ML tree search
  start tree(s): random (10) + parsimony (10)
  random seed: 123
  tip-inner: OFF
  pattern compression: ON
  per-rate scalers: OFF
  site repeats: ON
  fast spr radius: AUTO
  spr subtree cutoff: 1.000000
  branch lengths: proportional (ML estimate, algorithm: NR-FAST)
  SIMD kernels: AVX2
  parallelization: PTHREADS (6 threads), thread pinning: OFF

WARNING: Running in FORCE mode: all safety checks are disabled!

[00:00:00] Reading alignment from file: LOC101254013_prot_linear_multi_sl25_prt_codonAlignment.fasta
[00:00:00] Loaded alignment with 94 taxa and 1353 sites

Alignment comprises 1 partitions and 61 patterns

Partition 0: noname
Model: GTR+FO+G4m
Alignment sites / patterns: 1353 / 61
Gaps: 0.00 %
Invariant sites: 95.49 %


NOTE: Binary MSA file created: LOC101254013_prot_linear_multi_sl25_prt_codonAlignment.raxml.rba

[00:00:00] Generating 10 random starting tree(s) with 94 taxa
[00:00:00] Generating 10 parsimony starting tree(s) with 94 taxa
[00:00:00] Data distribution: max. partitions/sites/weight per thread: 1 / 11 / 176

Starting ML tree search with 20 distinct starting trees

[00:00:02] ML tree search #1, logLikelihood: -2575.022374
[00:00:03] ML tree search #2, logLikelihood: -2580.923206
[00:00:05] ML tree search #3, logLikelihood: -2577.532229
[00:00:07] ML tree search #4, logLikelihood: -2574.796749
[00:00:09] ML tree search #5, logLikelihood: -2575.022384
[00:00:10] ML tree search #6, logLikelihood: -2581.784109
[00:00:12] ML tree search #7, logLikelihood: -2587.063116
[00:00:13] ML tree search #8, logLikelihood: -2579.191293
[00:00:15] ML tree search #9, logLikelihood: -2574.796758
[00:00:16] ML tree search #10, logLikelihood: -2574.796805
[00:00:18] ML tree search #11, logLikelihood: -2575.899104
[00:00:19] ML tree search #12, logLikelihood: -2582.781264
[00:00:20] ML tree search #13, logLikelihood: -2575.085879
[00:00:22] ML tree search #14, logLikelihood: -2575.022485
[00:00:23] ML tree search #15, logLikelihood: -2577.468718
[00:00:25] ML tree search #16, logLikelihood: -2580.063462
[00:00:26] ML tree search #17, logLikelihood: -2575.022345
[00:00:27] ML tree search #18, logLikelihood: -2574.796756
[00:00:28] ML tree search #19, logLikelihood: -2576.182272
[00:00:30] ML tree search #20, logLikelihood: -2575.899102

Optimized model parameters:

   Partition 0: noname
   Rate heterogeneity: GAMMA (4 cats, mean),  alpha: 0.020136 (ML),  weights&rates: (0.250000,0.000000) (0.250000,0.000000) (0.250000,0.000001) (0.250000,3.999999) 
   Base frequencies (ML): 0.235992 0.226567 0.252415 0.285027 
   Substitution rates (ML): 3.585287 5.529232 1.752826 0.932900 15.228954 1.000000 

Final LogLikelihood: -2574.796749

AIC score: 5537.593497 / AICc score: 5602.930285 / BIC score: 6548.348945
Free parameters (model + branch lengths): 194

Best ML tree saved to: /home/homma/Desktop/coding/github/pos_selection_pipeline/tomato_pipeline/pipeline/LOC/raxml-ng/LOC101254013_prot_linear_multi_sl25_prt_codonAlignment.raxml.bestTree
All ML trees saved to: /home/homma/Desktop/coding/github/pos_selection_pipeline/tomato_pipeline/pipeline/LOC/raxml-ng/LOC101254013_prot_linear_multi_sl25_prt_codonAlignment.raxml.mlTrees
Optimized model saved to: /home/homma/Desktop/coding/github/pos_selection_pipeline/tomato_pipeline/pipeline/LOC/raxml-ng/LOC101254013_prot_linear_multi_sl25_prt_codonAlignment.raxml.bestModel

Execution log saved to: /home/homma/Desktop/coding/github/pos_selection_pipeline/tomato_pipeline/pipeline/LOC/raxml-ng/LOC101254013_prot_linear_multi_sl25_prt_codonAlignment.raxml.log

Analysis started: 01-Mar-2020 21:47:49 / finished: 01-Mar-2020 21:48:20

Elapsed time: 30.893 seconds

