
RAxML-NG v. 0.8.1 BETA released on 05.03.2019 by The Exelixis Lab.
Authors: Alexey Kozlov, Alexandros Stamatakis, Diego Darriba, Tomas Flouri, Benoit Morel.
Latest version: https://github.com/amkozlov/raxml-ng
Questions/problems/suggestions? Please visit: https://groups.google.com/forum/#!forum/raxml

WARNING: This is a BETA release, please use at your own risk!

RAxML-NG was called at 01-Mar-2020 22:18:07 as follows:

raxml-ng --msa LOC101251577_prot_linear_multi_sl25_prt_codonAlignment.fasta --prefix LOC101251577_prot_linear_multi_sl25_prt_codonAlignment --model GTR+G --seed 123 --bs-tree 100 --force

Analysis options:
  run mode: ML tree search
  start tree(s): random (10) + parsimony (10)
  random seed: 123
  tip-inner: OFF
  pattern compression: ON
  per-rate scalers: OFF
  site repeats: ON
  fast spr radius: AUTO
  spr subtree cutoff: 1.000000
  branch lengths: proportional (ML estimate, algorithm: NR-FAST)
  SIMD kernels: AVX2
  parallelization: PTHREADS (6 threads), thread pinning: OFF

WARNING: Running in FORCE mode: all safety checks are disabled!

[00:00:00] Reading alignment from file: LOC101251577_prot_linear_multi_sl25_prt_codonAlignment.fasta
[00:00:00] Loaded alignment with 122 taxa and 1305 sites

Alignment comprises 1 partitions and 75 patterns

Partition 0: noname
Model: GTR+FO+G4m
Alignment sites / patterns: 1305 / 75
Gaps: 0.00 %
Invariant sites: 93.72 %


NOTE: Binary MSA file created: LOC101251577_prot_linear_multi_sl25_prt_codonAlignment.raxml.rba

[00:00:00] Generating 10 random starting tree(s) with 122 taxa
[00:00:00] Generating 10 parsimony starting tree(s) with 122 taxa
[00:00:00] Data distribution: max. partitions/sites/weight per thread: 1 / 13 / 208

Starting ML tree search with 20 distinct starting trees

[00:00:03] ML tree search #1, logLikelihood: -2663.899384
[00:00:06] ML tree search #2, logLikelihood: -2662.678322
[00:00:09] ML tree search #3, logLikelihood: -2669.045656
[00:00:11] ML tree search #4, logLikelihood: -2665.899323
[00:00:13] ML tree search #5, logLikelihood: -2662.892711
[00:00:15] ML tree search #6, logLikelihood: -2662.678092
[00:00:17] ML tree search #7, logLikelihood: -2663.155767
[00:00:19] ML tree search #8, logLikelihood: -2662.678129
[00:00:22] ML tree search #9, logLikelihood: -2662.678106
[00:00:23] ML tree search #10, logLikelihood: -2669.427208
[00:00:25] ML tree search #11, logLikelihood: -2663.900677
[00:00:26] ML tree search #12, logLikelihood: -2666.637112
[00:00:27] ML tree search #13, logLikelihood: -2667.536945
[00:00:28] ML tree search #14, logLikelihood: -2663.899338
[00:00:29] ML tree search #15, logLikelihood: -2668.624041
[00:00:31] ML tree search #16, logLikelihood: -2671.188018
[00:00:32] ML tree search #17, logLikelihood: -2664.131081
[00:00:34] ML tree search #18, logLikelihood: -2662.892682
[00:00:35] ML tree search #19, logLikelihood: -2663.900650
[00:00:36] ML tree search #20, logLikelihood: -2668.461936

Optimized model parameters:

   Partition 0: noname
   Rate heterogeneity: GAMMA (4 cats, mean),  alpha: 0.020130 (ML),  weights&rates: (0.250000,0.000000) (0.250000,0.000000) (0.250000,0.000001) (0.250000,3.999999) 
   Base frequencies (ML): 0.249230 0.243025 0.205680 0.302065 
   Substitution rates (ML): 0.501928 4.146723 1.035742 1.113261 2.345314 1.000000 

Final LogLikelihood: -2662.678092

AIC score: 5825.356184 / AICc score: 5944.426393 / BIC score: 7118.845764
Free parameters (model + branch lengths): 250

Best ML tree saved to: /home/homma/Desktop/coding/github/pos_selection_pipeline/tomato_pipeline/pipeline/LOC/raxml-ng/LOC101251577_prot_linear_multi_sl25_prt_codonAlignment.raxml.bestTree
All ML trees saved to: /home/homma/Desktop/coding/github/pos_selection_pipeline/tomato_pipeline/pipeline/LOC/raxml-ng/LOC101251577_prot_linear_multi_sl25_prt_codonAlignment.raxml.mlTrees
Optimized model saved to: /home/homma/Desktop/coding/github/pos_selection_pipeline/tomato_pipeline/pipeline/LOC/raxml-ng/LOC101251577_prot_linear_multi_sl25_prt_codonAlignment.raxml.bestModel

Execution log saved to: /home/homma/Desktop/coding/github/pos_selection_pipeline/tomato_pipeline/pipeline/LOC/raxml-ng/LOC101251577_prot_linear_multi_sl25_prt_codonAlignment.raxml.log

Analysis started: 01-Mar-2020 22:18:07 / finished: 01-Mar-2020 22:18:43

Elapsed time: 36.839 seconds

