
RAxML-NG v. 0.8.1 BETA released on 05.03.2019 by The Exelixis Lab.
Authors: Alexey Kozlov, Alexandros Stamatakis, Diego Darriba, Tomas Flouri, Benoit Morel.
Latest version: https://github.com/amkozlov/raxml-ng
Questions/problems/suggestions? Please visit: https://groups.google.com/forum/#!forum/raxml

WARNING: This is a BETA release, please use at your own risk!

RAxML-NG was called at 01-Mar-2020 21:13:37 as follows:

raxml-ng --msa LOC101249137_prot_linear_multi_sl25_prt_codonAlignment.fasta --prefix LOC101249137_prot_linear_multi_sl25_prt_codonAlignment --model GTR+G --seed 123 --bs-tree 100 --force

Analysis options:
  run mode: ML tree search
  start tree(s): random (10) + parsimony (10)
  random seed: 123
  tip-inner: OFF
  pattern compression: ON
  per-rate scalers: OFF
  site repeats: ON
  fast spr radius: AUTO
  spr subtree cutoff: 1.000000
  branch lengths: proportional (ML estimate, algorithm: NR-FAST)
  SIMD kernels: AVX2
  parallelization: PTHREADS (6 threads), thread pinning: OFF

WARNING: Running in FORCE mode: all safety checks are disabled!

[00:00:00] Reading alignment from file: LOC101249137_prot_linear_multi_sl25_prt_codonAlignment.fasta
[00:00:00] Loaded alignment with 92 taxa and 1218 sites

Alignment comprises 1 partitions and 49 patterns

Partition 0: noname
Model: GTR+FO+G4m
Alignment sites / patterns: 1218 / 49
Gaps: 0.00 %
Invariant sites: 96.14 %


NOTE: Binary MSA file created: LOC101249137_prot_linear_multi_sl25_prt_codonAlignment.raxml.rba

[00:00:00] Generating 10 random starting tree(s) with 92 taxa
[00:00:00] Generating 10 parsimony starting tree(s) with 92 taxa
[00:00:00] Data distribution: max. partitions/sites/weight per thread: 1 / 9 / 144

Starting ML tree search with 20 distinct starting trees

[00:00:01] ML tree search #1, logLikelihood: -2195.831703
[00:00:03] ML tree search #2, logLikelihood: -2201.542862
[00:00:04] ML tree search #3, logLikelihood: -2208.640537
[00:00:05] ML tree search #4, logLikelihood: -2203.381658
[00:00:07] ML tree search #5, logLikelihood: -2202.164121
[00:00:08] ML tree search #6, logLikelihood: -2201.542865
[00:00:09] ML tree search #7, logLikelihood: -2296.501010
[00:00:11] ML tree search #8, logLikelihood: -2195.831707
[00:00:12] ML tree search #9, logLikelihood: -2195.831725
[00:00:13] ML tree search #10, logLikelihood: -2195.831711
[00:00:14] ML tree search #11, logLikelihood: -2195.910094
[00:00:15] ML tree search #12, logLikelihood: -2201.943010
[00:00:16] ML tree search #13, logLikelihood: -2195.831734
[00:00:16] ML tree search #14, logLikelihood: -2195.910086
[00:00:17] ML tree search #15, logLikelihood: -2195.831735
[00:00:17] ML tree search #16, logLikelihood: -2197.358764
[00:00:18] ML tree search #17, logLikelihood: -2196.257740
[00:00:19] ML tree search #18, logLikelihood: -2203.255491
[00:00:20] ML tree search #19, logLikelihood: -2195.910107
[00:00:20] ML tree search #20, logLikelihood: -2195.831760

Optimized model parameters:

   Partition 0: noname
   Rate heterogeneity: GAMMA (4 cats, mean),  alpha: 0.020140 (ML),  weights&rates: (0.250000,0.000000) (0.250000,0.000000) (0.250000,0.000001) (0.250000,3.999999) 
   Base frequencies (ML): 0.286268 0.184172 0.263931 0.265629 
   Substitution rates (ML): 0.428075 3.845488 1.871978 1.182336 3.930523 1.000000 

Final LogLikelihood: -2195.831703

AIC score: 4771.663406 / AICc score: 4842.335266 / BIC score: 5741.606841
Free parameters (model + branch lengths): 190

Best ML tree saved to: /home/homma/Desktop/coding/github/pos_selection_pipeline/tomato_pipeline/pipeline/LOC/raxml-ng/LOC101249137_prot_linear_multi_sl25_prt_codonAlignment.raxml.bestTree
All ML trees saved to: /home/homma/Desktop/coding/github/pos_selection_pipeline/tomato_pipeline/pipeline/LOC/raxml-ng/LOC101249137_prot_linear_multi_sl25_prt_codonAlignment.raxml.mlTrees
Optimized model saved to: /home/homma/Desktop/coding/github/pos_selection_pipeline/tomato_pipeline/pipeline/LOC/raxml-ng/LOC101249137_prot_linear_multi_sl25_prt_codonAlignment.raxml.bestModel

Execution log saved to: /home/homma/Desktop/coding/github/pos_selection_pipeline/tomato_pipeline/pipeline/LOC/raxml-ng/LOC101249137_prot_linear_multi_sl25_prt_codonAlignment.raxml.log

Analysis started: 01-Mar-2020 21:13:37 / finished: 01-Mar-2020 21:13:57

Elapsed time: 20.758 seconds

