
RAxML-NG v. 0.8.1 BETA released on 05.03.2019 by The Exelixis Lab.
Authors: Alexey Kozlov, Alexandros Stamatakis, Diego Darriba, Tomas Flouri, Benoit Morel.
Latest version: https://github.com/amkozlov/raxml-ng
Questions/problems/suggestions? Please visit: https://groups.google.com/forum/#!forum/raxml

WARNING: This is a BETA release, please use at your own risk!

RAxML-NG was called at 01-Mar-2020 21:41:48 as follows:

raxml-ng --msa LOC101245333_prot_linear_multi_sl25_prt_codonAlignment.fasta --prefix LOC101245333_prot_linear_multi_sl25_prt_codonAlignment --model GTR+G --seed 123 --bs-tree 100 --force

Analysis options:
  run mode: ML tree search
  start tree(s): random (10) + parsimony (10)
  random seed: 123
  tip-inner: OFF
  pattern compression: ON
  per-rate scalers: OFF
  site repeats: ON
  fast spr radius: AUTO
  spr subtree cutoff: 1.000000
  branch lengths: proportional (ML estimate, algorithm: NR-FAST)
  SIMD kernels: AVX2
  parallelization: PTHREADS (6 threads), thread pinning: OFF

WARNING: Running in FORCE mode: all safety checks are disabled!

[00:00:00] Reading alignment from file: LOC101245333_prot_linear_multi_sl25_prt_codonAlignment.fasta
[00:00:00] Loaded alignment with 100 taxa and 2451 sites

Alignment comprises 1 partitions and 131 patterns

Partition 0: noname
Model: GTR+FO+G4m
Alignment sites / patterns: 2451 / 131
Gaps: 0.00 %
Invariant sites: 94.00 %


NOTE: Binary MSA file created: LOC101245333_prot_linear_multi_sl25_prt_codonAlignment.raxml.rba

[00:00:00] Generating 10 random starting tree(s) with 100 taxa
[00:00:00] Generating 10 parsimony starting tree(s) with 100 taxa
[00:00:00] Data distribution: max. partitions/sites/weight per thread: 1 / 22 / 352

Starting ML tree search with 20 distinct starting trees

[00:00:07] ML tree search #1, logLikelihood: -5892.084913
[00:00:12] ML tree search #2, logLikelihood: -5891.759339
[00:00:18] ML tree search #3, logLikelihood: -5880.808845
[00:00:25] ML tree search #4, logLikelihood: -5882.143102
[00:00:29] ML tree search #5, logLikelihood: -5893.784641
[00:00:35] ML tree search #6, logLikelihood: -5878.268173
[00:00:40] ML tree search #7, logLikelihood: -5893.020783
[00:00:45] ML tree search #8, logLikelihood: -5886.219602
[00:00:53] ML tree search #9, logLikelihood: -5885.012791
[00:00:58] ML tree search #10, logLikelihood: -5882.721559
[00:01:04] ML tree search #11, logLikelihood: -5876.786173
[00:01:09] ML tree search #12, logLikelihood: -5885.868668
[00:01:13] ML tree search #13, logLikelihood: -5895.607495
[00:01:17] ML tree search #14, logLikelihood: -5885.429776
[00:01:22] ML tree search #15, logLikelihood: -5884.475060
[00:01:29] ML tree search #16, logLikelihood: -5889.153765
[00:01:33] ML tree search #17, logLikelihood: -5881.029870
[00:01:36] ML tree search #18, logLikelihood: -5898.664008
[00:01:41] ML tree search #19, logLikelihood: -5894.287368
[00:01:46] ML tree search #20, logLikelihood: -5886.023050

Optimized model parameters:

   Partition 0: noname
   Rate heterogeneity: GAMMA (4 cats, mean),  alpha: 0.020140 (ML),  weights&rates: (0.250000,0.000000) (0.250000,0.000000) (0.250000,0.000001) (0.250000,3.999999) 
   Base frequencies (ML): 0.287827 0.174940 0.206825 0.330408 
   Substitution rates (ML): 2.179875 3.331696 0.843228 0.836882 3.055666 1.000000 

Final LogLikelihood: -5876.786173

AIC score: 12165.572346 / AICc score: 12203.577693 / BIC score: 13361.248131
Free parameters (model + branch lengths): 206

Best ML tree saved to: /home/homma/Desktop/coding/github/pos_selection_pipeline/tomato_pipeline/pipeline/LOC/raxml-ng/LOC101245333_prot_linear_multi_sl25_prt_codonAlignment.raxml.bestTree
All ML trees saved to: /home/homma/Desktop/coding/github/pos_selection_pipeline/tomato_pipeline/pipeline/LOC/raxml-ng/LOC101245333_prot_linear_multi_sl25_prt_codonAlignment.raxml.mlTrees
Optimized model saved to: /home/homma/Desktop/coding/github/pos_selection_pipeline/tomato_pipeline/pipeline/LOC/raxml-ng/LOC101245333_prot_linear_multi_sl25_prt_codonAlignment.raxml.bestModel

Execution log saved to: /home/homma/Desktop/coding/github/pos_selection_pipeline/tomato_pipeline/pipeline/LOC/raxml-ng/LOC101245333_prot_linear_multi_sl25_prt_codonAlignment.raxml.log

Analysis started: 01-Mar-2020 21:41:48 / finished: 01-Mar-2020 21:43:34

Elapsed time: 106.746 seconds

