
RAxML-NG v. 0.8.1 BETA released on 05.03.2019 by The Exelixis Lab.
Authors: Alexey Kozlov, Alexandros Stamatakis, Diego Darriba, Tomas Flouri, Benoit Morel.
Latest version: https://github.com/amkozlov/raxml-ng
Questions/problems/suggestions? Please visit: https://groups.google.com/forum/#!forum/raxml

WARNING: This is a BETA release, please use at your own risk!

RAxML-NG was called at 01-Mar-2020 21:45:47 as follows:

raxml-ng --msa LOC101260765_prot_linear_multi_sl25_prt_codonAlignment.fasta --prefix LOC101260765_prot_linear_multi_sl25_prt_codonAlignment --model GTR+G --seed 123 --bs-tree 100 --force

Analysis options:
  run mode: ML tree search
  start tree(s): random (10) + parsimony (10)
  random seed: 123
  tip-inner: OFF
  pattern compression: ON
  per-rate scalers: OFF
  site repeats: ON
  fast spr radius: AUTO
  spr subtree cutoff: 1.000000
  branch lengths: proportional (ML estimate, algorithm: NR-FAST)
  SIMD kernels: AVX2
  parallelization: PTHREADS (6 threads), thread pinning: OFF

WARNING: Running in FORCE mode: all safety checks are disabled!

[00:00:00] Reading alignment from file: LOC101260765_prot_linear_multi_sl25_prt_codonAlignment.fasta
[00:00:00] Loaded alignment with 102 taxa and 1425 sites

Alignment comprises 1 partitions and 64 patterns

Partition 0: noname
Model: GTR+FO+G4m
Alignment sites / patterns: 1425 / 64
Gaps: 0.03 %
Invariant sites: 95.58 %


NOTE: Binary MSA file created: LOC101260765_prot_linear_multi_sl25_prt_codonAlignment.raxml.rba

[00:00:00] Generating 10 random starting tree(s) with 102 taxa
[00:00:00] Generating 10 parsimony starting tree(s) with 102 taxa
[00:00:00] Data distribution: max. partitions/sites/weight per thread: 1 / 11 / 176

Starting ML tree search with 20 distinct starting trees

[00:00:01] ML tree search #1, logLikelihood: -2537.206784
[00:00:02] ML tree search #2, logLikelihood: -2549.121681
[00:00:05] ML tree search #3, logLikelihood: -2535.298375
[00:00:07] ML tree search #4, logLikelihood: -2536.320405
[00:00:08] ML tree search #5, logLikelihood: -2536.766846
[00:00:10] ML tree search #6, logLikelihood: -2536.320233
[00:00:12] ML tree search #7, logLikelihood: -2548.662600
[00:00:13] ML tree search #8, logLikelihood: -2537.206743
[00:00:14] ML tree search #9, logLikelihood: -2536.766721
[00:00:16] ML tree search #10, logLikelihood: -2536.766676
[00:00:18] ML tree search #11, logLikelihood: -2535.763178
[00:00:19] ML tree search #12, logLikelihood: -2536.766745
[00:00:20] ML tree search #13, logLikelihood: -2535.763257
[00:00:21] ML tree search #14, logLikelihood: -2537.206773
[00:00:22] ML tree search #15, logLikelihood: -2537.077184
[00:00:24] ML tree search #16, logLikelihood: -2536.766796
[00:00:25] ML tree search #17, logLikelihood: -2536.766820
[00:00:26] ML tree search #18, logLikelihood: -2537.957121
[00:00:26] ML tree search #19, logLikelihood: -2537.957137
[00:00:28] ML tree search #20, logLikelihood: -2538.481120

Optimized model parameters:

   Partition 0: noname
   Rate heterogeneity: GAMMA (4 cats, mean),  alpha: 0.020138 (ML),  weights&rates: (0.250000,0.000000) (0.250000,0.000000) (0.250000,0.000001) (0.250000,3.999999) 
   Base frequencies (ML): 0.255413 0.167190 0.309895 0.267501 
   Substitution rates (ML): 3.521339 5.831379 2.568236 1.581486 15.139927 1.000000 

Final LogLikelihood: -2535.298375

AIC score: 5490.596749 / AICc score: 5563.595102 / BIC score: 6595.601439
Free parameters (model + branch lengths): 210

Best ML tree saved to: /home/homma/Desktop/coding/github/pos_selection_pipeline/tomato_pipeline/pipeline/LOC/raxml-ng/LOC101260765_prot_linear_multi_sl25_prt_codonAlignment.raxml.bestTree
All ML trees saved to: /home/homma/Desktop/coding/github/pos_selection_pipeline/tomato_pipeline/pipeline/LOC/raxml-ng/LOC101260765_prot_linear_multi_sl25_prt_codonAlignment.raxml.mlTrees
Optimized model saved to: /home/homma/Desktop/coding/github/pos_selection_pipeline/tomato_pipeline/pipeline/LOC/raxml-ng/LOC101260765_prot_linear_multi_sl25_prt_codonAlignment.raxml.bestModel

Execution log saved to: /home/homma/Desktop/coding/github/pos_selection_pipeline/tomato_pipeline/pipeline/LOC/raxml-ng/LOC101260765_prot_linear_multi_sl25_prt_codonAlignment.raxml.log

Analysis started: 01-Mar-2020 21:45:47 / finished: 01-Mar-2020 21:46:15

Elapsed time: 28.301 seconds

