
RAxML-NG v. 0.8.1 BETA released on 05.03.2019 by The Exelixis Lab.
Authors: Alexey Kozlov, Alexandros Stamatakis, Diego Darriba, Tomas Flouri, Benoit Morel.
Latest version: https://github.com/amkozlov/raxml-ng
Questions/problems/suggestions? Please visit: https://groups.google.com/forum/#!forum/raxml

WARNING: This is a BETA release, please use at your own risk!

RAxML-NG was called at 01-Mar-2020 20:22:21 as follows:

raxml-ng --msa LOC101263954_prot_linear_multi_sl25_prt_codonAlignment.fasta --prefix LOC101263954_prot_linear_multi_sl25_prt_codonAlignment --model GTR+G --seed 123 --bs-tree 100 --force

Analysis options:
  run mode: ML tree search
  start tree(s): random (10) + parsimony (10)
  random seed: 123
  tip-inner: OFF
  pattern compression: ON
  per-rate scalers: OFF
  site repeats: ON
  fast spr radius: AUTO
  spr subtree cutoff: 1.000000
  branch lengths: proportional (ML estimate, algorithm: NR-FAST)
  SIMD kernels: AVX2
  parallelization: PTHREADS (6 threads), thread pinning: OFF

WARNING: Running in FORCE mode: all safety checks are disabled!

[00:00:00] Reading alignment from file: LOC101263954_prot_linear_multi_sl25_prt_codonAlignment.fasta
[00:00:00] Loaded alignment with 97 taxa and 1236 sites

Alignment comprises 1 partitions and 72 patterns

Partition 0: noname
Model: GTR+FO+G4m
Alignment sites / patterns: 1236 / 72
Gaps: 0.01 %
Invariant sites: 94.50 %


NOTE: Binary MSA file created: LOC101263954_prot_linear_multi_sl25_prt_codonAlignment.raxml.rba

[00:00:00] Generating 10 random starting tree(s) with 97 taxa
[00:00:00] Generating 10 parsimony starting tree(s) with 97 taxa
[00:00:00] Data distribution: max. partitions/sites/weight per thread: 1 / 12 / 192

Starting ML tree search with 20 distinct starting trees

[00:00:01] ML tree search #1, logLikelihood: -2313.405624
[00:00:03] ML tree search #2, logLikelihood: -2318.716295
[00:00:04] ML tree search #3, logLikelihood: -2318.716257
[00:00:06] ML tree search #4, logLikelihood: -2313.197273
[00:00:08] ML tree search #5, logLikelihood: -2313.405653
[00:00:09] ML tree search #6, logLikelihood: -2314.940844
[00:00:11] ML tree search #7, logLikelihood: -2313.405649
[00:00:12] ML tree search #8, logLikelihood: -2313.405779
[00:00:14] ML tree search #9, logLikelihood: -2313.405619
[00:00:16] ML tree search #10, logLikelihood: -2314.750845
[00:00:17] ML tree search #11, logLikelihood: -2313.197352
[00:00:18] ML tree search #12, logLikelihood: -2314.563996
[00:00:19] ML tree search #13, logLikelihood: -2314.355440
[00:00:20] ML tree search #14, logLikelihood: -2313.197310
[00:00:21] ML tree search #15, logLikelihood: -2315.941124
[00:00:22] ML tree search #16, logLikelihood: -2314.564000
[00:00:23] ML tree search #17, logLikelihood: -2313.197313
[00:00:24] ML tree search #18, logLikelihood: -2313.405673
[00:00:24] ML tree search #19, logLikelihood: -2314.751392
[00:00:25] ML tree search #20, logLikelihood: -2314.355444

Optimized model parameters:

   Partition 0: noname
   Rate heterogeneity: GAMMA (4 cats, mean),  alpha: 0.020139 (ML),  weights&rates: (0.250000,0.000000) (0.250000,0.000000) (0.250000,0.000001) (0.250000,3.999999) 
   Base frequencies (ML): 0.285471 0.223107 0.202114 0.289307 
   Substitution rates (ML): 0.927588 3.906528 1.239165 1.869443 4.373325 1.000000 

Final LogLikelihood: -2313.197273

AIC score: 5026.394545 / AICc score: 5104.075705 / BIC score: 6050.321673
Free parameters (model + branch lengths): 200

Best ML tree saved to: /home/homma/Desktop/coding/github/pos_selection_pipeline/tomato_pipeline/pipeline/LOC/raxml-ng/LOC101263954_prot_linear_multi_sl25_prt_codonAlignment.raxml.bestTree
All ML trees saved to: /home/homma/Desktop/coding/github/pos_selection_pipeline/tomato_pipeline/pipeline/LOC/raxml-ng/LOC101263954_prot_linear_multi_sl25_prt_codonAlignment.raxml.mlTrees
Optimized model saved to: /home/homma/Desktop/coding/github/pos_selection_pipeline/tomato_pipeline/pipeline/LOC/raxml-ng/LOC101263954_prot_linear_multi_sl25_prt_codonAlignment.raxml.bestModel

Execution log saved to: /home/homma/Desktop/coding/github/pos_selection_pipeline/tomato_pipeline/pipeline/LOC/raxml-ng/LOC101263954_prot_linear_multi_sl25_prt_codonAlignment.raxml.log

Analysis started: 01-Mar-2020 20:22:21 / finished: 01-Mar-2020 20:22:46

Elapsed time: 25.577 seconds

