
RAxML-NG v. 0.8.1 BETA released on 05.03.2019 by The Exelixis Lab.
Authors: Alexey Kozlov, Alexandros Stamatakis, Diego Darriba, Tomas Flouri, Benoit Morel.
Latest version: https://github.com/amkozlov/raxml-ng
Questions/problems/suggestions? Please visit: https://groups.google.com/forum/#!forum/raxml

WARNING: This is a BETA release, please use at your own risk!

RAxML-NG was called at 01-Mar-2020 21:52:40 as follows:

raxml-ng --msa LOC101265605_prot_linear_multi_sl25_prt_codonAlignment.fasta --prefix LOC101265605_prot_linear_multi_sl25_prt_codonAlignment --model GTR+G --seed 123 --bs-tree 100 --force

Analysis options:
  run mode: ML tree search
  start tree(s): random (10) + parsimony (10)
  random seed: 123
  tip-inner: OFF
  pattern compression: ON
  per-rate scalers: OFF
  site repeats: ON
  fast spr radius: AUTO
  spr subtree cutoff: 1.000000
  branch lengths: proportional (ML estimate, algorithm: NR-FAST)
  SIMD kernels: AVX2
  parallelization: PTHREADS (6 threads), thread pinning: OFF

WARNING: Running in FORCE mode: all safety checks are disabled!

[00:00:00] Reading alignment from file: LOC101265605_prot_linear_multi_sl25_prt_codonAlignment.fasta
[00:00:00] Loaded alignment with 93 taxa and 795 sites

Alignment comprises 1 partitions and 50 patterns

Partition 0: noname
Model: GTR+FO+G4m
Alignment sites / patterns: 795 / 50
Gaps: 0.00 %
Invariant sites: 93.96 %


NOTE: Binary MSA file created: LOC101265605_prot_linear_multi_sl25_prt_codonAlignment.raxml.rba

[00:00:00] Generating 10 random starting tree(s) with 93 taxa
[00:00:00] Generating 10 parsimony starting tree(s) with 93 taxa
[00:00:00] Data distribution: max. partitions/sites/weight per thread: 1 / 9 / 144

Starting ML tree search with 20 distinct starting trees

[00:00:02] ML tree search #1, logLikelihood: -1703.391256
[00:00:04] ML tree search #2, logLikelihood: -1705.191938
[00:00:06] ML tree search #3, logLikelihood: -1705.323798
[00:00:07] ML tree search #4, logLikelihood: -1745.360568
[00:00:08] ML tree search #5, logLikelihood: -1710.198410
[00:00:11] ML tree search #6, logLikelihood: -1702.343155
[00:00:13] ML tree search #7, logLikelihood: -1703.996372
[00:00:15] ML tree search #8, logLikelihood: -1702.293200
[00:00:17] ML tree search #9, logLikelihood: -1710.722359
[00:00:19] ML tree search #10, logLikelihood: -1702.293227
[00:00:21] ML tree search #11, logLikelihood: -1714.491824
[00:00:22] ML tree search #12, logLikelihood: -1721.669432
[00:00:23] ML tree search #13, logLikelihood: -1724.057445
[00:00:24] ML tree search #14, logLikelihood: -1703.638961
[00:00:25] ML tree search #15, logLikelihood: -1705.327774
[00:00:27] ML tree search #16, logLikelihood: -1720.846959
[00:00:28] ML tree search #17, logLikelihood: -1705.230436
[00:00:29] ML tree search #18, logLikelihood: -1703.357303
[00:00:30] ML tree search #19, logLikelihood: -1719.710309
[00:00:31] ML tree search #20, logLikelihood: -1710.060025

Optimized model parameters:

   Partition 0: noname
   Rate heterogeneity: GAMMA (4 cats, mean),  alpha: 0.020133 (ML),  weights&rates: (0.250000,0.000000) (0.250000,0.000000) (0.250000,0.000001) (0.250000,3.999999) 
   Base frequencies (ML): 0.215527 0.248104 0.264039 0.272330 
   Substitution rates (ML): 4.766639 2.380606 2.519342 0.784328 15.265397 1.000000 

Final LogLikelihood: -1702.293200

AIC score: 3788.586400 / AICc score: 3911.696034 / BIC score: 4686.828086
Free parameters (model + branch lengths): 192

Best ML tree saved to: /home/homma/Desktop/coding/github/pos_selection_pipeline/tomato_pipeline/pipeline/LOC/raxml-ng/LOC101265605_prot_linear_multi_sl25_prt_codonAlignment.raxml.bestTree
All ML trees saved to: /home/homma/Desktop/coding/github/pos_selection_pipeline/tomato_pipeline/pipeline/LOC/raxml-ng/LOC101265605_prot_linear_multi_sl25_prt_codonAlignment.raxml.mlTrees
Optimized model saved to: /home/homma/Desktop/coding/github/pos_selection_pipeline/tomato_pipeline/pipeline/LOC/raxml-ng/LOC101265605_prot_linear_multi_sl25_prt_codonAlignment.raxml.bestModel

Execution log saved to: /home/homma/Desktop/coding/github/pos_selection_pipeline/tomato_pipeline/pipeline/LOC/raxml-ng/LOC101265605_prot_linear_multi_sl25_prt_codonAlignment.raxml.log

Analysis started: 01-Mar-2020 21:52:40 / finished: 01-Mar-2020 21:53:11

Elapsed time: 31.883 seconds

