
RAxML-NG v. 0.8.1 BETA released on 05.03.2019 by The Exelixis Lab.
Authors: Alexey Kozlov, Alexandros Stamatakis, Diego Darriba, Tomas Flouri, Benoit Morel.
Latest version: https://github.com/amkozlov/raxml-ng
Questions/problems/suggestions? Please visit: https://groups.google.com/forum/#!forum/raxml

WARNING: This is a BETA release, please use at your own risk!

RAxML-NG was called at 01-Mar-2020 22:11:00 as follows:

raxml-ng --msa LOC101248497_prot_linear_multi_sl25_prt_codonAlignment.fasta --prefix LOC101248497_prot_linear_multi_sl25_prt_codonAlignment --model GTR+G --seed 123 --bs-tree 100 --force

Analysis options:
  run mode: ML tree search
  start tree(s): random (10) + parsimony (10)
  random seed: 123
  tip-inner: OFF
  pattern compression: ON
  per-rate scalers: OFF
  site repeats: ON
  fast spr radius: AUTO
  spr subtree cutoff: 1.000000
  branch lengths: proportional (ML estimate, algorithm: NR-FAST)
  SIMD kernels: AVX2
  parallelization: PTHREADS (6 threads), thread pinning: OFF

WARNING: Running in FORCE mode: all safety checks are disabled!

[00:00:00] Reading alignment from file: LOC101248497_prot_linear_multi_sl25_prt_codonAlignment.fasta
[00:00:00] Loaded alignment with 103 taxa and 1677 sites

Alignment comprises 1 partitions and 69 patterns

Partition 0: noname
Model: GTR+FO+G4m
Alignment sites / patterns: 1677 / 69
Gaps: 0.00 %
Invariant sites: 95.35 %


NOTE: Binary MSA file created: LOC101248497_prot_linear_multi_sl25_prt_codonAlignment.raxml.rba

[00:00:00] Generating 10 random starting tree(s) with 103 taxa
[00:00:00] Generating 10 parsimony starting tree(s) with 103 taxa
[00:00:00] Data distribution: max. partitions/sites/weight per thread: 1 / 12 / 192

Starting ML tree search with 20 distinct starting trees

[00:00:02] ML tree search #1, logLikelihood: -3253.712837
[00:00:04] ML tree search #2, logLikelihood: -3256.538252
[00:00:06] ML tree search #3, logLikelihood: -3262.629024
[00:00:08] ML tree search #4, logLikelihood: -3270.250228
[00:00:10] ML tree search #5, logLikelihood: -3251.448911
[00:00:12] ML tree search #6, logLikelihood: -3256.100002
[00:00:14] ML tree search #7, logLikelihood: -3256.050977
[00:00:18] ML tree search #8, logLikelihood: -3256.099844
[00:00:20] ML tree search #9, logLikelihood: -3252.282616
[00:00:23] ML tree search #10, logLikelihood: -3252.172419
[00:00:24] ML tree search #11, logLikelihood: -3257.866946
[00:00:25] ML tree search #12, logLikelihood: -3251.744195
[00:00:27] ML tree search #13, logLikelihood: -3264.653862
[00:00:28] ML tree search #14, logLikelihood: -3260.611521
[00:00:30] ML tree search #15, logLikelihood: -3253.712929
[00:00:31] ML tree search #16, logLikelihood: -3266.142845
[00:00:32] ML tree search #17, logLikelihood: -3251.744209
[00:00:32] ML tree search #18, logLikelihood: -3251.744200
[00:00:35] ML tree search #19, logLikelihood: -3251.744243
[00:00:37] ML tree search #20, logLikelihood: -3253.713081

Optimized model parameters:

   Partition 0: noname
   Rate heterogeneity: GAMMA (4 cats, mean),  alpha: 0.020134 (ML),  weights&rates: (0.250000,0.000000) (0.250000,0.000000) (0.250000,0.000001) (0.250000,3.999999) 
   Base frequencies (ML): 0.264403 0.185043 0.267932 0.282622 
   Substitution rates (ML): 0.360281 2.460817 1.156823 0.453717 4.370769 1.000000 

Final LogLikelihood: -3251.448911

AIC score: 6926.897821 / AICc score: 6988.586346 / BIC score: 8076.947315
Free parameters (model + branch lengths): 212

Best ML tree saved to: /home/homma/Desktop/coding/github/pos_selection_pipeline/tomato_pipeline/pipeline/LOC/raxml-ng/LOC101248497_prot_linear_multi_sl25_prt_codonAlignment.raxml.bestTree
All ML trees saved to: /home/homma/Desktop/coding/github/pos_selection_pipeline/tomato_pipeline/pipeline/LOC/raxml-ng/LOC101248497_prot_linear_multi_sl25_prt_codonAlignment.raxml.mlTrees
Optimized model saved to: /home/homma/Desktop/coding/github/pos_selection_pipeline/tomato_pipeline/pipeline/LOC/raxml-ng/LOC101248497_prot_linear_multi_sl25_prt_codonAlignment.raxml.bestModel

Execution log saved to: /home/homma/Desktop/coding/github/pos_selection_pipeline/tomato_pipeline/pipeline/LOC/raxml-ng/LOC101248497_prot_linear_multi_sl25_prt_codonAlignment.raxml.log

Analysis started: 01-Mar-2020 22:11:00 / finished: 01-Mar-2020 22:11:37

Elapsed time: 37.574 seconds

