
RAxML-NG v. 0.8.1 BETA released on 05.03.2019 by The Exelixis Lab.
Authors: Alexey Kozlov, Alexandros Stamatakis, Diego Darriba, Tomas Flouri, Benoit Morel.
Latest version: https://github.com/amkozlov/raxml-ng
Questions/problems/suggestions? Please visit: https://groups.google.com/forum/#!forum/raxml

WARNING: This is a BETA release, please use at your own risk!

RAxML-NG was called at 01-Mar-2020 21:06:26 as follows:

raxml-ng --msa LOC101264734_prot_linear_multi_sl25_prt_codonAlignment.fasta --prefix LOC101264734_prot_linear_multi_sl25_prt_codonAlignment --model GTR+G --seed 123 --bs-tree 100 --force

Analysis options:
  run mode: ML tree search
  start tree(s): random (10) + parsimony (10)
  random seed: 123
  tip-inner: OFF
  pattern compression: ON
  per-rate scalers: OFF
  site repeats: ON
  fast spr radius: AUTO
  spr subtree cutoff: 1.000000
  branch lengths: proportional (ML estimate, algorithm: NR-FAST)
  SIMD kernels: AVX2
  parallelization: PTHREADS (6 threads), thread pinning: OFF

WARNING: Running in FORCE mode: all safety checks are disabled!

[00:00:00] Reading alignment from file: LOC101264734_prot_linear_multi_sl25_prt_codonAlignment.fasta
[00:00:00] Loaded alignment with 96 taxa and 2328 sites

Alignment comprises 1 partitions and 142 patterns

Partition 0: noname
Model: GTR+FO+G4m
Alignment sites / patterns: 2328 / 142
Gaps: 0.00 %
Invariant sites: 93.00 %


NOTE: Binary MSA file created: LOC101264734_prot_linear_multi_sl25_prt_codonAlignment.raxml.rba

[00:00:00] Generating 10 random starting tree(s) with 96 taxa
[00:00:00] Generating 10 parsimony starting tree(s) with 96 taxa
[00:00:00] Data distribution: max. partitions/sites/weight per thread: 1 / 24 / 384

Starting ML tree search with 20 distinct starting trees

[00:00:03] ML tree search #1, logLikelihood: -5189.397080
[00:00:07] ML tree search #2, logLikelihood: -5189.449596
[00:00:11] ML tree search #3, logLikelihood: -5195.710250
[00:00:14] ML tree search #4, logLikelihood: -5200.431433
[00:00:17] ML tree search #5, logLikelihood: -5188.195625
[00:00:19] ML tree search #6, logLikelihood: -5193.825674
[00:00:22] ML tree search #7, logLikelihood: -5194.805061
[00:00:25] ML tree search #8, logLikelihood: -5194.016409
[00:00:29] ML tree search #9, logLikelihood: -5195.931410
[00:00:32] ML tree search #10, logLikelihood: -5189.649900
[00:00:35] ML tree search #11, logLikelihood: -5189.686315
[00:00:37] ML tree search #12, logLikelihood: -5190.583914
[00:00:41] ML tree search #13, logLikelihood: -5199.725166
[00:00:44] ML tree search #14, logLikelihood: -5196.746406
[00:00:47] ML tree search #15, logLikelihood: -5191.399685
[00:00:49] ML tree search #16, logLikelihood: -5189.675819
[00:00:55] ML tree search #17, logLikelihood: -5189.186403
[00:00:59] ML tree search #18, logLikelihood: -5194.737469
[00:01:01] ML tree search #19, logLikelihood: -5197.373966
[00:01:04] ML tree search #20, logLikelihood: -5195.635738

Optimized model parameters:

   Partition 0: noname
   Rate heterogeneity: GAMMA (4 cats, mean),  alpha: 0.020121 (ML),  weights&rates: (0.250000,0.000000) (0.250000,0.000000) (0.250000,0.000001) (0.250000,3.999999) 
   Base frequencies (ML): 0.253073 0.224782 0.245759 0.276386 
   Substitution rates (ML): 1.461128 3.082607 0.835820 0.767996 4.560390 1.000000 

Final LogLikelihood: -5188.195625

AIC score: 10772.391250 / AICc score: 10809.405811 / BIC score: 11911.438682
Free parameters (model + branch lengths): 198

Best ML tree saved to: /home/homma/Desktop/coding/github/pos_selection_pipeline/tomato_pipeline/pipeline/LOC/raxml-ng/LOC101264734_prot_linear_multi_sl25_prt_codonAlignment.raxml.bestTree
All ML trees saved to: /home/homma/Desktop/coding/github/pos_selection_pipeline/tomato_pipeline/pipeline/LOC/raxml-ng/LOC101264734_prot_linear_multi_sl25_prt_codonAlignment.raxml.mlTrees
Optimized model saved to: /home/homma/Desktop/coding/github/pos_selection_pipeline/tomato_pipeline/pipeline/LOC/raxml-ng/LOC101264734_prot_linear_multi_sl25_prt_codonAlignment.raxml.bestModel

Execution log saved to: /home/homma/Desktop/coding/github/pos_selection_pipeline/tomato_pipeline/pipeline/LOC/raxml-ng/LOC101264734_prot_linear_multi_sl25_prt_codonAlignment.raxml.log

Analysis started: 01-Mar-2020 21:06:26 / finished: 01-Mar-2020 21:07:30

Elapsed time: 64.261 seconds

