
RAxML-NG v. 0.8.1 BETA released on 05.03.2019 by The Exelixis Lab.
Authors: Alexey Kozlov, Alexandros Stamatakis, Diego Darriba, Tomas Flouri, Benoit Morel.
Latest version: https://github.com/amkozlov/raxml-ng
Questions/problems/suggestions? Please visit: https://groups.google.com/forum/#!forum/raxml

WARNING: This is a BETA release, please use at your own risk!

RAxML-NG was called at 01-Mar-2020 22:01:12 as follows:

raxml-ng --msa LOC101265236_prot_linear_multi_sl25_prt_codonAlignment.fasta --prefix LOC101265236_prot_linear_multi_sl25_prt_codonAlignment --model GTR+G --seed 123 --bs-tree 100 --force

Analysis options:
  run mode: ML tree search
  start tree(s): random (10) + parsimony (10)
  random seed: 123
  tip-inner: OFF
  pattern compression: ON
  per-rate scalers: OFF
  site repeats: ON
  fast spr radius: AUTO
  spr subtree cutoff: 1.000000
  branch lengths: proportional (ML estimate, algorithm: NR-FAST)
  SIMD kernels: AVX2
  parallelization: PTHREADS (6 threads), thread pinning: OFF

WARNING: Running in FORCE mode: all safety checks are disabled!

[00:00:00] Reading alignment from file: LOC101265236_prot_linear_multi_sl25_prt_codonAlignment.fasta
[00:00:00] Loaded alignment with 102 taxa and 1443 sites

Alignment comprises 1 partitions and 40 patterns

Partition 0: noname
Model: GTR+FO+G4m
Alignment sites / patterns: 1443 / 40
Gaps: 0.00 %
Invariant sites: 97.44 %


NOTE: Binary MSA file created: LOC101265236_prot_linear_multi_sl25_prt_codonAlignment.raxml.rba

[00:00:00] Generating 10 random starting tree(s) with 102 taxa
[00:00:00] Generating 10 parsimony starting tree(s) with 102 taxa
[00:00:00] Data distribution: max. partitions/sites/weight per thread: 1 / 7 / 112

Starting ML tree search with 20 distinct starting trees

[00:00:01] ML tree search #1, logLikelihood: -2367.078085
[00:00:03] ML tree search #2, logLikelihood: -2362.962795
[00:00:04] ML tree search #3, logLikelihood: -2385.880094
[00:00:06] ML tree search #4, logLikelihood: -2362.944028
[00:00:08] ML tree search #5, logLikelihood: -2366.476519
[00:00:09] ML tree search #6, logLikelihood: -2363.032952
[00:00:11] ML tree search #7, logLikelihood: -2362.433616
[00:00:13] ML tree search #8, logLikelihood: -2366.721204
[00:00:16] ML tree search #9, logLikelihood: -2362.433684
[00:00:17] ML tree search #10, logLikelihood: -2363.199248
[00:00:18] ML tree search #11, logLikelihood: -2363.191448
[00:00:18] ML tree search #12, logLikelihood: -2368.363537
[00:00:19] ML tree search #13, logLikelihood: -2362.944073
[00:00:20] ML tree search #14, logLikelihood: -2362.964052
[00:00:21] ML tree search #15, logLikelihood: -2362.962868
[00:00:21] ML tree search #16, logLikelihood: -2362.944025
[00:00:22] ML tree search #17, logLikelihood: -2362.962986
[00:00:23] ML tree search #18, logLikelihood: -2362.963201
[00:00:24] ML tree search #19, logLikelihood: -2362.433478
[00:00:24] ML tree search #20, logLikelihood: -2363.199236

Optimized model parameters:

   Partition 0: noname
   Rate heterogeneity: GAMMA (4 cats, mean),  alpha: 0.020138 (ML),  weights&rates: (0.250000,0.000000) (0.250000,0.000000) (0.250000,0.000001) (0.250000,3.999999) 
   Base frequencies (ML): 0.296234 0.205370 0.230096 0.268300 
   Substitution rates (ML): 1.000820 21.287899 2.344063 2.667195 20.317580 1.000000 

Final LogLikelihood: -2362.433478

AIC score: 5144.866956 / AICc score: 5216.798774 / BIC score: 6252.507663
Free parameters (model + branch lengths): 210

Best ML tree saved to: /home/homma/Desktop/coding/github/pos_selection_pipeline/tomato_pipeline/pipeline/LOC/raxml-ng/LOC101265236_prot_linear_multi_sl25_prt_codonAlignment.raxml.bestTree
All ML trees saved to: /home/homma/Desktop/coding/github/pos_selection_pipeline/tomato_pipeline/pipeline/LOC/raxml-ng/LOC101265236_prot_linear_multi_sl25_prt_codonAlignment.raxml.mlTrees
Optimized model saved to: /home/homma/Desktop/coding/github/pos_selection_pipeline/tomato_pipeline/pipeline/LOC/raxml-ng/LOC101265236_prot_linear_multi_sl25_prt_codonAlignment.raxml.bestModel

Execution log saved to: /home/homma/Desktop/coding/github/pos_selection_pipeline/tomato_pipeline/pipeline/LOC/raxml-ng/LOC101265236_prot_linear_multi_sl25_prt_codonAlignment.raxml.log

Analysis started: 01-Mar-2020 22:01:12 / finished: 01-Mar-2020 22:01:37

Elapsed time: 24.782 seconds

