
RAxML-NG v. 0.8.1 BETA released on 05.03.2019 by The Exelixis Lab.
Authors: Alexey Kozlov, Alexandros Stamatakis, Diego Darriba, Tomas Flouri, Benoit Morel.
Latest version: https://github.com/amkozlov/raxml-ng
Questions/problems/suggestions? Please visit: https://groups.google.com/forum/#!forum/raxml

WARNING: This is a BETA release, please use at your own risk!

RAxML-NG was called at 01-Mar-2020 21:43:35 as follows:

raxml-ng --msa LOC101264910_prot_linear_multi_sl25_prt_codonAlignment.fasta --prefix LOC101264910_prot_linear_multi_sl25_prt_codonAlignment --model GTR+G --seed 123 --bs-tree 100 --force

Analysis options:
  run mode: ML tree search
  start tree(s): random (10) + parsimony (10)
  random seed: 123
  tip-inner: OFF
  pattern compression: ON
  per-rate scalers: OFF
  site repeats: ON
  fast spr radius: AUTO
  spr subtree cutoff: 1.000000
  branch lengths: proportional (ML estimate, algorithm: NR-FAST)
  SIMD kernels: AVX2
  parallelization: PTHREADS (6 threads), thread pinning: OFF

WARNING: Running in FORCE mode: all safety checks are disabled!

[00:00:00] Reading alignment from file: LOC101264910_prot_linear_multi_sl25_prt_codonAlignment.fasta
[00:00:00] Loaded alignment with 82 taxa and 459 sites

Alignment comprises 1 partitions and 24 patterns

Partition 0: noname
Model: GTR+FO+G4m
Alignment sites / patterns: 459 / 24
Gaps: 0.01 %
Invariant sites: 96.08 %


NOTE: Binary MSA file created: LOC101264910_prot_linear_multi_sl25_prt_codonAlignment.raxml.rba

[00:00:00] Generating 10 random starting tree(s) with 82 taxa
[00:00:00] Generating 10 parsimony starting tree(s) with 82 taxa
[00:00:00] Data distribution: max. partitions/sites/weight per thread: 1 / 4 / 64

Starting ML tree search with 20 distinct starting trees

[00:00:00] ML tree search #1, logLikelihood: -777.883301
[00:00:02] ML tree search #2, logLikelihood: -777.979262
[00:00:03] ML tree search #3, logLikelihood: -777.914515
[00:00:03] ML tree search #4, logLikelihood: -777.426808
[00:00:04] ML tree search #5, logLikelihood: -777.426801
[00:00:05] ML tree search #6, logLikelihood: -777.359604
[00:00:06] ML tree search #7, logLikelihood: -777.426792
[00:00:06] ML tree search #8, logLikelihood: -777.359634
[00:00:07] ML tree search #9, logLikelihood: -777.426826
[00:00:08] ML tree search #10, logLikelihood: -777.979166
[00:00:08] ML tree search #11, logLikelihood: -777.914458
[00:00:09] ML tree search #12, logLikelihood: -778.187261
[00:00:09] ML tree search #13, logLikelihood: -777.359622
[00:00:10] ML tree search #14, logLikelihood: -777.789323
[00:00:10] ML tree search #15, logLikelihood: -777.789318
[00:00:11] ML tree search #16, logLikelihood: -778.187257
[00:00:11] ML tree search #17, logLikelihood: -778.118217
[00:00:12] ML tree search #18, logLikelihood: -778.187253
[00:00:12] ML tree search #19, logLikelihood: -778.187262
[00:00:12] ML tree search #20, logLikelihood: -777.359624

Optimized model parameters:

   Partition 0: noname
   Rate heterogeneity: GAMMA (4 cats, mean),  alpha: 0.020140 (ML),  weights&rates: (0.250000,0.000000) (0.250000,0.000000) (0.250000,0.000001) (0.250000,3.999999) 
   Base frequencies (ML): 0.265202 0.288823 0.177564 0.268411 
   Substitution rates (ML): 1.190021 0.689411 0.001000 0.001000 1.932562 1.000000 

Final LogLikelihood: -777.359604

AIC score: 1894.719208 / AICc score: 2096.594208 / BIC score: 2596.657743
Free parameters (model + branch lengths): 170

Best ML tree saved to: /home/homma/Desktop/coding/github/pos_selection_pipeline/tomato_pipeline/pipeline/LOC/raxml-ng/LOC101264910_prot_linear_multi_sl25_prt_codonAlignment.raxml.bestTree
All ML trees saved to: /home/homma/Desktop/coding/github/pos_selection_pipeline/tomato_pipeline/pipeline/LOC/raxml-ng/LOC101264910_prot_linear_multi_sl25_prt_codonAlignment.raxml.mlTrees
Optimized model saved to: /home/homma/Desktop/coding/github/pos_selection_pipeline/tomato_pipeline/pipeline/LOC/raxml-ng/LOC101264910_prot_linear_multi_sl25_prt_codonAlignment.raxml.bestModel

Execution log saved to: /home/homma/Desktop/coding/github/pos_selection_pipeline/tomato_pipeline/pipeline/LOC/raxml-ng/LOC101264910_prot_linear_multi_sl25_prt_codonAlignment.raxml.log

Analysis started: 01-Mar-2020 21:43:35 / finished: 01-Mar-2020 21:43:47

Elapsed time: 12.950 seconds

