
RAxML-NG v. 0.8.1 BETA released on 05.03.2019 by The Exelixis Lab.
Authors: Alexey Kozlov, Alexandros Stamatakis, Diego Darriba, Tomas Flouri, Benoit Morel.
Latest version: https://github.com/amkozlov/raxml-ng
Questions/problems/suggestions? Please visit: https://groups.google.com/forum/#!forum/raxml

WARNING: This is a BETA release, please use at your own risk!

RAxML-NG was called at 01-Mar-2020 22:23:00 as follows:

raxml-ng --msa LOC101250018_prot_linear_multi_sl25_prt_codonAlignment.fasta --prefix LOC101250018_prot_linear_multi_sl25_prt_codonAlignment --model GTR+G --seed 123 --bs-tree 100 --force

Analysis options:
  run mode: ML tree search
  start tree(s): random (10) + parsimony (10)
  random seed: 123
  tip-inner: OFF
  pattern compression: ON
  per-rate scalers: OFF
  site repeats: ON
  fast spr radius: AUTO
  spr subtree cutoff: 1.000000
  branch lengths: proportional (ML estimate, algorithm: NR-FAST)
  SIMD kernels: AVX2
  parallelization: PTHREADS (6 threads), thread pinning: OFF

WARNING: Running in FORCE mode: all safety checks are disabled!

[00:00:00] Reading alignment from file: LOC101250018_prot_linear_multi_sl25_prt_codonAlignment.fasta
[00:00:00] Loaded alignment with 110 taxa and 444 sites

Alignment comprises 1 partitions and 50 patterns

Partition 0: noname
Model: GTR+FO+G4m
Alignment sites / patterns: 444 / 50
Gaps: 2.38 %
Invariant sites: 92.34 %


NOTE: Binary MSA file created: LOC101250018_prot_linear_multi_sl25_prt_codonAlignment.raxml.rba

[00:00:00] Generating 10 random starting tree(s) with 110 taxa
[00:00:00] Generating 10 parsimony starting tree(s) with 110 taxa
[00:00:00] Data distribution: max. partitions/sites/weight per thread: 1 / 9 / 144

Starting ML tree search with 20 distinct starting trees

[00:00:01] ML tree search #1, logLikelihood: -983.616021
[00:00:02] ML tree search #2, logLikelihood: -957.313268
[00:00:04] ML tree search #3, logLikelihood: -948.689464
[00:00:06] ML tree search #4, logLikelihood: -980.223465
[00:00:07] ML tree search #5, logLikelihood: -985.437532
[00:00:08] ML tree search #6, logLikelihood: -953.772610
[00:00:10] ML tree search #7, logLikelihood: -961.493547
[00:00:11] ML tree search #8, logLikelihood: -956.310007
[00:00:12] ML tree search #9, logLikelihood: -979.271702
[00:00:14] ML tree search #10, logLikelihood: -946.962184
[00:00:15] ML tree search #11, logLikelihood: -943.110812
[00:00:17] ML tree search #12, logLikelihood: -948.250452
[00:00:19] ML tree search #13, logLikelihood: -941.555702
[00:00:20] ML tree search #14, logLikelihood: -942.027181
[00:00:21] ML tree search #15, logLikelihood: -950.052587
[00:00:23] ML tree search #16, logLikelihood: -947.735827
[00:00:24] ML tree search #17, logLikelihood: -953.775527
[00:00:25] ML tree search #18, logLikelihood: -950.243420
[00:00:26] ML tree search #19, logLikelihood: -953.766581
[00:00:27] ML tree search #20, logLikelihood: -947.104520

Optimized model parameters:

   Partition 0: noname
   Rate heterogeneity: GAMMA (4 cats, mean),  alpha: 0.020125 (ML),  weights&rates: (0.250000,0.000000) (0.250000,0.000000) (0.250000,0.000001) (0.250000,3.999999) 
   Base frequencies (ML): 0.369272 0.198447 0.257795 0.174485 
   Substitution rates (ML): 1.821273 5.057359 1.210506 1.173757 9.524004 1.000000 

Final LogLikelihood: -941.555702

AIC score: 2335.111404 / AICc score: 2807.940897 / BIC score: 3260.767755
Free parameters (model + branch lengths): 226

Best ML tree saved to: /home/homma/Desktop/coding/github/pos_selection_pipeline/tomato_pipeline/pipeline/LOC/raxml-ng/LOC101250018_prot_linear_multi_sl25_prt_codonAlignment.raxml.bestTree
All ML trees saved to: /home/homma/Desktop/coding/github/pos_selection_pipeline/tomato_pipeline/pipeline/LOC/raxml-ng/LOC101250018_prot_linear_multi_sl25_prt_codonAlignment.raxml.mlTrees
Optimized model saved to: /home/homma/Desktop/coding/github/pos_selection_pipeline/tomato_pipeline/pipeline/LOC/raxml-ng/LOC101250018_prot_linear_multi_sl25_prt_codonAlignment.raxml.bestModel

Execution log saved to: /home/homma/Desktop/coding/github/pos_selection_pipeline/tomato_pipeline/pipeline/LOC/raxml-ng/LOC101250018_prot_linear_multi_sl25_prt_codonAlignment.raxml.log

Analysis started: 01-Mar-2020 22:23:00 / finished: 01-Mar-2020 22:23:28

Elapsed time: 27.867 seconds

