
RAxML-NG v. 0.8.1 BETA released on 05.03.2019 by The Exelixis Lab.
Authors: Alexey Kozlov, Alexandros Stamatakis, Diego Darriba, Tomas Flouri, Benoit Morel.
Latest version: https://github.com/amkozlov/raxml-ng
Questions/problems/suggestions? Please visit: https://groups.google.com/forum/#!forum/raxml

WARNING: This is a BETA release, please use at your own risk!

RAxML-NG was called at 01-Mar-2020 21:50:29 as follows:

raxml-ng --msa LOC101244464_prot_linear_multi_sl25_prt_codonAlignment.fasta --prefix LOC101244464_prot_linear_multi_sl25_prt_codonAlignment --model GTR+G --seed 123 --bs-tree 100 --force

Analysis options:
  run mode: ML tree search
  start tree(s): random (10) + parsimony (10)
  random seed: 123
  tip-inner: OFF
  pattern compression: ON
  per-rate scalers: OFF
  site repeats: ON
  fast spr radius: AUTO
  spr subtree cutoff: 1.000000
  branch lengths: proportional (ML estimate, algorithm: NR-FAST)
  SIMD kernels: AVX2
  parallelization: PTHREADS (6 threads), thread pinning: OFF

WARNING: Running in FORCE mode: all safety checks are disabled!

[00:00:00] Reading alignment from file: LOC101244464_prot_linear_multi_sl25_prt_codonAlignment.fasta
[00:00:00] Loaded alignment with 96 taxa and 384 sites

Alignment comprises 1 partitions and 19 patterns

Partition 0: noname
Model: GTR+FO+G4m
Alignment sites / patterns: 384 / 19
Gaps: 0.00 %
Invariant sites: 95.83 %


NOTE: Binary MSA file created: LOC101244464_prot_linear_multi_sl25_prt_codonAlignment.raxml.rba

[00:00:00] Generating 10 random starting tree(s) with 96 taxa
[00:00:00] Generating 10 parsimony starting tree(s) with 96 taxa
[00:00:00] Data distribution: max. partitions/sites/weight per thread: 1 / 4 / 64

Starting ML tree search with 20 distinct starting trees

[00:00:00] ML tree search #1, logLikelihood: -665.184540
[00:00:02] ML tree search #2, logLikelihood: -661.668100
[00:00:03] ML tree search #3, logLikelihood: -661.573260
[00:00:04] ML tree search #4, logLikelihood: -665.078280
[00:00:05] ML tree search #5, logLikelihood: -663.986969
[00:00:06] ML tree search #6, logLikelihood: -661.573149
[00:00:07] ML tree search #7, logLikelihood: -661.788798
[00:00:08] ML tree search #8, logLikelihood: -661.668106
[00:00:09] ML tree search #9, logLikelihood: -661.741508
[00:00:10] ML tree search #10, logLikelihood: -661.668136
[00:00:11] ML tree search #11, logLikelihood: -670.153428
[00:00:12] ML tree search #12, logLikelihood: -661.736215
[00:00:12] ML tree search #13, logLikelihood: -661.668193
[00:00:13] ML tree search #14, logLikelihood: -661.668209
[00:00:14] ML tree search #15, logLikelihood: -664.022219
[00:00:15] ML tree search #16, logLikelihood: -664.097632
[00:00:16] ML tree search #17, logLikelihood: -667.593053
[00:00:17] ML tree search #18, logLikelihood: -664.100527
[00:00:18] ML tree search #19, logLikelihood: -664.155013
[00:00:19] ML tree search #20, logLikelihood: -661.668166

Optimized model parameters:

   Partition 0: noname
   Rate heterogeneity: GAMMA (4 cats, mean),  alpha: 0.020130 (ML),  weights&rates: (0.250000,0.000000) (0.250000,0.000000) (0.250000,0.000001) (0.250000,3.999999) 
   Base frequencies (ML): 0.308783 0.227193 0.260361 0.203664 
   Substitution rates (ML): 0.728333 1.878613 0.809851 0.001000 17.844223 1.000000 

Final LogLikelihood: -661.573149

AIC score: 1719.146298 / AICc score: 2145.113866 / BIC score: 2501.373524
Free parameters (model + branch lengths): 198

Best ML tree saved to: /home/homma/Desktop/coding/github/pos_selection_pipeline/tomato_pipeline/pipeline/LOC/raxml-ng/LOC101244464_prot_linear_multi_sl25_prt_codonAlignment.raxml.bestTree
All ML trees saved to: /home/homma/Desktop/coding/github/pos_selection_pipeline/tomato_pipeline/pipeline/LOC/raxml-ng/LOC101244464_prot_linear_multi_sl25_prt_codonAlignment.raxml.mlTrees
Optimized model saved to: /home/homma/Desktop/coding/github/pos_selection_pipeline/tomato_pipeline/pipeline/LOC/raxml-ng/LOC101244464_prot_linear_multi_sl25_prt_codonAlignment.raxml.bestModel

Execution log saved to: /home/homma/Desktop/coding/github/pos_selection_pipeline/tomato_pipeline/pipeline/LOC/raxml-ng/LOC101244464_prot_linear_multi_sl25_prt_codonAlignment.raxml.log

Analysis started: 01-Mar-2020 21:50:29 / finished: 01-Mar-2020 21:50:49

Elapsed time: 19.399 seconds

