
RAxML-NG v. 0.8.1 BETA released on 05.03.2019 by The Exelixis Lab.
Authors: Alexey Kozlov, Alexandros Stamatakis, Diego Darriba, Tomas Flouri, Benoit Morel.
Latest version: https://github.com/amkozlov/raxml-ng
Questions/problems/suggestions? Please visit: https://groups.google.com/forum/#!forum/raxml

WARNING: This is a BETA release, please use at your own risk!

RAxML-NG was called at 01-Mar-2020 22:21:45 as follows:

raxml-ng --msa LOC101243909_prot_linear_multi_sl25_prt_codonAlignment.fasta --prefix LOC101243909_prot_linear_multi_sl25_prt_codonAlignment --model GTR+G --seed 123 --bs-tree 100 --force

Analysis options:
  run mode: ML tree search
  start tree(s): random (10) + parsimony (10)
  random seed: 123
  tip-inner: OFF
  pattern compression: ON
  per-rate scalers: OFF
  site repeats: ON
  fast spr radius: AUTO
  spr subtree cutoff: 1.000000
  branch lengths: proportional (ML estimate, algorithm: NR-FAST)
  SIMD kernels: AVX2
  parallelization: PTHREADS (6 threads), thread pinning: OFF

WARNING: Running in FORCE mode: all safety checks are disabled!

[00:00:00] Reading alignment from file: LOC101243909_prot_linear_multi_sl25_prt_codonAlignment.fasta
[00:00:00] Loaded alignment with 121 taxa and 924 sites

Alignment comprises 1 partitions and 72 patterns

Partition 0: noname
Model: GTR+FO+G4m
Alignment sites / patterns: 924 / 72
Gaps: 0.01 %
Invariant sites: 91.77 %


NOTE: Binary MSA file created: LOC101243909_prot_linear_multi_sl25_prt_codonAlignment.raxml.rba

[00:00:00] Generating 10 random starting tree(s) with 121 taxa
[00:00:00] Generating 10 parsimony starting tree(s) with 121 taxa
[00:00:00] Data distribution: max. partitions/sites/weight per thread: 1 / 12 / 192

Starting ML tree search with 20 distinct starting trees

[00:00:03] ML tree search #1, logLikelihood: -2279.007452
[00:00:10] ML tree search #2, logLikelihood: -2282.441383
[00:00:13] ML tree search #3, logLikelihood: -2281.644589
[00:00:19] ML tree search #4, logLikelihood: -2281.281579
[00:00:24] ML tree search #5, logLikelihood: -2340.148984
[00:00:29] ML tree search #6, logLikelihood: -2277.409487
[00:00:33] ML tree search #7, logLikelihood: -2278.694066
[00:00:37] ML tree search #8, logLikelihood: -2287.418542
[00:00:41] ML tree search #9, logLikelihood: -2280.433207
[00:00:45] ML tree search #10, logLikelihood: -2276.090942
[00:00:50] ML tree search #11, logLikelihood: -2281.315144
[00:00:53] ML tree search #12, logLikelihood: -2281.695193
[00:00:56] ML tree search #13, logLikelihood: -2279.191361
[00:00:58] ML tree search #14, logLikelihood: -2277.569413
[00:01:02] ML tree search #15, logLikelihood: -2281.001373
[00:01:03] ML tree search #16, logLikelihood: -2281.773060
[00:01:06] ML tree search #17, logLikelihood: -2280.857264
[00:01:09] ML tree search #18, logLikelihood: -2281.107657
[00:01:12] ML tree search #19, logLikelihood: -2285.733089
[00:01:15] ML tree search #20, logLikelihood: -2288.635660

Optimized model parameters:

   Partition 0: noname
   Rate heterogeneity: GAMMA (4 cats, mean),  alpha: 0.020135 (ML),  weights&rates: (0.250000,0.000000) (0.250000,0.000000) (0.250000,0.000001) (0.250000,3.999999) 
   Base frequencies (ML): 0.311586 0.188736 0.204416 0.295262 
   Substitution rates (ML): 11.628195 62.504104 4.230974 9.326060 82.677273 1.000000 

Final LogLikelihood: -2276.090942

AIC score: 5048.181884 / AICc score: 5231.150773 / BIC score: 6245.702478
Free parameters (model + branch lengths): 248

Best ML tree saved to: /home/homma/Desktop/coding/github/pos_selection_pipeline/tomato_pipeline/pipeline/LOC/raxml-ng/LOC101243909_prot_linear_multi_sl25_prt_codonAlignment.raxml.bestTree
All ML trees saved to: /home/homma/Desktop/coding/github/pos_selection_pipeline/tomato_pipeline/pipeline/LOC/raxml-ng/LOC101243909_prot_linear_multi_sl25_prt_codonAlignment.raxml.mlTrees
Optimized model saved to: /home/homma/Desktop/coding/github/pos_selection_pipeline/tomato_pipeline/pipeline/LOC/raxml-ng/LOC101243909_prot_linear_multi_sl25_prt_codonAlignment.raxml.bestModel

Execution log saved to: /home/homma/Desktop/coding/github/pos_selection_pipeline/tomato_pipeline/pipeline/LOC/raxml-ng/LOC101243909_prot_linear_multi_sl25_prt_codonAlignment.raxml.log

Analysis started: 01-Mar-2020 22:21:45 / finished: 01-Mar-2020 22:23:00

Elapsed time: 75.286 seconds

