
RAxML-NG v. 0.8.1 BETA released on 05.03.2019 by The Exelixis Lab.
Authors: Alexey Kozlov, Alexandros Stamatakis, Diego Darriba, Tomas Flouri, Benoit Morel.
Latest version: https://github.com/amkozlov/raxml-ng
Questions/problems/suggestions? Please visit: https://groups.google.com/forum/#!forum/raxml

WARNING: This is a BETA release, please use at your own risk!

RAxML-NG was called at 01-Mar-2020 21:55:12 as follows:

raxml-ng --msa LOC101259599_prot_linear_multi_sl25_prt_codonAlignment.fasta --prefix LOC101259599_prot_linear_multi_sl25_prt_codonAlignment --model GTR+G --seed 123 --bs-tree 100 --force

Analysis options:
  run mode: ML tree search
  start tree(s): random (10) + parsimony (10)
  random seed: 123
  tip-inner: OFF
  pattern compression: ON
  per-rate scalers: OFF
  site repeats: ON
  fast spr radius: AUTO
  spr subtree cutoff: 1.000000
  branch lengths: proportional (ML estimate, algorithm: NR-FAST)
  SIMD kernels: AVX2
  parallelization: PTHREADS (6 threads), thread pinning: OFF

WARNING: Running in FORCE mode: all safety checks are disabled!

[00:00:00] Reading alignment from file: LOC101259599_prot_linear_multi_sl25_prt_codonAlignment.fasta
[00:00:00] Loaded alignment with 113 taxa and 11742 sites

Alignment comprises 1 partitions and 579 patterns

Partition 0: noname
Model: GTR+FO+G4m
Alignment sites / patterns: 11742 / 579
Gaps: 0.29 %
Invariant sites: 92.91 %


NOTE: Binary MSA file created: LOC101259599_prot_linear_multi_sl25_prt_codonAlignment.raxml.rba

[00:00:00] Generating 10 random starting tree(s) with 113 taxa
[00:00:00] Generating 10 parsimony starting tree(s) with 113 taxa
[00:00:00] Data distribution: max. partitions/sites/weight per thread: 1 / 97 / 1552

Starting ML tree search with 20 distinct starting trees

[00:00:06] ML tree search #1, logLikelihood: -27278.748182
[00:00:11] ML tree search #2, logLikelihood: -27288.272993
[00:00:23] ML tree search #3, logLikelihood: -27289.165321
[00:00:29] ML tree search #4, logLikelihood: -27291.654932
[00:00:38] ML tree search #5, logLikelihood: -27277.810728
[00:00:44] ML tree search #6, logLikelihood: -27288.957564
[00:00:50] ML tree search #7, logLikelihood: -27305.998673
[00:00:57] ML tree search #8, logLikelihood: -27282.445102
[00:01:05] ML tree search #9, logLikelihood: -27306.208445
[00:01:16] ML tree search #10, logLikelihood: -27283.970832
[00:01:24] ML tree search #11, logLikelihood: -27316.212938
[00:01:29] ML tree search #12, logLikelihood: -27284.060170
[00:01:34] ML tree search #13, logLikelihood: -27296.091531
[00:01:41] ML tree search #14, logLikelihood: -27288.631046
[00:01:48] ML tree search #15, logLikelihood: -27291.318002
[00:01:53] ML tree search #16, logLikelihood: -27281.568779
[00:02:00] ML tree search #17, logLikelihood: -27287.237790
[00:02:05] ML tree search #18, logLikelihood: -27306.765907
[00:02:11] ML tree search #19, logLikelihood: -27330.661905
[00:02:20] ML tree search #20, logLikelihood: -27326.022116

Optimized model parameters:

   Partition 0: noname
   Rate heterogeneity: GAMMA (4 cats, mean),  alpha: 0.020128 (ML),  weights&rates: (0.250000,0.000000) (0.250000,0.000000) (0.250000,0.000001) (0.250000,3.999999) 
   Base frequencies (ML): 0.429495 0.166445 0.226057 0.178003 
   Substitution rates (ML): 1.108345 2.159523 0.842255 1.267813 5.655010 1.000000 

Final LogLikelihood: -27277.810728

AIC score: 55019.621456 / AICc score: 55029.015148 / BIC score: 56729.676622
Free parameters (model + branch lengths): 232

Best ML tree saved to: /home/homma/Desktop/coding/github/pos_selection_pipeline/tomato_pipeline/pipeline/LOC/raxml-ng/LOC101259599_prot_linear_multi_sl25_prt_codonAlignment.raxml.bestTree
All ML trees saved to: /home/homma/Desktop/coding/github/pos_selection_pipeline/tomato_pipeline/pipeline/LOC/raxml-ng/LOC101259599_prot_linear_multi_sl25_prt_codonAlignment.raxml.mlTrees
Optimized model saved to: /home/homma/Desktop/coding/github/pos_selection_pipeline/tomato_pipeline/pipeline/LOC/raxml-ng/LOC101259599_prot_linear_multi_sl25_prt_codonAlignment.raxml.bestModel

Execution log saved to: /home/homma/Desktop/coding/github/pos_selection_pipeline/tomato_pipeline/pipeline/LOC/raxml-ng/LOC101259599_prot_linear_multi_sl25_prt_codonAlignment.raxml.log

Analysis started: 01-Mar-2020 21:55:12 / finished: 01-Mar-2020 21:57:33

Elapsed time: 140.801 seconds

