
RAxML-NG v. 0.8.1 BETA released on 05.03.2019 by The Exelixis Lab.
Authors: Alexey Kozlov, Alexandros Stamatakis, Diego Darriba, Tomas Flouri, Benoit Morel.
Latest version: https://github.com/amkozlov/raxml-ng
Questions/problems/suggestions? Please visit: https://groups.google.com/forum/#!forum/raxml

WARNING: This is a BETA release, please use at your own risk!

RAxML-NG was called at 01-Mar-2020 21:26:49 as follows:

raxml-ng --msa LOC101266500_prot_linear_multi_sl25_prt_codonAlignment.fasta --prefix LOC101266500_prot_linear_multi_sl25_prt_codonAlignment --model GTR+G --seed 123 --bs-tree 100 --force

Analysis options:
  run mode: ML tree search
  start tree(s): random (10) + parsimony (10)
  random seed: 123
  tip-inner: OFF
  pattern compression: ON
  per-rate scalers: OFF
  site repeats: ON
  fast spr radius: AUTO
  spr subtree cutoff: 1.000000
  branch lengths: proportional (ML estimate, algorithm: NR-FAST)
  SIMD kernels: AVX2
  parallelization: PTHREADS (6 threads), thread pinning: OFF

WARNING: Running in FORCE mode: all safety checks are disabled!

[00:00:00] Reading alignment from file: LOC101266500_prot_linear_multi_sl25_prt_codonAlignment.fasta
[00:00:00] Loaded alignment with 78 taxa and 996 sites

Alignment comprises 1 partitions and 63 patterns

Partition 0: noname
Model: GTR+FO+G4m
Alignment sites / patterns: 996 / 63
Gaps: 0.00 %
Invariant sites: 93.67 %


NOTE: Binary MSA file created: LOC101266500_prot_linear_multi_sl25_prt_codonAlignment.raxml.rba

[00:00:00] Generating 10 random starting tree(s) with 78 taxa
[00:00:00] Generating 10 parsimony starting tree(s) with 78 taxa
[00:00:00] Data distribution: max. partitions/sites/weight per thread: 1 / 11 / 176

Starting ML tree search with 20 distinct starting trees

[00:00:01] ML tree search #1, logLikelihood: -2010.236790
[00:00:03] ML tree search #2, logLikelihood: -2010.236891
[00:00:06] ML tree search #3, logLikelihood: -2009.941666
[00:00:08] ML tree search #4, logLikelihood: -2007.985437
[00:00:09] ML tree search #5, logLikelihood: -2008.793493
[00:00:12] ML tree search #6, logLikelihood: -2008.275466
[00:00:13] ML tree search #7, logLikelihood: -2008.558851
[00:00:14] ML tree search #8, logLikelihood: -2009.941713
[00:00:16] ML tree search #9, logLikelihood: -2009.941780
[00:00:19] ML tree search #10, logLikelihood: -2009.941966
[00:00:20] ML tree search #11, logLikelihood: -2009.883658
[00:00:22] ML tree search #12, logLikelihood: -2009.959144
[00:00:23] ML tree search #13, logLikelihood: -2007.985546
[00:00:25] ML tree search #14, logLikelihood: -2008.950865
[00:00:28] ML tree search #15, logLikelihood: -2007.986875
[00:00:29] ML tree search #16, logLikelihood: -2007.985775
[00:00:33] ML tree search #17, logLikelihood: -2008.275458
[00:00:34] ML tree search #18, logLikelihood: -2008.738733
[00:00:36] ML tree search #19, logLikelihood: -2008.275480
[00:00:38] ML tree search #20, logLikelihood: -2008.275728

Optimized model parameters:

   Partition 0: noname
   Rate heterogeneity: GAMMA (4 cats, mean),  alpha: 0.020139 (ML),  weights&rates: (0.250000,0.000000) (0.250000,0.000000) (0.250000,0.000001) (0.250000,3.999999) 
   Base frequencies (ML): 0.311562 0.175598 0.232232 0.280608 
   Substitution rates (ML): 3.301802 11.789078 2.429802 0.805186 6.297030 1.000000 

Final LogLikelihood: -2007.985437

AIC score: 4339.970874 / AICc score: 4403.370634 / BIC score: 5134.377930
Free parameters (model + branch lengths): 162

Best ML tree saved to: /home/homma/Desktop/coding/github/pos_selection_pipeline/tomato_pipeline/pipeline/LOC/raxml-ng/LOC101266500_prot_linear_multi_sl25_prt_codonAlignment.raxml.bestTree
All ML trees saved to: /home/homma/Desktop/coding/github/pos_selection_pipeline/tomato_pipeline/pipeline/LOC/raxml-ng/LOC101266500_prot_linear_multi_sl25_prt_codonAlignment.raxml.mlTrees
Optimized model saved to: /home/homma/Desktop/coding/github/pos_selection_pipeline/tomato_pipeline/pipeline/LOC/raxml-ng/LOC101266500_prot_linear_multi_sl25_prt_codonAlignment.raxml.bestModel

Execution log saved to: /home/homma/Desktop/coding/github/pos_selection_pipeline/tomato_pipeline/pipeline/LOC/raxml-ng/LOC101266500_prot_linear_multi_sl25_prt_codonAlignment.raxml.log

Analysis started: 01-Mar-2020 21:26:49 / finished: 01-Mar-2020 21:27:28

Elapsed time: 38.317 seconds

