
RAxML-NG v. 0.8.1 BETA released on 05.03.2019 by The Exelixis Lab.
Authors: Alexey Kozlov, Alexandros Stamatakis, Diego Darriba, Tomas Flouri, Benoit Morel.
Latest version: https://github.com/amkozlov/raxml-ng
Questions/problems/suggestions? Please visit: https://groups.google.com/forum/#!forum/raxml

WARNING: This is a BETA release, please use at your own risk!

RAxML-NG was called at 01-Mar-2020 20:11:28 as follows:

raxml-ng --msa LOC101260194_prot_linear_multi_sl25_prt_codonAlignment.fasta --prefix LOC101260194_prot_linear_multi_sl25_prt_codonAlignment --model GTR+G --seed 123 --bs-tree 100 --force

Analysis options:
  run mode: ML tree search
  start tree(s): random (10) + parsimony (10)
  random seed: 123
  tip-inner: OFF
  pattern compression: ON
  per-rate scalers: OFF
  site repeats: ON
  fast spr radius: AUTO
  spr subtree cutoff: 1.000000
  branch lengths: proportional (ML estimate, algorithm: NR-FAST)
  SIMD kernels: AVX2
  parallelization: PTHREADS (6 threads), thread pinning: OFF

WARNING: Running in FORCE mode: all safety checks are disabled!

[00:00:00] Reading alignment from file: LOC101260194_prot_linear_multi_sl25_prt_codonAlignment.fasta
[00:00:00] Loaded alignment with 103 taxa and 1011 sites

Alignment comprises 1 partitions and 66 patterns

Partition 0: noname
Model: GTR+FO+G4m
Alignment sites / patterns: 1011 / 66
Gaps: 0.00 %
Invariant sites: 93.57 %


NOTE: Binary MSA file created: LOC101260194_prot_linear_multi_sl25_prt_codonAlignment.raxml.rba

[00:00:00] Generating 10 random starting tree(s) with 103 taxa
[00:00:00] Generating 10 parsimony starting tree(s) with 103 taxa
[00:00:00] Data distribution: max. partitions/sites/weight per thread: 1 / 11 / 176

Starting ML tree search with 20 distinct starting trees

[00:00:03] ML tree search #1, logLikelihood: -2083.903674
[00:00:06] ML tree search #2, logLikelihood: -2084.426689
[00:00:10] ML tree search #3, logLikelihood: -2085.101031
[00:00:14] ML tree search #4, logLikelihood: -2084.465888
[00:00:18] ML tree search #5, logLikelihood: -2085.296686
[00:00:20] ML tree search #6, logLikelihood: -2085.101087
[00:00:23] ML tree search #7, logLikelihood: -2085.150588
[00:00:26] ML tree search #8, logLikelihood: -2085.787268
[00:00:29] ML tree search #9, logLikelihood: -2083.903658
[00:00:32] ML tree search #10, logLikelihood: -2085.150592
[00:00:35] ML tree search #11, logLikelihood: -2085.563621
[00:00:36] ML tree search #12, logLikelihood: -2085.132565
[00:00:40] ML tree search #13, logLikelihood: -2086.876503
[00:00:42] ML tree search #14, logLikelihood: -2088.515446
[00:00:44] ML tree search #15, logLikelihood: -2085.496621
[00:00:46] ML tree search #16, logLikelihood: -2086.146658
[00:00:49] ML tree search #17, logLikelihood: -2083.903665
[00:00:52] ML tree search #18, logLikelihood: -2084.170561
[00:00:57] ML tree search #19, logLikelihood: -2083.903673
[00:01:00] ML tree search #20, logLikelihood: -2085.563616

Optimized model parameters:

   Partition 0: noname
   Rate heterogeneity: GAMMA (4 cats, mean),  alpha: 0.020125 (ML),  weights&rates: (0.250000,0.000000) (0.250000,0.000000) (0.250000,0.000001) (0.250000,3.999999) 
   Base frequencies (ML): 0.291346 0.164087 0.222279 0.322288 
   Substitution rates (ML): 2.843719 4.244058 1.050140 0.935030 10.439689 1.000000 

Final LogLikelihood: -2083.903658

AIC score: 4591.807315 / AICc score: 4704.980247 / BIC score: 5634.570702
Free parameters (model + branch lengths): 212

Best ML tree saved to: /home/homma/Desktop/coding/github/pos_selection_pipeline/tomato_pipeline/pipeline/LOC/raxml-ng/LOC101260194_prot_linear_multi_sl25_prt_codonAlignment.raxml.bestTree
All ML trees saved to: /home/homma/Desktop/coding/github/pos_selection_pipeline/tomato_pipeline/pipeline/LOC/raxml-ng/LOC101260194_prot_linear_multi_sl25_prt_codonAlignment.raxml.mlTrees
Optimized model saved to: /home/homma/Desktop/coding/github/pos_selection_pipeline/tomato_pipeline/pipeline/LOC/raxml-ng/LOC101260194_prot_linear_multi_sl25_prt_codonAlignment.raxml.bestModel

Execution log saved to: /home/homma/Desktop/coding/github/pos_selection_pipeline/tomato_pipeline/pipeline/LOC/raxml-ng/LOC101260194_prot_linear_multi_sl25_prt_codonAlignment.raxml.log

Analysis started: 01-Mar-2020 20:11:28 / finished: 01-Mar-2020 20:12:29

Elapsed time: 60.272 seconds

