
RAxML-NG v. 0.8.1 BETA released on 05.03.2019 by The Exelixis Lab.
Authors: Alexey Kozlov, Alexandros Stamatakis, Diego Darriba, Tomas Flouri, Benoit Morel.
Latest version: https://github.com/amkozlov/raxml-ng
Questions/problems/suggestions? Please visit: https://groups.google.com/forum/#!forum/raxml

WARNING: This is a BETA release, please use at your own risk!

RAxML-NG was called at 01-Mar-2020 21:30:17 as follows:

raxml-ng --msa LOC101266598_prot_linear_multi_sl25_prt_codonAlignment.fasta --prefix LOC101266598_prot_linear_multi_sl25_prt_codonAlignment --model GTR+G --seed 123 --bs-tree 100 --force

Analysis options:
  run mode: ML tree search
  start tree(s): random (10) + parsimony (10)
  random seed: 123
  tip-inner: OFF
  pattern compression: ON
  per-rate scalers: OFF
  site repeats: ON
  fast spr radius: AUTO
  spr subtree cutoff: 1.000000
  branch lengths: proportional (ML estimate, algorithm: NR-FAST)
  SIMD kernels: AVX2
  parallelization: PTHREADS (6 threads), thread pinning: OFF

WARNING: Running in FORCE mode: all safety checks are disabled!

[00:00:00] Reading alignment from file: LOC101266598_prot_linear_multi_sl25_prt_codonAlignment.fasta
[00:00:00] Loaded alignment with 101 taxa and 1764 sites

Alignment comprises 1 partitions and 83 patterns

Partition 0: noname
Model: GTR+FO+G4m
Alignment sites / patterns: 1764 / 83
Gaps: 0.00 %
Invariant sites: 94.84 %


NOTE: Binary MSA file created: LOC101266598_prot_linear_multi_sl25_prt_codonAlignment.raxml.rba

[00:00:00] Generating 10 random starting tree(s) with 101 taxa
[00:00:00] Generating 10 parsimony starting tree(s) with 101 taxa
[00:00:00] Data distribution: max. partitions/sites/weight per thread: 1 / 14 / 224

Starting ML tree search with 20 distinct starting trees

[00:00:02] ML tree search #1, logLikelihood: -3529.573366
[00:00:05] ML tree search #2, logLikelihood: -3536.068879
[00:00:08] ML tree search #3, logLikelihood: -3527.436928
[00:00:11] ML tree search #4, logLikelihood: -3529.573174
[00:00:14] ML tree search #5, logLikelihood: -3532.004484
[00:00:17] ML tree search #6, logLikelihood: -3530.865971
[00:00:19] ML tree search #7, logLikelihood: -3527.342434
[00:00:21] ML tree search #8, logLikelihood: -3529.907137
[00:00:24] ML tree search #9, logLikelihood: -3530.645671
[00:00:26] ML tree search #10, logLikelihood: -3528.658705
[00:00:28] ML tree search #11, logLikelihood: -3538.475892
[00:00:30] ML tree search #12, logLikelihood: -3540.453113
[00:00:34] ML tree search #13, logLikelihood: -3534.159952
[00:00:36] ML tree search #14, logLikelihood: -3529.819577
[00:00:41] ML tree search #15, logLikelihood: -3530.494897
[00:00:46] ML tree search #16, logLikelihood: -3526.911799
[00:00:49] ML tree search #17, logLikelihood: -3530.790389
[00:00:52] ML tree search #18, logLikelihood: -3530.066378
[00:00:54] ML tree search #19, logLikelihood: -3532.574306
[00:00:58] ML tree search #20, logLikelihood: -3529.504168

Optimized model parameters:

   Partition 0: noname
   Rate heterogeneity: GAMMA (4 cats, mean),  alpha: 0.020140 (ML),  weights&rates: (0.250000,0.000000) (0.250000,0.000000) (0.250000,0.000001) (0.250000,3.999999) 
   Base frequencies (ML): 0.281805 0.194052 0.264641 0.259502 
   Substitution rates (ML): 0.989944 3.207880 2.213651 0.922108 13.629104 1.000000 

Final LogLikelihood: -3526.911799

AIC score: 7469.823598 / AICc score: 7525.736138 / BIC score: 8608.694159
Free parameters (model + branch lengths): 208

Best ML tree saved to: /home/homma/Desktop/coding/github/pos_selection_pipeline/tomato_pipeline/pipeline/LOC/raxml-ng/LOC101266598_prot_linear_multi_sl25_prt_codonAlignment.raxml.bestTree
All ML trees saved to: /home/homma/Desktop/coding/github/pos_selection_pipeline/tomato_pipeline/pipeline/LOC/raxml-ng/LOC101266598_prot_linear_multi_sl25_prt_codonAlignment.raxml.mlTrees
Optimized model saved to: /home/homma/Desktop/coding/github/pos_selection_pipeline/tomato_pipeline/pipeline/LOC/raxml-ng/LOC101266598_prot_linear_multi_sl25_prt_codonAlignment.raxml.bestModel

Execution log saved to: /home/homma/Desktop/coding/github/pos_selection_pipeline/tomato_pipeline/pipeline/LOC/raxml-ng/LOC101266598_prot_linear_multi_sl25_prt_codonAlignment.raxml.log

Analysis started: 01-Mar-2020 21:30:17 / finished: 01-Mar-2020 21:31:15

Elapsed time: 58.026 seconds

