
RAxML-NG v. 0.8.1 BETA released on 05.03.2019 by The Exelixis Lab.
Authors: Alexey Kozlov, Alexandros Stamatakis, Diego Darriba, Tomas Flouri, Benoit Morel.
Latest version: https://github.com/amkozlov/raxml-ng
Questions/problems/suggestions? Please visit: https://groups.google.com/forum/#!forum/raxml

WARNING: This is a BETA release, please use at your own risk!

RAxML-NG was called at 01-Mar-2020 21:07:30 as follows:

raxml-ng --msa LOC104644379_prot_linear_multi_sl25_prt_codonAlignment.fasta --prefix LOC104644379_prot_linear_multi_sl25_prt_codonAlignment --model GTR+G --seed 123 --bs-tree 100 --force

Analysis options:
  run mode: ML tree search
  start tree(s): random (10) + parsimony (10)
  random seed: 123
  tip-inner: OFF
  pattern compression: ON
  per-rate scalers: OFF
  site repeats: ON
  fast spr radius: AUTO
  spr subtree cutoff: 1.000000
  branch lengths: proportional (ML estimate, algorithm: NR-FAST)
  SIMD kernels: AVX2
  parallelization: PTHREADS (6 threads), thread pinning: OFF

WARNING: Running in FORCE mode: all safety checks are disabled!

[00:00:00] Reading alignment from file: LOC104644379_prot_linear_multi_sl25_prt_codonAlignment.fasta
[00:00:00] Loaded alignment with 79 taxa and 684 sites

Alignment comprises 1 partitions and 38 patterns

Partition 0: noname
Model: GTR+FO+G4m
Alignment sites / patterns: 684 / 38
Gaps: 0.00 %
Invariant sites: 94.88 %


NOTE: Binary MSA file created: LOC104644379_prot_linear_multi_sl25_prt_codonAlignment.raxml.rba

[00:00:00] Generating 10 random starting tree(s) with 79 taxa
[00:00:00] Generating 10 parsimony starting tree(s) with 79 taxa
[00:00:00] Data distribution: max. partitions/sites/weight per thread: 1 / 7 / 112

Starting ML tree search with 20 distinct starting trees

[00:00:00] ML tree search #1, logLikelihood: -1297.699328
[00:00:02] ML tree search #2, logLikelihood: -1298.211945
[00:00:03] ML tree search #3, logLikelihood: -1299.159278
[00:00:04] ML tree search #4, logLikelihood: -1297.986617
[00:00:05] ML tree search #5, logLikelihood: -1298.444390
[00:00:06] ML tree search #6, logLikelihood: -1301.560558
[00:00:07] ML tree search #7, logLikelihood: -1297.986641
[00:00:08] ML tree search #8, logLikelihood: -1298.444390
[00:00:09] ML tree search #9, logLikelihood: -1297.986627
[00:00:10] ML tree search #10, logLikelihood: -1301.323051
[00:00:11] ML tree search #11, logLikelihood: -1299.996386
[00:00:11] ML tree search #12, logLikelihood: -1303.436821
[00:00:12] ML tree search #13, logLikelihood: -1297.986651
[00:00:12] ML tree search #14, logLikelihood: -1302.334698
[00:00:13] ML tree search #15, logLikelihood: -1299.156586
[00:00:14] ML tree search #16, logLikelihood: -1299.156574
[00:00:15] ML tree search #17, logLikelihood: -1302.448871
[00:00:15] ML tree search #18, logLikelihood: -1303.180337
[00:00:16] ML tree search #19, logLikelihood: -1299.670841
[00:00:16] ML tree search #20, logLikelihood: -1307.192274

Optimized model parameters:

   Partition 0: noname
   Rate heterogeneity: GAMMA (4 cats, mean),  alpha: 0.020137 (ML),  weights&rates: (0.250000,0.000000) (0.250000,0.000000) (0.250000,0.000001) (0.250000,3.999999) 
   Base frequencies (ML): 0.257977 0.230096 0.203007 0.308920 
   Substitution rates (ML): 1.076106 4.154083 0.378852 0.448363 2.171911 1.000000 

Final LogLikelihood: -1297.699328

AIC score: 2923.398656 / AICc score: 3027.676113 / BIC score: 3665.983755
Free parameters (model + branch lengths): 164

Best ML tree saved to: /home/homma/Desktop/coding/github/pos_selection_pipeline/tomato_pipeline/pipeline/LOC/raxml-ng/LOC104644379_prot_linear_multi_sl25_prt_codonAlignment.raxml.bestTree
All ML trees saved to: /home/homma/Desktop/coding/github/pos_selection_pipeline/tomato_pipeline/pipeline/LOC/raxml-ng/LOC104644379_prot_linear_multi_sl25_prt_codonAlignment.raxml.mlTrees
Optimized model saved to: /home/homma/Desktop/coding/github/pos_selection_pipeline/tomato_pipeline/pipeline/LOC/raxml-ng/LOC104644379_prot_linear_multi_sl25_prt_codonAlignment.raxml.bestModel

Execution log saved to: /home/homma/Desktop/coding/github/pos_selection_pipeline/tomato_pipeline/pipeline/LOC/raxml-ng/LOC104644379_prot_linear_multi_sl25_prt_codonAlignment.raxml.log

Analysis started: 01-Mar-2020 21:07:30 / finished: 01-Mar-2020 21:07:47

Elapsed time: 16.773 seconds

