
RAxML-NG v. 0.8.1 BETA released on 05.03.2019 by The Exelixis Lab.
Authors: Alexey Kozlov, Alexandros Stamatakis, Diego Darriba, Tomas Flouri, Benoit Morel.
Latest version: https://github.com/amkozlov/raxml-ng
Questions/problems/suggestions? Please visit: https://groups.google.com/forum/#!forum/raxml

WARNING: This is a BETA release, please use at your own risk!

RAxML-NG was called at 01-Mar-2020 20:48:25 as follows:

raxml-ng --msa LOC101268288_prot_linear_multi_sl25_prt_codonAlignment.fasta --prefix LOC101268288_prot_linear_multi_sl25_prt_codonAlignment --model GTR+G --seed 123 --bs-tree 100 --force

Analysis options:
  run mode: ML tree search
  start tree(s): random (10) + parsimony (10)
  random seed: 123
  tip-inner: OFF
  pattern compression: ON
  per-rate scalers: OFF
  site repeats: ON
  fast spr radius: AUTO
  spr subtree cutoff: 1.000000
  branch lengths: proportional (ML estimate, algorithm: NR-FAST)
  SIMD kernels: AVX2
  parallelization: PTHREADS (6 threads), thread pinning: OFF

WARNING: Running in FORCE mode: all safety checks are disabled!

[00:00:00] Reading alignment from file: LOC101268288_prot_linear_multi_sl25_prt_codonAlignment.fasta
[00:00:00] Loaded alignment with 113 taxa and 2703 sites

Alignment comprises 1 partitions and 119 patterns

Partition 0: noname
Model: GTR+FO+G4m
Alignment sites / patterns: 2703 / 119
Gaps: 0.00 %
Invariant sites: 95.12 %


NOTE: Binary MSA file created: LOC101268288_prot_linear_multi_sl25_prt_codonAlignment.raxml.rba

[00:00:00] Generating 10 random starting tree(s) with 113 taxa
[00:00:00] Generating 10 parsimony starting tree(s) with 113 taxa
[00:00:00] Data distribution: max. partitions/sites/weight per thread: 1 / 20 / 320

Starting ML tree search with 20 distinct starting trees

[00:00:04] ML tree search #1, logLikelihood: -5636.062832
[00:00:09] ML tree search #2, logLikelihood: -5641.792929
[00:00:12] ML tree search #3, logLikelihood: -5643.088567
[00:00:16] ML tree search #4, logLikelihood: -5637.406065
[00:00:21] ML tree search #5, logLikelihood: -5641.844952
[00:00:27] ML tree search #6, logLikelihood: -5634.465811
[00:00:32] ML tree search #7, logLikelihood: -5632.958857
[00:00:36] ML tree search #8, logLikelihood: -5633.273891
[00:00:40] ML tree search #9, logLikelihood: -5637.866385
[00:00:45] ML tree search #10, logLikelihood: -5629.399423
[00:00:48] ML tree search #11, logLikelihood: -5630.578203
[00:00:53] ML tree search #12, logLikelihood: -5639.816993
[00:00:56] ML tree search #13, logLikelihood: -5641.815693
[00:00:58] ML tree search #14, logLikelihood: -5632.868881
[00:01:04] ML tree search #15, logLikelihood: -5642.181433
[00:01:08] ML tree search #16, logLikelihood: -5637.217077
[00:01:12] ML tree search #17, logLikelihood: -5646.187105
[00:01:17] ML tree search #18, logLikelihood: -5638.817467
[00:01:19] ML tree search #19, logLikelihood: -5638.289249
[00:01:24] ML tree search #20, logLikelihood: -5649.785453

Optimized model parameters:

   Partition 0: noname
   Rate heterogeneity: GAMMA (4 cats, mean),  alpha: 0.020123 (ML),  weights&rates: (0.250000,0.000000) (0.250000,0.000000) (0.250000,0.000001) (0.250000,3.999999) 
   Base frequencies (ML): 0.267029 0.158963 0.264878 0.309130 
   Substitution rates (ML): 1.281498 2.325527 0.963197 0.635617 6.521563 1.000000 

Final LogLikelihood: -5629.399423

AIC score: 11722.798847 / AICc score: 11766.568887 / BIC score: 13092.090117
Free parameters (model + branch lengths): 232

Best ML tree saved to: /home/homma/Desktop/coding/github/pos_selection_pipeline/tomato_pipeline/pipeline/LOC/raxml-ng/LOC101268288_prot_linear_multi_sl25_prt_codonAlignment.raxml.bestTree
All ML trees saved to: /home/homma/Desktop/coding/github/pos_selection_pipeline/tomato_pipeline/pipeline/LOC/raxml-ng/LOC101268288_prot_linear_multi_sl25_prt_codonAlignment.raxml.mlTrees
Optimized model saved to: /home/homma/Desktop/coding/github/pos_selection_pipeline/tomato_pipeline/pipeline/LOC/raxml-ng/LOC101268288_prot_linear_multi_sl25_prt_codonAlignment.raxml.bestModel

Execution log saved to: /home/homma/Desktop/coding/github/pos_selection_pipeline/tomato_pipeline/pipeline/LOC/raxml-ng/LOC101268288_prot_linear_multi_sl25_prt_codonAlignment.raxml.log

Analysis started: 01-Mar-2020 20:48:25 / finished: 01-Mar-2020 20:49:49

Elapsed time: 84.312 seconds

