
RAxML-NG v. 0.8.1 BETA released on 05.03.2019 by The Exelixis Lab.
Authors: Alexey Kozlov, Alexandros Stamatakis, Diego Darriba, Tomas Flouri, Benoit Morel.
Latest version: https://github.com/amkozlov/raxml-ng
Questions/problems/suggestions? Please visit: https://groups.google.com/forum/#!forum/raxml

WARNING: This is a BETA release, please use at your own risk!

RAxML-NG was called at 01-Mar-2020 22:04:33 as follows:

raxml-ng --msa LOC101265886_prot_linear_multi_sl25_prt_codonAlignment.fasta --prefix LOC101265886_prot_linear_multi_sl25_prt_codonAlignment --model GTR+G --seed 123 --bs-tree 100 --force

Analysis options:
  run mode: ML tree search
  start tree(s): random (10) + parsimony (10)
  random seed: 123
  tip-inner: OFF
  pattern compression: ON
  per-rate scalers: OFF
  site repeats: ON
  fast spr radius: AUTO
  spr subtree cutoff: 1.000000
  branch lengths: proportional (ML estimate, algorithm: NR-FAST)
  SIMD kernels: AVX2
  parallelization: PTHREADS (6 threads), thread pinning: OFF

WARNING: Running in FORCE mode: all safety checks are disabled!

[00:00:00] Reading alignment from file: LOC101265886_prot_linear_multi_sl25_prt_codonAlignment.fasta
[00:00:00] Loaded alignment with 105 taxa and 795 sites

Alignment comprises 1 partitions and 63 patterns

Partition 0: noname
Model: GTR+FO+G4m
Alignment sites / patterns: 795 / 63
Gaps: 0.00 %
Invariant sites: 92.20 %


NOTE: Binary MSA file created: LOC101265886_prot_linear_multi_sl25_prt_codonAlignment.raxml.rba

[00:00:00] Generating 10 random starting tree(s) with 105 taxa
[00:00:00] Generating 10 parsimony starting tree(s) with 105 taxa
[00:00:00] Data distribution: max. partitions/sites/weight per thread: 1 / 11 / 176

Starting ML tree search with 20 distinct starting trees

[00:00:01] ML tree search #1, logLikelihood: -1988.875643
[00:00:04] ML tree search #2, logLikelihood: -1989.153256
[00:00:06] ML tree search #3, logLikelihood: -1993.150023
[00:00:08] ML tree search #4, logLikelihood: -1996.518458
[00:00:10] ML tree search #5, logLikelihood: -1988.920357
[00:00:13] ML tree search #6, logLikelihood: -1992.794973
[00:00:16] ML tree search #7, logLikelihood: -1992.323479
[00:00:18] ML tree search #8, logLikelihood: -1987.969436
[00:00:19] ML tree search #9, logLikelihood: -1992.155488
[00:00:22] ML tree search #10, logLikelihood: -1991.279360
[00:00:23] ML tree search #11, logLikelihood: -1990.038110
[00:00:25] ML tree search #12, logLikelihood: -1991.185722
[00:00:26] ML tree search #13, logLikelihood: -1988.702814
[00:00:28] ML tree search #14, logLikelihood: -1987.716356
[00:00:29] ML tree search #15, logLikelihood: -1996.908600
[00:00:31] ML tree search #16, logLikelihood: -1996.260668
[00:00:32] ML tree search #17, logLikelihood: -1990.830973
[00:00:35] ML tree search #18, logLikelihood: -1991.433037
[00:00:37] ML tree search #19, logLikelihood: -1987.368125
[00:00:38] ML tree search #20, logLikelihood: -1994.262872

Optimized model parameters:

   Partition 0: noname
   Rate heterogeneity: GAMMA (4 cats, mean),  alpha: 0.020123 (ML),  weights&rates: (0.250000,0.000000) (0.250000,0.000000) (0.250000,0.000001) (0.250000,3.999999) 
   Base frequencies (ML): 0.205496 0.250525 0.268684 0.275295 
   Substitution rates (ML): 65.502847 22.131263 47.237126 3.306558 98.463216 1.000000 

Final LogLikelihood: -1987.368125

AIC score: 4406.736251 / AICc score: 4568.923102 / BIC score: 5417.258148
Free parameters (model + branch lengths): 216

Best ML tree saved to: /home/homma/Desktop/coding/github/pos_selection_pipeline/tomato_pipeline/pipeline/LOC/raxml-ng/LOC101265886_prot_linear_multi_sl25_prt_codonAlignment.raxml.bestTree
All ML trees saved to: /home/homma/Desktop/coding/github/pos_selection_pipeline/tomato_pipeline/pipeline/LOC/raxml-ng/LOC101265886_prot_linear_multi_sl25_prt_codonAlignment.raxml.mlTrees
Optimized model saved to: /home/homma/Desktop/coding/github/pos_selection_pipeline/tomato_pipeline/pipeline/LOC/raxml-ng/LOC101265886_prot_linear_multi_sl25_prt_codonAlignment.raxml.bestModel

Execution log saved to: /home/homma/Desktop/coding/github/pos_selection_pipeline/tomato_pipeline/pipeline/LOC/raxml-ng/LOC101265886_prot_linear_multi_sl25_prt_codonAlignment.raxml.log

Analysis started: 01-Mar-2020 22:04:33 / finished: 01-Mar-2020 22:05:11

Elapsed time: 38.351 seconds

