
RAxML-NG v. 0.8.1 BETA released on 05.03.2019 by The Exelixis Lab.
Authors: Alexey Kozlov, Alexandros Stamatakis, Diego Darriba, Tomas Flouri, Benoit Morel.
Latest version: https://github.com/amkozlov/raxml-ng
Questions/problems/suggestions? Please visit: https://groups.google.com/forum/#!forum/raxml

WARNING: This is a BETA release, please use at your own risk!

RAxML-NG was called at 01-Mar-2020 22:05:41 as follows:

raxml-ng --msa LOC100301935_prot_linear_multi_sl25_prt_codonAlignment.fasta --prefix LOC100301935_prot_linear_multi_sl25_prt_codonAlignment --model GTR+G --seed 123 --bs-tree 100 --force

Analysis options:
  run mode: ML tree search
  start tree(s): random (10) + parsimony (10)
  random seed: 123
  tip-inner: OFF
  pattern compression: ON
  per-rate scalers: OFF
  site repeats: ON
  fast spr radius: AUTO
  spr subtree cutoff: 1.000000
  branch lengths: proportional (ML estimate, algorithm: NR-FAST)
  SIMD kernels: AVX2
  parallelization: PTHREADS (6 threads), thread pinning: OFF

WARNING: Running in FORCE mode: all safety checks are disabled!

[00:00:00] Reading alignment from file: LOC100301935_prot_linear_multi_sl25_prt_codonAlignment.fasta
[00:00:00] Loaded alignment with 113 taxa and 1485 sites

Alignment comprises 1 partitions and 45 patterns

Partition 0: noname
Model: GTR+FO+G4m
Alignment sites / patterns: 1485 / 45
Gaps: 0.00 %
Invariant sites: 97.10 %


NOTE: Binary MSA file created: LOC100301935_prot_linear_multi_sl25_prt_codonAlignment.raxml.rba

[00:00:00] Generating 10 random starting tree(s) with 113 taxa
[00:00:00] Generating 10 parsimony starting tree(s) with 113 taxa
[00:00:00] Data distribution: max. partitions/sites/weight per thread: 1 / 8 / 128

Starting ML tree search with 20 distinct starting trees

[00:00:02] ML tree search #1, logLikelihood: -2555.290597
[00:00:04] ML tree search #2, logLikelihood: -2555.571814
[00:00:05] ML tree search #3, logLikelihood: -2556.372716
[00:00:08] ML tree search #4, logLikelihood: -2556.109099
[00:00:10] ML tree search #5, logLikelihood: -2562.546781
[00:00:12] ML tree search #6, logLikelihood: -2556.109076
[00:00:13] ML tree search #7, logLikelihood: -2555.947353
[00:00:15] ML tree search #8, logLikelihood: -2555.818937
[00:00:17] ML tree search #9, logLikelihood: -2558.487500
[00:00:21] ML tree search #10, logLikelihood: -2555.290589
[00:00:21] ML tree search #11, logLikelihood: -2555.290598
[00:00:22] ML tree search #12, logLikelihood: -2556.496232
[00:00:23] ML tree search #13, logLikelihood: -2555.818866
[00:00:24] ML tree search #14, logLikelihood: -2555.453129
[00:00:25] ML tree search #15, logLikelihood: -2555.290587
[00:00:26] ML tree search #16, logLikelihood: -2555.290587
[00:00:27] ML tree search #17, logLikelihood: -2555.453114
[00:00:28] ML tree search #18, logLikelihood: -2556.372709
[00:00:29] ML tree search #19, logLikelihood: -2555.818858
[00:00:30] ML tree search #20, logLikelihood: -2556.496060

Optimized model parameters:

   Partition 0: noname
   Rate heterogeneity: GAMMA (4 cats, mean),  alpha: 0.020138 (ML),  weights&rates: (0.250000,0.000000) (0.250000,0.000000) (0.250000,0.000001) (0.250000,3.999999) 
   Base frequencies (ML): 0.287334 0.181140 0.269175 0.262350 
   Substitution rates (ML): 3.546754 6.377402 3.017005 0.458377 13.027690 1.000000 

Final LogLikelihood: -2555.290587

AIC score: 5574.581173 / AICc score: 5660.932611 / BIC score: 6804.916625
Free parameters (model + branch lengths): 232

Best ML tree saved to: /home/homma/Desktop/coding/github/pos_selection_pipeline/tomato_pipeline/pipeline/LOC/raxml-ng/LOC100301935_prot_linear_multi_sl25_prt_codonAlignment.raxml.bestTree
All ML trees saved to: /home/homma/Desktop/coding/github/pos_selection_pipeline/tomato_pipeline/pipeline/LOC/raxml-ng/LOC100301935_prot_linear_multi_sl25_prt_codonAlignment.raxml.mlTrees
Optimized model saved to: /home/homma/Desktop/coding/github/pos_selection_pipeline/tomato_pipeline/pipeline/LOC/raxml-ng/LOC100301935_prot_linear_multi_sl25_prt_codonAlignment.raxml.bestModel

Execution log saved to: /home/homma/Desktop/coding/github/pos_selection_pipeline/tomato_pipeline/pipeline/LOC/raxml-ng/LOC100301935_prot_linear_multi_sl25_prt_codonAlignment.raxml.log

Analysis started: 01-Mar-2020 22:05:41 / finished: 01-Mar-2020 22:06:12

Elapsed time: 30.147 seconds

