
RAxML-NG v. 0.8.1 BETA released on 05.03.2019 by The Exelixis Lab.
Authors: Alexey Kozlov, Alexandros Stamatakis, Diego Darriba, Tomas Flouri, Benoit Morel.
Latest version: https://github.com/amkozlov/raxml-ng
Questions/problems/suggestions? Please visit: https://groups.google.com/forum/#!forum/raxml

WARNING: This is a BETA release, please use at your own risk!

RAxML-NG was called at 01-Mar-2020 22:17:21 as follows:

raxml-ng --msa LOC101253345_prot_linear_multi_sl25_prt_codonAlignment.fasta --prefix LOC101253345_prot_linear_multi_sl25_prt_codonAlignment --model GTR+G --seed 123 --bs-tree 100 --force

Analysis options:
  run mode: ML tree search
  start tree(s): random (10) + parsimony (10)
  random seed: 123
  tip-inner: OFF
  pattern compression: ON
  per-rate scalers: OFF
  site repeats: ON
  fast spr radius: AUTO
  spr subtree cutoff: 1.000000
  branch lengths: proportional (ML estimate, algorithm: NR-FAST)
  SIMD kernels: AVX2
  parallelization: PTHREADS (6 threads), thread pinning: OFF

WARNING: Running in FORCE mode: all safety checks are disabled!

[00:00:00] Reading alignment from file: LOC101253345_prot_linear_multi_sl25_prt_codonAlignment.fasta
[00:00:00] Loaded alignment with 89 taxa and 1095 sites

Alignment comprises 1 partitions and 41 patterns

Partition 0: noname
Model: GTR+FO+G4m
Alignment sites / patterns: 1095 / 41
Gaps: 0.00 %
Invariant sites: 96.44 %


NOTE: Binary MSA file created: LOC101253345_prot_linear_multi_sl25_prt_codonAlignment.raxml.rba

[00:00:00] Generating 10 random starting tree(s) with 89 taxa
[00:00:00] Generating 10 parsimony starting tree(s) with 89 taxa
[00:00:00] Data distribution: max. partitions/sites/weight per thread: 1 / 7 / 112

Starting ML tree search with 20 distinct starting trees

[00:00:01] ML tree search #1, logLikelihood: -1869.258441
[00:00:02] ML tree search #2, logLikelihood: -1869.965888
[00:00:03] ML tree search #3, logLikelihood: -1870.993195
[00:00:05] ML tree search #4, logLikelihood: -1869.418711
[00:00:06] ML tree search #5, logLikelihood: -1870.831392
[00:00:08] ML tree search #6, logLikelihood: -1869.418691
[00:00:09] ML tree search #7, logLikelihood: -1869.418695
[00:00:12] ML tree search #8, logLikelihood: -1869.445405
[00:00:13] ML tree search #9, logLikelihood: -1868.917419
[00:00:14] ML tree search #10, logLikelihood: -1869.936267
[00:00:14] ML tree search #11, logLikelihood: -1870.842498
[00:00:15] ML tree search #12, logLikelihood: -1869.965987
[00:00:16] ML tree search #13, logLikelihood: -1870.267062
[00:00:17] ML tree search #14, logLikelihood: -1878.045523
[00:00:17] ML tree search #15, logLikelihood: -1870.842505
[00:00:18] ML tree search #16, logLikelihood: -1870.993234
[00:00:19] ML tree search #17, logLikelihood: -1870.267069
[00:00:20] ML tree search #18, logLikelihood: -1869.836978
[00:00:21] ML tree search #19, logLikelihood: -1870.449565
[00:00:22] ML tree search #20, logLikelihood: -1870.965927

Optimized model parameters:

   Partition 0: noname
   Rate heterogeneity: GAMMA (4 cats, mean),  alpha: 0.020138 (ML),  weights&rates: (0.250000,0.000000) (0.250000,0.000000) (0.250000,0.000001) (0.250000,3.999999) 
   Base frequencies (ML): 0.313217 0.178277 0.204247 0.304258 
   Substitution rates (ML): 1.897419 2.942651 1.760254 4.069080 5.957430 1.000000 

Final LogLikelihood: -1868.917419

AIC score: 4105.834839 / AICc score: 4180.648026 / BIC score: 5025.560613
Free parameters (model + branch lengths): 184

Best ML tree saved to: /home/homma/Desktop/coding/github/pos_selection_pipeline/tomato_pipeline/pipeline/LOC/raxml-ng/LOC101253345_prot_linear_multi_sl25_prt_codonAlignment.raxml.bestTree
All ML trees saved to: /home/homma/Desktop/coding/github/pos_selection_pipeline/tomato_pipeline/pipeline/LOC/raxml-ng/LOC101253345_prot_linear_multi_sl25_prt_codonAlignment.raxml.mlTrees
Optimized model saved to: /home/homma/Desktop/coding/github/pos_selection_pipeline/tomato_pipeline/pipeline/LOC/raxml-ng/LOC101253345_prot_linear_multi_sl25_prt_codonAlignment.raxml.bestModel

Execution log saved to: /home/homma/Desktop/coding/github/pos_selection_pipeline/tomato_pipeline/pipeline/LOC/raxml-ng/LOC101253345_prot_linear_multi_sl25_prt_codonAlignment.raxml.log

Analysis started: 01-Mar-2020 22:17:21 / finished: 01-Mar-2020 22:17:44

Elapsed time: 22.442 seconds

