
RAxML-NG v. 0.8.1 BETA released on 05.03.2019 by The Exelixis Lab.
Authors: Alexey Kozlov, Alexandros Stamatakis, Diego Darriba, Tomas Flouri, Benoit Morel.
Latest version: https://github.com/amkozlov/raxml-ng
Questions/problems/suggestions? Please visit: https://groups.google.com/forum/#!forum/raxml

WARNING: This is a BETA release, please use at your own risk!

RAxML-NG was called at 01-Mar-2020 20:19:13 as follows:

raxml-ng --msa LOC101267273_prot_linear_multi_sl25_prt_codonAlignment.fasta --prefix LOC101267273_prot_linear_multi_sl25_prt_codonAlignment --model GTR+G --seed 123 --bs-tree 100 --force

Analysis options:
  run mode: ML tree search
  start tree(s): random (10) + parsimony (10)
  random seed: 123
  tip-inner: OFF
  pattern compression: ON
  per-rate scalers: OFF
  site repeats: ON
  fast spr radius: AUTO
  spr subtree cutoff: 1.000000
  branch lengths: proportional (ML estimate, algorithm: NR-FAST)
  SIMD kernels: AVX2
  parallelization: PTHREADS (6 threads), thread pinning: OFF

WARNING: Running in FORCE mode: all safety checks are disabled!

[00:00:00] Reading alignment from file: LOC101267273_prot_linear_multi_sl25_prt_codonAlignment.fasta
[00:00:00] Loaded alignment with 97 taxa and 2043 sites

Alignment comprises 1 partitions and 108 patterns

Partition 0: noname
Model: GTR+FO+G4m
Alignment sites / patterns: 2043 / 108
Gaps: 0.00 %
Invariant sites: 94.57 %


NOTE: Binary MSA file created: LOC101267273_prot_linear_multi_sl25_prt_codonAlignment.raxml.rba

[00:00:00] Generating 10 random starting tree(s) with 97 taxa
[00:00:00] Generating 10 parsimony starting tree(s) with 97 taxa
[00:00:00] Data distribution: max. partitions/sites/weight per thread: 1 / 18 / 288

Starting ML tree search with 20 distinct starting trees

[00:00:02] ML tree search #1, logLikelihood: -4458.971441
[00:00:04] ML tree search #2, logLikelihood: -4444.961665
[00:00:07] ML tree search #3, logLikelihood: -4441.740489
[00:00:12] ML tree search #4, logLikelihood: -4450.688987
[00:00:14] ML tree search #5, logLikelihood: -4462.543691
[00:00:16] ML tree search #6, logLikelihood: -4445.962873
[00:00:19] ML tree search #7, logLikelihood: -4452.453884
[00:00:22] ML tree search #8, logLikelihood: -4463.764536
[00:00:25] ML tree search #9, logLikelihood: -4447.216846
[00:00:27] ML tree search #10, logLikelihood: -4439.953157
[00:00:29] ML tree search #11, logLikelihood: -4440.288515
[00:00:31] ML tree search #12, logLikelihood: -4443.905328
[00:00:33] ML tree search #13, logLikelihood: -4439.952535
[00:00:35] ML tree search #14, logLikelihood: -4446.529031
[00:00:38] ML tree search #15, logLikelihood: -4448.338804
[00:00:39] ML tree search #16, logLikelihood: -4447.741212
[00:00:41] ML tree search #17, logLikelihood: -4447.797955
[00:00:43] ML tree search #18, logLikelihood: -4441.913300
[00:00:45] ML tree search #19, logLikelihood: -4451.297721
[00:00:47] ML tree search #20, logLikelihood: -4443.496255

Optimized model parameters:

   Partition 0: noname
   Rate heterogeneity: GAMMA (4 cats, mean),  alpha: 0.020139 (ML),  weights&rates: (0.250000,0.000000) (0.250000,0.000000) (0.250000,0.000001) (0.250000,3.999999) 
   Base frequencies (ML): 0.305011 0.182559 0.254899 0.257530 
   Substitution rates (ML): 1.660195 2.197382 1.779548 0.490172 9.033986 1.000000 

Final LogLikelihood: -4439.952535

AIC score: 9279.905071 / AICc score: 9323.553279 / BIC score: 10404.339990
Free parameters (model + branch lengths): 200

Best ML tree saved to: /home/homma/Desktop/coding/github/pos_selection_pipeline/tomato_pipeline/pipeline/LOC/raxml-ng/LOC101267273_prot_linear_multi_sl25_prt_codonAlignment.raxml.bestTree
All ML trees saved to: /home/homma/Desktop/coding/github/pos_selection_pipeline/tomato_pipeline/pipeline/LOC/raxml-ng/LOC101267273_prot_linear_multi_sl25_prt_codonAlignment.raxml.mlTrees
Optimized model saved to: /home/homma/Desktop/coding/github/pos_selection_pipeline/tomato_pipeline/pipeline/LOC/raxml-ng/LOC101267273_prot_linear_multi_sl25_prt_codonAlignment.raxml.bestModel

Execution log saved to: /home/homma/Desktop/coding/github/pos_selection_pipeline/tomato_pipeline/pipeline/LOC/raxml-ng/LOC101267273_prot_linear_multi_sl25_prt_codonAlignment.raxml.log

Analysis started: 01-Mar-2020 20:19:13 / finished: 01-Mar-2020 20:20:00

Elapsed time: 47.184 seconds

