
RAxML-NG v. 0.8.1 BETA released on 05.03.2019 by The Exelixis Lab.
Authors: Alexey Kozlov, Alexandros Stamatakis, Diego Darriba, Tomas Flouri, Benoit Morel.
Latest version: https://github.com/amkozlov/raxml-ng
Questions/problems/suggestions? Please visit: https://groups.google.com/forum/#!forum/raxml

WARNING: This is a BETA release, please use at your own risk!

RAxML-NG was called at 01-Mar-2020 21:44:52 as follows:

raxml-ng --msa LOC101254137_prot_linear_multi_sl25_prt_codonAlignment.fasta --prefix LOC101254137_prot_linear_multi_sl25_prt_codonAlignment --model GTR+G --seed 123 --bs-tree 100 --force

Analysis options:
  run mode: ML tree search
  start tree(s): random (10) + parsimony (10)
  random seed: 123
  tip-inner: OFF
  pattern compression: ON
  per-rate scalers: OFF
  site repeats: ON
  fast spr radius: AUTO
  spr subtree cutoff: 1.000000
  branch lengths: proportional (ML estimate, algorithm: NR-FAST)
  SIMD kernels: AVX2
  parallelization: PTHREADS (6 threads), thread pinning: OFF

WARNING: Running in FORCE mode: all safety checks are disabled!

[00:00:00] Reading alignment from file: LOC101254137_prot_linear_multi_sl25_prt_codonAlignment.fasta
[00:00:00] Loaded alignment with 96 taxa and 1050 sites

Alignment comprises 1 partitions and 93 patterns

Partition 0: noname
Model: GTR+FO+G4m
Alignment sites / patterns: 1050 / 93
Gaps: 0.01 %
Invariant sites: 91.90 %


NOTE: Binary MSA file created: LOC101254137_prot_linear_multi_sl25_prt_codonAlignment.raxml.rba

[00:00:00] Generating 10 random starting tree(s) with 96 taxa
[00:00:00] Generating 10 parsimony starting tree(s) with 96 taxa
[00:00:00] Data distribution: max. partitions/sites/weight per thread: 1 / 16 / 256

Starting ML tree search with 20 distinct starting trees

[00:00:02] ML tree search #1, logLikelihood: -2832.477223
[00:00:04] ML tree search #2, logLikelihood: -2834.445053
[00:00:07] ML tree search #3, logLikelihood: -2818.549929
[00:00:09] ML tree search #4, logLikelihood: -2817.670531
[00:00:11] ML tree search #5, logLikelihood: -2824.876999
[00:00:14] ML tree search #6, logLikelihood: -2817.670679
[00:00:17] ML tree search #7, logLikelihood: -2822.846480
[00:00:21] ML tree search #8, logLikelihood: -2824.088751
[00:00:22] ML tree search #9, logLikelihood: -2820.096215
[00:00:24] ML tree search #10, logLikelihood: -2826.484774
[00:00:26] ML tree search #11, logLikelihood: -2827.126162
[00:00:27] ML tree search #12, logLikelihood: -2839.660295
[00:00:28] ML tree search #13, logLikelihood: -2817.451125
[00:00:29] ML tree search #14, logLikelihood: -2817.450400
[00:00:30] ML tree search #15, logLikelihood: -2821.047571
[00:00:31] ML tree search #16, logLikelihood: -2822.616107
[00:00:33] ML tree search #17, logLikelihood: -2825.958094
[00:00:34] ML tree search #18, logLikelihood: -2828.539859
[00:00:35] ML tree search #19, logLikelihood: -2820.506943
[00:00:36] ML tree search #20, logLikelihood: -2817.977594

Optimized model parameters:

   Partition 0: noname
   Rate heterogeneity: GAMMA (4 cats, mean),  alpha: 0.020139 (ML),  weights&rates: (0.250000,0.000000) (0.250000,0.000000) (0.250000,0.000001) (0.250000,3.999999) 
   Base frequencies (ML): 0.321333 0.176936 0.222091 0.279640 
   Substitution rates (ML): 0.904495 2.120076 1.480712 4.840073 4.495035 1.000000 

Final LogLikelihood: -2817.450400

AIC score: 6030.900801 / AICc score: 6123.502446 / BIC score: 7012.296799
Free parameters (model + branch lengths): 198

Best ML tree saved to: /home/homma/Desktop/coding/github/pos_selection_pipeline/tomato_pipeline/pipeline/LOC/raxml-ng/LOC101254137_prot_linear_multi_sl25_prt_codonAlignment.raxml.bestTree
All ML trees saved to: /home/homma/Desktop/coding/github/pos_selection_pipeline/tomato_pipeline/pipeline/LOC/raxml-ng/LOC101254137_prot_linear_multi_sl25_prt_codonAlignment.raxml.mlTrees
Optimized model saved to: /home/homma/Desktop/coding/github/pos_selection_pipeline/tomato_pipeline/pipeline/LOC/raxml-ng/LOC101254137_prot_linear_multi_sl25_prt_codonAlignment.raxml.bestModel

Execution log saved to: /home/homma/Desktop/coding/github/pos_selection_pipeline/tomato_pipeline/pipeline/LOC/raxml-ng/LOC101254137_prot_linear_multi_sl25_prt_codonAlignment.raxml.log

Analysis started: 01-Mar-2020 21:44:52 / finished: 01-Mar-2020 21:45:29

Elapsed time: 36.877 seconds

