
RAxML-NG v. 0.8.1 BETA released on 05.03.2019 by The Exelixis Lab.
Authors: Alexey Kozlov, Alexandros Stamatakis, Diego Darriba, Tomas Flouri, Benoit Morel.
Latest version: https://github.com/amkozlov/raxml-ng
Questions/problems/suggestions? Please visit: https://groups.google.com/forum/#!forum/raxml

WARNING: This is a BETA release, please use at your own risk!

RAxML-NG was called at 01-Mar-2020 20:04:21 as follows:

raxml-ng --msa LOC101262042_prot_linear_multi_sl25_prt_codonAlignment.fasta --prefix LOC101262042_prot_linear_multi_sl25_prt_codonAlignment --model GTR+G --seed 123 --bs-tree 100 --force

Analysis options:
  run mode: ML tree search
  start tree(s): random (10) + parsimony (10)
  random seed: 123
  tip-inner: OFF
  pattern compression: ON
  per-rate scalers: OFF
  site repeats: ON
  fast spr radius: AUTO
  spr subtree cutoff: 1.000000
  branch lengths: proportional (ML estimate, algorithm: NR-FAST)
  SIMD kernels: AVX2
  parallelization: PTHREADS (6 threads), thread pinning: OFF

WARNING: Running in FORCE mode: all safety checks are disabled!

[00:00:00] Reading alignment from file: LOC101262042_prot_linear_multi_sl25_prt_codonAlignment.fasta
[00:00:00] Loaded alignment with 75 taxa and 717 sites

Alignment comprises 1 partitions and 51 patterns

Partition 0: noname
Model: GTR+FO+G4m
Alignment sites / patterns: 717 / 51
Gaps: 0.40 %
Invariant sites: 93.72 %


NOTE: Binary MSA file created: LOC101262042_prot_linear_multi_sl25_prt_codonAlignment.raxml.rba

[00:00:00] Generating 10 random starting tree(s) with 75 taxa
[00:00:00] Generating 10 parsimony starting tree(s) with 75 taxa
[00:00:00] Data distribution: max. partitions/sites/weight per thread: 1 / 9 / 144

Starting ML tree search with 20 distinct starting trees

[00:00:00] ML tree search #1, logLikelihood: -1474.782023
[00:00:01] ML tree search #2, logLikelihood: -1478.256440
[00:00:02] ML tree search #3, logLikelihood: -1480.741160
[00:00:03] ML tree search #4, logLikelihood: -1484.237937
[00:00:04] ML tree search #5, logLikelihood: -1478.042771
[00:00:05] ML tree search #6, logLikelihood: -1480.096830
[00:00:06] ML tree search #7, logLikelihood: -1477.741975
[00:00:07] ML tree search #8, logLikelihood: -1469.864724
[00:00:08] ML tree search #9, logLikelihood: -1472.640856
[00:00:09] ML tree search #10, logLikelihood: -1478.042769
[00:00:09] ML tree search #11, logLikelihood: -1476.001069
[00:00:10] ML tree search #12, logLikelihood: -1472.640682
[00:00:10] ML tree search #13, logLikelihood: -1472.360430
[00:00:11] ML tree search #14, logLikelihood: -1477.330368
[00:00:11] ML tree search #15, logLikelihood: -1478.504240
[00:00:12] ML tree search #16, logLikelihood: -1475.674233
[00:00:12] ML tree search #17, logLikelihood: -1469.864722
[00:00:13] ML tree search #18, logLikelihood: -1469.864713
[00:00:13] ML tree search #19, logLikelihood: -1480.323463
[00:00:14] ML tree search #20, logLikelihood: -1474.223065

Optimized model parameters:

   Partition 0: noname
   Rate heterogeneity: GAMMA (4 cats, mean),  alpha: 0.020139 (ML),  weights&rates: (0.250000,0.000000) (0.250000,0.000000) (0.250000,0.000001) (0.250000,3.999999) 
   Base frequencies (ML): 0.262162 0.232314 0.169999 0.335524 
   Substitution rates (ML): 0.646753 3.039104 1.047939 0.806290 1.859969 1.000000 

Final LogLikelihood: -1469.864713

AIC score: 3251.729425 / AICc score: 3339.200854 / BIC score: 3965.441257
Free parameters (model + branch lengths): 156

Best ML tree saved to: /home/homma/Desktop/coding/github/pos_selection_pipeline/tomato_pipeline/pipeline/LOC/raxml-ng/LOC101262042_prot_linear_multi_sl25_prt_codonAlignment.raxml.bestTree
All ML trees saved to: /home/homma/Desktop/coding/github/pos_selection_pipeline/tomato_pipeline/pipeline/LOC/raxml-ng/LOC101262042_prot_linear_multi_sl25_prt_codonAlignment.raxml.mlTrees
Optimized model saved to: /home/homma/Desktop/coding/github/pos_selection_pipeline/tomato_pipeline/pipeline/LOC/raxml-ng/LOC101262042_prot_linear_multi_sl25_prt_codonAlignment.raxml.bestModel

Execution log saved to: /home/homma/Desktop/coding/github/pos_selection_pipeline/tomato_pipeline/pipeline/LOC/raxml-ng/LOC101262042_prot_linear_multi_sl25_prt_codonAlignment.raxml.log

Analysis started: 01-Mar-2020 20:04:21 / finished: 01-Mar-2020 20:04:36

Elapsed time: 14.526 seconds

