
RAxML-NG v. 0.8.1 BETA released on 05.03.2019 by The Exelixis Lab.
Authors: Alexey Kozlov, Alexandros Stamatakis, Diego Darriba, Tomas Flouri, Benoit Morel.
Latest version: https://github.com/amkozlov/raxml-ng
Questions/problems/suggestions? Please visit: https://groups.google.com/forum/#!forum/raxml

WARNING: This is a BETA release, please use at your own risk!

RAxML-NG was called at 01-Mar-2020 20:20:40 as follows:

raxml-ng --msa LOC101252851_prot_linear_multi_sl25_prt_codonAlignment.fasta --prefix LOC101252851_prot_linear_multi_sl25_prt_codonAlignment --model GTR+G --seed 123 --bs-tree 100 --force

Analysis options:
  run mode: ML tree search
  start tree(s): random (10) + parsimony (10)
  random seed: 123
  tip-inner: OFF
  pattern compression: ON
  per-rate scalers: OFF
  site repeats: ON
  fast spr radius: AUTO
  spr subtree cutoff: 1.000000
  branch lengths: proportional (ML estimate, algorithm: NR-FAST)
  SIMD kernels: AVX2
  parallelization: PTHREADS (6 threads), thread pinning: OFF

WARNING: Running in FORCE mode: all safety checks are disabled!

[00:00:00] Reading alignment from file: LOC101252851_prot_linear_multi_sl25_prt_codonAlignment.fasta
[00:00:00] Loaded alignment with 112 taxa and 2898 sites

Alignment comprises 1 partitions and 79 patterns

Partition 0: noname
Model: GTR+FO+G4m
Alignment sites / patterns: 2898 / 79
Gaps: 0.00 %
Invariant sites: 96.93 %


NOTE: Binary MSA file created: LOC101252851_prot_linear_multi_sl25_prt_codonAlignment.raxml.rba

[00:00:00] Generating 10 random starting tree(s) with 112 taxa
[00:00:00] Generating 10 parsimony starting tree(s) with 112 taxa
[00:00:00] Data distribution: max. partitions/sites/weight per thread: 1 / 14 / 224

Starting ML tree search with 20 distinct starting trees

[00:00:02] ML tree search #1, logLikelihood: -5220.071382
[00:00:04] ML tree search #2, logLikelihood: -5218.245310
[00:00:07] ML tree search #3, logLikelihood: -5215.799613
[00:00:10] ML tree search #4, logLikelihood: -5215.845441
[00:00:16] ML tree search #5, logLikelihood: -5212.463553
[00:00:19] ML tree search #6, logLikelihood: -5211.880722
[00:00:24] ML tree search #7, logLikelihood: -5215.958733
[00:00:27] ML tree search #8, logLikelihood: -5211.282459
[00:00:32] ML tree search #9, logLikelihood: -5217.582737
[00:00:35] ML tree search #10, logLikelihood: -5215.113521
[00:00:40] ML tree search #11, logLikelihood: -5209.712254
[00:00:42] ML tree search #12, logLikelihood: -5217.671861
[00:00:45] ML tree search #13, logLikelihood: -5212.159843
[00:00:49] ML tree search #14, logLikelihood: -5218.018882
[00:00:51] ML tree search #15, logLikelihood: -5212.998657
[00:00:53] ML tree search #16, logLikelihood: -5210.977929
[00:00:58] ML tree search #17, logLikelihood: -5216.597302
[00:01:01] ML tree search #18, logLikelihood: -5223.967840
[00:01:05] ML tree search #19, logLikelihood: -5210.038607
[00:01:11] ML tree search #20, logLikelihood: -5207.771959

Optimized model parameters:

   Partition 0: noname
   Rate heterogeneity: GAMMA (4 cats, mean),  alpha: 0.020139 (ML),  weights&rates: (0.250000,0.000000) (0.250000,0.000000) (0.250000,0.000001) (0.250000,3.999999) 
   Base frequencies (ML): 0.309297 0.180673 0.234320 0.275710 
   Substitution rates (ML): 1.165709 4.209532 0.860906 1.829220 4.302926 1.000000 

Final LogLikelihood: -5207.771959

AIC score: 10875.543919 / AICc score: 10915.386438 / BIC score: 12249.052427
Free parameters (model + branch lengths): 230

Best ML tree saved to: /home/homma/Desktop/coding/github/pos_selection_pipeline/tomato_pipeline/pipeline/LOC/raxml-ng/LOC101252851_prot_linear_multi_sl25_prt_codonAlignment.raxml.bestTree
All ML trees saved to: /home/homma/Desktop/coding/github/pos_selection_pipeline/tomato_pipeline/pipeline/LOC/raxml-ng/LOC101252851_prot_linear_multi_sl25_prt_codonAlignment.raxml.mlTrees
Optimized model saved to: /home/homma/Desktop/coding/github/pos_selection_pipeline/tomato_pipeline/pipeline/LOC/raxml-ng/LOC101252851_prot_linear_multi_sl25_prt_codonAlignment.raxml.bestModel

Execution log saved to: /home/homma/Desktop/coding/github/pos_selection_pipeline/tomato_pipeline/pipeline/LOC/raxml-ng/LOC101252851_prot_linear_multi_sl25_prt_codonAlignment.raxml.log

Analysis started: 01-Mar-2020 20:20:40 / finished: 01-Mar-2020 20:21:51

Elapsed time: 71.139 seconds

