
RAxML-NG v. 0.8.1 BETA released on 05.03.2019 by The Exelixis Lab.
Authors: Alexey Kozlov, Alexandros Stamatakis, Diego Darriba, Tomas Flouri, Benoit Morel.
Latest version: https://github.com/amkozlov/raxml-ng
Questions/problems/suggestions? Please visit: https://groups.google.com/forum/#!forum/raxml

WARNING: This is a BETA release, please use at your own risk!

RAxML-NG was called at 01-Mar-2020 21:49:31 as follows:

raxml-ng --msa LOC101264571_prot_linear_multi_sl25_prt_codonAlignment.fasta --prefix LOC101264571_prot_linear_multi_sl25_prt_codonAlignment --model GTR+G --seed 123 --bs-tree 100 --force

Analysis options:
  run mode: ML tree search
  start tree(s): random (10) + parsimony (10)
  random seed: 123
  tip-inner: OFF
  pattern compression: ON
  per-rate scalers: OFF
  site repeats: ON
  fast spr radius: AUTO
  spr subtree cutoff: 1.000000
  branch lengths: proportional (ML estimate, algorithm: NR-FAST)
  SIMD kernels: AVX2
  parallelization: PTHREADS (6 threads), thread pinning: OFF

WARNING: Running in FORCE mode: all safety checks are disabled!

[00:00:00] Reading alignment from file: LOC101264571_prot_linear_multi_sl25_prt_codonAlignment.fasta
[00:00:00] Loaded alignment with 99 taxa and 1632 sites

Alignment comprises 1 partitions and 90 patterns

Partition 0: noname
Model: GTR+FO+G4m
Alignment sites / patterns: 1632 / 90
Gaps: 0.50 %
Invariant sites: 94.73 %


NOTE: Binary MSA file created: LOC101264571_prot_linear_multi_sl25_prt_codonAlignment.raxml.rba

[00:00:00] Generating 10 random starting tree(s) with 99 taxa
[00:00:00] Generating 10 parsimony starting tree(s) with 99 taxa
[00:00:00] Data distribution: max. partitions/sites/weight per thread: 1 / 15 / 240

Starting ML tree search with 20 distinct starting trees

[00:00:02] ML tree search #1, logLikelihood: -3195.194531
[00:00:04] ML tree search #2, logLikelihood: -3198.125451
[00:00:06] ML tree search #3, logLikelihood: -3198.125473
[00:00:09] ML tree search #4, logLikelihood: -3195.194448
[00:00:12] ML tree search #5, logLikelihood: -3201.386796
[00:00:14] ML tree search #6, logLikelihood: -3198.125544
[00:00:16] ML tree search #7, logLikelihood: -3196.358131
[00:00:18] ML tree search #8, logLikelihood: -3197.938935
[00:00:20] ML tree search #9, logLikelihood: -3201.767117
[00:00:21] ML tree search #10, logLikelihood: -3195.842496
[00:00:22] ML tree search #11, logLikelihood: -3196.223736
[00:00:23] ML tree search #12, logLikelihood: -3195.573499
[00:00:24] ML tree search #13, logLikelihood: -3196.223718
[00:00:25] ML tree search #14, logLikelihood: -3196.223717
[00:00:26] ML tree search #15, logLikelihood: -3198.044462
[00:00:27] ML tree search #16, logLikelihood: -3196.223729
[00:00:28] ML tree search #17, logLikelihood: -3201.767106
[00:00:29] ML tree search #18, logLikelihood: -3198.322225
[00:00:30] ML tree search #19, logLikelihood: -3198.322230
[00:00:31] ML tree search #20, logLikelihood: -3198.510047

Optimized model parameters:

   Partition 0: noname
   Rate heterogeneity: GAMMA (4 cats, mean),  alpha: 0.020122 (ML),  weights&rates: (0.250000,0.000000) (0.250000,0.000000) (0.250000,0.000001) (0.250000,3.999999) 
   Base frequencies (ML): 0.309557 0.165963 0.211130 0.313350 
   Substitution rates (ML): 1.418540 2.675188 0.206253 1.403789 2.754439 1.000000 

Final LogLikelihood: -3195.194448

AIC score: 6798.388895 / AICc score: 6857.001369 / BIC score: 7899.491448
Free parameters (model + branch lengths): 204

Best ML tree saved to: /home/homma/Desktop/coding/github/pos_selection_pipeline/tomato_pipeline/pipeline/LOC/raxml-ng/LOC101264571_prot_linear_multi_sl25_prt_codonAlignment.raxml.bestTree
All ML trees saved to: /home/homma/Desktop/coding/github/pos_selection_pipeline/tomato_pipeline/pipeline/LOC/raxml-ng/LOC101264571_prot_linear_multi_sl25_prt_codonAlignment.raxml.mlTrees
Optimized model saved to: /home/homma/Desktop/coding/github/pos_selection_pipeline/tomato_pipeline/pipeline/LOC/raxml-ng/LOC101264571_prot_linear_multi_sl25_prt_codonAlignment.raxml.bestModel

Execution log saved to: /home/homma/Desktop/coding/github/pos_selection_pipeline/tomato_pipeline/pipeline/LOC/raxml-ng/LOC101264571_prot_linear_multi_sl25_prt_codonAlignment.raxml.log

Analysis started: 01-Mar-2020 21:49:31 / finished: 01-Mar-2020 21:50:03

Elapsed time: 31.574 seconds

