
RAxML-NG v. 0.8.1 BETA released on 05.03.2019 by The Exelixis Lab.
Authors: Alexey Kozlov, Alexandros Stamatakis, Diego Darriba, Tomas Flouri, Benoit Morel.
Latest version: https://github.com/amkozlov/raxml-ng
Questions/problems/suggestions? Please visit: https://groups.google.com/forum/#!forum/raxml

WARNING: This is a BETA release, please use at your own risk!

RAxML-NG was called at 01-Mar-2020 20:58:07 as follows:

raxml-ng --msa LOC101249327_prot_linear_multi_sl25_prt_codonAlignment.fasta --prefix LOC101249327_prot_linear_multi_sl25_prt_codonAlignment --model GTR+G --seed 123 --bs-tree 100 --force

Analysis options:
  run mode: ML tree search
  start tree(s): random (10) + parsimony (10)
  random seed: 123
  tip-inner: OFF
  pattern compression: ON
  per-rate scalers: OFF
  site repeats: ON
  fast spr radius: AUTO
  spr subtree cutoff: 1.000000
  branch lengths: proportional (ML estimate, algorithm: NR-FAST)
  SIMD kernels: AVX2
  parallelization: PTHREADS (6 threads), thread pinning: OFF

WARNING: Running in FORCE mode: all safety checks are disabled!

[00:00:00] Reading alignment from file: LOC101249327_prot_linear_multi_sl25_prt_codonAlignment.fasta
[00:00:00] Loaded alignment with 119 taxa and 315 sites

Alignment comprises 1 partitions and 20 patterns

Partition 0: noname
Model: GTR+FO+G4m
Alignment sites / patterns: 315 / 20
Gaps: 0.01 %
Invariant sites: 95.56 %


NOTE: Binary MSA file created: LOC101249327_prot_linear_multi_sl25_prt_codonAlignment.raxml.rba

[00:00:00] Generating 10 random starting tree(s) with 119 taxa
[00:00:00] Generating 10 parsimony starting tree(s) with 119 taxa
[00:00:00] Data distribution: max. partitions/sites/weight per thread: 1 / 4 / 64

Starting ML tree search with 20 distinct starting trees

[00:00:02] ML tree search #1, logLikelihood: -589.388420
[00:00:04] ML tree search #2, logLikelihood: -584.915904
[00:00:06] ML tree search #3, logLikelihood: -584.396239
[00:00:08] ML tree search #4, logLikelihood: -584.373679
[00:00:09] ML tree search #5, logLikelihood: -584.181764
[00:00:11] ML tree search #6, logLikelihood: -586.149129
[00:00:13] ML tree search #7, logLikelihood: -591.207575
[00:00:15] ML tree search #8, logLikelihood: -585.190608
[00:00:17] ML tree search #9, logLikelihood: -589.932986
[00:00:19] ML tree search #10, logLikelihood: -590.319679
[00:00:20] ML tree search #11, logLikelihood: -586.453476
[00:00:20] ML tree search #12, logLikelihood: -585.984345
[00:00:21] ML tree search #13, logLikelihood: -583.986196
[00:00:22] ML tree search #14, logLikelihood: -584.361546
[00:00:23] ML tree search #15, logLikelihood: -583.986194
[00:00:23] ML tree search #16, logLikelihood: -583.986195
[00:00:24] ML tree search #17, logLikelihood: -586.439406
[00:00:26] ML tree search #18, logLikelihood: -583.458210
[00:00:27] ML tree search #19, logLikelihood: -583.986196
[00:00:27] ML tree search #20, logLikelihood: -587.086250

Optimized model parameters:

   Partition 0: noname
   Rate heterogeneity: GAMMA (4 cats, mean),  alpha: 0.020139 (ML),  weights&rates: (0.250000,0.000000) (0.250000,0.000000) (0.250000,0.000001) (0.250000,3.999999) 
   Base frequencies (ML): 0.315549 0.141183 0.210242 0.333026 
   Substitution rates (ML): 1.222870 2.172728 0.691868 0.857541 5.141812 1.000000 

Final LogLikelihood: -583.458210

AIC score: 1654.916421 / AICc score: 3362.916421 / BIC score: 2570.544145
Free parameters (model + branch lengths): 244

Best ML tree saved to: /home/homma/Desktop/coding/github/pos_selection_pipeline/tomato_pipeline/pipeline/LOC/raxml-ng/LOC101249327_prot_linear_multi_sl25_prt_codonAlignment.raxml.bestTree
All ML trees saved to: /home/homma/Desktop/coding/github/pos_selection_pipeline/tomato_pipeline/pipeline/LOC/raxml-ng/LOC101249327_prot_linear_multi_sl25_prt_codonAlignment.raxml.mlTrees
Optimized model saved to: /home/homma/Desktop/coding/github/pos_selection_pipeline/tomato_pipeline/pipeline/LOC/raxml-ng/LOC101249327_prot_linear_multi_sl25_prt_codonAlignment.raxml.bestModel

Execution log saved to: /home/homma/Desktop/coding/github/pos_selection_pipeline/tomato_pipeline/pipeline/LOC/raxml-ng/LOC101249327_prot_linear_multi_sl25_prt_codonAlignment.raxml.log

Analysis started: 01-Mar-2020 20:58:07 / finished: 01-Mar-2020 20:58:35

Elapsed time: 27.957 seconds

