
RAxML-NG v. 0.8.1 BETA released on 05.03.2019 by The Exelixis Lab.
Authors: Alexey Kozlov, Alexandros Stamatakis, Diego Darriba, Tomas Flouri, Benoit Morel.
Latest version: https://github.com/amkozlov/raxml-ng
Questions/problems/suggestions? Please visit: https://groups.google.com/forum/#!forum/raxml

WARNING: This is a BETA release, please use at your own risk!

RAxML-NG was called at 01-Mar-2020 21:07:47 as follows:

raxml-ng --msa LOC101264667_prot_linear_multi_sl25_prt_codonAlignment.fasta --prefix LOC101264667_prot_linear_multi_sl25_prt_codonAlignment --model GTR+G --seed 123 --bs-tree 100 --force

Analysis options:
  run mode: ML tree search
  start tree(s): random (10) + parsimony (10)
  random seed: 123
  tip-inner: OFF
  pattern compression: ON
  per-rate scalers: OFF
  site repeats: ON
  fast spr radius: AUTO
  spr subtree cutoff: 1.000000
  branch lengths: proportional (ML estimate, algorithm: NR-FAST)
  SIMD kernels: AVX2
  parallelization: PTHREADS (6 threads), thread pinning: OFF

WARNING: Running in FORCE mode: all safety checks are disabled!

[00:00:00] Reading alignment from file: LOC101264667_prot_linear_multi_sl25_prt_codonAlignment.fasta
[00:00:00] Loaded alignment with 109 taxa and 447 sites

Alignment comprises 1 partitions and 17 patterns

Partition 0: noname
Model: GTR+FO+G4m
Alignment sites / patterns: 447 / 17
Gaps: 0.02 %
Invariant sites: 97.54 %


NOTE: Binary MSA file created: LOC101264667_prot_linear_multi_sl25_prt_codonAlignment.raxml.rba

[00:00:00] Generating 10 random starting tree(s) with 109 taxa
[00:00:00] Generating 10 parsimony starting tree(s) with 109 taxa
[00:00:00] Data distribution: max. partitions/sites/weight per thread: 1 / 3 / 48

Starting ML tree search with 20 distinct starting trees

[00:00:01] ML tree search #1, logLikelihood: -753.823524
[00:00:03] ML tree search #2, logLikelihood: -755.619979
[00:00:05] ML tree search #3, logLikelihood: -753.778314
[00:00:07] ML tree search #4, logLikelihood: -755.498815
[00:00:09] ML tree search #5, logLikelihood: -755.477919
[00:00:11] ML tree search #6, logLikelihood: -755.244260
[00:00:13] ML tree search #7, logLikelihood: -754.517714
[00:00:15] ML tree search #8, logLikelihood: -754.562793
[00:00:17] ML tree search #9, logLikelihood: -759.159067
[00:00:19] ML tree search #10, logLikelihood: -753.682978
[00:00:20] ML tree search #11, logLikelihood: -759.251077
[00:00:21] ML tree search #12, logLikelihood: -753.800621
[00:00:21] ML tree search #13, logLikelihood: -753.831248
[00:00:22] ML tree search #14, logLikelihood: -754.134635
[00:00:23] ML tree search #15, logLikelihood: -758.958015
[00:00:24] ML tree search #16, logLikelihood: -753.821901
[00:00:25] ML tree search #17, logLikelihood: -754.944699
[00:00:25] ML tree search #18, logLikelihood: -753.921996
[00:00:26] ML tree search #19, logLikelihood: -753.921950
[00:00:27] ML tree search #20, logLikelihood: -753.687856

Optimized model parameters:

   Partition 0: noname
   Rate heterogeneity: GAMMA (4 cats, mean),  alpha: 0.020129 (ML),  weights&rates: (0.250000,0.000000) (0.250000,0.000000) (0.250000,0.000001) (0.250000,3.999999) 
   Base frequencies (ML): 0.289573 0.173321 0.254970 0.282136 
   Substitution rates (ML): 245.504624 1000.000000 427.621472 0.001000 403.867643 1.000000 

Final LogLikelihood: -753.682978

AIC score: 1955.365957 / AICc score: 2409.420011 / BIC score: 2874.339082
Free parameters (model + branch lengths): 224

Best ML tree saved to: /home/homma/Desktop/coding/github/pos_selection_pipeline/tomato_pipeline/pipeline/LOC/raxml-ng/LOC101264667_prot_linear_multi_sl25_prt_codonAlignment.raxml.bestTree
All ML trees saved to: /home/homma/Desktop/coding/github/pos_selection_pipeline/tomato_pipeline/pipeline/LOC/raxml-ng/LOC101264667_prot_linear_multi_sl25_prt_codonAlignment.raxml.mlTrees
Optimized model saved to: /home/homma/Desktop/coding/github/pos_selection_pipeline/tomato_pipeline/pipeline/LOC/raxml-ng/LOC101264667_prot_linear_multi_sl25_prt_codonAlignment.raxml.bestModel

Execution log saved to: /home/homma/Desktop/coding/github/pos_selection_pipeline/tomato_pipeline/pipeline/LOC/raxml-ng/LOC101264667_prot_linear_multi_sl25_prt_codonAlignment.raxml.log

Analysis started: 01-Mar-2020 21:07:47 / finished: 01-Mar-2020 21:08:14

Elapsed time: 27.052 seconds

