
RAxML-NG v. 0.8.1 BETA released on 05.03.2019 by The Exelixis Lab.
Authors: Alexey Kozlov, Alexandros Stamatakis, Diego Darriba, Tomas Flouri, Benoit Morel.
Latest version: https://github.com/amkozlov/raxml-ng
Questions/problems/suggestions? Please visit: https://groups.google.com/forum/#!forum/raxml

WARNING: This is a BETA release, please use at your own risk!

RAxML-NG was called at 01-Mar-2020 21:03:18 as follows:

raxml-ng --msa LOC101259835_prot_linear_multi_sl25_prt_codonAlignment.fasta --prefix LOC101259835_prot_linear_multi_sl25_prt_codonAlignment --model GTR+G --seed 123 --bs-tree 100 --force

Analysis options:
  run mode: ML tree search
  start tree(s): random (10) + parsimony (10)
  random seed: 123
  tip-inner: OFF
  pattern compression: ON
  per-rate scalers: OFF
  site repeats: ON
  fast spr radius: AUTO
  spr subtree cutoff: 1.000000
  branch lengths: proportional (ML estimate, algorithm: NR-FAST)
  SIMD kernels: AVX2
  parallelization: PTHREADS (6 threads), thread pinning: OFF

WARNING: Running in FORCE mode: all safety checks are disabled!

[00:00:00] Reading alignment from file: LOC101259835_prot_linear_multi_sl25_prt_codonAlignment.fasta
[00:00:00] Loaded alignment with 96 taxa and 828 sites

Alignment comprises 1 partitions and 52 patterns

Partition 0: noname
Model: GTR+FO+G4m
Alignment sites / patterns: 828 / 52
Gaps: 0.00 %
Invariant sites: 93.96 %


NOTE: Binary MSA file created: LOC101259835_prot_linear_multi_sl25_prt_codonAlignment.raxml.rba

[00:00:00] Generating 10 random starting tree(s) with 96 taxa
[00:00:00] Generating 10 parsimony starting tree(s) with 96 taxa
[00:00:00] Data distribution: max. partitions/sites/weight per thread: 1 / 9 / 144

Starting ML tree search with 20 distinct starting trees

[00:00:02] ML tree search #1, logLikelihood: -1714.200455
[00:00:03] ML tree search #2, logLikelihood: -1698.621910
[00:00:06] ML tree search #3, logLikelihood: -1697.812435
[00:00:10] ML tree search #4, logLikelihood: -1698.052389
[00:00:11] ML tree search #5, logLikelihood: -1699.549397
[00:00:13] ML tree search #6, logLikelihood: -1698.382078
[00:00:15] ML tree search #7, logLikelihood: -1698.601266
[00:00:17] ML tree search #8, logLikelihood: -1697.827187
[00:00:20] ML tree search #9, logLikelihood: -1697.272722
[00:00:22] ML tree search #10, logLikelihood: -1698.810036
[00:00:24] ML tree search #11, logLikelihood: -1699.549490
[00:00:25] ML tree search #12, logLikelihood: -1698.578445
[00:00:27] ML tree search #13, logLikelihood: -1698.377145
[00:00:28] ML tree search #14, logLikelihood: -1698.377249
[00:00:29] ML tree search #15, logLikelihood: -1699.360406
[00:00:30] ML tree search #16, logLikelihood: -1700.934959
[00:00:34] ML tree search #17, logLikelihood: -1697.827208
[00:00:35] ML tree search #18, logLikelihood: -1700.081979
[00:00:39] ML tree search #19, logLikelihood: -1698.492135
[00:00:42] ML tree search #20, logLikelihood: -1700.082466

Optimized model parameters:

   Partition 0: noname
   Rate heterogeneity: GAMMA (4 cats, mean),  alpha: 0.020135 (ML),  weights&rates: (0.250000,0.000000) (0.250000,0.000000) (0.250000,0.000001) (0.250000,3.999999) 
   Base frequencies (ML): 0.299004 0.163000 0.255979 0.282017 
   Substitution rates (ML): 1.420182 3.439695 0.919216 1.297326 6.783680 1.000000 

Final LogLikelihood: -1697.272722

AIC score: 3790.545444 / AICc score: 3915.830022 / BIC score: 4724.910048
Free parameters (model + branch lengths): 198

Best ML tree saved to: /home/homma/Desktop/coding/github/pos_selection_pipeline/tomato_pipeline/pipeline/LOC/raxml-ng/LOC101259835_prot_linear_multi_sl25_prt_codonAlignment.raxml.bestTree
All ML trees saved to: /home/homma/Desktop/coding/github/pos_selection_pipeline/tomato_pipeline/pipeline/LOC/raxml-ng/LOC101259835_prot_linear_multi_sl25_prt_codonAlignment.raxml.mlTrees
Optimized model saved to: /home/homma/Desktop/coding/github/pos_selection_pipeline/tomato_pipeline/pipeline/LOC/raxml-ng/LOC101259835_prot_linear_multi_sl25_prt_codonAlignment.raxml.bestModel

Execution log saved to: /home/homma/Desktop/coding/github/pos_selection_pipeline/tomato_pipeline/pipeline/LOC/raxml-ng/LOC101259835_prot_linear_multi_sl25_prt_codonAlignment.raxml.log

Analysis started: 01-Mar-2020 21:03:18 / finished: 01-Mar-2020 21:04:00

Elapsed time: 42.467 seconds

