
RAxML-NG v. 0.8.1 BETA released on 05.03.2019 by The Exelixis Lab.
Authors: Alexey Kozlov, Alexandros Stamatakis, Diego Darriba, Tomas Flouri, Benoit Morel.
Latest version: https://github.com/amkozlov/raxml-ng
Questions/problems/suggestions? Please visit: https://groups.google.com/forum/#!forum/raxml

WARNING: This is a BETA release, please use at your own risk!

RAxML-NG was called at 01-Mar-2020 21:02:02 as follows:

raxml-ng --msa LOC101248295_prot_linear_multi_sl25_prt_codonAlignment.fasta --prefix LOC101248295_prot_linear_multi_sl25_prt_codonAlignment --model GTR+G --seed 123 --bs-tree 100 --force

Analysis options:
  run mode: ML tree search
  start tree(s): random (10) + parsimony (10)
  random seed: 123
  tip-inner: OFF
  pattern compression: ON
  per-rate scalers: OFF
  site repeats: ON
  fast spr radius: AUTO
  spr subtree cutoff: 1.000000
  branch lengths: proportional (ML estimate, algorithm: NR-FAST)
  SIMD kernels: AVX2
  parallelization: PTHREADS (6 threads), thread pinning: OFF

WARNING: Running in FORCE mode: all safety checks are disabled!

[00:00:00] Reading alignment from file: LOC101248295_prot_linear_multi_sl25_prt_codonAlignment.fasta
[00:00:00] Loaded alignment with 104 taxa and 2910 sites

Alignment comprises 1 partitions and 156 patterns

Partition 0: noname
Model: GTR+FO+G4m
Alignment sites / patterns: 2910 / 156
Gaps: 0.31 %
Invariant sites: 94.09 %


NOTE: Binary MSA file created: LOC101248295_prot_linear_multi_sl25_prt_codonAlignment.raxml.rba

[00:00:00] Generating 10 random starting tree(s) with 104 taxa
[00:00:00] Generating 10 parsimony starting tree(s) with 104 taxa
[00:00:00] Data distribution: max. partitions/sites/weight per thread: 1 / 26 / 416

Starting ML tree search with 20 distinct starting trees

[00:00:03] ML tree search #1, logLikelihood: -6063.052918
[00:00:06] ML tree search #2, logLikelihood: -6064.224607
[00:00:10] ML tree search #3, logLikelihood: -6063.052908
[00:00:13] ML tree search #4, logLikelihood: -6069.724201
[00:00:16] ML tree search #5, logLikelihood: -6070.885459
[00:00:21] ML tree search #6, logLikelihood: -6065.232920
[00:00:23] ML tree search #7, logLikelihood: -6066.042152
[00:00:28] ML tree search #8, logLikelihood: -6062.831145
[00:00:32] ML tree search #9, logLikelihood: -6067.094404
[00:00:34] ML tree search #10, logLikelihood: -6070.827790
[00:00:36] ML tree search #11, logLikelihood: -6064.543591
[00:00:38] ML tree search #12, logLikelihood: -6062.704023
[00:00:40] ML tree search #13, logLikelihood: -6069.405160
[00:00:42] ML tree search #14, logLikelihood: -6064.658319
[00:00:44] ML tree search #15, logLikelihood: -6072.677562
[00:00:48] ML tree search #16, logLikelihood: -6064.572872
[00:00:49] ML tree search #17, logLikelihood: -6065.577543
[00:00:51] ML tree search #18, logLikelihood: -6062.831110
[00:00:55] ML tree search #19, logLikelihood: -6065.085569
[00:00:57] ML tree search #20, logLikelihood: -6064.224663

Optimized model parameters:

   Partition 0: noname
   Rate heterogeneity: GAMMA (4 cats, mean),  alpha: 0.020140 (ML),  weights&rates: (0.250000,0.000000) (0.250000,0.000000) (0.250000,0.000001) (0.250000,3.999999) 
   Base frequencies (ML): 0.334634 0.163418 0.235721 0.266226 
   Substitution rates (ML): 3.934331 11.422087 2.493868 2.515142 14.332915 1.000000 

Final LogLikelihood: -6062.704023

AIC score: 12553.408045 / AICc score: 12587.552757 / BIC score: 13832.252434
Free parameters (model + branch lengths): 214

Best ML tree saved to: /home/homma/Desktop/coding/github/pos_selection_pipeline/tomato_pipeline/pipeline/LOC/raxml-ng/LOC101248295_prot_linear_multi_sl25_prt_codonAlignment.raxml.bestTree
All ML trees saved to: /home/homma/Desktop/coding/github/pos_selection_pipeline/tomato_pipeline/pipeline/LOC/raxml-ng/LOC101248295_prot_linear_multi_sl25_prt_codonAlignment.raxml.mlTrees
Optimized model saved to: /home/homma/Desktop/coding/github/pos_selection_pipeline/tomato_pipeline/pipeline/LOC/raxml-ng/LOC101248295_prot_linear_multi_sl25_prt_codonAlignment.raxml.bestModel

Execution log saved to: /home/homma/Desktop/coding/github/pos_selection_pipeline/tomato_pipeline/pipeline/LOC/raxml-ng/LOC101248295_prot_linear_multi_sl25_prt_codonAlignment.raxml.log

Analysis started: 01-Mar-2020 21:02:02 / finished: 01-Mar-2020 21:02:59

Elapsed time: 57.305 seconds

