
RAxML-NG v. 0.8.1 BETA released on 05.03.2019 by The Exelixis Lab.
Authors: Alexey Kozlov, Alexandros Stamatakis, Diego Darriba, Tomas Flouri, Benoit Morel.
Latest version: https://github.com/amkozlov/raxml-ng
Questions/problems/suggestions? Please visit: https://groups.google.com/forum/#!forum/raxml

WARNING: This is a BETA release, please use at your own risk!

RAxML-NG was called at 01-Mar-2020 21:01:38 as follows:

raxml-ng --msa LOC101248491_prot_linear_multi_sl25_prt_codonAlignment.fasta --prefix LOC101248491_prot_linear_multi_sl25_prt_codonAlignment --model GTR+G --seed 123 --bs-tree 100 --force

Analysis options:
  run mode: ML tree search
  start tree(s): random (10) + parsimony (10)
  random seed: 123
  tip-inner: OFF
  pattern compression: ON
  per-rate scalers: OFF
  site repeats: ON
  fast spr radius: AUTO
  spr subtree cutoff: 1.000000
  branch lengths: proportional (ML estimate, algorithm: NR-FAST)
  SIMD kernels: AVX2
  parallelization: PTHREADS (6 threads), thread pinning: OFF

WARNING: Running in FORCE mode: all safety checks are disabled!

[00:00:00] Reading alignment from file: LOC101248491_prot_linear_multi_sl25_prt_codonAlignment.fasta
[00:00:00] Loaded alignment with 79 taxa and 615 sites

Alignment comprises 1 partitions and 73 patterns

Partition 0: noname
Model: GTR+FO+G4m
Alignment sites / patterns: 615 / 73
Gaps: 2.12 %
Invariant sites: 89.76 %


NOTE: Binary MSA file created: LOC101248491_prot_linear_multi_sl25_prt_codonAlignment.raxml.rba

[00:00:00] Generating 10 random starting tree(s) with 79 taxa
[00:00:00] Generating 10 parsimony starting tree(s) with 79 taxa
[00:00:00] Data distribution: max. partitions/sites/weight per thread: 1 / 13 / 208

Starting ML tree search with 20 distinct starting trees

[00:00:01] ML tree search #1, logLikelihood: -1539.427704
[00:00:03] ML tree search #2, logLikelihood: -1505.534871
[00:00:04] ML tree search #3, logLikelihood: -1503.552389
[00:00:05] ML tree search #4, logLikelihood: -1517.815165
[00:00:07] ML tree search #5, logLikelihood: -1532.498522
[00:00:08] ML tree search #6, logLikelihood: -1506.598619
[00:00:09] ML tree search #7, logLikelihood: -1515.059669
[00:00:11] ML tree search #8, logLikelihood: -1504.110215
[00:00:13] ML tree search #9, logLikelihood: -1553.406074
[00:00:14] ML tree search #10, logLikelihood: -1515.311525
[00:00:15] ML tree search #11, logLikelihood: -1505.185537
[00:00:16] ML tree search #12, logLikelihood: -1504.110616
[00:00:16] ML tree search #13, logLikelihood: -1505.491380
[00:00:18] ML tree search #14, logLikelihood: -1515.092821
[00:00:19] ML tree search #15, logLikelihood: -1504.961666
[00:00:20] ML tree search #16, logLikelihood: -1505.534858
[00:00:20] ML tree search #17, logLikelihood: -1511.649289
[00:00:21] ML tree search #18, logLikelihood: -1506.784464
[00:00:23] ML tree search #19, logLikelihood: -1505.185595
[00:00:23] ML tree search #20, logLikelihood: -1504.775661

Optimized model parameters:

   Partition 0: noname
   Rate heterogeneity: GAMMA (4 cats, mean),  alpha: 0.020124 (ML),  weights&rates: (0.250000,0.000000) (0.250000,0.000000) (0.250000,0.000001) (0.250000,3.999999) 
   Base frequencies (ML): 0.290456 0.162762 0.225893 0.320889 
   Substitution rates (ML): 1.139341 6.092764 1.133705 3.437397 10.497173 1.000000 

Final LogLikelihood: -1503.552389

AIC score: 3335.104778 / AICc score: 3455.371445 / BIC score: 4060.250830
Free parameters (model + branch lengths): 164

Best ML tree saved to: /home/homma/Desktop/coding/github/pos_selection_pipeline/tomato_pipeline/pipeline/LOC/raxml-ng/LOC101248491_prot_linear_multi_sl25_prt_codonAlignment.raxml.bestTree
All ML trees saved to: /home/homma/Desktop/coding/github/pos_selection_pipeline/tomato_pipeline/pipeline/LOC/raxml-ng/LOC101248491_prot_linear_multi_sl25_prt_codonAlignment.raxml.mlTrees
Optimized model saved to: /home/homma/Desktop/coding/github/pos_selection_pipeline/tomato_pipeline/pipeline/LOC/raxml-ng/LOC101248491_prot_linear_multi_sl25_prt_codonAlignment.raxml.bestModel

Execution log saved to: /home/homma/Desktop/coding/github/pos_selection_pipeline/tomato_pipeline/pipeline/LOC/raxml-ng/LOC101248491_prot_linear_multi_sl25_prt_codonAlignment.raxml.log

Analysis started: 01-Mar-2020 21:01:38 / finished: 01-Mar-2020 21:02:02

Elapsed time: 23.937 seconds

