
RAxML-NG v. 0.8.1 BETA released on 05.03.2019 by The Exelixis Lab.
Authors: Alexey Kozlov, Alexandros Stamatakis, Diego Darriba, Tomas Flouri, Benoit Morel.
Latest version: https://github.com/amkozlov/raxml-ng
Questions/problems/suggestions? Please visit: https://groups.google.com/forum/#!forum/raxml

WARNING: This is a BETA release, please use at your own risk!

RAxML-NG was called at 01-Mar-2020 21:00:48 as follows:

raxml-ng --msa LOC101267900_prot_linear_multi_sl25_prt_codonAlignment.fasta --prefix LOC101267900_prot_linear_multi_sl25_prt_codonAlignment --model GTR+G --seed 123 --bs-tree 100 --force

Analysis options:
  run mode: ML tree search
  start tree(s): random (10) + parsimony (10)
  random seed: 123
  tip-inner: OFF
  pattern compression: ON
  per-rate scalers: OFF
  site repeats: ON
  fast spr radius: AUTO
  spr subtree cutoff: 1.000000
  branch lengths: proportional (ML estimate, algorithm: NR-FAST)
  SIMD kernels: AVX2
  parallelization: PTHREADS (6 threads), thread pinning: OFF

WARNING: Running in FORCE mode: all safety checks are disabled!

[00:00:00] Reading alignment from file: LOC101267900_prot_linear_multi_sl25_prt_codonAlignment.fasta
[00:00:00] Loaded alignment with 110 taxa and 1488 sites

Alignment comprises 1 partitions and 88 patterns

Partition 0: noname
Model: GTR+FO+G4m
Alignment sites / patterns: 1488 / 88
Gaps: 0.32 %
Invariant sites: 94.29 %


NOTE: Binary MSA file created: LOC101267900_prot_linear_multi_sl25_prt_codonAlignment.raxml.rba

[00:00:00] Generating 10 random starting tree(s) with 110 taxa
[00:00:00] Generating 10 parsimony starting tree(s) with 110 taxa
[00:00:00] Data distribution: max. partitions/sites/weight per thread: 1 / 15 / 240

Starting ML tree search with 20 distinct starting trees

[00:00:04] ML tree search #1, logLikelihood: -3057.570092
[00:00:08] ML tree search #2, logLikelihood: -3054.738962
[00:00:11] ML tree search #3, logLikelihood: -3059.876879
[00:00:13] ML tree search #4, logLikelihood: -3056.801204
[00:00:16] ML tree search #5, logLikelihood: -3056.993713
[00:00:18] ML tree search #6, logLikelihood: -3058.677584
[00:00:20] ML tree search #7, logLikelihood: -3057.139329
[00:00:23] ML tree search #8, logLikelihood: -3054.331121
[00:00:25] ML tree search #9, logLikelihood: -3058.036600
[00:00:28] ML tree search #10, logLikelihood: -3054.018461
[00:00:29] ML tree search #11, logLikelihood: -3058.121821
[00:00:32] ML tree search #12, logLikelihood: -3053.940370
[00:00:34] ML tree search #13, logLikelihood: -3062.301585
[00:00:36] ML tree search #14, logLikelihood: -3055.671329
[00:00:39] ML tree search #15, logLikelihood: -3053.940351
[00:00:42] ML tree search #16, logLikelihood: -3059.800758
[00:00:44] ML tree search #17, logLikelihood: -3053.865454
[00:00:47] ML tree search #18, logLikelihood: -3052.925731
[00:00:48] ML tree search #19, logLikelihood: -3053.415634
[00:00:49] ML tree search #20, logLikelihood: -3059.876781

Optimized model parameters:

   Partition 0: noname
   Rate heterogeneity: GAMMA (4 cats, mean),  alpha: 0.020140 (ML),  weights&rates: (0.250000,0.000000) (0.250000,0.000000) (0.250000,0.000001) (0.250000,3.999999) 
   Base frequencies (ML): 0.312709 0.174231 0.209362 0.303698 
   Substitution rates (ML): 2.814468 4.720503 2.157039 2.351694 8.189827 1.000000 

Final LogLikelihood: -3052.925731

AIC score: 6557.851462 / AICc score: 6639.218631 / BIC score: 7756.823999
Free parameters (model + branch lengths): 226

Best ML tree saved to: /home/homma/Desktop/coding/github/pos_selection_pipeline/tomato_pipeline/pipeline/LOC/raxml-ng/LOC101267900_prot_linear_multi_sl25_prt_codonAlignment.raxml.bestTree
All ML trees saved to: /home/homma/Desktop/coding/github/pos_selection_pipeline/tomato_pipeline/pipeline/LOC/raxml-ng/LOC101267900_prot_linear_multi_sl25_prt_codonAlignment.raxml.mlTrees
Optimized model saved to: /home/homma/Desktop/coding/github/pos_selection_pipeline/tomato_pipeline/pipeline/LOC/raxml-ng/LOC101267900_prot_linear_multi_sl25_prt_codonAlignment.raxml.bestModel

Execution log saved to: /home/homma/Desktop/coding/github/pos_selection_pipeline/tomato_pipeline/pipeline/LOC/raxml-ng/LOC101267900_prot_linear_multi_sl25_prt_codonAlignment.raxml.log

Analysis started: 01-Mar-2020 21:00:48 / finished: 01-Mar-2020 21:01:38

Elapsed time: 49.906 seconds

