
RAxML-NG v. 0.8.1 BETA released on 05.03.2019 by The Exelixis Lab.
Authors: Alexey Kozlov, Alexandros Stamatakis, Diego Darriba, Tomas Flouri, Benoit Morel.
Latest version: https://github.com/amkozlov/raxml-ng
Questions/problems/suggestions? Please visit: https://groups.google.com/forum/#!forum/raxml

WARNING: This is a BETA release, please use at your own risk!

RAxML-NG was called at 01-Mar-2020 20:42:41 as follows:

raxml-ng --msa LOC101263147_prot_linear_multi_sl25_prt_codonAlignment.fasta --prefix LOC101263147_prot_linear_multi_sl25_prt_codonAlignment --model GTR+G --seed 123 --bs-tree 100 --force

Analysis options:
  run mode: ML tree search
  start tree(s): random (10) + parsimony (10)
  random seed: 123
  tip-inner: OFF
  pattern compression: ON
  per-rate scalers: OFF
  site repeats: ON
  fast spr radius: AUTO
  spr subtree cutoff: 1.000000
  branch lengths: proportional (ML estimate, algorithm: NR-FAST)
  SIMD kernels: AVX2
  parallelization: PTHREADS (6 threads), thread pinning: OFF

WARNING: Running in FORCE mode: all safety checks are disabled!

[00:00:00] Reading alignment from file: LOC101263147_prot_linear_multi_sl25_prt_codonAlignment.fasta
[00:00:00] Loaded alignment with 88 taxa and 1824 sites

Alignment comprises 1 partitions and 66 patterns

Partition 0: noname
Model: GTR+FO+G4m
Alignment sites / patterns: 1824 / 66
Gaps: 0.00 %
Invariant sites: 96.38 %


NOTE: Binary MSA file created: LOC101263147_prot_linear_multi_sl25_prt_codonAlignment.raxml.rba

[00:00:00] Generating 10 random starting tree(s) with 88 taxa
[00:00:00] Generating 10 parsimony starting tree(s) with 88 taxa
[00:00:00] Data distribution: max. partitions/sites/weight per thread: 1 / 11 / 176

Starting ML tree search with 20 distinct starting trees

[00:00:01] ML tree search #1, logLikelihood: -3182.336076
[00:00:02] ML tree search #2, logLikelihood: -3184.814956
[00:00:05] ML tree search #3, logLikelihood: -3184.814990
[00:00:07] ML tree search #4, logLikelihood: -3182.740713
[00:00:08] ML tree search #5, logLikelihood: -3182.740713
[00:00:10] ML tree search #6, logLikelihood: -3182.740738
[00:00:11] ML tree search #7, logLikelihood: -3182.336058
[00:00:13] ML tree search #8, logLikelihood: -3182.740927
[00:00:15] ML tree search #9, logLikelihood: -3184.814947
[00:00:17] ML tree search #10, logLikelihood: -3184.696240
[00:00:18] ML tree search #11, logLikelihood: -3189.079693
[00:00:19] ML tree search #12, logLikelihood: -3182.336331
[00:00:20] ML tree search #13, logLikelihood: -3183.866492
[00:00:21] ML tree search #14, logLikelihood: -3182.741044
[00:00:23] ML tree search #15, logLikelihood: -3182.740937
[00:00:24] ML tree search #16, logLikelihood: -3183.468461
[00:00:25] ML tree search #17, logLikelihood: -3183.151126
[00:00:26] ML tree search #18, logLikelihood: -3183.151119
[00:00:27] ML tree search #19, logLikelihood: -3183.866504
[00:00:28] ML tree search #20, logLikelihood: -3183.468450

Optimized model parameters:

   Partition 0: noname
   Rate heterogeneity: GAMMA (4 cats, mean),  alpha: 0.020137 (ML),  weights&rates: (0.250000,0.000000) (0.250000,0.000000) (0.250000,0.000001) (0.250000,3.999999) 
   Base frequencies (ML): 0.264958 0.196327 0.243403 0.295312 
   Substitution rates (ML): 2.705281 5.399870 0.910618 0.297715 10.451974 1.000000 

Final LogLikelihood: -3182.336058

AIC score: 6728.672117 / AICc score: 6769.264438 / BIC score: 7731.271382
Free parameters (model + branch lengths): 182

Best ML tree saved to: /home/homma/Desktop/coding/github/pos_selection_pipeline/tomato_pipeline/pipeline/LOC/raxml-ng/LOC101263147_prot_linear_multi_sl25_prt_codonAlignment.raxml.bestTree
All ML trees saved to: /home/homma/Desktop/coding/github/pos_selection_pipeline/tomato_pipeline/pipeline/LOC/raxml-ng/LOC101263147_prot_linear_multi_sl25_prt_codonAlignment.raxml.mlTrees
Optimized model saved to: /home/homma/Desktop/coding/github/pos_selection_pipeline/tomato_pipeline/pipeline/LOC/raxml-ng/LOC101263147_prot_linear_multi_sl25_prt_codonAlignment.raxml.bestModel

Execution log saved to: /home/homma/Desktop/coding/github/pos_selection_pipeline/tomato_pipeline/pipeline/LOC/raxml-ng/LOC101263147_prot_linear_multi_sl25_prt_codonAlignment.raxml.log

Analysis started: 01-Mar-2020 20:42:41 / finished: 01-Mar-2020 20:43:09

Elapsed time: 28.332 seconds

