
RAxML-NG v. 0.8.1 BETA released on 05.03.2019 by The Exelixis Lab.
Authors: Alexey Kozlov, Alexandros Stamatakis, Diego Darriba, Tomas Flouri, Benoit Morel.
Latest version: https://github.com/amkozlov/raxml-ng
Questions/problems/suggestions? Please visit: https://groups.google.com/forum/#!forum/raxml

WARNING: This is a BETA release, please use at your own risk!

RAxML-NG was called at 01-Mar-2020 20:03:08 as follows:

raxml-ng --msa LOC101265960_prot_linear_multi_sl25_prt_codonAlignment.fasta --prefix LOC101265960_prot_linear_multi_sl25_prt_codonAlignment --model GTR+G --seed 123 --bs-tree 100 --force

Analysis options:
  run mode: ML tree search
  start tree(s): random (10) + parsimony (10)
  random seed: 123
  tip-inner: OFF
  pattern compression: ON
  per-rate scalers: OFF
  site repeats: ON
  fast spr radius: AUTO
  spr subtree cutoff: 1.000000
  branch lengths: proportional (ML estimate, algorithm: NR-FAST)
  SIMD kernels: AVX2
  parallelization: PTHREADS (6 threads), thread pinning: OFF

WARNING: Running in FORCE mode: all safety checks are disabled!

[00:00:00] Reading alignment from file: LOC101265960_prot_linear_multi_sl25_prt_codonAlignment.fasta
[00:00:00] Loaded alignment with 99 taxa and 1629 sites

Alignment comprises 1 partitions and 124 patterns

Partition 0: noname
Model: GTR+FO+G4m
Alignment sites / patterns: 1629 / 124
Gaps: 0.47 %
Invariant sites: 92.63 %


NOTE: Binary MSA file created: LOC101265960_prot_linear_multi_sl25_prt_codonAlignment.raxml.rba

[00:00:00] Generating 10 random starting tree(s) with 99 taxa
[00:00:00] Generating 10 parsimony starting tree(s) with 99 taxa
[00:00:00] Data distribution: max. partitions/sites/weight per thread: 1 / 21 / 336

Starting ML tree search with 20 distinct starting trees

[00:00:03] ML tree search #1, logLikelihood: -4022.723789
[00:00:07] ML tree search #2, logLikelihood: -4025.367248
[00:00:13] ML tree search #3, logLikelihood: -4024.790813
[00:00:16] ML tree search #4, logLikelihood: -4017.852382
[00:00:20] ML tree search #5, logLikelihood: -4014.771531
[00:00:25] ML tree search #6, logLikelihood: -4014.771557
[00:00:30] ML tree search #7, logLikelihood: -4021.586853
[00:00:36] ML tree search #8, logLikelihood: -4020.305964
[00:00:41] ML tree search #9, logLikelihood: -4017.114376
[00:00:44] ML tree search #10, logLikelihood: -4015.483182
[00:00:46] ML tree search #11, logLikelihood: -4015.643864
[00:00:49] ML tree search #12, logLikelihood: -4017.713259
[00:00:51] ML tree search #13, logLikelihood: -4018.279730
[00:00:55] ML tree search #14, logLikelihood: -4018.281005
[00:00:58] ML tree search #15, logLikelihood: -4034.997391
[00:01:01] ML tree search #16, logLikelihood: -4016.311118
[00:01:03] ML tree search #17, logLikelihood: -4025.615480
[00:01:05] ML tree search #18, logLikelihood: -4022.250910
[00:01:09] ML tree search #19, logLikelihood: -4015.643667
[00:01:12] ML tree search #20, logLikelihood: -4014.777429

Optimized model parameters:

   Partition 0: noname
   Rate heterogeneity: GAMMA (4 cats, mean),  alpha: 0.020130 (ML),  weights&rates: (0.250000,0.000000) (0.250000,0.000000) (0.250000,0.000001) (0.250000,3.999999) 
   Base frequencies (ML): 0.301798 0.186035 0.222827 0.289339 
   Substitution rates (ML): 0.378635 2.364451 1.054874 0.935437 3.734677 1.000000 

Final LogLikelihood: -4014.771531

AIC score: 8437.543062 / AICc score: 8496.279017 / BIC score: 9538.270270
Free parameters (model + branch lengths): 204

Best ML tree saved to: /home/homma/Desktop/coding/github/pos_selection_pipeline/tomato_pipeline/pipeline/LOC/raxml-ng/LOC101265960_prot_linear_multi_sl25_prt_codonAlignment.raxml.bestTree
All ML trees saved to: /home/homma/Desktop/coding/github/pos_selection_pipeline/tomato_pipeline/pipeline/LOC/raxml-ng/LOC101265960_prot_linear_multi_sl25_prt_codonAlignment.raxml.mlTrees
Optimized model saved to: /home/homma/Desktop/coding/github/pos_selection_pipeline/tomato_pipeline/pipeline/LOC/raxml-ng/LOC101265960_prot_linear_multi_sl25_prt_codonAlignment.raxml.bestModel

Execution log saved to: /home/homma/Desktop/coding/github/pos_selection_pipeline/tomato_pipeline/pipeline/LOC/raxml-ng/LOC101265960_prot_linear_multi_sl25_prt_codonAlignment.raxml.log

Analysis started: 01-Mar-2020 20:03:08 / finished: 01-Mar-2020 20:04:21

Elapsed time: 73.017 seconds

