
RAxML-NG v. 0.8.1 BETA released on 05.03.2019 by The Exelixis Lab.
Authors: Alexey Kozlov, Alexandros Stamatakis, Diego Darriba, Tomas Flouri, Benoit Morel.
Latest version: https://github.com/amkozlov/raxml-ng
Questions/problems/suggestions? Please visit: https://groups.google.com/forum/#!forum/raxml

WARNING: This is a BETA release, please use at your own risk!

RAxML-NG was called at 01-Mar-2020 20:32:09 as follows:

raxml-ng --msa LOC101259493_prot_linear_multi_sl25_prt_codonAlignment.fasta --prefix LOC101259493_prot_linear_multi_sl25_prt_codonAlignment --model GTR+G --seed 123 --bs-tree 100 --force

Analysis options:
  run mode: ML tree search
  start tree(s): random (10) + parsimony (10)
  random seed: 123
  tip-inner: OFF
  pattern compression: ON
  per-rate scalers: OFF
  site repeats: ON
  fast spr radius: AUTO
  spr subtree cutoff: 1.000000
  branch lengths: proportional (ML estimate, algorithm: NR-FAST)
  SIMD kernels: AVX2
  parallelization: PTHREADS (6 threads), thread pinning: OFF

WARNING: Running in FORCE mode: all safety checks are disabled!

[00:00:00] Reading alignment from file: LOC101259493_prot_linear_multi_sl25_prt_codonAlignment.fasta
[00:00:00] Loaded alignment with 124 taxa and 1221 sites

Alignment comprises 1 partitions and 43 patterns

Partition 0: noname
Model: GTR+FO+G4m
Alignment sites / patterns: 1221 / 43
Gaps: 0.24 %
Invariant sites: 97.05 %


NOTE: Binary MSA file created: LOC101259493_prot_linear_multi_sl25_prt_codonAlignment.raxml.rba

[00:00:00] Generating 10 random starting tree(s) with 124 taxa
[00:00:00] Generating 10 parsimony starting tree(s) with 124 taxa
[00:00:00] Data distribution: max. partitions/sites/weight per thread: 1 / 8 / 128

Starting ML tree search with 20 distinct starting trees

[00:00:01] ML tree search #1, logLikelihood: -2013.261198
[00:00:03] ML tree search #2, logLikelihood: -2013.261182
[00:00:05] ML tree search #3, logLikelihood: -2013.261177
[00:00:08] ML tree search #4, logLikelihood: -2013.261190
[00:00:09] ML tree search #5, logLikelihood: -2013.335224
[00:00:11] ML tree search #6, logLikelihood: -2013.335190
[00:00:13] ML tree search #7, logLikelihood: -2013.261197
[00:00:15] ML tree search #8, logLikelihood: -2013.261178
[00:00:17] ML tree search #9, logLikelihood: -2013.261186
[00:00:19] ML tree search #10, logLikelihood: -2013.335211
[00:00:20] ML tree search #11, logLikelihood: -2013.801648
[00:00:21] ML tree search #12, logLikelihood: -2013.801654
[00:00:22] ML tree search #13, logLikelihood: -2013.335270
[00:00:24] ML tree search #14, logLikelihood: -2016.504177
[00:00:25] ML tree search #15, logLikelihood: -2013.335207
[00:00:26] ML tree search #16, logLikelihood: -2013.261186
[00:00:27] ML tree search #17, logLikelihood: -2013.801652
[00:00:28] ML tree search #18, logLikelihood: -2013.801659
[00:00:29] ML tree search #19, logLikelihood: -2013.261179
[00:00:30] ML tree search #20, logLikelihood: -2019.265416

Optimized model parameters:

   Partition 0: noname
   Rate heterogeneity: GAMMA (4 cats, mean),  alpha: 0.020140 (ML),  weights&rates: (0.250000,0.000000) (0.250000,0.000000) (0.250000,0.000001) (0.250000,3.999999) 
   Base frequencies (ML): 0.262438 0.212842 0.242813 0.281907 
   Substitution rates (ML): 0.248454 3.753591 0.928322 0.270413 2.292037 1.000000 

Final LogLikelihood: -2013.261177

AIC score: 4534.522354 / AICc score: 4668.621733 / BIC score: 5831.808425
Free parameters (model + branch lengths): 254

Best ML tree saved to: /home/homma/Desktop/coding/github/pos_selection_pipeline/tomato_pipeline/pipeline/LOC/raxml-ng/LOC101259493_prot_linear_multi_sl25_prt_codonAlignment.raxml.bestTree
All ML trees saved to: /home/homma/Desktop/coding/github/pos_selection_pipeline/tomato_pipeline/pipeline/LOC/raxml-ng/LOC101259493_prot_linear_multi_sl25_prt_codonAlignment.raxml.mlTrees
Optimized model saved to: /home/homma/Desktop/coding/github/pos_selection_pipeline/tomato_pipeline/pipeline/LOC/raxml-ng/LOC101259493_prot_linear_multi_sl25_prt_codonAlignment.raxml.bestModel

Execution log saved to: /home/homma/Desktop/coding/github/pos_selection_pipeline/tomato_pipeline/pipeline/LOC/raxml-ng/LOC101259493_prot_linear_multi_sl25_prt_codonAlignment.raxml.log

Analysis started: 01-Mar-2020 20:32:09 / finished: 01-Mar-2020 20:32:39

Elapsed time: 30.508 seconds

