
RAxML-NG v. 0.8.1 BETA released on 05.03.2019 by The Exelixis Lab.
Authors: Alexey Kozlov, Alexandros Stamatakis, Diego Darriba, Tomas Flouri, Benoit Morel.
Latest version: https://github.com/amkozlov/raxml-ng
Questions/problems/suggestions? Please visit: https://groups.google.com/forum/#!forum/raxml

WARNING: This is a BETA release, please use at your own risk!

RAxML-NG was called at 01-Mar-2020 22:17:44 as follows:

raxml-ng --msa LOC101265661_prot_linear_multi_sl25_prt_codonAlignment.fasta --prefix LOC101265661_prot_linear_multi_sl25_prt_codonAlignment --model GTR+G --seed 123 --bs-tree 100 --force

Analysis options:
  run mode: ML tree search
  start tree(s): random (10) + parsimony (10)
  random seed: 123
  tip-inner: OFF
  pattern compression: ON
  per-rate scalers: OFF
  site repeats: ON
  fast spr radius: AUTO
  spr subtree cutoff: 1.000000
  branch lengths: proportional (ML estimate, algorithm: NR-FAST)
  SIMD kernels: AVX2
  parallelization: PTHREADS (6 threads), thread pinning: OFF

WARNING: Running in FORCE mode: all safety checks are disabled!

[00:00:00] Reading alignment from file: LOC101265661_prot_linear_multi_sl25_prt_codonAlignment.fasta
[00:00:00] Loaded alignment with 105 taxa and 384 sites

Alignment comprises 1 partitions and 18 patterns

Partition 0: noname
Model: GTR+FO+G4m
Alignment sites / patterns: 384 / 18
Gaps: 0.00 %
Invariant sites: 96.35 %


NOTE: Binary MSA file created: LOC101265661_prot_linear_multi_sl25_prt_codonAlignment.raxml.rba

[00:00:00] Generating 10 random starting tree(s) with 105 taxa
[00:00:00] Generating 10 parsimony starting tree(s) with 105 taxa
[00:00:00] Data distribution: max. partitions/sites/weight per thread: 1 / 3 / 48

Starting ML tree search with 20 distinct starting trees

[00:00:01] ML tree search #1, logLikelihood: -662.019836
[00:00:02] ML tree search #2, logLikelihood: -651.231642
[00:00:04] ML tree search #3, logLikelihood: -651.681822
[00:00:06] ML tree search #4, logLikelihood: -652.157131
[00:00:08] ML tree search #5, logLikelihood: -651.537563
[00:00:10] ML tree search #6, logLikelihood: -652.327182
[00:00:11] ML tree search #7, logLikelihood: -648.152493
[00:00:12] ML tree search #8, logLikelihood: -655.028992
[00:00:14] ML tree search #9, logLikelihood: -647.982541
[00:00:16] ML tree search #10, logLikelihood: -651.231561
[00:00:16] ML tree search #11, logLikelihood: -651.395012
[00:00:17] ML tree search #12, logLikelihood: -648.152494
[00:00:18] ML tree search #13, logLikelihood: -651.537643
[00:00:19] ML tree search #14, logLikelihood: -647.982542
[00:00:19] ML tree search #15, logLikelihood: -647.982538
[00:00:20] ML tree search #16, logLikelihood: -647.982542
[00:00:21] ML tree search #17, logLikelihood: -651.395012
[00:00:21] ML tree search #18, logLikelihood: -651.395002
[00:00:22] ML tree search #19, logLikelihood: -648.152487
[00:00:22] ML tree search #20, logLikelihood: -651.681817

Optimized model parameters:

   Partition 0: noname
   Rate heterogeneity: GAMMA (4 cats, mean),  alpha: 0.020140 (ML),  weights&rates: (0.250000,0.000000) (0.250000,0.000000) (0.250000,0.000001) (0.250000,3.999999) 
   Base frequencies (ML): 0.317368 0.192967 0.258297 0.231369 
   Substitution rates (ML): 0.333919 1.220179 0.001000 0.001000 4.202568 1.000000 

Final LogLikelihood: -647.982538

AIC score: 1727.965075 / AICc score: 2289.306393 / BIC score: 2581.303867
Free parameters (model + branch lengths): 216

Best ML tree saved to: /home/homma/Desktop/coding/github/pos_selection_pipeline/tomato_pipeline/pipeline/LOC/raxml-ng/LOC101265661_prot_linear_multi_sl25_prt_codonAlignment.raxml.bestTree
All ML trees saved to: /home/homma/Desktop/coding/github/pos_selection_pipeline/tomato_pipeline/pipeline/LOC/raxml-ng/LOC101265661_prot_linear_multi_sl25_prt_codonAlignment.raxml.mlTrees
Optimized model saved to: /home/homma/Desktop/coding/github/pos_selection_pipeline/tomato_pipeline/pipeline/LOC/raxml-ng/LOC101265661_prot_linear_multi_sl25_prt_codonAlignment.raxml.bestModel

Execution log saved to: /home/homma/Desktop/coding/github/pos_selection_pipeline/tomato_pipeline/pipeline/LOC/raxml-ng/LOC101265661_prot_linear_multi_sl25_prt_codonAlignment.raxml.log

Analysis started: 01-Mar-2020 22:17:44 / finished: 01-Mar-2020 22:18:07

Elapsed time: 22.859 seconds

