
RAxML-NG v. 0.8.1 BETA released on 05.03.2019 by The Exelixis Lab.
Authors: Alexey Kozlov, Alexandros Stamatakis, Diego Darriba, Tomas Flouri, Benoit Morel.
Latest version: https://github.com/amkozlov/raxml-ng
Questions/problems/suggestions? Please visit: https://groups.google.com/forum/#!forum/raxml

WARNING: This is a BETA release, please use at your own risk!

RAxML-NG was called at 01-Mar-2020 21:17:12 as follows:

raxml-ng --msa LOC101254150_prot_linear_multi_sl25_prt_codonAlignment.fasta --prefix LOC101254150_prot_linear_multi_sl25_prt_codonAlignment --model GTR+G --seed 123 --bs-tree 100 --force

Analysis options:
  run mode: ML tree search
  start tree(s): random (10) + parsimony (10)
  random seed: 123
  tip-inner: OFF
  pattern compression: ON
  per-rate scalers: OFF
  site repeats: ON
  fast spr radius: AUTO
  spr subtree cutoff: 1.000000
  branch lengths: proportional (ML estimate, algorithm: NR-FAST)
  SIMD kernels: AVX2
  parallelization: PTHREADS (6 threads), thread pinning: OFF

WARNING: Running in FORCE mode: all safety checks are disabled!

[00:00:00] Reading alignment from file: LOC101254150_prot_linear_multi_sl25_prt_codonAlignment.fasta
[00:00:00] Loaded alignment with 108 taxa and 2424 sites

Alignment comprises 1 partitions and 113 patterns

Partition 0: noname
Model: GTR+FO+G4m
Alignment sites / patterns: 2424 / 113
Gaps: 0.11 %
Invariant sites: 95.09 %


NOTE: Binary MSA file created: LOC101254150_prot_linear_multi_sl25_prt_codonAlignment.raxml.rba

[00:00:00] Generating 10 random starting tree(s) with 108 taxa
[00:00:00] Generating 10 parsimony starting tree(s) with 108 taxa
[00:00:00] Data distribution: max. partitions/sites/weight per thread: 1 / 19 / 304

Starting ML tree search with 20 distinct starting trees

[00:00:02] ML tree search #1, logLikelihood: -4639.279748
[00:00:05] ML tree search #2, logLikelihood: -4644.061978
[00:00:07] ML tree search #3, logLikelihood: -4666.677752
[00:00:09] ML tree search #4, logLikelihood: -4640.765884
[00:00:11] ML tree search #5, logLikelihood: -4664.146370
[00:00:13] ML tree search #6, logLikelihood: -4639.279744
[00:00:16] ML tree search #7, logLikelihood: -4639.643340
[00:00:18] ML tree search #8, logLikelihood: -4635.029300
[00:00:20] ML tree search #9, logLikelihood: -4633.159969
[00:00:22] ML tree search #10, logLikelihood: -4639.279729
[00:00:23] ML tree search #11, logLikelihood: -4640.653366
[00:00:25] ML tree search #12, logLikelihood: -4639.279744
[00:00:26] ML tree search #13, logLikelihood: -4639.279733
[00:00:28] ML tree search #14, logLikelihood: -4636.380882
[00:00:29] ML tree search #15, logLikelihood: -4633.252067
[00:00:31] ML tree search #16, logLikelihood: -4639.279779
[00:00:32] ML tree search #17, logLikelihood: -4636.380878
[00:00:33] ML tree search #18, logLikelihood: -4636.380877
[00:00:34] ML tree search #19, logLikelihood: -4636.745836
[00:00:36] ML tree search #20, logLikelihood: -4636.745835

Optimized model parameters:

   Partition 0: noname
   Rate heterogeneity: GAMMA (4 cats, mean),  alpha: 0.020137 (ML),  weights&rates: (0.250000,0.000000) (0.250000,0.000000) (0.250000,0.000001) (0.250000,3.999999) 
   Base frequencies (ML): 0.270358 0.202632 0.235526 0.291485 
   Substitution rates (ML): 0.914412 2.326205 1.358117 0.640725 2.821620 1.000000 

Final LogLikelihood: -4633.159969

AIC score: 9710.319938 / AICc score: 9755.304945 / BIC score: 10996.404643
Free parameters (model + branch lengths): 222

Best ML tree saved to: /home/homma/Desktop/coding/github/pos_selection_pipeline/tomato_pipeline/pipeline/LOC/raxml-ng/LOC101254150_prot_linear_multi_sl25_prt_codonAlignment.raxml.bestTree
All ML trees saved to: /home/homma/Desktop/coding/github/pos_selection_pipeline/tomato_pipeline/pipeline/LOC/raxml-ng/LOC101254150_prot_linear_multi_sl25_prt_codonAlignment.raxml.mlTrees
Optimized model saved to: /home/homma/Desktop/coding/github/pos_selection_pipeline/tomato_pipeline/pipeline/LOC/raxml-ng/LOC101254150_prot_linear_multi_sl25_prt_codonAlignment.raxml.bestModel

Execution log saved to: /home/homma/Desktop/coding/github/pos_selection_pipeline/tomato_pipeline/pipeline/LOC/raxml-ng/LOC101254150_prot_linear_multi_sl25_prt_codonAlignment.raxml.log

Analysis started: 01-Mar-2020 21:17:12 / finished: 01-Mar-2020 21:17:48

Elapsed time: 36.171 seconds

