
RAxML-NG v. 0.8.1 BETA released on 05.03.2019 by The Exelixis Lab.
Authors: Alexey Kozlov, Alexandros Stamatakis, Diego Darriba, Tomas Flouri, Benoit Morel.
Latest version: https://github.com/amkozlov/raxml-ng
Questions/problems/suggestions? Please visit: https://groups.google.com/forum/#!forum/raxml

WARNING: This is a BETA release, please use at your own risk!

RAxML-NG was called at 01-Mar-2020 21:29:33 as follows:

raxml-ng --msa LOC101259936_prot_linear_multi_sl25_prt_codonAlignment.fasta --prefix LOC101259936_prot_linear_multi_sl25_prt_codonAlignment --model GTR+G --seed 123 --bs-tree 100 --force

Analysis options:
  run mode: ML tree search
  start tree(s): random (10) + parsimony (10)
  random seed: 123
  tip-inner: OFF
  pattern compression: ON
  per-rate scalers: OFF
  site repeats: ON
  fast spr radius: AUTO
  spr subtree cutoff: 1.000000
  branch lengths: proportional (ML estimate, algorithm: NR-FAST)
  SIMD kernels: AVX2
  parallelization: PTHREADS (6 threads), thread pinning: OFF

WARNING: Running in FORCE mode: all safety checks are disabled!

[00:00:00] Reading alignment from file: LOC101259936_prot_linear_multi_sl25_prt_codonAlignment.fasta
[00:00:00] Loaded alignment with 46 taxa and 786 sites

Alignment comprises 1 partitions and 39 patterns

Partition 0: noname
Model: GTR+FO+G4m
Alignment sites / patterns: 786 / 39
Gaps: 0.00 %
Invariant sites: 95.04 %


NOTE: Binary MSA file created: LOC101259936_prot_linear_multi_sl25_prt_codonAlignment.raxml.rba

[00:00:00] Generating 10 random starting tree(s) with 46 taxa
[00:00:00] Generating 10 parsimony starting tree(s) with 46 taxa
[00:00:00] Data distribution: max. partitions/sites/weight per thread: 1 / 7 / 112

Starting ML tree search with 20 distinct starting trees

[00:00:00] ML tree search #1, logLikelihood: -1465.963426
[00:00:01] ML tree search #2, logLikelihood: -1469.406711
[00:00:01] ML tree search #3, logLikelihood: -1465.963430
[00:00:02] ML tree search #4, logLikelihood: -1469.406773
[00:00:02] ML tree search #5, logLikelihood: -1467.082475
[00:00:02] ML tree search #6, logLikelihood: -1465.963449
[00:00:03] ML tree search #7, logLikelihood: -1469.354058
[00:00:04] ML tree search #8, logLikelihood: -1473.947264
[00:00:04] ML tree search #9, logLikelihood: -1469.406717
[00:00:04] ML tree search #10, logLikelihood: -1475.067605
[00:00:05] ML tree search #11, logLikelihood: -1466.531832
[00:00:05] ML tree search #12, logLikelihood: -1466.531919
[00:00:06] ML tree search #13, logLikelihood: -1467.082557
[00:00:06] ML tree search #14, logLikelihood: -1465.963491
[00:00:06] ML tree search #15, logLikelihood: -1465.963449
[00:00:06] ML tree search #16, logLikelihood: -1465.963416
[00:00:07] ML tree search #17, logLikelihood: -1465.963498
[00:00:07] ML tree search #18, logLikelihood: -1466.531873
[00:00:07] ML tree search #19, logLikelihood: -1465.963502
[00:00:08] ML tree search #20, logLikelihood: -1469.406706

Optimized model parameters:

   Partition 0: noname
   Rate heterogeneity: GAMMA (4 cats, mean),  alpha: 0.020121 (ML),  weights&rates: (0.250000,0.000000) (0.250000,0.000000) (0.250000,0.000001) (0.250000,3.999999) 
   Base frequencies (ML): 0.300514 0.167598 0.203092 0.328796 
   Substitution rates (ML): 1.568313 7.198999 0.313764 1.439799 4.939221 1.000000 

Final LogLikelihood: -1465.963416

AIC score: 3127.926833 / AICc score: 3156.171374 / BIC score: 3585.288598
Free parameters (model + branch lengths): 98

Best ML tree saved to: /home/homma/Desktop/coding/github/pos_selection_pipeline/tomato_pipeline/pipeline/LOC/raxml-ng/LOC101259936_prot_linear_multi_sl25_prt_codonAlignment.raxml.bestTree
All ML trees saved to: /home/homma/Desktop/coding/github/pos_selection_pipeline/tomato_pipeline/pipeline/LOC/raxml-ng/LOC101259936_prot_linear_multi_sl25_prt_codonAlignment.raxml.mlTrees
Optimized model saved to: /home/homma/Desktop/coding/github/pos_selection_pipeline/tomato_pipeline/pipeline/LOC/raxml-ng/LOC101259936_prot_linear_multi_sl25_prt_codonAlignment.raxml.bestModel

Execution log saved to: /home/homma/Desktop/coding/github/pos_selection_pipeline/tomato_pipeline/pipeline/LOC/raxml-ng/LOC101259936_prot_linear_multi_sl25_prt_codonAlignment.raxml.log

Analysis started: 01-Mar-2020 21:29:33 / finished: 01-Mar-2020 21:29:41

Elapsed time: 8.634 seconds

