
RAxML-NG v. 0.8.1 BETA released on 05.03.2019 by The Exelixis Lab.
Authors: Alexey Kozlov, Alexandros Stamatakis, Diego Darriba, Tomas Flouri, Benoit Morel.
Latest version: https://github.com/amkozlov/raxml-ng
Questions/problems/suggestions? Please visit: https://groups.google.com/forum/#!forum/raxml

WARNING: This is a BETA release, please use at your own risk!

RAxML-NG was called at 01-Mar-2020 20:23:41 as follows:

raxml-ng --msa LOC101260173_partial_true_prot_linear_multi_sl25_prt_codonAlignment.fasta --prefix LOC101260173_partial_true_prot_linear_multi_sl25_prt_codonAlignment --model GTR+G --seed 123 --bs-tree 100 --force

Analysis options:
  run mode: ML tree search
  start tree(s): random (10) + parsimony (10)
  random seed: 123
  tip-inner: OFF
  pattern compression: ON
  per-rate scalers: OFF
  site repeats: ON
  fast spr radius: AUTO
  spr subtree cutoff: 1.000000
  branch lengths: proportional (ML estimate, algorithm: NR-FAST)
  SIMD kernels: AVX2
  parallelization: PTHREADS (6 threads), thread pinning: OFF

WARNING: Running in FORCE mode: all safety checks are disabled!

[00:00:00] Reading alignment from file: LOC101260173_partial_true_prot_linear_multi_sl25_prt_codonAlignment.fasta
[00:00:00] Loaded alignment with 83 taxa and 579 sites

Alignment comprises 1 partitions and 44 patterns

Partition 0: noname
Model: GTR+FO+G4m
Alignment sites / patterns: 579 / 44
Gaps: 0.00 %
Invariant sites: 92.92 %


NOTE: Binary MSA file created: LOC101260173_partial_true_prot_linear_multi_sl25_prt_codonAlignment.raxml.rba

[00:00:00] Generating 10 random starting tree(s) with 83 taxa
[00:00:00] Generating 10 parsimony starting tree(s) with 83 taxa
[00:00:00] Data distribution: max. partitions/sites/weight per thread: 1 / 8 / 128

Starting ML tree search with 20 distinct starting trees

[00:00:01] ML tree search #1, logLikelihood: -1299.623864
[00:00:02] ML tree search #2, logLikelihood: -1303.265359
[00:00:04] ML tree search #3, logLikelihood: -1292.358477
[00:00:06] ML tree search #4, logLikelihood: -1294.607636
[00:00:07] ML tree search #5, logLikelihood: -1299.622147
[00:00:08] ML tree search #6, logLikelihood: -1292.358236
[00:00:10] ML tree search #7, logLikelihood: -1299.714466
[00:00:12] ML tree search #8, logLikelihood: -1294.941491
[00:00:13] ML tree search #9, logLikelihood: -1292.639971
[00:00:14] ML tree search #10, logLikelihood: -1317.272336
[00:00:15] ML tree search #11, logLikelihood: -1296.627219
[00:00:17] ML tree search #12, logLikelihood: -1292.803117
[00:00:18] ML tree search #13, logLikelihood: -1292.782665
[00:00:19] ML tree search #14, logLikelihood: -1292.357986
[00:00:20] ML tree search #15, logLikelihood: -1292.639873
[00:00:21] ML tree search #16, logLikelihood: -1292.358054
[00:00:23] ML tree search #17, logLikelihood: -1304.685227
[00:00:23] ML tree search #18, logLikelihood: -1304.729549
[00:00:25] ML tree search #19, logLikelihood: -1292.639869
[00:00:26] ML tree search #20, logLikelihood: -1292.640024

Optimized model parameters:

   Partition 0: noname
   Rate heterogeneity: GAMMA (4 cats, mean),  alpha: 0.020140 (ML),  weights&rates: (0.250000,0.000000) (0.250000,0.000000) (0.250000,0.000001) (0.250000,3.999999) 
   Base frequencies (ML): 0.292978 0.217697 0.251257 0.238068 
   Substitution rates (ML): 1.917941 3.677230 0.441833 0.277592 3.221645 1.000000 

Final LogLikelihood: -1292.357986

AIC score: 2928.715972 / AICc score: 3075.297253 / BIC score: 3678.859998
Free parameters (model + branch lengths): 172

Best ML tree saved to: /home/homma/Desktop/coding/github/pos_selection_pipeline/tomato_pipeline/pipeline/LOC/raxml-ng/LOC101260173_partial_true_prot_linear_multi_sl25_prt_codonAlignment.raxml.bestTree
All ML trees saved to: /home/homma/Desktop/coding/github/pos_selection_pipeline/tomato_pipeline/pipeline/LOC/raxml-ng/LOC101260173_partial_true_prot_linear_multi_sl25_prt_codonAlignment.raxml.mlTrees
Optimized model saved to: /home/homma/Desktop/coding/github/pos_selection_pipeline/tomato_pipeline/pipeline/LOC/raxml-ng/LOC101260173_partial_true_prot_linear_multi_sl25_prt_codonAlignment.raxml.bestModel

Execution log saved to: /home/homma/Desktop/coding/github/pos_selection_pipeline/tomato_pipeline/pipeline/LOC/raxml-ng/LOC101260173_partial_true_prot_linear_multi_sl25_prt_codonAlignment.raxml.log

Analysis started: 01-Mar-2020 20:23:41 / finished: 01-Mar-2020 20:24:08

Elapsed time: 26.600 seconds

