
RAxML-NG v. 0.8.1 BETA released on 05.03.2019 by The Exelixis Lab.
Authors: Alexey Kozlov, Alexandros Stamatakis, Diego Darriba, Tomas Flouri, Benoit Morel.
Latest version: https://github.com/amkozlov/raxml-ng
Questions/problems/suggestions? Please visit: https://groups.google.com/forum/#!forum/raxml

WARNING: This is a BETA release, please use at your own risk!

RAxML-NG was called at 01-Mar-2020 20:34:47 as follows:

raxml-ng --msa LOC101268420_prot_linear_multi_sl25_prt_codonAlignment.fasta --prefix LOC101268420_prot_linear_multi_sl25_prt_codonAlignment --model GTR+G --seed 123 --bs-tree 100 --force

Analysis options:
  run mode: ML tree search
  start tree(s): random (10) + parsimony (10)
  random seed: 123
  tip-inner: OFF
  pattern compression: ON
  per-rate scalers: OFF
  site repeats: ON
  fast spr radius: AUTO
  spr subtree cutoff: 1.000000
  branch lengths: proportional (ML estimate, algorithm: NR-FAST)
  SIMD kernels: AVX2
  parallelization: PTHREADS (6 threads), thread pinning: OFF

WARNING: Running in FORCE mode: all safety checks are disabled!

[00:00:00] Reading alignment from file: LOC101268420_prot_linear_multi_sl25_prt_codonAlignment.fasta
[00:00:00] Loaded alignment with 130 taxa and 2640 sites

Alignment comprises 1 partitions and 102 patterns

Partition 0: noname
Model: GTR+FO+G4m
Alignment sites / patterns: 2640 / 102
Gaps: 0.36 %
Invariant sites: 96.59 %


NOTE: Binary MSA file created: LOC101268420_prot_linear_multi_sl25_prt_codonAlignment.raxml.rba

[00:00:00] Generating 10 random starting tree(s) with 130 taxa
[00:00:00] Generating 10 parsimony starting tree(s) with 130 taxa
[00:00:00] Data distribution: max. partitions/sites/weight per thread: 1 / 17 / 272

Starting ML tree search with 20 distinct starting trees

[00:00:05] ML tree search #1, logLikelihood: -5298.102038
[00:00:12] ML tree search #2, logLikelihood: -5294.255921
[00:00:17] ML tree search #3, logLikelihood: -5299.542421
[00:00:22] ML tree search #4, logLikelihood: -5300.134684
[00:00:27] ML tree search #5, logLikelihood: -5314.620017
[00:00:34] ML tree search #6, logLikelihood: -5296.392501
[00:00:41] ML tree search #7, logLikelihood: -5297.440777
[00:00:44] ML tree search #8, logLikelihood: -5303.112379
[00:00:49] ML tree search #9, logLikelihood: -5304.235641
[00:00:54] ML tree search #10, logLikelihood: -5297.279750
[00:01:00] ML tree search #11, logLikelihood: -5303.750642
[00:01:02] ML tree search #12, logLikelihood: -5309.236698
[00:01:06] ML tree search #13, logLikelihood: -5297.401573
[00:01:09] ML tree search #14, logLikelihood: -5288.278208
[00:01:13] ML tree search #15, logLikelihood: -5294.972856
[00:01:16] ML tree search #16, logLikelihood: -5299.158386
[00:01:19] ML tree search #17, logLikelihood: -5290.979651
[00:01:21] ML tree search #18, logLikelihood: -5299.228385
[00:01:23] ML tree search #19, logLikelihood: -5297.117560
[00:01:27] ML tree search #20, logLikelihood: -5296.015721

Optimized model parameters:

   Partition 0: noname
   Rate heterogeneity: GAMMA (4 cats, mean),  alpha: 0.020138 (ML),  weights&rates: (0.250000,0.000000) (0.250000,0.000000) (0.250000,0.000001) (0.250000,3.999999) 
   Base frequencies (ML): 0.296103 0.173544 0.238265 0.292088 
   Substitution rates (ML): 1.653695 2.627989 0.949060 0.312297 11.421419 1.000000 

Final LogLikelihood: -5288.278208

AIC score: 11108.556415 / AICc score: 11168.414822 / BIC score: 12672.246511
Free parameters (model + branch lengths): 266

Best ML tree saved to: /home/homma/Desktop/coding/github/pos_selection_pipeline/tomato_pipeline/pipeline/LOC/raxml-ng/LOC101268420_prot_linear_multi_sl25_prt_codonAlignment.raxml.bestTree
All ML trees saved to: /home/homma/Desktop/coding/github/pos_selection_pipeline/tomato_pipeline/pipeline/LOC/raxml-ng/LOC101268420_prot_linear_multi_sl25_prt_codonAlignment.raxml.mlTrees
Optimized model saved to: /home/homma/Desktop/coding/github/pos_selection_pipeline/tomato_pipeline/pipeline/LOC/raxml-ng/LOC101268420_prot_linear_multi_sl25_prt_codonAlignment.raxml.bestModel

Execution log saved to: /home/homma/Desktop/coding/github/pos_selection_pipeline/tomato_pipeline/pipeline/LOC/raxml-ng/LOC101268420_prot_linear_multi_sl25_prt_codonAlignment.raxml.log

Analysis started: 01-Mar-2020 20:34:47 / finished: 01-Mar-2020 20:36:15

Elapsed time: 87.917 seconds

