
RAxML-NG v. 0.8.1 BETA released on 05.03.2019 by The Exelixis Lab.
Authors: Alexey Kozlov, Alexandros Stamatakis, Diego Darriba, Tomas Flouri, Benoit Morel.
Latest version: https://github.com/amkozlov/raxml-ng
Questions/problems/suggestions? Please visit: https://groups.google.com/forum/#!forum/raxml

WARNING: This is a BETA release, please use at your own risk!

RAxML-NG was called at 01-Mar-2020 22:09:31 as follows:

raxml-ng --msa LOC101246093_prot_linear_multi_sl25_prt_codonAlignment.fasta --prefix LOC101246093_prot_linear_multi_sl25_prt_codonAlignment --model GTR+G --seed 123 --bs-tree 100 --force

Analysis options:
  run mode: ML tree search
  start tree(s): random (10) + parsimony (10)
  random seed: 123
  tip-inner: OFF
  pattern compression: ON
  per-rate scalers: OFF
  site repeats: ON
  fast spr radius: AUTO
  spr subtree cutoff: 1.000000
  branch lengths: proportional (ML estimate, algorithm: NR-FAST)
  SIMD kernels: AVX2
  parallelization: PTHREADS (6 threads), thread pinning: OFF

WARNING: Running in FORCE mode: all safety checks are disabled!

[00:00:00] Reading alignment from file: LOC101246093_prot_linear_multi_sl25_prt_codonAlignment.fasta
[00:00:00] Loaded alignment with 103 taxa and 1254 sites

Alignment comprises 1 partitions and 65 patterns

Partition 0: noname
Model: GTR+FO+G4m
Alignment sites / patterns: 1254 / 65
Gaps: 0.24 %
Invariant sites: 94.74 %


NOTE: Binary MSA file created: LOC101246093_prot_linear_multi_sl25_prt_codonAlignment.raxml.rba

[00:00:00] Generating 10 random starting tree(s) with 103 taxa
[00:00:00] Generating 10 parsimony starting tree(s) with 103 taxa
[00:00:00] Data distribution: max. partitions/sites/weight per thread: 1 / 11 / 176

Starting ML tree search with 20 distinct starting trees

[00:00:01] ML tree search #1, logLikelihood: -2300.448075
[00:00:02] ML tree search #2, logLikelihood: -2309.593704
[00:00:04] ML tree search #3, logLikelihood: -2300.448139
[00:00:06] ML tree search #4, logLikelihood: -2300.448245
[00:00:08] ML tree search #5, logLikelihood: -2300.448151
[00:00:09] ML tree search #6, logLikelihood: -2300.448064
[00:00:11] ML tree search #7, logLikelihood: -2300.448126
[00:00:12] ML tree search #8, logLikelihood: -2303.827652
[00:00:14] ML tree search #9, logLikelihood: -2301.624438
[00:00:16] ML tree search #10, logLikelihood: -2307.038728
[00:00:17] ML tree search #11, logLikelihood: -2301.624501
[00:00:18] ML tree search #12, logLikelihood: -2304.197204
[00:00:19] ML tree search #13, logLikelihood: -2304.196284
[00:00:19] ML tree search #14, logLikelihood: -2300.784142
[00:00:20] ML tree search #15, logLikelihood: -2301.798400
[00:00:21] ML tree search #16, logLikelihood: -2301.624506
[00:00:22] ML tree search #17, logLikelihood: -2301.960357
[00:00:23] ML tree search #18, logLikelihood: -2300.448169
[00:00:25] ML tree search #19, logLikelihood: -2301.801751
[00:00:25] ML tree search #20, logLikelihood: -2301.797400

Optimized model parameters:

   Partition 0: noname
   Rate heterogeneity: GAMMA (4 cats, mean),  alpha: 0.020139 (ML),  weights&rates: (0.250000,0.000000) (0.250000,0.000000) (0.250000,0.000001) (0.250000,3.999999) 
   Base frequencies (ML): 0.317312 0.192564 0.259310 0.230813 
   Substitution rates (ML): 1.121310 4.389332 1.241704 0.271058 12.118444 1.000000 

Final LogLikelihood: -2300.448064

AIC score: 5024.896129 / AICc score: 5111.651172 / BIC score: 6113.323998
Free parameters (model + branch lengths): 212

Best ML tree saved to: /home/homma/Desktop/coding/github/pos_selection_pipeline/tomato_pipeline/pipeline/LOC/raxml-ng/LOC101246093_prot_linear_multi_sl25_prt_codonAlignment.raxml.bestTree
All ML trees saved to: /home/homma/Desktop/coding/github/pos_selection_pipeline/tomato_pipeline/pipeline/LOC/raxml-ng/LOC101246093_prot_linear_multi_sl25_prt_codonAlignment.raxml.mlTrees
Optimized model saved to: /home/homma/Desktop/coding/github/pos_selection_pipeline/tomato_pipeline/pipeline/LOC/raxml-ng/LOC101246093_prot_linear_multi_sl25_prt_codonAlignment.raxml.bestModel

Execution log saved to: /home/homma/Desktop/coding/github/pos_selection_pipeline/tomato_pipeline/pipeline/LOC/raxml-ng/LOC101246093_prot_linear_multi_sl25_prt_codonAlignment.raxml.log

Analysis started: 01-Mar-2020 22:09:31 / finished: 01-Mar-2020 22:09:57

Elapsed time: 25.958 seconds

