
RAxML-NG v. 0.8.1 BETA released on 05.03.2019 by The Exelixis Lab.
Authors: Alexey Kozlov, Alexandros Stamatakis, Diego Darriba, Tomas Flouri, Benoit Morel.
Latest version: https://github.com/amkozlov/raxml-ng
Questions/problems/suggestions? Please visit: https://groups.google.com/forum/#!forum/raxml

WARNING: This is a BETA release, please use at your own risk!

RAxML-NG was called at 01-Mar-2020 21:19:57 as follows:

raxml-ng --msa LOC101260044_prot_linear_multi_sl25_prt_codonAlignment.fasta --prefix LOC101260044_prot_linear_multi_sl25_prt_codonAlignment --model GTR+G --seed 123 --bs-tree 100 --force

Analysis options:
  run mode: ML tree search
  start tree(s): random (10) + parsimony (10)
  random seed: 123
  tip-inner: OFF
  pattern compression: ON
  per-rate scalers: OFF
  site repeats: ON
  fast spr radius: AUTO
  spr subtree cutoff: 1.000000
  branch lengths: proportional (ML estimate, algorithm: NR-FAST)
  SIMD kernels: AVX2
  parallelization: PTHREADS (6 threads), thread pinning: OFF

WARNING: Running in FORCE mode: all safety checks are disabled!

[00:00:00] Reading alignment from file: LOC101260044_prot_linear_multi_sl25_prt_codonAlignment.fasta
[00:00:00] Loaded alignment with 94 taxa and 2253 sites

Alignment comprises 1 partitions and 127 patterns

Partition 0: noname
Model: GTR+FO+G4m
Alignment sites / patterns: 2253 / 127
Gaps: 0.00 %
Invariant sites: 94.19 %


NOTE: Binary MSA file created: LOC101260044_prot_linear_multi_sl25_prt_codonAlignment.raxml.rba

[00:00:00] Generating 10 random starting tree(s) with 94 taxa
[00:00:00] Generating 10 parsimony starting tree(s) with 94 taxa
[00:00:00] Data distribution: max. partitions/sites/weight per thread: 1 / 22 / 352

Starting ML tree search with 20 distinct starting trees

[00:00:04] ML tree search #1, logLikelihood: -4966.120208
[00:00:07] ML tree search #2, logLikelihood: -4953.051080
[00:00:10] ML tree search #3, logLikelihood: -4953.738744
[00:00:14] ML tree search #4, logLikelihood: -4958.746446
[00:00:17] ML tree search #5, logLikelihood: -4954.204646
[00:00:20] ML tree search #6, logLikelihood: -4956.031093
[00:00:23] ML tree search #7, logLikelihood: -4955.879572
[00:00:26] ML tree search #8, logLikelihood: -4967.335685
[00:00:30] ML tree search #9, logLikelihood: -4953.937991
[00:00:34] ML tree search #10, logLikelihood: -4964.960500
[00:00:37] ML tree search #11, logLikelihood: -4944.849874
[00:00:39] ML tree search #12, logLikelihood: -4956.282480
[00:00:41] ML tree search #13, logLikelihood: -4949.040136
[00:00:46] ML tree search #14, logLikelihood: -4954.016815
[00:00:49] ML tree search #15, logLikelihood: -4948.570663
[00:00:52] ML tree search #16, logLikelihood: -4952.494072
[00:00:56] ML tree search #17, logLikelihood: -4954.492239
[00:00:59] ML tree search #18, logLikelihood: -4953.886951
[00:01:02] ML tree search #19, logLikelihood: -4953.051049
[00:01:05] ML tree search #20, logLikelihood: -4955.375620

Optimized model parameters:

   Partition 0: noname
   Rate heterogeneity: GAMMA (4 cats, mean),  alpha: 0.020139 (ML),  weights&rates: (0.250000,0.000000) (0.250000,0.000000) (0.250000,0.000001) (0.250000,3.999999) 
   Base frequencies (ML): 0.298247 0.195225 0.211336 0.295192 
   Substitution rates (ML): 0.909461 2.584749 0.739792 2.379375 4.198798 1.000000 

Final LogLikelihood: -4944.849874

AIC score: 10277.699748 / AICc score: 10314.463597 / BIC score: 11387.383229
Free parameters (model + branch lengths): 194

Best ML tree saved to: /home/homma/Desktop/coding/github/pos_selection_pipeline/tomato_pipeline/pipeline/LOC/raxml-ng/LOC101260044_prot_linear_multi_sl25_prt_codonAlignment.raxml.bestTree
All ML trees saved to: /home/homma/Desktop/coding/github/pos_selection_pipeline/tomato_pipeline/pipeline/LOC/raxml-ng/LOC101260044_prot_linear_multi_sl25_prt_codonAlignment.raxml.mlTrees
Optimized model saved to: /home/homma/Desktop/coding/github/pos_selection_pipeline/tomato_pipeline/pipeline/LOC/raxml-ng/LOC101260044_prot_linear_multi_sl25_prt_codonAlignment.raxml.bestModel

Execution log saved to: /home/homma/Desktop/coding/github/pos_selection_pipeline/tomato_pipeline/pipeline/LOC/raxml-ng/LOC101260044_prot_linear_multi_sl25_prt_codonAlignment.raxml.log

Analysis started: 01-Mar-2020 21:19:57 / finished: 01-Mar-2020 21:21:02

Elapsed time: 65.250 seconds

