
RAxML-NG v. 0.8.1 BETA released on 05.03.2019 by The Exelixis Lab.
Authors: Alexey Kozlov, Alexandros Stamatakis, Diego Darriba, Tomas Flouri, Benoit Morel.
Latest version: https://github.com/amkozlov/raxml-ng
Questions/problems/suggestions? Please visit: https://groups.google.com/forum/#!forum/raxml

WARNING: This is a BETA release, please use at your own risk!

RAxML-NG was called at 01-Mar-2020 20:18:31 as follows:

raxml-ng --msa LOC101253732_prot_linear_multi_sl25_prt_codonAlignment.fasta --prefix LOC101253732_prot_linear_multi_sl25_prt_codonAlignment --model GTR+G --seed 123 --bs-tree 100 --force

Analysis options:
  run mode: ML tree search
  start tree(s): random (10) + parsimony (10)
  random seed: 123
  tip-inner: OFF
  pattern compression: ON
  per-rate scalers: OFF
  site repeats: ON
  fast spr radius: AUTO
  spr subtree cutoff: 1.000000
  branch lengths: proportional (ML estimate, algorithm: NR-FAST)
  SIMD kernels: AVX2
  parallelization: PTHREADS (6 threads), thread pinning: OFF

WARNING: Running in FORCE mode: all safety checks are disabled!

[00:00:00] Reading alignment from file: LOC101253732_prot_linear_multi_sl25_prt_codonAlignment.fasta
[00:00:00] Loaded alignment with 104 taxa and 1035 sites

Alignment comprises 1 partitions and 64 patterns

Partition 0: noname
Model: GTR+FO+G4m
Alignment sites / patterns: 1035 / 64
Gaps: 0.02 %
Invariant sites: 94.30 %


NOTE: Binary MSA file created: LOC101253732_prot_linear_multi_sl25_prt_codonAlignment.raxml.rba

[00:00:00] Generating 10 random starting tree(s) with 104 taxa
[00:00:00] Generating 10 parsimony starting tree(s) with 104 taxa
[00:00:00] Data distribution: max. partitions/sites/weight per thread: 1 / 11 / 176

Starting ML tree search with 20 distinct starting trees

[00:00:02] ML tree search #1, logLikelihood: -2132.458379
[00:00:04] ML tree search #2, logLikelihood: -2130.086963
[00:00:07] ML tree search #3, logLikelihood: -2129.877955
[00:00:10] ML tree search #4, logLikelihood: -2132.462667
[00:00:12] ML tree search #5, logLikelihood: -2133.861166
[00:00:14] ML tree search #6, logLikelihood: -2139.349163
[00:00:16] ML tree search #7, logLikelihood: -2145.157524
[00:00:19] ML tree search #8, logLikelihood: -2130.288389
[00:00:22] ML tree search #9, logLikelihood: -2130.086955
[00:00:25] ML tree search #10, logLikelihood: -2132.922185
[00:00:26] ML tree search #11, logLikelihood: -2134.931265
[00:00:29] ML tree search #12, logLikelihood: -2141.929969
[00:00:32] ML tree search #13, logLikelihood: -2134.286538
[00:00:34] ML tree search #14, logLikelihood: -2133.475348
[00:00:34] ML tree search #15, logLikelihood: -2130.665237
[00:00:36] ML tree search #16, logLikelihood: -2134.752496
[00:00:37] ML tree search #17, logLikelihood: -2133.241662
[00:00:39] ML tree search #18, logLikelihood: -2130.086950
[00:00:40] ML tree search #19, logLikelihood: -2133.566091
[00:00:41] ML tree search #20, logLikelihood: -2130.287928

Optimized model parameters:

   Partition 0: noname
   Rate heterogeneity: GAMMA (4 cats, mean),  alpha: 0.020138 (ML),  weights&rates: (0.250000,0.000000) (0.250000,0.000000) (0.250000,0.000001) (0.250000,3.999999) 
   Base frequencies (ML): 0.248268 0.266523 0.200490 0.284719 
   Substitution rates (ML): 0.466712 3.551630 1.817233 1.415732 1.635016 1.000000 

Final LogLikelihood: -2129.877955

AIC score: 4687.755910 / AICc score: 4799.975422 / BIC score: 5745.377445
Free parameters (model + branch lengths): 214

Best ML tree saved to: /home/homma/Desktop/coding/github/pos_selection_pipeline/tomato_pipeline/pipeline/LOC/raxml-ng/LOC101253732_prot_linear_multi_sl25_prt_codonAlignment.raxml.bestTree
All ML trees saved to: /home/homma/Desktop/coding/github/pos_selection_pipeline/tomato_pipeline/pipeline/LOC/raxml-ng/LOC101253732_prot_linear_multi_sl25_prt_codonAlignment.raxml.mlTrees
Optimized model saved to: /home/homma/Desktop/coding/github/pos_selection_pipeline/tomato_pipeline/pipeline/LOC/raxml-ng/LOC101253732_prot_linear_multi_sl25_prt_codonAlignment.raxml.bestModel

Execution log saved to: /home/homma/Desktop/coding/github/pos_selection_pipeline/tomato_pipeline/pipeline/LOC/raxml-ng/LOC101253732_prot_linear_multi_sl25_prt_codonAlignment.raxml.log

Analysis started: 01-Mar-2020 20:18:31 / finished: 01-Mar-2020 20:19:13

Elapsed time: 41.893 seconds

