
RAxML-NG v. 0.8.1 BETA released on 05.03.2019 by The Exelixis Lab.
Authors: Alexey Kozlov, Alexandros Stamatakis, Diego Darriba, Tomas Flouri, Benoit Morel.
Latest version: https://github.com/amkozlov/raxml-ng
Questions/problems/suggestions? Please visit: https://groups.google.com/forum/#!forum/raxml

WARNING: This is a BETA release, please use at your own risk!

RAxML-NG was called at 01-Mar-2020 22:21:00 as follows:

raxml-ng --msa LOC101246028_prot_linear_multi_sl25_prt_codonAlignment.fasta --prefix LOC101246028_prot_linear_multi_sl25_prt_codonAlignment --model GTR+G --seed 123 --bs-tree 100 --force

Analysis options:
  run mode: ML tree search
  start tree(s): random (10) + parsimony (10)
  random seed: 123
  tip-inner: OFF
  pattern compression: ON
  per-rate scalers: OFF
  site repeats: ON
  fast spr radius: AUTO
  spr subtree cutoff: 1.000000
  branch lengths: proportional (ML estimate, algorithm: NR-FAST)
  SIMD kernels: AVX2
  parallelization: PTHREADS (6 threads), thread pinning: OFF

WARNING: Running in FORCE mode: all safety checks are disabled!

[00:00:00] Reading alignment from file: LOC101246028_prot_linear_multi_sl25_prt_codonAlignment.fasta
[00:00:00] Loaded alignment with 135 taxa and 4863 sites

Alignment comprises 1 partitions and 91 patterns

Partition 0: noname
Model: GTR+FO+G4m
Alignment sites / patterns: 4863 / 91
Gaps: 0.00 %
Invariant sites: 97.78 %


NOTE: Binary MSA file created: LOC101246028_prot_linear_multi_sl25_prt_codonAlignment.raxml.rba

[00:00:00] Generating 10 random starting tree(s) with 135 taxa
[00:00:00] Generating 10 parsimony starting tree(s) with 135 taxa
[00:00:00] Data distribution: max. partitions/sites/weight per thread: 1 / 16 / 256

Starting ML tree search with 20 distinct starting trees

[00:00:02] ML tree search #1, logLikelihood: -7832.634921
[00:00:05] ML tree search #2, logLikelihood: -7838.999312
[00:00:10] ML tree search #3, logLikelihood: -7815.451079
[00:00:13] ML tree search #4, logLikelihood: -7832.635008
[00:00:15] ML tree search #5, logLikelihood: -7815.451105
[00:00:18] ML tree search #6, logLikelihood: -7832.522906
[00:00:21] ML tree search #7, logLikelihood: -7815.451107
[00:00:24] ML tree search #8, logLikelihood: -7815.563466
[00:00:27] ML tree search #9, logLikelihood: -7816.023346
[00:00:31] ML tree search #10, logLikelihood: -7815.451189
[00:00:32] ML tree search #11, logLikelihood: -7816.056858
[00:00:34] ML tree search #12, logLikelihood: -7815.910972
[00:00:35] ML tree search #13, logLikelihood: -7815.451105
[00:00:37] ML tree search #14, logLikelihood: -7815.451096
[00:00:38] ML tree search #15, logLikelihood: -7816.056862
[00:00:39] ML tree search #16, logLikelihood: -7815.910910
[00:00:40] ML tree search #17, logLikelihood: -7816.516104
[00:00:42] ML tree search #18, logLikelihood: -7815.451098
[00:00:43] ML tree search #19, logLikelihood: -7815.563475
[00:00:44] ML tree search #20, logLikelihood: -7815.910913

Optimized model parameters:

   Partition 0: noname
   Rate heterogeneity: GAMMA (4 cats, mean),  alpha: 0.020137 (ML),  weights&rates: (0.250000,0.000000) (0.250000,0.000000) (0.250000,0.000001) (0.250000,3.999999) 
   Base frequencies (ML): 0.281806 0.180023 0.251671 0.286500 
   Substitution rates (ML): 1.402852 3.047121 2.094060 2.462447 8.596318 1.000000 

Final LogLikelihood: -7815.451079

AIC score: 16182.902158 / AICc score: 16216.243632 / BIC score: 17973.979542
Free parameters (model + branch lengths): 276

Best ML tree saved to: /home/homma/Desktop/coding/github/pos_selection_pipeline/tomato_pipeline/pipeline/LOC/raxml-ng/LOC101246028_prot_linear_multi_sl25_prt_codonAlignment.raxml.bestTree
All ML trees saved to: /home/homma/Desktop/coding/github/pos_selection_pipeline/tomato_pipeline/pipeline/LOC/raxml-ng/LOC101246028_prot_linear_multi_sl25_prt_codonAlignment.raxml.mlTrees
Optimized model saved to: /home/homma/Desktop/coding/github/pos_selection_pipeline/tomato_pipeline/pipeline/LOC/raxml-ng/LOC101246028_prot_linear_multi_sl25_prt_codonAlignment.raxml.bestModel

Execution log saved to: /home/homma/Desktop/coding/github/pos_selection_pipeline/tomato_pipeline/pipeline/LOC/raxml-ng/LOC101246028_prot_linear_multi_sl25_prt_codonAlignment.raxml.log

Analysis started: 01-Mar-2020 22:21:00 / finished: 01-Mar-2020 22:21:45

Elapsed time: 44.590 seconds

