
RAxML-NG v. 0.8.1 BETA released on 05.03.2019 by The Exelixis Lab.
Authors: Alexey Kozlov, Alexandros Stamatakis, Diego Darriba, Tomas Flouri, Benoit Morel.
Latest version: https://github.com/amkozlov/raxml-ng
Questions/problems/suggestions? Please visit: https://groups.google.com/forum/#!forum/raxml

WARNING: This is a BETA release, please use at your own risk!

RAxML-NG was called at 01-Mar-2020 22:24:11 as follows:

raxml-ng --msa LOC101253410_prot_linear_multi_sl25_prt_codonAlignment.fasta --prefix LOC101253410_prot_linear_multi_sl25_prt_codonAlignment --model GTR+G --seed 123 --bs-tree 100 --force

Analysis options:
  run mode: ML tree search
  start tree(s): random (10) + parsimony (10)
  random seed: 123
  tip-inner: OFF
  pattern compression: ON
  per-rate scalers: OFF
  site repeats: ON
  fast spr radius: AUTO
  spr subtree cutoff: 1.000000
  branch lengths: proportional (ML estimate, algorithm: NR-FAST)
  SIMD kernels: AVX2
  parallelization: PTHREADS (6 threads), thread pinning: OFF

WARNING: Running in FORCE mode: all safety checks are disabled!

[00:00:00] Reading alignment from file: LOC101253410_prot_linear_multi_sl25_prt_codonAlignment.fasta
[00:00:00] Loaded alignment with 91 taxa and 924 sites

Alignment comprises 1 partitions and 54 patterns

Partition 0: noname
Model: GTR+FO+G4m
Alignment sites / patterns: 924 / 54
Gaps: 0.00 %
Invariant sites: 94.37 %


NOTE: Binary MSA file created: LOC101253410_prot_linear_multi_sl25_prt_codonAlignment.raxml.rba

[00:00:00] Generating 10 random starting tree(s) with 91 taxa
[00:00:00] Generating 10 parsimony starting tree(s) with 91 taxa
[00:00:00] Data distribution: max. partitions/sites/weight per thread: 1 / 9 / 144

Starting ML tree search with 20 distinct starting trees

[00:00:02] ML tree search #1, logLikelihood: -2018.286490
[00:00:05] ML tree search #2, logLikelihood: -2022.520530
[00:00:08] ML tree search #3, logLikelihood: -2020.000775
[00:00:11] ML tree search #4, logLikelihood: -2019.613272
[00:00:14] ML tree search #5, logLikelihood: -2024.620622
[00:00:17] ML tree search #6, logLikelihood: -2022.266998
[00:00:19] ML tree search #7, logLikelihood: -2028.716256
[00:00:22] ML tree search #8, logLikelihood: -2020.735906
[00:00:27] ML tree search #9, logLikelihood: -2020.798083
[00:00:30] ML tree search #10, logLikelihood: -2024.658343
[00:00:31] ML tree search #11, logLikelihood: -2026.894164
[00:00:34] ML tree search #12, logLikelihood: -2021.855146
[00:00:37] ML tree search #13, logLikelihood: -2017.288853
[00:00:38] ML tree search #14, logLikelihood: -2026.244557
[00:00:40] ML tree search #15, logLikelihood: -2019.436871
[00:00:43] ML tree search #16, logLikelihood: -2019.515606
[00:00:46] ML tree search #17, logLikelihood: -2018.097942
[00:00:48] ML tree search #18, logLikelihood: -2019.980376
[00:00:50] ML tree search #19, logLikelihood: -2026.462823
[00:00:51] ML tree search #20, logLikelihood: -2019.200158

Optimized model parameters:

   Partition 0: noname
   Rate heterogeneity: GAMMA (4 cats, mean),  alpha: 0.020140 (ML),  weights&rates: (0.250000,0.000000) (0.250000,0.000000) (0.250000,0.000001) (0.250000,3.999999) 
   Base frequencies (ML): 0.316931 0.167700 0.237755 0.277613 
   Substitution rates (ML): 2.815573 12.248887 5.710437 9.605442 45.729632 1.000000 

Final LogLikelihood: -2017.288853

AIC score: 4410.577706 / AICc score: 4507.263420 / BIC score: 5318.375575
Free parameters (model + branch lengths): 188

Best ML tree saved to: /home/homma/Desktop/coding/github/pos_selection_pipeline/tomato_pipeline/pipeline/LOC/raxml-ng/LOC101253410_prot_linear_multi_sl25_prt_codonAlignment.raxml.bestTree
All ML trees saved to: /home/homma/Desktop/coding/github/pos_selection_pipeline/tomato_pipeline/pipeline/LOC/raxml-ng/LOC101253410_prot_linear_multi_sl25_prt_codonAlignment.raxml.mlTrees
Optimized model saved to: /home/homma/Desktop/coding/github/pos_selection_pipeline/tomato_pipeline/pipeline/LOC/raxml-ng/LOC101253410_prot_linear_multi_sl25_prt_codonAlignment.raxml.bestModel

Execution log saved to: /home/homma/Desktop/coding/github/pos_selection_pipeline/tomato_pipeline/pipeline/LOC/raxml-ng/LOC101253410_prot_linear_multi_sl25_prt_codonAlignment.raxml.log

Analysis started: 01-Mar-2020 22:24:11 / finished: 01-Mar-2020 22:25:03

Elapsed time: 51.898 seconds

