
RAxML-NG v. 0.8.1 BETA released on 05.03.2019 by The Exelixis Lab.
Authors: Alexey Kozlov, Alexandros Stamatakis, Diego Darriba, Tomas Flouri, Benoit Morel.
Latest version: https://github.com/amkozlov/raxml-ng
Questions/problems/suggestions? Please visit: https://groups.google.com/forum/#!forum/raxml

WARNING: This is a BETA release, please use at your own risk!

RAxML-NG was called at 01-Mar-2020 20:13:15 as follows:

raxml-ng --msa LOC101261339_prot_linear_multi_sl25_prt_codonAlignment.fasta --prefix LOC101261339_prot_linear_multi_sl25_prt_codonAlignment --model GTR+G --seed 123 --bs-tree 100 --force

Analysis options:
  run mode: ML tree search
  start tree(s): random (10) + parsimony (10)
  random seed: 123
  tip-inner: OFF
  pattern compression: ON
  per-rate scalers: OFF
  site repeats: ON
  fast spr radius: AUTO
  spr subtree cutoff: 1.000000
  branch lengths: proportional (ML estimate, algorithm: NR-FAST)
  SIMD kernels: AVX2
  parallelization: PTHREADS (6 threads), thread pinning: OFF

WARNING: Running in FORCE mode: all safety checks are disabled!

[00:00:00] Reading alignment from file: LOC101261339_prot_linear_multi_sl25_prt_codonAlignment.fasta
[00:00:00] Loaded alignment with 96 taxa and 1431 sites

Alignment comprises 1 partitions and 69 patterns

Partition 0: noname
Model: GTR+FO+G4m
Alignment sites / patterns: 1431 / 69
Gaps: 0.00 %
Invariant sites: 95.04 %


NOTE: Binary MSA file created: LOC101261339_prot_linear_multi_sl25_prt_codonAlignment.raxml.rba

[00:00:00] Generating 10 random starting tree(s) with 96 taxa
[00:00:00] Generating 10 parsimony starting tree(s) with 96 taxa
[00:00:00] Data distribution: max. partitions/sites/weight per thread: 1 / 12 / 192

Starting ML tree search with 20 distinct starting trees

[00:00:01] ML tree search #1, logLikelihood: -2833.853432
[00:00:03] ML tree search #2, logLikelihood: -2822.728145
[00:00:04] ML tree search #3, logLikelihood: -2824.377877
[00:00:06] ML tree search #4, logLikelihood: -2823.294670
[00:00:08] ML tree search #5, logLikelihood: -2827.855723
[00:00:09] ML tree search #6, logLikelihood: -2839.546462
[00:00:11] ML tree search #7, logLikelihood: -2822.165618
[00:00:12] ML tree search #8, logLikelihood: -2832.036591
[00:00:14] ML tree search #9, logLikelihood: -2823.176299
[00:00:17] ML tree search #10, logLikelihood: -2822.165631
[00:00:18] ML tree search #11, logLikelihood: -2828.302209
[00:00:19] ML tree search #12, logLikelihood: -2829.559407
[00:00:20] ML tree search #13, logLikelihood: -2828.302023
[00:00:21] ML tree search #14, logLikelihood: -2828.708611
[00:00:22] ML tree search #15, logLikelihood: -2828.302175
[00:00:23] ML tree search #16, logLikelihood: -2829.388721
[00:00:24] ML tree search #17, logLikelihood: -2828.302173
[00:00:24] ML tree search #18, logLikelihood: -2822.883673
[00:00:25] ML tree search #19, logLikelihood: -2824.479982
[00:00:26] ML tree search #20, logLikelihood: -2828.073354

Optimized model parameters:

   Partition 0: noname
   Rate heterogeneity: GAMMA (4 cats, mean),  alpha: 0.020140 (ML),  weights&rates: (0.250000,0.000000) (0.250000,0.000000) (0.250000,0.000001) (0.250000,3.999999) 
   Base frequencies (ML): 0.302741 0.193862 0.199833 0.303563 
   Substitution rates (ML): 1.143131 5.286108 1.218450 0.178385 6.121072 1.000000 

Final LogLikelihood: -2822.165618

AIC score: 6040.331236 / AICc score: 6104.295522 / BIC score: 7083.024734
Free parameters (model + branch lengths): 198

Best ML tree saved to: /home/homma/Desktop/coding/github/pos_selection_pipeline/tomato_pipeline/pipeline/LOC/raxml-ng/LOC101261339_prot_linear_multi_sl25_prt_codonAlignment.raxml.bestTree
All ML trees saved to: /home/homma/Desktop/coding/github/pos_selection_pipeline/tomato_pipeline/pipeline/LOC/raxml-ng/LOC101261339_prot_linear_multi_sl25_prt_codonAlignment.raxml.mlTrees
Optimized model saved to: /home/homma/Desktop/coding/github/pos_selection_pipeline/tomato_pipeline/pipeline/LOC/raxml-ng/LOC101261339_prot_linear_multi_sl25_prt_codonAlignment.raxml.bestModel

Execution log saved to: /home/homma/Desktop/coding/github/pos_selection_pipeline/tomato_pipeline/pipeline/LOC/raxml-ng/LOC101261339_prot_linear_multi_sl25_prt_codonAlignment.raxml.log

Analysis started: 01-Mar-2020 20:13:15 / finished: 01-Mar-2020 20:13:42

Elapsed time: 26.648 seconds

