
RAxML-NG v. 0.8.1 BETA released on 05.03.2019 by The Exelixis Lab.
Authors: Alexey Kozlov, Alexandros Stamatakis, Diego Darriba, Tomas Flouri, Benoit Morel.
Latest version: https://github.com/amkozlov/raxml-ng
Questions/problems/suggestions? Please visit: https://groups.google.com/forum/#!forum/raxml

WARNING: This is a BETA release, please use at your own risk!

RAxML-NG was called at 01-Mar-2020 20:13:42 as follows:

raxml-ng --msa LOC101253833_prot_linear_multi_sl25_prt_codonAlignment.fasta --prefix LOC101253833_prot_linear_multi_sl25_prt_codonAlignment --model GTR+G --seed 123 --bs-tree 100 --force

Analysis options:
  run mode: ML tree search
  start tree(s): random (10) + parsimony (10)
  random seed: 123
  tip-inner: OFF
  pattern compression: ON
  per-rate scalers: OFF
  site repeats: ON
  fast spr radius: AUTO
  spr subtree cutoff: 1.000000
  branch lengths: proportional (ML estimate, algorithm: NR-FAST)
  SIMD kernels: AVX2
  parallelization: PTHREADS (6 threads), thread pinning: OFF

WARNING: Running in FORCE mode: all safety checks are disabled!

[00:00:00] Reading alignment from file: LOC101253833_prot_linear_multi_sl25_prt_codonAlignment.fasta
[00:00:00] Loaded alignment with 129 taxa and 870 sites

Alignment comprises 1 partitions and 37 patterns

Partition 0: noname
Model: GTR+FO+G4m
Alignment sites / patterns: 870 / 37
Gaps: 0.00 %
Invariant sites: 96.09 %


NOTE: Binary MSA file created: LOC101253833_prot_linear_multi_sl25_prt_codonAlignment.raxml.rba

[00:00:00] Generating 10 random starting tree(s) with 129 taxa
[00:00:00] Generating 10 parsimony starting tree(s) with 129 taxa
[00:00:00] Data distribution: max. partitions/sites/weight per thread: 1 / 7 / 112

Starting ML tree search with 20 distinct starting trees

[00:00:03] ML tree search #1, logLikelihood: -1571.992008
[00:00:05] ML tree search #2, logLikelihood: -1569.267161
[00:00:08] ML tree search #3, logLikelihood: -1569.087817
[00:00:10] ML tree search #4, logLikelihood: -1574.968299
[00:00:13] ML tree search #5, logLikelihood: -1569.087779
[00:00:15] ML tree search #6, logLikelihood: -1568.639968
[00:00:17] ML tree search #7, logLikelihood: -1642.826388
[00:00:19] ML tree search #8, logLikelihood: -1569.087799
[00:00:21] ML tree search #9, logLikelihood: -1571.992020
[00:00:23] ML tree search #10, logLikelihood: -1578.613757
[00:00:24] ML tree search #11, logLikelihood: -1568.639966
[00:00:25] ML tree search #12, logLikelihood: -1568.639963
[00:00:26] ML tree search #13, logLikelihood: -1568.639966
[00:00:27] ML tree search #14, logLikelihood: -1568.641263
[00:00:29] ML tree search #15, logLikelihood: -1572.361319
[00:00:30] ML tree search #16, logLikelihood: -1568.640058
[00:00:31] ML tree search #17, logLikelihood: -1568.639993
[00:00:32] ML tree search #18, logLikelihood: -1572.334267
[00:00:33] ML tree search #19, logLikelihood: -1568.640006
[00:00:34] ML tree search #20, logLikelihood: -1568.639964

Optimized model parameters:

   Partition 0: noname
   Rate heterogeneity: GAMMA (4 cats, mean),  alpha: 0.020139 (ML),  weights&rates: (0.250000,0.000000) (0.250000,0.000000) (0.250000,0.000001) (0.250000,3.999999) 
   Base frequencies (ML): 0.309387 0.204429 0.225148 0.261037 
   Substitution rates (ML): 1.244957 1.971733 0.474263 0.856560 2.590111 1.000000 

Final LogLikelihood: -1568.639963

AIC score: 3665.279926 / AICc score: 3896.552653 / BIC score: 4924.162134
Free parameters (model + branch lengths): 264

Best ML tree saved to: /home/homma/Desktop/coding/github/pos_selection_pipeline/tomato_pipeline/pipeline/LOC/raxml-ng/LOC101253833_prot_linear_multi_sl25_prt_codonAlignment.raxml.bestTree
All ML trees saved to: /home/homma/Desktop/coding/github/pos_selection_pipeline/tomato_pipeline/pipeline/LOC/raxml-ng/LOC101253833_prot_linear_multi_sl25_prt_codonAlignment.raxml.mlTrees
Optimized model saved to: /home/homma/Desktop/coding/github/pos_selection_pipeline/tomato_pipeline/pipeline/LOC/raxml-ng/LOC101253833_prot_linear_multi_sl25_prt_codonAlignment.raxml.bestModel

Execution log saved to: /home/homma/Desktop/coding/github/pos_selection_pipeline/tomato_pipeline/pipeline/LOC/raxml-ng/LOC101253833_prot_linear_multi_sl25_prt_codonAlignment.raxml.log

Analysis started: 01-Mar-2020 20:13:42 / finished: 01-Mar-2020 20:14:16

Elapsed time: 34.150 seconds

