
RAxML-NG v. 0.8.1 BETA released on 05.03.2019 by The Exelixis Lab.
Authors: Alexey Kozlov, Alexandros Stamatakis, Diego Darriba, Tomas Flouri, Benoit Morel.
Latest version: https://github.com/amkozlov/raxml-ng
Questions/problems/suggestions? Please visit: https://groups.google.com/forum/#!forum/raxml

WARNING: This is a BETA release, please use at your own risk!

RAxML-NG was called at 01-Mar-2020 22:02:05 as follows:

raxml-ng --msa LOC101260274_prot_linear_multi_sl25_prt_codonAlignment.fasta --prefix LOC101260274_prot_linear_multi_sl25_prt_codonAlignment --model GTR+G --seed 123 --bs-tree 100 --force

Analysis options:
  run mode: ML tree search
  start tree(s): random (10) + parsimony (10)
  random seed: 123
  tip-inner: OFF
  pattern compression: ON
  per-rate scalers: OFF
  site repeats: ON
  fast spr radius: AUTO
  spr subtree cutoff: 1.000000
  branch lengths: proportional (ML estimate, algorithm: NR-FAST)
  SIMD kernels: AVX2
  parallelization: PTHREADS (6 threads), thread pinning: OFF

WARNING: Running in FORCE mode: all safety checks are disabled!

[00:00:00] Reading alignment from file: LOC101260274_prot_linear_multi_sl25_prt_codonAlignment.fasta
[00:00:00] Loaded alignment with 107 taxa and 507 sites

Alignment comprises 1 partitions and 25 patterns

Partition 0: noname
Model: GTR+FO+G4m
Alignment sites / patterns: 507 / 25
Gaps: 0.00 %
Invariant sites: 95.46 %


NOTE: Binary MSA file created: LOC101260274_prot_linear_multi_sl25_prt_codonAlignment.raxml.rba

[00:00:00] Generating 10 random starting tree(s) with 107 taxa
[00:00:00] Generating 10 parsimony starting tree(s) with 107 taxa
[00:00:00] Data distribution: max. partitions/sites/weight per thread: 1 / 5 / 80

Starting ML tree search with 20 distinct starting trees

[00:00:01] ML tree search #1, logLikelihood: -947.908090
[00:00:02] ML tree search #2, logLikelihood: -887.912832
[00:00:03] ML tree search #3, logLikelihood: -892.467909
[00:00:05] ML tree search #4, logLikelihood: -896.590802
[00:00:06] ML tree search #5, logLikelihood: -887.912839
[00:00:07] ML tree search #6, logLikelihood: -887.915162
[00:00:09] ML tree search #7, logLikelihood: -887.940710
[00:00:10] ML tree search #8, logLikelihood: -887.930492
[00:00:11] ML tree search #9, logLikelihood: -887.919550
[00:00:13] ML tree search #10, logLikelihood: -887.945511
[00:00:14] ML tree search #11, logLikelihood: -887.936198
[00:00:14] ML tree search #12, logLikelihood: -892.786695
[00:00:15] ML tree search #13, logLikelihood: -892.784587
[00:00:16] ML tree search #14, logLikelihood: -887.928452
[00:00:16] ML tree search #15, logLikelihood: -892.784477
[00:00:17] ML tree search #16, logLikelihood: -892.784511
[00:00:17] ML tree search #17, logLikelihood: -887.935264
[00:00:18] ML tree search #18, logLikelihood: -887.931339
[00:00:18] ML tree search #19, logLikelihood: -892.788741
[00:00:19] ML tree search #20, logLikelihood: -892.788839

Optimized model parameters:

   Partition 0: noname
   Rate heterogeneity: GAMMA (4 cats, mean),  alpha: 0.020137 (ML),  weights&rates: (0.250000,0.000000) (0.250000,0.000000) (0.250000,0.000001) (0.250000,3.999999) 
   Base frequencies (ML): 0.258074 0.232215 0.205055 0.304656 
   Substitution rates (ML): 107.113039 888.568005 625.819395 126.224864 678.032129 1.000000 

Final LogLikelihood: -887.912832

AIC score: 2215.825663 / AICc score: 2555.825663 / BIC score: 3146.098084
Free parameters (model + branch lengths): 220

Best ML tree saved to: /home/homma/Desktop/coding/github/pos_selection_pipeline/tomato_pipeline/pipeline/LOC/raxml-ng/LOC101260274_prot_linear_multi_sl25_prt_codonAlignment.raxml.bestTree
All ML trees saved to: /home/homma/Desktop/coding/github/pos_selection_pipeline/tomato_pipeline/pipeline/LOC/raxml-ng/LOC101260274_prot_linear_multi_sl25_prt_codonAlignment.raxml.mlTrees
Optimized model saved to: /home/homma/Desktop/coding/github/pos_selection_pipeline/tomato_pipeline/pipeline/LOC/raxml-ng/LOC101260274_prot_linear_multi_sl25_prt_codonAlignment.raxml.bestModel

Execution log saved to: /home/homma/Desktop/coding/github/pos_selection_pipeline/tomato_pipeline/pipeline/LOC/raxml-ng/LOC101260274_prot_linear_multi_sl25_prt_codonAlignment.raxml.log

Analysis started: 01-Mar-2020 22:02:05 / finished: 01-Mar-2020 22:02:25

Elapsed time: 19.509 seconds

