
RAxML-NG v. 0.8.1 BETA released on 05.03.2019 by The Exelixis Lab.
Authors: Alexey Kozlov, Alexandros Stamatakis, Diego Darriba, Tomas Flouri, Benoit Morel.
Latest version: https://github.com/amkozlov/raxml-ng
Questions/problems/suggestions? Please visit: https://groups.google.com/forum/#!forum/raxml

WARNING: This is a BETA release, please use at your own risk!

RAxML-NG was called at 01-Mar-2020 22:19:01 as follows:

raxml-ng --msa LOC101266629_prot_linear_multi_sl25_prt_codonAlignment.fasta --prefix LOC101266629_prot_linear_multi_sl25_prt_codonAlignment --model GTR+G --seed 123 --bs-tree 100 --force

Analysis options:
  run mode: ML tree search
  start tree(s): random (10) + parsimony (10)
  random seed: 123
  tip-inner: OFF
  pattern compression: ON
  per-rate scalers: OFF
  site repeats: ON
  fast spr radius: AUTO
  spr subtree cutoff: 1.000000
  branch lengths: proportional (ML estimate, algorithm: NR-FAST)
  SIMD kernels: AVX2
  parallelization: PTHREADS (6 threads), thread pinning: OFF

WARNING: Running in FORCE mode: all safety checks are disabled!

[00:00:00] Reading alignment from file: LOC101266629_prot_linear_multi_sl25_prt_codonAlignment.fasta
[00:00:00] Loaded alignment with 112 taxa and 1077 sites

Alignment comprises 1 partitions and 35 patterns

Partition 0: noname
Model: GTR+FO+G4m
Alignment sites / patterns: 1077 / 35
Gaps: 0.06 %
Invariant sites: 97.77 %


NOTE: Binary MSA file created: LOC101266629_prot_linear_multi_sl25_prt_codonAlignment.raxml.rba

[00:00:00] Generating 10 random starting tree(s) with 112 taxa
[00:00:00] Generating 10 parsimony starting tree(s) with 112 taxa
[00:00:00] Data distribution: max. partitions/sites/weight per thread: 1 / 6 / 96

Starting ML tree search with 20 distinct starting trees

[00:00:01] ML tree search #1, logLikelihood: -1709.953096
[00:00:03] ML tree search #2, logLikelihood: -1709.953125
[00:00:04] ML tree search #3, logLikelihood: -1709.953120
[00:00:06] ML tree search #4, logLikelihood: -1722.214271
[00:00:07] ML tree search #5, logLikelihood: -1709.953101
[00:00:09] ML tree search #6, logLikelihood: -1709.953117
[00:00:10] ML tree search #7, logLikelihood: -1709.953124
[00:00:11] ML tree search #8, logLikelihood: -1709.953109
[00:00:13] ML tree search #9, logLikelihood: -1709.953109
[00:00:14] ML tree search #10, logLikelihood: -1756.327410
[00:00:15] ML tree search #11, logLikelihood: -1710.842301
[00:00:16] ML tree search #12, logLikelihood: -1710.081334
[00:00:16] ML tree search #13, logLikelihood: -1710.081335
[00:00:17] ML tree search #14, logLikelihood: -1710.842295
[00:00:18] ML tree search #15, logLikelihood: -1710.842297
[00:00:19] ML tree search #16, logLikelihood: -1716.794514
[00:00:20] ML tree search #17, logLikelihood: -1709.953104
[00:00:20] ML tree search #18, logLikelihood: -1710.842296
[00:00:21] ML tree search #19, logLikelihood: -1710.081337
[00:00:22] ML tree search #20, logLikelihood: -1710.842277

Optimized model parameters:

   Partition 0: noname
   Rate heterogeneity: GAMMA (4 cats, mean),  alpha: 0.020137 (ML),  weights&rates: (0.250000,0.000000) (0.250000,0.000000) (0.250000,0.000001) (0.250000,3.999999) 
   Base frequencies (ML): 0.280382 0.194498 0.245611 0.279509 
   Substitution rates (ML): 0.314751 2.003546 0.659917 0.359782 3.509480 1.000000 

Final LogLikelihood: -1709.953096

AIC score: 3879.906192 / AICc score: 4005.509029 / BIC score: 5025.751168
Free parameters (model + branch lengths): 230

Best ML tree saved to: /home/homma/Desktop/coding/github/pos_selection_pipeline/tomato_pipeline/pipeline/LOC/raxml-ng/LOC101266629_prot_linear_multi_sl25_prt_codonAlignment.raxml.bestTree
All ML trees saved to: /home/homma/Desktop/coding/github/pos_selection_pipeline/tomato_pipeline/pipeline/LOC/raxml-ng/LOC101266629_prot_linear_multi_sl25_prt_codonAlignment.raxml.mlTrees
Optimized model saved to: /home/homma/Desktop/coding/github/pos_selection_pipeline/tomato_pipeline/pipeline/LOC/raxml-ng/LOC101266629_prot_linear_multi_sl25_prt_codonAlignment.raxml.bestModel

Execution log saved to: /home/homma/Desktop/coding/github/pos_selection_pipeline/tomato_pipeline/pipeline/LOC/raxml-ng/LOC101266629_prot_linear_multi_sl25_prt_codonAlignment.raxml.log

Analysis started: 01-Mar-2020 22:19:01 / finished: 01-Mar-2020 22:19:23

Elapsed time: 22.228 seconds

