
RAxML-NG v. 0.8.1 BETA released on 05.03.2019 by The Exelixis Lab.
Authors: Alexey Kozlov, Alexandros Stamatakis, Diego Darriba, Tomas Flouri, Benoit Morel.
Latest version: https://github.com/amkozlov/raxml-ng
Questions/problems/suggestions? Please visit: https://groups.google.com/forum/#!forum/raxml

WARNING: This is a BETA release, please use at your own risk!

RAxML-NG was called at 01-Mar-2020 21:59:44 as follows:

raxml-ng --msa LOC101261260_prot_linear_multi_sl25_prt_codonAlignment.fasta --prefix LOC101261260_prot_linear_multi_sl25_prt_codonAlignment --model GTR+G --seed 123 --bs-tree 100 --force

Analysis options:
  run mode: ML tree search
  start tree(s): random (10) + parsimony (10)
  random seed: 123
  tip-inner: OFF
  pattern compression: ON
  per-rate scalers: OFF
  site repeats: ON
  fast spr radius: AUTO
  spr subtree cutoff: 1.000000
  branch lengths: proportional (ML estimate, algorithm: NR-FAST)
  SIMD kernels: AVX2
  parallelization: PTHREADS (6 threads), thread pinning: OFF

WARNING: Running in FORCE mode: all safety checks are disabled!

[00:00:00] Reading alignment from file: LOC101261260_prot_linear_multi_sl25_prt_codonAlignment.fasta
[00:00:00] Loaded alignment with 95 taxa and 981 sites

Alignment comprises 1 partitions and 51 patterns

Partition 0: noname
Model: GTR+FO+G4m
Alignment sites / patterns: 981 / 51
Gaps: 0.00 %
Invariant sites: 94.90 %


NOTE: Binary MSA file created: LOC101261260_prot_linear_multi_sl25_prt_codonAlignment.raxml.rba

[00:00:00] Generating 10 random starting tree(s) with 95 taxa
[00:00:00] Generating 10 parsimony starting tree(s) with 95 taxa
[00:00:00] Data distribution: max. partitions/sites/weight per thread: 1 / 9 / 144

Starting ML tree search with 20 distinct starting trees

[00:00:02] ML tree search #1, logLikelihood: -1849.204764
[00:00:03] ML tree search #2, logLikelihood: -1850.876395
[00:00:05] ML tree search #3, logLikelihood: -1849.204814
[00:00:06] ML tree search #4, logLikelihood: -1850.538555
[00:00:08] ML tree search #5, logLikelihood: -1851.698572
[00:00:09] ML tree search #6, logLikelihood: -1851.361567
[00:00:13] ML tree search #7, logLikelihood: -1851.698634
[00:00:15] ML tree search #8, logLikelihood: -1850.045397
[00:00:17] ML tree search #9, logLikelihood: -1850.876481
[00:00:19] ML tree search #10, logLikelihood: -1849.204784
[00:00:21] ML tree search #11, logLikelihood: -1852.199381
[00:00:23] ML tree search #12, logLikelihood: -1852.414671
[00:00:24] ML tree search #13, logLikelihood: -1851.399442
[00:00:25] ML tree search #14, logLikelihood: -1850.876672
[00:00:27] ML tree search #15, logLikelihood: -1852.221385
[00:00:28] ML tree search #16, logLikelihood: -1852.385145
[00:00:31] ML tree search #17, logLikelihood: -1851.006899
[00:00:32] ML tree search #18, logLikelihood: -1852.716069
[00:00:33] ML tree search #19, logLikelihood: -1853.565621
[00:00:34] ML tree search #20, logLikelihood: -1851.888899

Optimized model parameters:

   Partition 0: noname
   Rate heterogeneity: GAMMA (4 cats, mean),  alpha: 0.020122 (ML),  weights&rates: (0.250000,0.000000) (0.250000,0.000000) (0.250000,0.000001) (0.250000,3.999999) 
   Base frequencies (ML): 0.325328 0.144695 0.191602 0.338374 
   Substitution rates (ML): 0.403716 3.088635 0.611665 2.150091 7.002795 1.000000 

Final LogLikelihood: -1849.204764

AIC score: 4090.409527 / AICc score: 4188.909527 / BIC score: 5048.569729
Free parameters (model + branch lengths): 196

Best ML tree saved to: /home/homma/Desktop/coding/github/pos_selection_pipeline/tomato_pipeline/pipeline/LOC/raxml-ng/LOC101261260_prot_linear_multi_sl25_prt_codonAlignment.raxml.bestTree
All ML trees saved to: /home/homma/Desktop/coding/github/pos_selection_pipeline/tomato_pipeline/pipeline/LOC/raxml-ng/LOC101261260_prot_linear_multi_sl25_prt_codonAlignment.raxml.mlTrees
Optimized model saved to: /home/homma/Desktop/coding/github/pos_selection_pipeline/tomato_pipeline/pipeline/LOC/raxml-ng/LOC101261260_prot_linear_multi_sl25_prt_codonAlignment.raxml.bestModel

Execution log saved to: /home/homma/Desktop/coding/github/pos_selection_pipeline/tomato_pipeline/pipeline/LOC/raxml-ng/LOC101261260_prot_linear_multi_sl25_prt_codonAlignment.raxml.log

Analysis started: 01-Mar-2020 21:59:44 / finished: 01-Mar-2020 22:00:19

Elapsed time: 34.471 seconds

