
RAxML-NG v. 0.8.1 BETA released on 05.03.2019 by The Exelixis Lab.
Authors: Alexey Kozlov, Alexandros Stamatakis, Diego Darriba, Tomas Flouri, Benoit Morel.
Latest version: https://github.com/amkozlov/raxml-ng
Questions/problems/suggestions? Please visit: https://groups.google.com/forum/#!forum/raxml

WARNING: This is a BETA release, please use at your own risk!

RAxML-NG was called at 01-Mar-2020 20:07:55 as follows:

raxml-ng --msa LOC101268253_prot_linear_multi_sl25_prt_codonAlignment.fasta --prefix LOC101268253_prot_linear_multi_sl25_prt_codonAlignment --model GTR+G --seed 123 --bs-tree 100 --force

Analysis options:
  run mode: ML tree search
  start tree(s): random (10) + parsimony (10)
  random seed: 123
  tip-inner: OFF
  pattern compression: ON
  per-rate scalers: OFF
  site repeats: ON
  fast spr radius: AUTO
  spr subtree cutoff: 1.000000
  branch lengths: proportional (ML estimate, algorithm: NR-FAST)
  SIMD kernels: AVX2
  parallelization: PTHREADS (6 threads), thread pinning: OFF

WARNING: Running in FORCE mode: all safety checks are disabled!

[00:00:00] Reading alignment from file: LOC101268253_prot_linear_multi_sl25_prt_codonAlignment.fasta
[00:00:00] Loaded alignment with 86 taxa and 1410 sites

Alignment comprises 1 partitions and 111 patterns

Partition 0: noname
Model: GTR+FO+G4m
Alignment sites / patterns: 1410 / 111
Gaps: 1.27 %
Invariant sites: 92.70 %


NOTE: Binary MSA file created: LOC101268253_prot_linear_multi_sl25_prt_codonAlignment.raxml.rba

[00:00:00] Generating 10 random starting tree(s) with 86 taxa
[00:00:00] Generating 10 parsimony starting tree(s) with 86 taxa
[00:00:00] Data distribution: max. partitions/sites/weight per thread: 1 / 19 / 304

Starting ML tree search with 20 distinct starting trees

[00:00:03] ML tree search #1, logLikelihood: -3477.960322
[00:00:06] ML tree search #2, logLikelihood: -3476.151311
[00:00:08] ML tree search #3, logLikelihood: -3478.603851
[00:00:11] ML tree search #4, logLikelihood: -3472.228858
[00:00:14] ML tree search #5, logLikelihood: -3476.610745
[00:00:16] ML tree search #6, logLikelihood: -3476.978247
[00:00:20] ML tree search #7, logLikelihood: -3470.970014
[00:00:21] ML tree search #8, logLikelihood: -3473.329291
[00:00:25] ML tree search #9, logLikelihood: -3471.479264
[00:00:29] ML tree search #10, logLikelihood: -3474.369853
[00:00:31] ML tree search #11, logLikelihood: -3475.916897
[00:00:32] ML tree search #12, logLikelihood: -3472.376304
[00:00:35] ML tree search #13, logLikelihood: -3477.501011
[00:00:37] ML tree search #14, logLikelihood: -3476.309653
[00:00:39] ML tree search #15, logLikelihood: -3473.174138
[00:00:42] ML tree search #16, logLikelihood: -3472.544520
[00:00:45] ML tree search #17, logLikelihood: -3470.565093
[00:00:47] ML tree search #18, logLikelihood: -3473.262435
[00:00:50] ML tree search #19, logLikelihood: -3470.565044
[00:00:52] ML tree search #20, logLikelihood: -3471.826410

Optimized model parameters:

   Partition 0: noname
   Rate heterogeneity: GAMMA (4 cats, mean),  alpha: 0.020139 (ML),  weights&rates: (0.250000,0.000000) (0.250000,0.000000) (0.250000,0.000001) (0.250000,3.999999) 
   Base frequencies (ML): 0.317193 0.239753 0.166858 0.276196 
   Substitution rates (ML): 3.947467 6.558872 2.752443 4.767050 3.766333 1.000000 

Final LogLikelihood: -3470.565044

AIC score: 7297.130087 / AICc score: 7348.896131 / BIC score: 8231.869494
Free parameters (model + branch lengths): 178

Best ML tree saved to: /home/homma/Desktop/coding/github/pos_selection_pipeline/tomato_pipeline/pipeline/LOC/raxml-ng/LOC101268253_prot_linear_multi_sl25_prt_codonAlignment.raxml.bestTree
All ML trees saved to: /home/homma/Desktop/coding/github/pos_selection_pipeline/tomato_pipeline/pipeline/LOC/raxml-ng/LOC101268253_prot_linear_multi_sl25_prt_codonAlignment.raxml.mlTrees
Optimized model saved to: /home/homma/Desktop/coding/github/pos_selection_pipeline/tomato_pipeline/pipeline/LOC/raxml-ng/LOC101268253_prot_linear_multi_sl25_prt_codonAlignment.raxml.bestModel

Execution log saved to: /home/homma/Desktop/coding/github/pos_selection_pipeline/tomato_pipeline/pipeline/LOC/raxml-ng/LOC101268253_prot_linear_multi_sl25_prt_codonAlignment.raxml.log

Analysis started: 01-Mar-2020 20:07:55 / finished: 01-Mar-2020 20:08:48

Elapsed time: 52.617 seconds

