
RAxML-NG v. 0.8.1 BETA released on 05.03.2019 by The Exelixis Lab.
Authors: Alexey Kozlov, Alexandros Stamatakis, Diego Darriba, Tomas Flouri, Benoit Morel.
Latest version: https://github.com/amkozlov/raxml-ng
Questions/problems/suggestions? Please visit: https://groups.google.com/forum/#!forum/raxml

WARNING: This is a BETA release, please use at your own risk!

RAxML-NG was called at 01-Mar-2020 20:07:17 as follows:

raxml-ng --msa LOC101247915_prot_linear_multi_sl25_prt_codonAlignment.fasta --prefix LOC101247915_prot_linear_multi_sl25_prt_codonAlignment --model GTR+G --seed 123 --bs-tree 100 --force

Analysis options:
  run mode: ML tree search
  start tree(s): random (10) + parsimony (10)
  random seed: 123
  tip-inner: OFF
  pattern compression: ON
  per-rate scalers: OFF
  site repeats: ON
  fast spr radius: AUTO
  spr subtree cutoff: 1.000000
  branch lengths: proportional (ML estimate, algorithm: NR-FAST)
  SIMD kernels: AVX2
  parallelization: PTHREADS (6 threads), thread pinning: OFF

WARNING: Running in FORCE mode: all safety checks are disabled!

[00:00:00] Reading alignment from file: LOC101247915_prot_linear_multi_sl25_prt_codonAlignment.fasta
[00:00:00] Loaded alignment with 88 taxa and 1455 sites

Alignment comprises 1 partitions and 56 patterns

Partition 0: noname
Model: GTR+FO+G4m
Alignment sites / patterns: 1455 / 56
Gaps: 0.00 %
Invariant sites: 95.81 %


NOTE: Binary MSA file created: LOC101247915_prot_linear_multi_sl25_prt_codonAlignment.raxml.rba

[00:00:00] Generating 10 random starting tree(s) with 88 taxa
[00:00:00] Generating 10 parsimony starting tree(s) with 88 taxa
[00:00:00] Data distribution: max. partitions/sites/weight per thread: 1 / 10 / 160

Starting ML tree search with 20 distinct starting trees

[00:00:01] ML tree search #1, logLikelihood: -2540.059936
[00:00:02] ML tree search #2, logLikelihood: -2540.476387
[00:00:04] ML tree search #3, logLikelihood: -2539.658803
[00:00:05] ML tree search #4, logLikelihood: -2539.658710
[00:00:06] ML tree search #5, logLikelihood: -2539.768522
[00:00:07] ML tree search #6, logLikelihood: -2539.768451
[00:00:08] ML tree search #7, logLikelihood: -2540.537510
[00:00:09] ML tree search #8, logLikelihood: -2539.658734
[00:00:11] ML tree search #9, logLikelihood: -2539.768451
[00:00:12] ML tree search #10, logLikelihood: -2544.466707
[00:00:13] ML tree search #11, logLikelihood: -2540.167311
[00:00:14] ML tree search #12, logLikelihood: -2540.243690
[00:00:14] ML tree search #13, logLikelihood: -2540.537555
[00:00:15] ML tree search #14, logLikelihood: -2540.537530
[00:00:16] ML tree search #15, logLikelihood: -2541.049832
[00:00:16] ML tree search #16, logLikelihood: -2540.641303
[00:00:17] ML tree search #17, logLikelihood: -2541.154712
[00:00:18] ML tree search #18, logLikelihood: -2540.536416
[00:00:18] ML tree search #19, logLikelihood: -2540.537514
[00:00:19] ML tree search #20, logLikelihood: -2540.243727

Optimized model parameters:

   Partition 0: noname
   Rate heterogeneity: GAMMA (4 cats, mean),  alpha: 0.020138 (ML),  weights&rates: (0.250000,0.000000) (0.250000,0.000000) (0.250000,0.000001) (0.250000,3.999999) 
   Base frequencies (ML): 0.284571 0.185702 0.254476 0.275251 
   Substitution rates (ML): 5.266285 7.115972 3.493765 3.037310 22.024193 1.000000 

Final LogLikelihood: -2539.658710

AIC score: 5443.317420 / AICc score: 5495.685345 / BIC score: 6404.779955
Free parameters (model + branch lengths): 182

Best ML tree saved to: /home/homma/Desktop/coding/github/pos_selection_pipeline/tomato_pipeline/pipeline/LOC/raxml-ng/LOC101247915_prot_linear_multi_sl25_prt_codonAlignment.raxml.bestTree
All ML trees saved to: /home/homma/Desktop/coding/github/pos_selection_pipeline/tomato_pipeline/pipeline/LOC/raxml-ng/LOC101247915_prot_linear_multi_sl25_prt_codonAlignment.raxml.mlTrees
Optimized model saved to: /home/homma/Desktop/coding/github/pos_selection_pipeline/tomato_pipeline/pipeline/LOC/raxml-ng/LOC101247915_prot_linear_multi_sl25_prt_codonAlignment.raxml.bestModel

Execution log saved to: /home/homma/Desktop/coding/github/pos_selection_pipeline/tomato_pipeline/pipeline/LOC/raxml-ng/LOC101247915_prot_linear_multi_sl25_prt_codonAlignment.raxml.log

Analysis started: 01-Mar-2020 20:07:17 / finished: 01-Mar-2020 20:07:36

Elapsed time: 19.587 seconds

