
RAxML-NG v. 0.8.1 BETA released on 05.03.2019 by The Exelixis Lab.
Authors: Alexey Kozlov, Alexandros Stamatakis, Diego Darriba, Tomas Flouri, Benoit Morel.
Latest version: https://github.com/amkozlov/raxml-ng
Questions/problems/suggestions? Please visit: https://groups.google.com/forum/#!forum/raxml

WARNING: This is a BETA release, please use at your own risk!

RAxML-NG was called at 01-Mar-2020 21:51:42 as follows:

raxml-ng --msa LOC101250549_prot_linear_multi_sl25_prt_codonAlignment.fasta --prefix LOC101250549_prot_linear_multi_sl25_prt_codonAlignment --model GTR+G --seed 123 --bs-tree 100 --force

Analysis options:
  run mode: ML tree search
  start tree(s): random (10) + parsimony (10)
  random seed: 123
  tip-inner: OFF
  pattern compression: ON
  per-rate scalers: OFF
  site repeats: ON
  fast spr radius: AUTO
  spr subtree cutoff: 1.000000
  branch lengths: proportional (ML estimate, algorithm: NR-FAST)
  SIMD kernels: AVX2
  parallelization: PTHREADS (6 threads), thread pinning: OFF

WARNING: Running in FORCE mode: all safety checks are disabled!

[00:00:00] Reading alignment from file: LOC101250549_prot_linear_multi_sl25_prt_codonAlignment.fasta
[00:00:00] Loaded alignment with 110 taxa and 3216 sites

Alignment comprises 1 partitions and 125 patterns

Partition 0: noname
Model: GTR+FO+G4m
Alignment sites / patterns: 3216 / 125
Gaps: 0.00 %
Invariant sites: 95.65 %


NOTE: Binary MSA file created: LOC101250549_prot_linear_multi_sl25_prt_codonAlignment.raxml.rba

[00:00:00] Generating 10 random starting tree(s) with 110 taxa
[00:00:00] Generating 10 parsimony starting tree(s) with 110 taxa
[00:00:00] Data distribution: max. partitions/sites/weight per thread: 1 / 21 / 336

Starting ML tree search with 20 distinct starting trees

[00:00:02] ML tree search #1, logLikelihood: -6123.091006
[00:00:05] ML tree search #2, logLikelihood: -6123.272139
[00:00:07] ML tree search #3, logLikelihood: -6117.934791
[00:00:10] ML tree search #4, logLikelihood: -6115.779755
[00:00:12] ML tree search #5, logLikelihood: -6116.669534
[00:00:14] ML tree search #6, logLikelihood: -6125.453016
[00:00:16] ML tree search #7, logLikelihood: -6115.138670
[00:00:18] ML tree search #8, logLikelihood: -6115.779609
[00:00:21] ML tree search #9, logLikelihood: -6116.196979
[00:00:23] ML tree search #10, logLikelihood: -6115.779675
[00:00:24] ML tree search #11, logLikelihood: -6125.882014
[00:00:26] ML tree search #12, logLikelihood: -6123.674913
[00:00:27] ML tree search #13, logLikelihood: -6124.739711
[00:00:30] ML tree search #14, logLikelihood: -6121.882291
[00:00:31] ML tree search #15, logLikelihood: -6126.752085
[00:00:32] ML tree search #16, logLikelihood: -6129.457080
[00:00:35] ML tree search #17, logLikelihood: -6125.283717
[00:00:36] ML tree search #18, logLikelihood: -6134.537937
[00:00:38] ML tree search #19, logLikelihood: -6115.138607
[00:00:40] ML tree search #20, logLikelihood: -6115.138653

Optimized model parameters:

   Partition 0: noname
   Rate heterogeneity: GAMMA (4 cats, mean),  alpha: 0.020139 (ML),  weights&rates: (0.250000,0.000000) (0.250000,0.000000) (0.250000,0.000001) (0.250000,3.999999) 
   Base frequencies (ML): 0.287599 0.190197 0.235846 0.286358 
   Substitution rates (ML): 3.061288 5.744506 1.946765 1.581991 9.544518 1.000000 

Final LogLikelihood: -6115.138607

AIC score: 12682.277214 / AICc score: 12716.604414 / BIC score: 14055.429175
Free parameters (model + branch lengths): 226

Best ML tree saved to: /home/homma/Desktop/coding/github/pos_selection_pipeline/tomato_pipeline/pipeline/LOC/raxml-ng/LOC101250549_prot_linear_multi_sl25_prt_codonAlignment.raxml.bestTree
All ML trees saved to: /home/homma/Desktop/coding/github/pos_selection_pipeline/tomato_pipeline/pipeline/LOC/raxml-ng/LOC101250549_prot_linear_multi_sl25_prt_codonAlignment.raxml.mlTrees
Optimized model saved to: /home/homma/Desktop/coding/github/pos_selection_pipeline/tomato_pipeline/pipeline/LOC/raxml-ng/LOC101250549_prot_linear_multi_sl25_prt_codonAlignment.raxml.bestModel

Execution log saved to: /home/homma/Desktop/coding/github/pos_selection_pipeline/tomato_pipeline/pipeline/LOC/raxml-ng/LOC101250549_prot_linear_multi_sl25_prt_codonAlignment.raxml.log

Analysis started: 01-Mar-2020 21:51:42 / finished: 01-Mar-2020 21:52:23

Elapsed time: 40.661 seconds

