
RAxML-NG v. 0.8.1 BETA released on 05.03.2019 by The Exelixis Lab.
Authors: Alexey Kozlov, Alexandros Stamatakis, Diego Darriba, Tomas Flouri, Benoit Morel.
Latest version: https://github.com/amkozlov/raxml-ng
Questions/problems/suggestions? Please visit: https://groups.google.com/forum/#!forum/raxml

WARNING: This is a BETA release, please use at your own risk!

RAxML-NG was called at 01-Mar-2020 21:21:02 as follows:

raxml-ng --msa LOC101263864_prot_linear_multi_sl25_prt_codonAlignment.fasta --prefix LOC101263864_prot_linear_multi_sl25_prt_codonAlignment --model GTR+G --seed 123 --bs-tree 100 --force

Analysis options:
  run mode: ML tree search
  start tree(s): random (10) + parsimony (10)
  random seed: 123
  tip-inner: OFF
  pattern compression: ON
  per-rate scalers: OFF
  site repeats: ON
  fast spr radius: AUTO
  spr subtree cutoff: 1.000000
  branch lengths: proportional (ML estimate, algorithm: NR-FAST)
  SIMD kernels: AVX2
  parallelization: PTHREADS (6 threads), thread pinning: OFF

WARNING: Running in FORCE mode: all safety checks are disabled!

[00:00:00] Reading alignment from file: LOC101263864_prot_linear_multi_sl25_prt_codonAlignment.fasta
[00:00:00] Loaded alignment with 104 taxa and 1164 sites

Alignment comprises 1 partitions and 56 patterns

Partition 0: noname
Model: GTR+FO+G4m
Alignment sites / patterns: 1164 / 56
Gaps: 0.00 %
Invariant sites: 95.19 %


NOTE: Binary MSA file created: LOC101263864_prot_linear_multi_sl25_prt_codonAlignment.raxml.rba

[00:00:00] Generating 10 random starting tree(s) with 104 taxa
[00:00:00] Generating 10 parsimony starting tree(s) with 104 taxa
[00:00:00] Data distribution: max. partitions/sites/weight per thread: 1 / 10 / 160

Starting ML tree search with 20 distinct starting trees

[00:00:01] ML tree search #1, logLikelihood: -2182.571923
[00:00:03] ML tree search #2, logLikelihood: -2177.239717
[00:00:04] ML tree search #3, logLikelihood: -2182.319695
[00:00:06] ML tree search #4, logLikelihood: -2179.300534
[00:00:08] ML tree search #5, logLikelihood: -2177.239603
[00:00:10] ML tree search #6, logLikelihood: -2177.482050
[00:00:11] ML tree search #7, logLikelihood: -2182.405313
[00:00:13] ML tree search #8, logLikelihood: -2177.946961
[00:00:15] ML tree search #9, logLikelihood: -2182.477644
[00:00:16] ML tree search #10, logLikelihood: -2177.482142
[00:00:17] ML tree search #11, logLikelihood: -2179.713868
[00:00:19] ML tree search #12, logLikelihood: -2184.673037
[00:00:21] ML tree search #13, logLikelihood: -2179.472724
[00:00:21] ML tree search #14, logLikelihood: -2179.948543
[00:00:23] ML tree search #15, logLikelihood: -2179.948412
[00:00:24] ML tree search #16, logLikelihood: -2185.478046
[00:00:26] ML tree search #17, logLikelihood: -2182.788851
[00:00:27] ML tree search #18, logLikelihood: -2179.713987
[00:00:28] ML tree search #19, logLikelihood: -2179.789485
[00:00:30] ML tree search #20, logLikelihood: -2179.224765

Optimized model parameters:

   Partition 0: noname
   Rate heterogeneity: GAMMA (4 cats, mean),  alpha: 0.020138 (ML),  weights&rates: (0.250000,0.000000) (0.250000,0.000000) (0.250000,0.000001) (0.250000,3.999999) 
   Base frequencies (ML): 0.258543 0.213687 0.254107 0.273662 
   Substitution rates (ML): 1.884109 11.056262 3.558474 6.450892 19.865032 1.000000 

Final LogLikelihood: -2177.239603

AIC score: 4782.479207 / AICc score: 4879.444433 / BIC score: 5865.237379
Free parameters (model + branch lengths): 214

Best ML tree saved to: /home/homma/Desktop/coding/github/pos_selection_pipeline/tomato_pipeline/pipeline/LOC/raxml-ng/LOC101263864_prot_linear_multi_sl25_prt_codonAlignment.raxml.bestTree
All ML trees saved to: /home/homma/Desktop/coding/github/pos_selection_pipeline/tomato_pipeline/pipeline/LOC/raxml-ng/LOC101263864_prot_linear_multi_sl25_prt_codonAlignment.raxml.mlTrees
Optimized model saved to: /home/homma/Desktop/coding/github/pos_selection_pipeline/tomato_pipeline/pipeline/LOC/raxml-ng/LOC101263864_prot_linear_multi_sl25_prt_codonAlignment.raxml.bestModel

Execution log saved to: /home/homma/Desktop/coding/github/pos_selection_pipeline/tomato_pipeline/pipeline/LOC/raxml-ng/LOC101263864_prot_linear_multi_sl25_prt_codonAlignment.raxml.log

Analysis started: 01-Mar-2020 21:21:02 / finished: 01-Mar-2020 21:21:32

Elapsed time: 30.229 seconds

