
RAxML-NG v. 0.8.1 BETA released on 05.03.2019 by The Exelixis Lab.
Authors: Alexey Kozlov, Alexandros Stamatakis, Diego Darriba, Tomas Flouri, Benoit Morel.
Latest version: https://github.com/amkozlov/raxml-ng
Questions/problems/suggestions? Please visit: https://groups.google.com/forum/#!forum/raxml

WARNING: This is a BETA release, please use at your own risk!

RAxML-NG was called at 01-Mar-2020 20:45:26 as follows:

raxml-ng --msa LOC100191110_prot_linear_multi_sl25_prt_codonAlignment.fasta --prefix LOC100191110_prot_linear_multi_sl25_prt_codonAlignment --model GTR+G --seed 123 --bs-tree 100 --force

Analysis options:
  run mode: ML tree search
  start tree(s): random (10) + parsimony (10)
  random seed: 123
  tip-inner: OFF
  pattern compression: ON
  per-rate scalers: OFF
  site repeats: ON
  fast spr radius: AUTO
  spr subtree cutoff: 1.000000
  branch lengths: proportional (ML estimate, algorithm: NR-FAST)
  SIMD kernels: AVX2
  parallelization: PTHREADS (6 threads), thread pinning: OFF

WARNING: Running in FORCE mode: all safety checks are disabled!

[00:00:00] Reading alignment from file: LOC100191110_prot_linear_multi_sl25_prt_codonAlignment.fasta
[00:00:00] Loaded alignment with 101 taxa and 1158 sites

Alignment comprises 1 partitions and 44 patterns

Partition 0: noname
Model: GTR+FO+G4m
Alignment sites / patterns: 1158 / 44
Gaps: 0.00 %
Invariant sites: 96.29 %


NOTE: Binary MSA file created: LOC100191110_prot_linear_multi_sl25_prt_codonAlignment.raxml.rba

[00:00:00] Generating 10 random starting tree(s) with 101 taxa
[00:00:00] Generating 10 parsimony starting tree(s) with 101 taxa
[00:00:00] Data distribution: max. partitions/sites/weight per thread: 1 / 8 / 128

Starting ML tree search with 20 distinct starting trees

[00:00:01] ML tree search #1, logLikelihood: -2126.890557
[00:00:03] ML tree search #2, logLikelihood: -2130.292638
[00:00:06] ML tree search #3, logLikelihood: -2125.504585
[00:00:07] ML tree search #4, logLikelihood: -2125.912119
[00:00:09] ML tree search #5, logLikelihood: -2123.691993
[00:00:10] ML tree search #6, logLikelihood: -2131.125940
[00:00:12] ML tree search #7, logLikelihood: -2128.779990
[00:00:13] ML tree search #8, logLikelihood: -2129.605281
[00:00:16] ML tree search #9, logLikelihood: -2130.889403
[00:00:19] ML tree search #10, logLikelihood: -2126.483182
[00:00:20] ML tree search #11, logLikelihood: -2129.307521
[00:00:21] ML tree search #12, logLikelihood: -2125.072722
[00:00:22] ML tree search #13, logLikelihood: -2124.072975
[00:00:23] ML tree search #14, logLikelihood: -2127.090081
[00:00:24] ML tree search #15, logLikelihood: -2131.815879
[00:00:25] ML tree search #16, logLikelihood: -2132.665679
[00:00:25] ML tree search #17, logLikelihood: -2139.289694
[00:00:27] ML tree search #18, logLikelihood: -2123.316826
[00:00:27] ML tree search #19, logLikelihood: -2146.732857
[00:00:28] ML tree search #20, logLikelihood: -2123.716465

Optimized model parameters:

   Partition 0: noname
   Rate heterogeneity: GAMMA (4 cats, mean),  alpha: 0.020138 (ML),  weights&rates: (0.250000,0.000000) (0.250000,0.000000) (0.250000,0.000001) (0.250000,3.999999) 
   Base frequencies (ML): 0.289501 0.182158 0.255626 0.272715 
   Substitution rates (ML): 0.405002 3.770399 1.323003 0.232398 7.568290 1.000000 

Final LogLikelihood: -2123.316826

AIC score: 4662.633652 / AICc score: 4754.250090 / BIC score: 5713.959181
Free parameters (model + branch lengths): 208

Best ML tree saved to: /home/homma/Desktop/coding/github/pos_selection_pipeline/tomato_pipeline/pipeline/LOC/raxml-ng/LOC100191110_prot_linear_multi_sl25_prt_codonAlignment.raxml.bestTree
All ML trees saved to: /home/homma/Desktop/coding/github/pos_selection_pipeline/tomato_pipeline/pipeline/LOC/raxml-ng/LOC100191110_prot_linear_multi_sl25_prt_codonAlignment.raxml.mlTrees
Optimized model saved to: /home/homma/Desktop/coding/github/pos_selection_pipeline/tomato_pipeline/pipeline/LOC/raxml-ng/LOC100191110_prot_linear_multi_sl25_prt_codonAlignment.raxml.bestModel

Execution log saved to: /home/homma/Desktop/coding/github/pos_selection_pipeline/tomato_pipeline/pipeline/LOC/raxml-ng/LOC100191110_prot_linear_multi_sl25_prt_codonAlignment.raxml.log

Analysis started: 01-Mar-2020 20:45:26 / finished: 01-Mar-2020 20:45:55

Elapsed time: 28.836 seconds

