
RAxML-NG v. 0.8.1 BETA released on 05.03.2019 by The Exelixis Lab.
Authors: Alexey Kozlov, Alexandros Stamatakis, Diego Darriba, Tomas Flouri, Benoit Morel.
Latest version: https://github.com/amkozlov/raxml-ng
Questions/problems/suggestions? Please visit: https://groups.google.com/forum/#!forum/raxml

WARNING: This is a BETA release, please use at your own risk!

RAxML-NG was called at 01-Mar-2020 21:50:49 as follows:

raxml-ng --msa LOC101245783_prot_linear_multi_sl25_prt_codonAlignment.fasta --prefix LOC101245783_prot_linear_multi_sl25_prt_codonAlignment --model GTR+G --seed 123 --bs-tree 100 --force

Analysis options:
  run mode: ML tree search
  start tree(s): random (10) + parsimony (10)
  random seed: 123
  tip-inner: OFF
  pattern compression: ON
  per-rate scalers: OFF
  site repeats: ON
  fast spr radius: AUTO
  spr subtree cutoff: 1.000000
  branch lengths: proportional (ML estimate, algorithm: NR-FAST)
  SIMD kernels: AVX2
  parallelization: PTHREADS (6 threads), thread pinning: OFF

WARNING: Running in FORCE mode: all safety checks are disabled!

[00:00:00] Reading alignment from file: LOC101245783_prot_linear_multi_sl25_prt_codonAlignment.fasta
[00:00:00] Loaded alignment with 104 taxa and 2721 sites

Alignment comprises 1 partitions and 103 patterns

Partition 0: noname
Model: GTR+FO+G4m
Alignment sites / patterns: 2721 / 103
Gaps: 0.12 %
Invariant sites: 95.85 %


NOTE: Binary MSA file created: LOC101245783_prot_linear_multi_sl25_prt_codonAlignment.raxml.rba

[00:00:00] Generating 10 random starting tree(s) with 104 taxa
[00:00:00] Generating 10 parsimony starting tree(s) with 104 taxa
[00:00:00] Data distribution: max. partitions/sites/weight per thread: 1 / 18 / 288

Starting ML tree search with 20 distinct starting trees

[00:00:04] ML tree search #1, logLikelihood: -5035.736694
[00:00:08] ML tree search #2, logLikelihood: -5031.518899
[00:00:10] ML tree search #3, logLikelihood: -5031.947859
[00:00:13] ML tree search #4, logLikelihood: -5039.503914
[00:00:17] ML tree search #5, logLikelihood: -5032.233283
[00:00:20] ML tree search #6, logLikelihood: -5034.136635
[00:00:22] ML tree search #7, logLikelihood: -5031.541369
[00:00:25] ML tree search #8, logLikelihood: -5042.893150
[00:00:29] ML tree search #9, logLikelihood: -5037.692417
[00:00:32] ML tree search #10, logLikelihood: -5032.331619
[00:00:34] ML tree search #11, logLikelihood: -5031.926920
[00:00:36] ML tree search #12, logLikelihood: -5033.355601
[00:00:37] ML tree search #13, logLikelihood: -5040.863249
[00:00:42] ML tree search #14, logLikelihood: -5044.598080
[00:00:43] ML tree search #15, logLikelihood: -5031.519155
[00:00:44] ML tree search #16, logLikelihood: -5043.994573
[00:00:46] ML tree search #17, logLikelihood: -5048.092982
[00:00:48] ML tree search #18, logLikelihood: -5032.233524
[00:00:51] ML tree search #19, logLikelihood: -5036.047565
[00:00:53] ML tree search #20, logLikelihood: -5036.233408

Optimized model parameters:

   Partition 0: noname
   Rate heterogeneity: GAMMA (4 cats, mean),  alpha: 0.020137 (ML),  weights&rates: (0.250000,0.000000) (0.250000,0.000000) (0.250000,0.000001) (0.250000,3.999999) 
   Base frequencies (ML): 0.300164 0.178855 0.251385 0.269596 
   Substitution rates (ML): 1.853411 3.576121 1.025403 1.468257 9.516128 1.000000 

Final LogLikelihood: -5031.518899

AIC score: 10491.037797 / AICc score: 10527.757669 / BIC score: 11755.511311
Free parameters (model + branch lengths): 214

Best ML tree saved to: /home/homma/Desktop/coding/github/pos_selection_pipeline/tomato_pipeline/pipeline/LOC/raxml-ng/LOC101245783_prot_linear_multi_sl25_prt_codonAlignment.raxml.bestTree
All ML trees saved to: /home/homma/Desktop/coding/github/pos_selection_pipeline/tomato_pipeline/pipeline/LOC/raxml-ng/LOC101245783_prot_linear_multi_sl25_prt_codonAlignment.raxml.mlTrees
Optimized model saved to: /home/homma/Desktop/coding/github/pos_selection_pipeline/tomato_pipeline/pipeline/LOC/raxml-ng/LOC101245783_prot_linear_multi_sl25_prt_codonAlignment.raxml.bestModel

Execution log saved to: /home/homma/Desktop/coding/github/pos_selection_pipeline/tomato_pipeline/pipeline/LOC/raxml-ng/LOC101245783_prot_linear_multi_sl25_prt_codonAlignment.raxml.log

Analysis started: 01-Mar-2020 21:50:49 / finished: 01-Mar-2020 21:51:42

Elapsed time: 53.773 seconds

