
RAxML-NG v. 0.8.1 BETA released on 05.03.2019 by The Exelixis Lab.
Authors: Alexey Kozlov, Alexandros Stamatakis, Diego Darriba, Tomas Flouri, Benoit Morel.
Latest version: https://github.com/amkozlov/raxml-ng
Questions/problems/suggestions? Please visit: https://groups.google.com/forum/#!forum/raxml

WARNING: This is a BETA release, please use at your own risk!

RAxML-NG was called at 01-Mar-2020 21:32:27 as follows:

raxml-ng --msa LOC101260288_prot_linear_multi_sl25_prt_codonAlignment.fasta --prefix LOC101260288_prot_linear_multi_sl25_prt_codonAlignment --model GTR+G --seed 123 --bs-tree 100 --force

Analysis options:
  run mode: ML tree search
  start tree(s): random (10) + parsimony (10)
  random seed: 123
  tip-inner: OFF
  pattern compression: ON
  per-rate scalers: OFF
  site repeats: ON
  fast spr radius: AUTO
  spr subtree cutoff: 1.000000
  branch lengths: proportional (ML estimate, algorithm: NR-FAST)
  SIMD kernels: AVX2
  parallelization: PTHREADS (6 threads), thread pinning: OFF

WARNING: Running in FORCE mode: all safety checks are disabled!

[00:00:00] Reading alignment from file: LOC101260288_prot_linear_multi_sl25_prt_codonAlignment.fasta
[00:00:00] Loaded alignment with 97 taxa and 1089 sites

Alignment comprises 1 partitions and 82 patterns

Partition 0: noname
Model: GTR+FO+G4m
Alignment sites / patterns: 1089 / 82
Gaps: 0.54 %
Invariant sites: 93.57 %


NOTE: Binary MSA file created: LOC101260288_prot_linear_multi_sl25_prt_codonAlignment.raxml.rba

[00:00:00] Generating 10 random starting tree(s) with 97 taxa
[00:00:00] Generating 10 parsimony starting tree(s) with 97 taxa
[00:00:00] Data distribution: max. partitions/sites/weight per thread: 1 / 14 / 224

Starting ML tree search with 20 distinct starting trees

[00:00:05] ML tree search #1, logLikelihood: -2552.742449
[00:00:10] ML tree search #2, logLikelihood: -2550.768741
[00:00:12] ML tree search #3, logLikelihood: -2552.604287
[00:00:17] ML tree search #4, logLikelihood: -2546.377844
[00:00:20] ML tree search #5, logLikelihood: -2551.535178
[00:00:23] ML tree search #6, logLikelihood: -2555.986988
[00:00:25] ML tree search #7, logLikelihood: -2546.900159
[00:00:29] ML tree search #8, logLikelihood: -2553.799645
[00:00:31] ML tree search #9, logLikelihood: -2552.522784
[00:00:33] ML tree search #10, logLikelihood: -2549.049863
[00:00:36] ML tree search #11, logLikelihood: -2546.266562
[00:00:39] ML tree search #12, logLikelihood: -2550.093797
[00:00:41] ML tree search #13, logLikelihood: -2560.330006
[00:00:42] ML tree search #14, logLikelihood: -2548.150366
[00:00:47] ML tree search #15, logLikelihood: -2547.796950
[00:00:48] ML tree search #16, logLikelihood: -2556.515698
[00:00:53] ML tree search #17, logLikelihood: -2546.653797
[00:00:57] ML tree search #18, logLikelihood: -2552.150087
[00:01:00] ML tree search #19, logLikelihood: -2552.555242
[00:01:04] ML tree search #20, logLikelihood: -2546.538387

Optimized model parameters:

   Partition 0: noname
   Rate heterogeneity: GAMMA (4 cats, mean),  alpha: 0.020140 (ML),  weights&rates: (0.250000,0.000000) (0.250000,0.000000) (0.250000,0.000001) (0.250000,3.999999) 
   Base frequencies (ML): 0.307980 0.154641 0.247306 0.290073 
   Substitution rates (ML): 3.705463 6.328982 0.505775 1.411705 8.934811 1.000000 

Final LogLikelihood: -2546.266562

AIC score: 5492.533125 / AICc score: 5583.073665 / BIC score: 6491.136149
Free parameters (model + branch lengths): 200

Best ML tree saved to: /home/homma/Desktop/coding/github/pos_selection_pipeline/tomato_pipeline/pipeline/LOC/raxml-ng/LOC101260288_prot_linear_multi_sl25_prt_codonAlignment.raxml.bestTree
All ML trees saved to: /home/homma/Desktop/coding/github/pos_selection_pipeline/tomato_pipeline/pipeline/LOC/raxml-ng/LOC101260288_prot_linear_multi_sl25_prt_codonAlignment.raxml.mlTrees
Optimized model saved to: /home/homma/Desktop/coding/github/pos_selection_pipeline/tomato_pipeline/pipeline/LOC/raxml-ng/LOC101260288_prot_linear_multi_sl25_prt_codonAlignment.raxml.bestModel

Execution log saved to: /home/homma/Desktop/coding/github/pos_selection_pipeline/tomato_pipeline/pipeline/LOC/raxml-ng/LOC101260288_prot_linear_multi_sl25_prt_codonAlignment.raxml.log

Analysis started: 01-Mar-2020 21:32:27 / finished: 01-Mar-2020 21:33:32

Elapsed time: 64.830 seconds

