
RAxML-NG v. 0.8.1 BETA released on 05.03.2019 by The Exelixis Lab.
Authors: Alexey Kozlov, Alexandros Stamatakis, Diego Darriba, Tomas Flouri, Benoit Morel.
Latest version: https://github.com/amkozlov/raxml-ng
Questions/problems/suggestions? Please visit: https://groups.google.com/forum/#!forum/raxml

WARNING: This is a BETA release, please use at your own risk!

RAxML-NG was called at 01-Mar-2020 21:08:43 as follows:

raxml-ng --msa LOC101268813_prot_linear_multi_sl25_prt_codonAlignment.fasta --prefix LOC101268813_prot_linear_multi_sl25_prt_codonAlignment --model GTR+G --seed 123 --bs-tree 100 --force

Analysis options:
  run mode: ML tree search
  start tree(s): random (10) + parsimony (10)
  random seed: 123
  tip-inner: OFF
  pattern compression: ON
  per-rate scalers: OFF
  site repeats: ON
  fast spr radius: AUTO
  spr subtree cutoff: 1.000000
  branch lengths: proportional (ML estimate, algorithm: NR-FAST)
  SIMD kernels: AVX2
  parallelization: PTHREADS (6 threads), thread pinning: OFF

WARNING: Running in FORCE mode: all safety checks are disabled!

[00:00:00] Reading alignment from file: LOC101268813_prot_linear_multi_sl25_prt_codonAlignment.fasta
[00:00:00] Loaded alignment with 111 taxa and 951 sites

Alignment comprises 1 partitions and 78 patterns

Partition 0: noname
Model: GTR+FO+G4m
Alignment sites / patterns: 951 / 78
Gaps: 0.01 %
Invariant sites: 92.11 %


NOTE: Binary MSA file created: LOC101268813_prot_linear_multi_sl25_prt_codonAlignment.raxml.rba

[00:00:00] Generating 10 random starting tree(s) with 111 taxa
[00:00:00] Generating 10 parsimony starting tree(s) with 111 taxa
[00:00:00] Data distribution: max. partitions/sites/weight per thread: 1 / 13 / 208

Starting ML tree search with 20 distinct starting trees

[00:00:03] ML tree search #1, logLikelihood: -2403.179195
[00:00:07] ML tree search #2, logLikelihood: -2400.424612
[00:00:10] ML tree search #3, logLikelihood: -2400.117588
[00:00:14] ML tree search #4, logLikelihood: -2400.136311
[00:00:20] ML tree search #5, logLikelihood: -2411.478592
[00:00:24] ML tree search #6, logLikelihood: -2399.285030
[00:00:29] ML tree search #7, logLikelihood: -2400.756121
[00:00:34] ML tree search #8, logLikelihood: -2398.200604
[00:00:38] ML tree search #9, logLikelihood: -2400.840248
[00:00:43] ML tree search #10, logLikelihood: -2400.756664
[00:00:45] ML tree search #11, logLikelihood: -2399.839237
[00:00:49] ML tree search #12, logLikelihood: -2399.041879
[00:00:52] ML tree search #13, logLikelihood: -2401.757705
[00:00:54] ML tree search #14, logLikelihood: -2401.174959
[00:00:58] ML tree search #15, logLikelihood: -2401.792365
[00:01:01] ML tree search #16, logLikelihood: -2397.094659
[00:01:04] ML tree search #17, logLikelihood: -2403.586468
[00:01:06] ML tree search #18, logLikelihood: -2404.851542
[00:01:08] ML tree search #19, logLikelihood: -2400.559123
[00:01:10] ML tree search #20, logLikelihood: -2403.831252

Optimized model parameters:

   Partition 0: noname
   Rate heterogeneity: GAMMA (4 cats, mean),  alpha: 0.020140 (ML),  weights&rates: (0.250000,0.000000) (0.250000,0.000000) (0.250000,0.000001) (0.250000,3.999999) 
   Base frequencies (ML): 0.313221 0.154198 0.200086 0.332496 
   Substitution rates (ML): 3.148121 7.842384 1.461859 4.875815 20.996838 1.000000 

Final LogLikelihood: -2397.094659

AIC score: 5250.189319 / AICc score: 5394.820898 / BIC score: 6357.702525
Free parameters (model + branch lengths): 228

Best ML tree saved to: /home/homma/Desktop/coding/github/pos_selection_pipeline/tomato_pipeline/pipeline/LOC/raxml-ng/LOC101268813_prot_linear_multi_sl25_prt_codonAlignment.raxml.bestTree
All ML trees saved to: /home/homma/Desktop/coding/github/pos_selection_pipeline/tomato_pipeline/pipeline/LOC/raxml-ng/LOC101268813_prot_linear_multi_sl25_prt_codonAlignment.raxml.mlTrees
Optimized model saved to: /home/homma/Desktop/coding/github/pos_selection_pipeline/tomato_pipeline/pipeline/LOC/raxml-ng/LOC101268813_prot_linear_multi_sl25_prt_codonAlignment.raxml.bestModel

Execution log saved to: /home/homma/Desktop/coding/github/pos_selection_pipeline/tomato_pipeline/pipeline/LOC/raxml-ng/LOC101268813_prot_linear_multi_sl25_prt_codonAlignment.raxml.log

Analysis started: 01-Mar-2020 21:08:43 / finished: 01-Mar-2020 21:09:53

Elapsed time: 70.545 seconds

