
RAxML-NG v. 0.8.1 BETA released on 05.03.2019 by The Exelixis Lab.
Authors: Alexey Kozlov, Alexandros Stamatakis, Diego Darriba, Tomas Flouri, Benoit Morel.
Latest version: https://github.com/amkozlov/raxml-ng
Questions/problems/suggestions? Please visit: https://groups.google.com/forum/#!forum/raxml

WARNING: This is a BETA release, please use at your own risk!

RAxML-NG was called at 01-Mar-2020 21:27:52 as follows:

raxml-ng --msa LOC101249215_prot_linear_multi_sl25_prt_codonAlignment.fasta --prefix LOC101249215_prot_linear_multi_sl25_prt_codonAlignment --model GTR+G --seed 123 --bs-tree 100 --force

Analysis options:
  run mode: ML tree search
  start tree(s): random (10) + parsimony (10)
  random seed: 123
  tip-inner: OFF
  pattern compression: ON
  per-rate scalers: OFF
  site repeats: ON
  fast spr radius: AUTO
  spr subtree cutoff: 1.000000
  branch lengths: proportional (ML estimate, algorithm: NR-FAST)
  SIMD kernels: AVX2
  parallelization: PTHREADS (6 threads), thread pinning: OFF

WARNING: Running in FORCE mode: all safety checks are disabled!

[00:00:00] Reading alignment from file: LOC101249215_prot_linear_multi_sl25_prt_codonAlignment.fasta
[00:00:00] Loaded alignment with 114 taxa and 1440 sites

Alignment comprises 1 partitions and 73 patterns

Partition 0: noname
Model: GTR+FO+G4m
Alignment sites / patterns: 1440 / 73
Gaps: 0.00 %
Invariant sites: 94.86 %


NOTE: Binary MSA file created: LOC101249215_prot_linear_multi_sl25_prt_codonAlignment.raxml.rba

[00:00:00] Generating 10 random starting tree(s) with 114 taxa
[00:00:00] Generating 10 parsimony starting tree(s) with 114 taxa
[00:00:00] Data distribution: max. partitions/sites/weight per thread: 1 / 13 / 208

Starting ML tree search with 20 distinct starting trees

[00:00:02] ML tree search #1, logLikelihood: -3042.306986
[00:00:06] ML tree search #2, logLikelihood: -3036.086579
[00:00:10] ML tree search #3, logLikelihood: -3030.422542
[00:00:16] ML tree search #4, logLikelihood: -3029.015871
[00:00:18] ML tree search #5, logLikelihood: -3030.902666
[00:00:24] ML tree search #6, logLikelihood: -3036.243507
[00:00:25] ML tree search #7, logLikelihood: -3055.432591
[00:00:31] ML tree search #8, logLikelihood: -3031.381912
[00:00:33] ML tree search #9, logLikelihood: -3168.978182
[00:00:36] ML tree search #10, logLikelihood: -3032.211034
[00:00:40] ML tree search #11, logLikelihood: -3036.685613
[00:00:42] ML tree search #12, logLikelihood: -3037.142466
[00:00:44] ML tree search #13, logLikelihood: -3034.559448
[00:00:48] ML tree search #14, logLikelihood: -3033.015126
[00:00:50] ML tree search #15, logLikelihood: -3028.538986
[00:00:53] ML tree search #16, logLikelihood: -3033.201059
[00:00:55] ML tree search #17, logLikelihood: -3035.261598
[00:00:59] ML tree search #18, logLikelihood: -3036.757360
[00:01:01] ML tree search #19, logLikelihood: -3029.949018
[00:01:03] ML tree search #20, logLikelihood: -3037.672735

Optimized model parameters:

   Partition 0: noname
   Rate heterogeneity: GAMMA (4 cats, mean),  alpha: 0.020138 (ML),  weights&rates: (0.250000,0.000000) (0.250000,0.000000) (0.250000,0.000001) (0.250000,3.999999) 
   Base frequencies (ML): 0.277197 0.188995 0.228183 0.305625 
   Substitution rates (ML): 1.067566 3.312894 0.331508 1.901223 7.525836 1.000000 

Final LogLikelihood: -3028.538986

AIC score: 6525.077972 / AICc score: 6616.347681 / BIC score: 7758.819196
Free parameters (model + branch lengths): 234

Best ML tree saved to: /home/homma/Desktop/coding/github/pos_selection_pipeline/tomato_pipeline/pipeline/LOC/raxml-ng/LOC101249215_prot_linear_multi_sl25_prt_codonAlignment.raxml.bestTree
All ML trees saved to: /home/homma/Desktop/coding/github/pos_selection_pipeline/tomato_pipeline/pipeline/LOC/raxml-ng/LOC101249215_prot_linear_multi_sl25_prt_codonAlignment.raxml.mlTrees
Optimized model saved to: /home/homma/Desktop/coding/github/pos_selection_pipeline/tomato_pipeline/pipeline/LOC/raxml-ng/LOC101249215_prot_linear_multi_sl25_prt_codonAlignment.raxml.bestModel

Execution log saved to: /home/homma/Desktop/coding/github/pos_selection_pipeline/tomato_pipeline/pipeline/LOC/raxml-ng/LOC101249215_prot_linear_multi_sl25_prt_codonAlignment.raxml.log

Analysis started: 01-Mar-2020 21:27:52 / finished: 01-Mar-2020 21:28:55

Elapsed time: 63.147 seconds

