
RAxML-NG v. 0.8.1 BETA released on 05.03.2019 by The Exelixis Lab.
Authors: Alexey Kozlov, Alexandros Stamatakis, Diego Darriba, Tomas Flouri, Benoit Morel.
Latest version: https://github.com/amkozlov/raxml-ng
Questions/problems/suggestions? Please visit: https://groups.google.com/forum/#!forum/raxml

WARNING: This is a BETA release, please use at your own risk!

RAxML-NG was called at 01-Mar-2020 21:15:13 as follows:

raxml-ng --msa LOC101268440_prot_linear_multi_sl25_prt_codonAlignment.fasta --prefix LOC101268440_prot_linear_multi_sl25_prt_codonAlignment --model GTR+G --seed 123 --bs-tree 100 --force

Analysis options:
  run mode: ML tree search
  start tree(s): random (10) + parsimony (10)
  random seed: 123
  tip-inner: OFF
  pattern compression: ON
  per-rate scalers: OFF
  site repeats: ON
  fast spr radius: AUTO
  spr subtree cutoff: 1.000000
  branch lengths: proportional (ML estimate, algorithm: NR-FAST)
  SIMD kernels: AVX2
  parallelization: PTHREADS (6 threads), thread pinning: OFF

WARNING: Running in FORCE mode: all safety checks are disabled!

[00:00:00] Reading alignment from file: LOC101268440_prot_linear_multi_sl25_prt_codonAlignment.fasta
[00:00:00] Loaded alignment with 92 taxa and 957 sites

Alignment comprises 1 partitions and 73 patterns

Partition 0: noname
Model: GTR+FO+G4m
Alignment sites / patterns: 957 / 73
Gaps: 0.00 %
Invariant sites: 92.37 %


NOTE: Binary MSA file created: LOC101268440_prot_linear_multi_sl25_prt_codonAlignment.raxml.rba

[00:00:00] Generating 10 random starting tree(s) with 92 taxa
[00:00:00] Generating 10 parsimony starting tree(s) with 92 taxa
[00:00:00] Data distribution: max. partitions/sites/weight per thread: 1 / 13 / 208

Starting ML tree search with 20 distinct starting trees

[00:00:02] ML tree search #1, logLikelihood: -2585.366149
[00:00:05] ML tree search #2, logLikelihood: -2581.153100
[00:00:07] ML tree search #3, logLikelihood: -2586.781523
[00:00:10] ML tree search #4, logLikelihood: -2584.845267
[00:00:12] ML tree search #5, logLikelihood: -2584.429298
[00:00:15] ML tree search #6, logLikelihood: -2585.483347
[00:00:17] ML tree search #7, logLikelihood: -2593.942586
[00:00:20] ML tree search #8, logLikelihood: -2595.674812
[00:00:23] ML tree search #9, logLikelihood: -2591.848384
[00:00:28] ML tree search #10, logLikelihood: -2583.975388
[00:00:31] ML tree search #11, logLikelihood: -2583.556858
[00:00:34] ML tree search #12, logLikelihood: -2583.349290
[00:00:38] ML tree search #13, logLikelihood: -2586.654399
[00:00:40] ML tree search #14, logLikelihood: -2582.519110
[00:00:44] ML tree search #15, logLikelihood: -2595.723229
[00:00:45] ML tree search #16, logLikelihood: -2584.527149
[00:00:48] ML tree search #17, logLikelihood: -2594.869979
[00:00:51] ML tree search #18, logLikelihood: -2593.980448
[00:00:55] ML tree search #19, logLikelihood: -2581.507170
[00:00:56] ML tree search #20, logLikelihood: -2600.799931

Optimized model parameters:

   Partition 0: noname
   Rate heterogeneity: GAMMA (4 cats, mean),  alpha: 0.020128 (ML),  weights&rates: (0.250000,0.000000) (0.250000,0.000000) (0.250000,0.000001) (0.250000,3.999999) 
   Base frequencies (ML): 0.274447 0.190645 0.227632 0.307275 
   Substitution rates (ML): 4.240638 6.040546 1.527175 3.101714 12.346521 1.000000 

Final LogLikelihood: -2581.153100

AIC score: 5542.306200 / AICc score: 5637.058159 / BIC score: 6466.428845
Free parameters (model + branch lengths): 190

Best ML tree saved to: /home/homma/Desktop/coding/github/pos_selection_pipeline/tomato_pipeline/pipeline/LOC/raxml-ng/LOC101268440_prot_linear_multi_sl25_prt_codonAlignment.raxml.bestTree
All ML trees saved to: /home/homma/Desktop/coding/github/pos_selection_pipeline/tomato_pipeline/pipeline/LOC/raxml-ng/LOC101268440_prot_linear_multi_sl25_prt_codonAlignment.raxml.mlTrees
Optimized model saved to: /home/homma/Desktop/coding/github/pos_selection_pipeline/tomato_pipeline/pipeline/LOC/raxml-ng/LOC101268440_prot_linear_multi_sl25_prt_codonAlignment.raxml.bestModel

Execution log saved to: /home/homma/Desktop/coding/github/pos_selection_pipeline/tomato_pipeline/pipeline/LOC/raxml-ng/LOC101268440_prot_linear_multi_sl25_prt_codonAlignment.raxml.log

Analysis started: 01-Mar-2020 21:15:13 / finished: 01-Mar-2020 21:16:09

Elapsed time: 56.862 seconds

