
RAxML-NG v. 0.8.1 BETA released on 05.03.2019 by The Exelixis Lab.
Authors: Alexey Kozlov, Alexandros Stamatakis, Diego Darriba, Tomas Flouri, Benoit Morel.
Latest version: https://github.com/amkozlov/raxml-ng
Questions/problems/suggestions? Please visit: https://groups.google.com/forum/#!forum/raxml

WARNING: This is a BETA release, please use at your own risk!

RAxML-NG was called at 01-Mar-2020 21:31:15 as follows:

raxml-ng --msa LOC101248806_prot_linear_multi_sl25_prt_codonAlignment.fasta --prefix LOC101248806_prot_linear_multi_sl25_prt_codonAlignment --model GTR+G --seed 123 --bs-tree 100 --force

Analysis options:
  run mode: ML tree search
  start tree(s): random (10) + parsimony (10)
  random seed: 123
  tip-inner: OFF
  pattern compression: ON
  per-rate scalers: OFF
  site repeats: ON
  fast spr radius: AUTO
  spr subtree cutoff: 1.000000
  branch lengths: proportional (ML estimate, algorithm: NR-FAST)
  SIMD kernels: AVX2
  parallelization: PTHREADS (6 threads), thread pinning: OFF

WARNING: Running in FORCE mode: all safety checks are disabled!

[00:00:00] Reading alignment from file: LOC101248806_prot_linear_multi_sl25_prt_codonAlignment.fasta
[00:00:00] Loaded alignment with 92 taxa and 1725 sites

Alignment comprises 1 partitions and 78 patterns

Partition 0: noname
Model: GTR+FO+G4m
Alignment sites / patterns: 1725 / 78
Gaps: 0.00 %
Invariant sites: 95.25 %


NOTE: Binary MSA file created: LOC101248806_prot_linear_multi_sl25_prt_codonAlignment.raxml.rba

[00:00:00] Generating 10 random starting tree(s) with 92 taxa
[00:00:00] Generating 10 parsimony starting tree(s) with 92 taxa
[00:00:00] Data distribution: max. partitions/sites/weight per thread: 1 / 13 / 208

Starting ML tree search with 20 distinct starting trees

[00:00:01] ML tree search #1, logLikelihood: -3420.342413
[00:00:03] ML tree search #2, logLikelihood: -3406.536538
[00:00:06] ML tree search #3, logLikelihood: -3407.199580
[00:00:09] ML tree search #4, logLikelihood: -3406.870840
[00:00:11] ML tree search #5, logLikelihood: -3406.870454
[00:00:14] ML tree search #6, logLikelihood: -3410.390916
[00:00:17] ML tree search #7, logLikelihood: -3406.870373
[00:00:20] ML tree search #8, logLikelihood: -3418.337184
[00:00:22] ML tree search #9, logLikelihood: -3410.720278
[00:00:23] ML tree search #10, logLikelihood: -3407.199874
[00:00:25] ML tree search #11, logLikelihood: -3407.199489
[00:00:29] ML tree search #12, logLikelihood: -3406.870403
[00:00:32] ML tree search #13, logLikelihood: -3406.536556
[00:00:35] ML tree search #14, logLikelihood: -3411.894644
[00:00:37] ML tree search #15, logLikelihood: -3410.390806
[00:00:40] ML tree search #16, logLikelihood: -3423.629302
[00:00:41] ML tree search #17, logLikelihood: -3412.082290
[00:00:44] ML tree search #18, logLikelihood: -3418.098905
[00:00:47] ML tree search #19, logLikelihood: -3406.870357
[00:00:50] ML tree search #20, logLikelihood: -3412.082271

Optimized model parameters:

   Partition 0: noname
   Rate heterogeneity: GAMMA (4 cats, mean),  alpha: 0.020135 (ML),  weights&rates: (0.250000,0.000000) (0.250000,0.000000) (0.250000,0.000001) (0.250000,3.999999) 
   Base frequencies (ML): 0.298198 0.199978 0.221625 0.280199 
   Substitution rates (ML): 1.013768 4.228443 0.833822 1.697739 8.328987 1.000000 

Final LogLikelihood: -3406.536538

AIC score: 7193.073077 / AICc score: 7240.387288 / BIC score: 8229.139719
Free parameters (model + branch lengths): 190

Best ML tree saved to: /home/homma/Desktop/coding/github/pos_selection_pipeline/tomato_pipeline/pipeline/LOC/raxml-ng/LOC101248806_prot_linear_multi_sl25_prt_codonAlignment.raxml.bestTree
All ML trees saved to: /home/homma/Desktop/coding/github/pos_selection_pipeline/tomato_pipeline/pipeline/LOC/raxml-ng/LOC101248806_prot_linear_multi_sl25_prt_codonAlignment.raxml.mlTrees
Optimized model saved to: /home/homma/Desktop/coding/github/pos_selection_pipeline/tomato_pipeline/pipeline/LOC/raxml-ng/LOC101248806_prot_linear_multi_sl25_prt_codonAlignment.raxml.bestModel

Execution log saved to: /home/homma/Desktop/coding/github/pos_selection_pipeline/tomato_pipeline/pipeline/LOC/raxml-ng/LOC101248806_prot_linear_multi_sl25_prt_codonAlignment.raxml.log

Analysis started: 01-Mar-2020 21:31:15 / finished: 01-Mar-2020 21:32:05

Elapsed time: 50.428 seconds

