
RAxML-NG v. 0.8.1 BETA released on 05.03.2019 by The Exelixis Lab.
Authors: Alexey Kozlov, Alexandros Stamatakis, Diego Darriba, Tomas Flouri, Benoit Morel.
Latest version: https://github.com/amkozlov/raxml-ng
Questions/problems/suggestions? Please visit: https://groups.google.com/forum/#!forum/raxml

WARNING: This is a BETA release, please use at your own risk!

RAxML-NG was called at 01-Mar-2020 21:43:47 as follows:

raxml-ng --msa LOC101249417_prot_linear_multi_sl25_prt_codonAlignment.fasta --prefix LOC101249417_prot_linear_multi_sl25_prt_codonAlignment --model GTR+G --seed 123 --bs-tree 100 --force

Analysis options:
  run mode: ML tree search
  start tree(s): random (10) + parsimony (10)
  random seed: 123
  tip-inner: OFF
  pattern compression: ON
  per-rate scalers: OFF
  site repeats: ON
  fast spr radius: AUTO
  spr subtree cutoff: 1.000000
  branch lengths: proportional (ML estimate, algorithm: NR-FAST)
  SIMD kernels: AVX2
  parallelization: PTHREADS (6 threads), thread pinning: OFF

WARNING: Running in FORCE mode: all safety checks are disabled!

[00:00:00] Reading alignment from file: LOC101249417_prot_linear_multi_sl25_prt_codonAlignment.fasta
[00:00:00] Loaded alignment with 100 taxa and 1080 sites

Alignment comprises 1 partitions and 48 patterns

Partition 0: noname
Model: GTR+FO+G4m
Alignment sites / patterns: 1080 / 48
Gaps: 0.00 %
Invariant sites: 95.56 %


NOTE: Binary MSA file created: LOC101249417_prot_linear_multi_sl25_prt_codonAlignment.raxml.rba

[00:00:00] Generating 10 random starting tree(s) with 100 taxa
[00:00:00] Generating 10 parsimony starting tree(s) with 100 taxa
[00:00:00] Data distribution: max. partitions/sites/weight per thread: 1 / 8 / 128

Starting ML tree search with 20 distinct starting trees

[00:00:02] ML tree search #1, logLikelihood: -1966.572772
[00:00:04] ML tree search #2, logLikelihood: -1964.470994
[00:00:05] ML tree search #3, logLikelihood: -1967.642680
[00:00:07] ML tree search #4, logLikelihood: -1967.666539
[00:00:10] ML tree search #5, logLikelihood: -1964.471009
[00:00:13] ML tree search #6, logLikelihood: -1966.176402
[00:00:14] ML tree search #7, logLikelihood: -1964.471023
[00:00:16] ML tree search #8, logLikelihood: -1966.200436
[00:00:17] ML tree search #9, logLikelihood: -1972.238948
[00:00:19] ML tree search #10, logLikelihood: -1965.955772
[00:00:20] ML tree search #11, logLikelihood: -1965.955723
[00:00:21] ML tree search #12, logLikelihood: -1969.618217
[00:00:21] ML tree search #13, logLikelihood: -1964.471416
[00:00:22] ML tree search #14, logLikelihood: -1965.956431
[00:00:23] ML tree search #15, logLikelihood: -1965.955714
[00:00:23] ML tree search #16, logLikelihood: -1964.472310
[00:00:24] ML tree search #17, logLikelihood: -1964.471415
[00:00:25] ML tree search #18, logLikelihood: -1964.471276
[00:00:25] ML tree search #19, logLikelihood: -1964.471061
[00:00:26] ML tree search #20, logLikelihood: -1965.955712

Optimized model parameters:

   Partition 0: noname
   Rate heterogeneity: GAMMA (4 cats, mean),  alpha: 0.020137 (ML),  weights&rates: (0.250000,0.000000) (0.250000,0.000000) (0.250000,0.000001) (0.250000,3.999999) 
   Base frequencies (ML): 0.308829 0.192431 0.212523 0.286217 
   Substitution rates (ML): 2.106765 11.372224 7.645419 6.334306 44.879581 1.000000 

Final LogLikelihood: -1964.470994

AIC score: 4340.941989 / AICc score: 4438.632711 / BIC score: 5367.793551
Free parameters (model + branch lengths): 206

Best ML tree saved to: /home/homma/Desktop/coding/github/pos_selection_pipeline/tomato_pipeline/pipeline/LOC/raxml-ng/LOC101249417_prot_linear_multi_sl25_prt_codonAlignment.raxml.bestTree
All ML trees saved to: /home/homma/Desktop/coding/github/pos_selection_pipeline/tomato_pipeline/pipeline/LOC/raxml-ng/LOC101249417_prot_linear_multi_sl25_prt_codonAlignment.raxml.mlTrees
Optimized model saved to: /home/homma/Desktop/coding/github/pos_selection_pipeline/tomato_pipeline/pipeline/LOC/raxml-ng/LOC101249417_prot_linear_multi_sl25_prt_codonAlignment.raxml.bestModel

Execution log saved to: /home/homma/Desktop/coding/github/pos_selection_pipeline/tomato_pipeline/pipeline/LOC/raxml-ng/LOC101249417_prot_linear_multi_sl25_prt_codonAlignment.raxml.log

Analysis started: 01-Mar-2020 21:43:47 / finished: 01-Mar-2020 21:44:14

Elapsed time: 26.795 seconds

