
RAxML-NG v. 0.8.1 BETA released on 05.03.2019 by The Exelixis Lab.
Authors: Alexey Kozlov, Alexandros Stamatakis, Diego Darriba, Tomas Flouri, Benoit Morel.
Latest version: https://github.com/amkozlov/raxml-ng
Questions/problems/suggestions? Please visit: https://groups.google.com/forum/#!forum/raxml

WARNING: This is a BETA release, please use at your own risk!

RAxML-NG was called at 01-Mar-2020 20:02:37 as follows:

raxml-ng --msa LOC101260655_prot_linear_multi_sl25_prt_codonAlignment.fasta --prefix LOC101260655_prot_linear_multi_sl25_prt_codonAlignment --model GTR+G --seed 123 --bs-tree 100 --force

Analysis options:
  run mode: ML tree search
  start tree(s): random (10) + parsimony (10)
  random seed: 123
  tip-inner: OFF
  pattern compression: ON
  per-rate scalers: OFF
  site repeats: ON
  fast spr radius: AUTO
  spr subtree cutoff: 1.000000
  branch lengths: proportional (ML estimate, algorithm: NR-FAST)
  SIMD kernels: AVX2
  parallelization: PTHREADS (6 threads), thread pinning: OFF

WARNING: Running in FORCE mode: all safety checks are disabled!

[00:00:00] Reading alignment from file: LOC101260655_prot_linear_multi_sl25_prt_codonAlignment.fasta
[00:00:00] Loaded alignment with 126 taxa and 291 sites

Alignment comprises 1 partitions and 20 patterns

Partition 0: noname
Model: GTR+FO+G4m
Alignment sites / patterns: 291 / 20
Gaps: 0.00 %
Invariant sites: 94.50 %


NOTE: Binary MSA file created: LOC101260655_prot_linear_multi_sl25_prt_codonAlignment.raxml.rba

[00:00:00] Generating 10 random starting tree(s) with 126 taxa
[00:00:00] Generating 10 parsimony starting tree(s) with 126 taxa
[00:00:00] Data distribution: max. partitions/sites/weight per thread: 1 / 4 / 64

Starting ML tree search with 20 distinct starting trees

[00:00:01] ML tree search #1, logLikelihood: -549.559348
[00:00:03] ML tree search #2, logLikelihood: -548.028069
[00:00:05] ML tree search #3, logLikelihood: -551.169393
[00:00:06] ML tree search #4, logLikelihood: -548.279379
[00:00:08] ML tree search #5, logLikelihood: -551.014182
[00:00:11] ML tree search #6, logLikelihood: -549.818243
[00:00:13] ML tree search #7, logLikelihood: -548.279381
[00:00:16] ML tree search #8, logLikelihood: -547.911031
[00:00:18] ML tree search #9, logLikelihood: -548.657153
[00:00:20] ML tree search #10, logLikelihood: -547.911244
[00:00:21] ML tree search #11, logLikelihood: -550.927221
[00:00:23] ML tree search #12, logLikelihood: -549.531672
[00:00:24] ML tree search #13, logLikelihood: -549.590041
[00:00:25] ML tree search #14, logLikelihood: -551.815754
[00:00:25] ML tree search #15, logLikelihood: -547.668123
[00:00:26] ML tree search #16, logLikelihood: -549.199358
[00:00:27] ML tree search #17, logLikelihood: -551.014042
[00:00:28] ML tree search #18, logLikelihood: -549.385010
[00:00:30] ML tree search #19, logLikelihood: -548.871617
[00:00:31] ML tree search #20, logLikelihood: -551.205660

Optimized model parameters:

   Partition 0: noname
   Rate heterogeneity: GAMMA (4 cats, mean),  alpha: 0.020120 (ML),  weights&rates: (0.250000,0.000000) (0.250000,0.000000) (0.250000,0.000001) (0.250000,3.999999) 
   Base frequencies (ML): 0.280819 0.196649 0.266007 0.256526 
   Substitution rates (ML): 2.832479 5.543122 0.001000 1.310757 18.842177 1.000000 

Final LogLikelihood: -547.668123

AIC score: 1611.336246 / AICc score: 5787.711246 / BIC score: 2559.053649
Free parameters (model + branch lengths): 258

Best ML tree saved to: /home/homma/Desktop/coding/github/pos_selection_pipeline/tomato_pipeline/pipeline/LOC/raxml-ng/LOC101260655_prot_linear_multi_sl25_prt_codonAlignment.raxml.bestTree
All ML trees saved to: /home/homma/Desktop/coding/github/pos_selection_pipeline/tomato_pipeline/pipeline/LOC/raxml-ng/LOC101260655_prot_linear_multi_sl25_prt_codonAlignment.raxml.mlTrees
Optimized model saved to: /home/homma/Desktop/coding/github/pos_selection_pipeline/tomato_pipeline/pipeline/LOC/raxml-ng/LOC101260655_prot_linear_multi_sl25_prt_codonAlignment.raxml.bestModel

Execution log saved to: /home/homma/Desktop/coding/github/pos_selection_pipeline/tomato_pipeline/pipeline/LOC/raxml-ng/LOC101260655_prot_linear_multi_sl25_prt_codonAlignment.raxml.log

Analysis started: 01-Mar-2020 20:02:37 / finished: 01-Mar-2020 20:03:08

Elapsed time: 31.276 seconds

