
RAxML-NG v. 0.8.1 BETA released on 05.03.2019 by The Exelixis Lab.
Authors: Alexey Kozlov, Alexandros Stamatakis, Diego Darriba, Tomas Flouri, Benoit Morel.
Latest version: https://github.com/amkozlov/raxml-ng
Questions/problems/suggestions? Please visit: https://groups.google.com/forum/#!forum/raxml

WARNING: This is a BETA release, please use at your own risk!

RAxML-NG was called at 01-Mar-2020 20:10:24 as follows:

raxml-ng --msa LOC101268824_prot_linear_multi_sl25_prt_codonAlignment.fasta --prefix LOC101268824_prot_linear_multi_sl25_prt_codonAlignment --model GTR+G --seed 123 --bs-tree 100 --force

Analysis options:
  run mode: ML tree search
  start tree(s): random (10) + parsimony (10)
  random seed: 123
  tip-inner: OFF
  pattern compression: ON
  per-rate scalers: OFF
  site repeats: ON
  fast spr radius: AUTO
  spr subtree cutoff: 1.000000
  branch lengths: proportional (ML estimate, algorithm: NR-FAST)
  SIMD kernels: AVX2
  parallelization: PTHREADS (6 threads), thread pinning: OFF

WARNING: Running in FORCE mode: all safety checks are disabled!

[00:00:00] Reading alignment from file: LOC101268824_prot_linear_multi_sl25_prt_codonAlignment.fasta
[00:00:00] Loaded alignment with 133 taxa and 1779 sites

Alignment comprises 1 partitions and 186 patterns

Partition 0: noname
Model: GTR+FO+G4m
Alignment sites / patterns: 1779 / 186
Gaps: 12.35 %
Invariant sites: 91.06 %


NOTE: Binary MSA file created: LOC101268824_prot_linear_multi_sl25_prt_codonAlignment.raxml.rba

[00:00:00] Generating 10 random starting tree(s) with 133 taxa
[00:00:00] Generating 10 parsimony starting tree(s) with 133 taxa
[00:00:00] Data distribution: max. partitions/sites/weight per thread: 1 / 31 / 496

Starting ML tree search with 20 distinct starting trees

[00:00:04] ML tree search #1, logLikelihood: -4319.485899
[00:00:09] ML tree search #2, logLikelihood: -4332.797197
[00:00:12] ML tree search #3, logLikelihood: -4330.269281
[00:00:15] ML tree search #4, logLikelihood: -4329.374467
[00:00:19] ML tree search #5, logLikelihood: -4345.598716
[00:00:23] ML tree search #6, logLikelihood: -4363.643021
[00:00:27] ML tree search #7, logLikelihood: -4316.133785
[00:00:31] ML tree search #8, logLikelihood: -4324.392365
[00:00:36] ML tree search #9, logLikelihood: -4318.443885
[00:00:41] ML tree search #10, logLikelihood: -4318.843651
[00:00:44] ML tree search #11, logLikelihood: -4315.799045
[00:00:45] ML tree search #12, logLikelihood: -4314.741389
[00:00:47] ML tree search #13, logLikelihood: -4319.131111
[00:00:50] ML tree search #14, logLikelihood: -4317.014602
[00:00:52] ML tree search #15, logLikelihood: -4319.530032
[00:00:53] ML tree search #16, logLikelihood: -4322.950861
[00:00:55] ML tree search #17, logLikelihood: -4318.654674
[00:00:57] ML tree search #18, logLikelihood: -4315.154771
[00:01:02] ML tree search #19, logLikelihood: -4316.724652
[00:01:04] ML tree search #20, logLikelihood: -4320.516809

Optimized model parameters:

   Partition 0: noname
   Rate heterogeneity: GAMMA (4 cats, mean),  alpha: 0.020126 (ML),  weights&rates: (0.250000,0.000000) (0.250000,0.000000) (0.250000,0.000001) (0.250000,3.999999) 
   Base frequencies (ML): 0.344001 0.173494 0.219770 0.262735 
   Substitution rates (ML): 0.920513 2.851700 0.966016 1.115435 2.964680 1.000000 

Final LogLikelihood: -4314.741389

AIC score: 9173.482777 / AICc score: 9272.096323 / BIC score: 10665.078196
Free parameters (model + branch lengths): 272

Best ML tree saved to: /home/homma/Desktop/coding/github/pos_selection_pipeline/tomato_pipeline/pipeline/LOC/raxml-ng/LOC101268824_prot_linear_multi_sl25_prt_codonAlignment.raxml.bestTree
All ML trees saved to: /home/homma/Desktop/coding/github/pos_selection_pipeline/tomato_pipeline/pipeline/LOC/raxml-ng/LOC101268824_prot_linear_multi_sl25_prt_codonAlignment.raxml.mlTrees
Optimized model saved to: /home/homma/Desktop/coding/github/pos_selection_pipeline/tomato_pipeline/pipeline/LOC/raxml-ng/LOC101268824_prot_linear_multi_sl25_prt_codonAlignment.raxml.bestModel

Execution log saved to: /home/homma/Desktop/coding/github/pos_selection_pipeline/tomato_pipeline/pipeline/LOC/raxml-ng/LOC101268824_prot_linear_multi_sl25_prt_codonAlignment.raxml.log

Analysis started: 01-Mar-2020 20:10:24 / finished: 01-Mar-2020 20:11:28

Elapsed time: 64.822 seconds

