
RAxML-NG v. 0.8.1 BETA released on 05.03.2019 by The Exelixis Lab.
Authors: Alexey Kozlov, Alexandros Stamatakis, Diego Darriba, Tomas Flouri, Benoit Morel.
Latest version: https://github.com/amkozlov/raxml-ng
Questions/problems/suggestions? Please visit: https://groups.google.com/forum/#!forum/raxml

WARNING: This is a BETA release, please use at your own risk!

RAxML-NG was called at 01-Mar-2020 20:53:38 as follows:

raxml-ng --msa LOC101260787_prot_linear_multi_sl25_prt_codonAlignment.fasta --prefix LOC101260787_prot_linear_multi_sl25_prt_codonAlignment --model GTR+G --seed 123 --bs-tree 100 --force

Analysis options:
  run mode: ML tree search
  start tree(s): random (10) + parsimony (10)
  random seed: 123
  tip-inner: OFF
  pattern compression: ON
  per-rate scalers: OFF
  site repeats: ON
  fast spr radius: AUTO
  spr subtree cutoff: 1.000000
  branch lengths: proportional (ML estimate, algorithm: NR-FAST)
  SIMD kernels: AVX2
  parallelization: PTHREADS (6 threads), thread pinning: OFF

WARNING: Running in FORCE mode: all safety checks are disabled!

[00:00:00] Reading alignment from file: LOC101260787_prot_linear_multi_sl25_prt_codonAlignment.fasta
[00:00:00] Loaded alignment with 122 taxa and 1647 sites

Alignment comprises 1 partitions and 138 patterns

Partition 0: noname
Model: GTR+FO+G4m
Alignment sites / patterns: 1647 / 138
Gaps: 0.18 %
Invariant sites: 91.38 %


NOTE: Binary MSA file created: LOC101260787_prot_linear_multi_sl25_prt_codonAlignment.raxml.rba

[00:00:00] Generating 10 random starting tree(s) with 122 taxa
[00:00:00] Generating 10 parsimony starting tree(s) with 122 taxa
[00:00:00] Data distribution: max. partitions/sites/weight per thread: 1 / 23 / 368

Starting ML tree search with 20 distinct starting trees

[00:00:06] ML tree search #1, logLikelihood: -4630.701210
[00:00:12] ML tree search #2, logLikelihood: -4639.532463
[00:00:19] ML tree search #3, logLikelihood: -4633.187990
[00:00:25] ML tree search #4, logLikelihood: -4646.919240
[00:00:31] ML tree search #5, logLikelihood: -4633.628558
[00:00:39] ML tree search #6, logLikelihood: -4622.471106
[00:00:46] ML tree search #7, logLikelihood: -4627.812254
[00:00:51] ML tree search #8, logLikelihood: -4623.827971
[00:00:58] ML tree search #9, logLikelihood: -4632.757931
[00:01:05] ML tree search #10, logLikelihood: -4641.949617
[00:01:09] ML tree search #11, logLikelihood: -4630.701442
[00:01:14] ML tree search #12, logLikelihood: -4635.003084
[00:01:19] ML tree search #13, logLikelihood: -4631.932652
[00:01:22] ML tree search #14, logLikelihood: -4630.501797
[00:01:27] ML tree search #15, logLikelihood: -4622.808419
[00:01:30] ML tree search #16, logLikelihood: -4643.121754
[00:01:33] ML tree search #17, logLikelihood: -4634.994124
[00:01:37] ML tree search #18, logLikelihood: -4627.524106
[00:01:42] ML tree search #19, logLikelihood: -4637.249750
[00:01:44] ML tree search #20, logLikelihood: -4644.178449

Optimized model parameters:

   Partition 0: noname
   Rate heterogeneity: GAMMA (4 cats, mean),  alpha: 0.020126 (ML),  weights&rates: (0.250000,0.000000) (0.250000,0.000000) (0.250000,0.000001) (0.250000,3.999999) 
   Base frequencies (ML): 0.303442 0.203469 0.219555 0.273534 
   Substitution rates (ML): 0.354256 2.849344 0.812000 1.007071 4.180283 1.000000 

Final LogLikelihood: -4622.471106

AIC score: 9744.942213 / AICc score: 9834.841926 / BIC score: 11096.619895
Free parameters (model + branch lengths): 250

Best ML tree saved to: /home/homma/Desktop/coding/github/pos_selection_pipeline/tomato_pipeline/pipeline/LOC/raxml-ng/LOC101260787_prot_linear_multi_sl25_prt_codonAlignment.raxml.bestTree
All ML trees saved to: /home/homma/Desktop/coding/github/pos_selection_pipeline/tomato_pipeline/pipeline/LOC/raxml-ng/LOC101260787_prot_linear_multi_sl25_prt_codonAlignment.raxml.mlTrees
Optimized model saved to: /home/homma/Desktop/coding/github/pos_selection_pipeline/tomato_pipeline/pipeline/LOC/raxml-ng/LOC101260787_prot_linear_multi_sl25_prt_codonAlignment.raxml.bestModel

Execution log saved to: /home/homma/Desktop/coding/github/pos_selection_pipeline/tomato_pipeline/pipeline/LOC/raxml-ng/LOC101260787_prot_linear_multi_sl25_prt_codonAlignment.raxml.log

Analysis started: 01-Mar-2020 20:53:38 / finished: 01-Mar-2020 20:55:23

Elapsed time: 104.781 seconds

