
RAxML-NG v. 0.8.1 BETA released on 05.03.2019 by The Exelixis Lab.
Authors: Alexey Kozlov, Alexandros Stamatakis, Diego Darriba, Tomas Flouri, Benoit Morel.
Latest version: https://github.com/amkozlov/raxml-ng
Questions/problems/suggestions? Please visit: https://groups.google.com/forum/#!forum/raxml

WARNING: This is a BETA release, please use at your own risk!

RAxML-NG was called at 01-Mar-2020 20:52:26 as follows:

raxml-ng --msa LOC101265910_prot_linear_multi_sl25_prt_codonAlignment.fasta --prefix LOC101265910_prot_linear_multi_sl25_prt_codonAlignment --model GTR+G --seed 123 --bs-tree 100 --force

Analysis options:
  run mode: ML tree search
  start tree(s): random (10) + parsimony (10)
  random seed: 123
  tip-inner: OFF
  pattern compression: ON
  per-rate scalers: OFF
  site repeats: ON
  fast spr radius: AUTO
  spr subtree cutoff: 1.000000
  branch lengths: proportional (ML estimate, algorithm: NR-FAST)
  SIMD kernels: AVX2
  parallelization: PTHREADS (6 threads), thread pinning: OFF

WARNING: Running in FORCE mode: all safety checks are disabled!

[00:00:00] Reading alignment from file: LOC101265910_prot_linear_multi_sl25_prt_codonAlignment.fasta
[00:00:00] Loaded alignment with 127 taxa and 1446 sites

Alignment comprises 1 partitions and 64 patterns

Partition 0: noname
Model: GTR+FO+G4m
Alignment sites / patterns: 1446 / 64
Gaps: 0.00 %
Invariant sites: 95.09 %


NOTE: Binary MSA file created: LOC101265910_prot_linear_multi_sl25_prt_codonAlignment.raxml.rba

[00:00:00] Generating 10 random starting tree(s) with 127 taxa
[00:00:00] Generating 10 parsimony starting tree(s) with 127 taxa
[00:00:00] Data distribution: max. partitions/sites/weight per thread: 1 / 11 / 176

Starting ML tree search with 20 distinct starting trees

[00:00:04] ML tree search #1, logLikelihood: -2789.659611
[00:00:07] ML tree search #2, logLikelihood: -2822.100340
[00:00:12] ML tree search #3, logLikelihood: -2788.981721
[00:00:14] ML tree search #4, logLikelihood: -2789.680624
[00:00:18] ML tree search #5, logLikelihood: -2790.564897
[00:00:22] ML tree search #6, logLikelihood: -2789.681878
[00:00:26] ML tree search #7, logLikelihood: -2789.876202
[00:00:29] ML tree search #8, logLikelihood: -2794.251804
[00:00:33] ML tree search #9, logLikelihood: -2789.876198
[00:00:36] ML tree search #10, logLikelihood: -2791.704922
[00:00:39] ML tree search #11, logLikelihood: -2792.379124
[00:00:40] ML tree search #12, logLikelihood: -2791.918968
[00:00:43] ML tree search #13, logLikelihood: -2791.086797
[00:00:44] ML tree search #14, logLikelihood: -2794.672512
[00:00:47] ML tree search #15, logLikelihood: -2791.322374
[00:00:50] ML tree search #16, logLikelihood: -2793.026769
[00:00:53] ML tree search #17, logLikelihood: -2793.157054
[00:00:55] ML tree search #18, logLikelihood: -2791.225686
[00:00:58] ML tree search #19, logLikelihood: -2792.358328
[00:01:00] ML tree search #20, logLikelihood: -2790.505404

Optimized model parameters:

   Partition 0: noname
   Rate heterogeneity: GAMMA (4 cats, mean),  alpha: 0.020137 (ML),  weights&rates: (0.250000,0.000000) (0.250000,0.000000) (0.250000,0.000001) (0.250000,3.999999) 
   Base frequencies (ML): 0.293835 0.183090 0.232477 0.290598 
   Substitution rates (ML): 1.107084 4.042416 2.200434 0.370180 6.302676 1.000000 

Final LogLikelihood: -2788.981721

AIC score: 6097.963443 / AICc score: 6212.495088 / BIC score: 7469.868107
Free parameters (model + branch lengths): 260

Best ML tree saved to: /home/homma/Desktop/coding/github/pos_selection_pipeline/tomato_pipeline/pipeline/LOC/raxml-ng/LOC101265910_prot_linear_multi_sl25_prt_codonAlignment.raxml.bestTree
All ML trees saved to: /home/homma/Desktop/coding/github/pos_selection_pipeline/tomato_pipeline/pipeline/LOC/raxml-ng/LOC101265910_prot_linear_multi_sl25_prt_codonAlignment.raxml.mlTrees
Optimized model saved to: /home/homma/Desktop/coding/github/pos_selection_pipeline/tomato_pipeline/pipeline/LOC/raxml-ng/LOC101265910_prot_linear_multi_sl25_prt_codonAlignment.raxml.bestModel

Execution log saved to: /home/homma/Desktop/coding/github/pos_selection_pipeline/tomato_pipeline/pipeline/LOC/raxml-ng/LOC101265910_prot_linear_multi_sl25_prt_codonAlignment.raxml.log

Analysis started: 01-Mar-2020 20:52:26 / finished: 01-Mar-2020 20:53:26

Elapsed time: 60.554 seconds

