
RAxML-NG v. 0.8.1 BETA released on 05.03.2019 by The Exelixis Lab.
Authors: Alexey Kozlov, Alexandros Stamatakis, Diego Darriba, Tomas Flouri, Benoit Morel.
Latest version: https://github.com/amkozlov/raxml-ng
Questions/problems/suggestions? Please visit: https://groups.google.com/forum/#!forum/raxml

WARNING: This is a BETA release, please use at your own risk!

RAxML-NG was called at 01-Mar-2020 21:26:27 as follows:

raxml-ng --msa LOC101266019_prot_linear_multi_sl25_prt_codonAlignment.fasta --prefix LOC101266019_prot_linear_multi_sl25_prt_codonAlignment --model GTR+G --seed 123 --bs-tree 100 --force

Analysis options:
  run mode: ML tree search
  start tree(s): random (10) + parsimony (10)
  random seed: 123
  tip-inner: OFF
  pattern compression: ON
  per-rate scalers: OFF
  site repeats: ON
  fast spr radius: AUTO
  spr subtree cutoff: 1.000000
  branch lengths: proportional (ML estimate, algorithm: NR-FAST)
  SIMD kernels: AVX2
  parallelization: PTHREADS (6 threads), thread pinning: OFF

WARNING: Running in FORCE mode: all safety checks are disabled!

[00:00:00] Reading alignment from file: LOC101266019_prot_linear_multi_sl25_prt_codonAlignment.fasta
[00:00:00] Loaded alignment with 90 taxa and 441 sites

Alignment comprises 1 partitions and 46 patterns

Partition 0: noname
Model: GTR+FO+G4m
Alignment sites / patterns: 441 / 46
Gaps: 0.00 %
Invariant sites: 90.02 %


NOTE: Binary MSA file created: LOC101266019_prot_linear_multi_sl25_prt_codonAlignment.raxml.rba

[00:00:00] Generating 10 random starting tree(s) with 90 taxa
[00:00:00] Generating 10 parsimony starting tree(s) with 90 taxa
[00:00:00] Data distribution: max. partitions/sites/weight per thread: 1 / 8 / 128

Starting ML tree search with 20 distinct starting trees

[00:00:01] ML tree search #1, logLikelihood: -999.770565
[00:00:02] ML tree search #2, logLikelihood: -1011.110091
[00:00:03] ML tree search #3, logLikelihood: -999.781836
[00:00:04] ML tree search #4, logLikelihood: -999.785683
[00:00:05] ML tree search #5, logLikelihood: -1001.975572
[00:00:07] ML tree search #6, logLikelihood: -999.357157
[00:00:08] ML tree search #7, logLikelihood: -1000.157969
[00:00:10] ML tree search #8, logLikelihood: -999.356908
[00:00:11] ML tree search #9, logLikelihood: -999.769782
[00:00:12] ML tree search #10, logLikelihood: -1000.939792
[00:00:13] ML tree search #11, logLikelihood: -1001.878248
[00:00:14] ML tree search #12, logLikelihood: -1007.301548
[00:00:14] ML tree search #13, logLikelihood: -1005.575450
[00:00:15] ML tree search #14, logLikelihood: -1001.722893
[00:00:16] ML tree search #15, logLikelihood: -1001.888804
[00:00:16] ML tree search #16, logLikelihood: -1001.715413
[00:00:17] ML tree search #17, logLikelihood: -1001.723364
[00:00:18] ML tree search #18, logLikelihood: -999.820416
[00:00:20] ML tree search #19, logLikelihood: -999.375869
[00:00:21] ML tree search #20, logLikelihood: -999.361223

Optimized model parameters:

   Partition 0: noname
   Rate heterogeneity: GAMMA (4 cats, mean),  alpha: 0.020128 (ML),  weights&rates: (0.250000,0.000000) (0.250000,0.000000) (0.250000,0.000001) (0.250000,3.999999) 
   Base frequencies (ML): 0.341146 0.150058 0.223554 0.285243 
   Substitution rates (ML): 140.401113 366.411960 69.884669 199.661892 962.149259 1.000000 

Final LogLikelihood: -999.356908

AIC score: 2370.713815 / AICc score: 2644.587831 / BIC score: 3131.276162
Free parameters (model + branch lengths): 186

Best ML tree saved to: /home/homma/Desktop/coding/github/pos_selection_pipeline/tomato_pipeline/pipeline/LOC/raxml-ng/LOC101266019_prot_linear_multi_sl25_prt_codonAlignment.raxml.bestTree
All ML trees saved to: /home/homma/Desktop/coding/github/pos_selection_pipeline/tomato_pipeline/pipeline/LOC/raxml-ng/LOC101266019_prot_linear_multi_sl25_prt_codonAlignment.raxml.mlTrees
Optimized model saved to: /home/homma/Desktop/coding/github/pos_selection_pipeline/tomato_pipeline/pipeline/LOC/raxml-ng/LOC101266019_prot_linear_multi_sl25_prt_codonAlignment.raxml.bestModel

Execution log saved to: /home/homma/Desktop/coding/github/pos_selection_pipeline/tomato_pipeline/pipeline/LOC/raxml-ng/LOC101266019_prot_linear_multi_sl25_prt_codonAlignment.raxml.log

Analysis started: 01-Mar-2020 21:26:27 / finished: 01-Mar-2020 21:26:49

Elapsed time: 21.916 seconds

