
RAxML-NG v. 0.8.1 BETA released on 05.03.2019 by The Exelixis Lab.
Authors: Alexey Kozlov, Alexandros Stamatakis, Diego Darriba, Tomas Flouri, Benoit Morel.
Latest version: https://github.com/amkozlov/raxml-ng
Questions/problems/suggestions? Please visit: https://groups.google.com/forum/#!forum/raxml

WARNING: This is a BETA release, please use at your own risk!

RAxML-NG was called at 01-Mar-2020 18:45:14 as follows:

raxml-ng --msa AAT2_prot_linear_multi_sl25_prt_codonAlignment.fasta --prefix AAT2_prot_linear_multi_sl25_prt_codonAlignment --model GTR+G --seed 123 --bs-tree 100 --force

Analysis options:
  run mode: ML tree search
  start tree(s): random (10) + parsimony (10)
  random seed: 123
  tip-inner: OFF
  pattern compression: ON
  per-rate scalers: OFF
  site repeats: ON
  fast spr radius: AUTO
  spr subtree cutoff: 1.000000
  branch lengths: proportional (ML estimate, algorithm: NR-FAST)
  SIMD kernels: AVX2
  parallelization: PTHREADS (6 threads), thread pinning: OFF

WARNING: Running in FORCE mode: all safety checks are disabled!

[00:00:00] Reading alignment from file: AAT2_prot_linear_multi_sl25_prt_codonAlignment.fasta
[00:00:00] Loaded alignment with 94 taxa and 1359 sites

Alignment comprises 1 partitions and 109 patterns

Partition 0: noname
Model: GTR+FO+G4m
Alignment sites / patterns: 1359 / 109
Gaps: 0.23 %
Invariant sites: 92.20 %


NOTE: Binary MSA file created: AAT2_prot_linear_multi_sl25_prt_codonAlignment.raxml.rba

[00:00:00] Generating 10 random starting tree(s) with 94 taxa
[00:00:00] Generating 10 parsimony starting tree(s) with 94 taxa
[00:00:00] Data distribution: max. partitions/sites/weight per thread: 1 / 19 / 304

Starting ML tree search with 20 distinct starting trees

[00:00:06] ML tree search #1, logLikelihood: -3480.238717
[00:00:10] ML tree search #2, logLikelihood: -3486.421877
[00:00:14] ML tree search #3, logLikelihood: -3476.820440
[00:00:18] ML tree search #4, logLikelihood: -3484.790345
[00:00:23] ML tree search #5, logLikelihood: -3476.077152
[00:00:29] ML tree search #6, logLikelihood: -3483.148482
[00:00:33] ML tree search #7, logLikelihood: -3478.798802
[00:00:37] ML tree search #8, logLikelihood: -3477.653374
[00:00:41] ML tree search #9, logLikelihood: -3476.421095
[00:00:46] ML tree search #10, logLikelihood: -3477.390291
[00:00:51] ML tree search #11, logLikelihood: -3477.286335
[00:00:56] ML tree search #12, logLikelihood: -3478.394141
[00:01:02] ML tree search #13, logLikelihood: -3476.860268
[00:01:08] ML tree search #14, logLikelihood: -3478.542871
[00:01:12] ML tree search #15, logLikelihood: -3475.329397
[00:01:17] ML tree search #16, logLikelihood: -3486.574997
[00:01:20] ML tree search #17, logLikelihood: -3480.654044
[00:01:24] ML tree search #18, logLikelihood: -3480.271931
[00:01:29] ML tree search #19, logLikelihood: -3479.667414
[00:01:34] ML tree search #20, logLikelihood: -3480.047724

Optimized model parameters:

   Partition 0: noname
   Rate heterogeneity: GAMMA (4 cats, mean),  alpha: 0.020140 (ML),  weights&rates: (0.250000,0.000000) (0.250000,0.000000) (0.250000,0.000001) (0.250000,3.999999) 
   Base frequencies (ML): 0.306662 0.171810 0.268562 0.252966 
   Substitution rates (ML): 2.138624 3.442553 1.944203 1.509255 10.720510 1.000000 

Final LogLikelihood: -3475.329397

AIC score: 7338.658794 / AICc score: 7403.658794 / BIC score: 8350.272650
Free parameters (model + branch lengths): 194

Best ML tree saved to: /home/homma/Desktop/coding/github/pos_selection_pipeline/tomato_pipeline/pipeline/no_LOC/raxml-ng/AAT2_prot_linear_multi_sl25_prt_codonAlignment.raxml.bestTree
All ML trees saved to: /home/homma/Desktop/coding/github/pos_selection_pipeline/tomato_pipeline/pipeline/no_LOC/raxml-ng/AAT2_prot_linear_multi_sl25_prt_codonAlignment.raxml.mlTrees
Optimized model saved to: /home/homma/Desktop/coding/github/pos_selection_pipeline/tomato_pipeline/pipeline/no_LOC/raxml-ng/AAT2_prot_linear_multi_sl25_prt_codonAlignment.raxml.bestModel

Execution log saved to: /home/homma/Desktop/coding/github/pos_selection_pipeline/tomato_pipeline/pipeline/no_LOC/raxml-ng/AAT2_prot_linear_multi_sl25_prt_codonAlignment.raxml.log

Analysis started: 01-Mar-2020 18:45:14 / finished: 01-Mar-2020 18:46:48

Elapsed time: 94.126 seconds

