
RAxML-NG v. 0.8.1 BETA released on 05.03.2019 by The Exelixis Lab.
Authors: Alexey Kozlov, Alexandros Stamatakis, Diego Darriba, Tomas Flouri, Benoit Morel.
Latest version: https://github.com/amkozlov/raxml-ng
Questions/problems/suggestions? Please visit: https://groups.google.com/forum/#!forum/raxml

WARNING: This is a BETA release, please use at your own risk!

RAxML-NG was called at 01-Mar-2020 18:33:48 as follows:

raxml-ng --msa ACT_prot_linear_multi_sl25_prt_codonAlignment.fasta --prefix ACT_prot_linear_multi_sl25_prt_codonAlignment --model GTR+G --seed 123 --bs-tree 100 --force

Analysis options:
  run mode: ML tree search
  start tree(s): random (10) + parsimony (10)
  random seed: 123
  tip-inner: OFF
  pattern compression: ON
  per-rate scalers: OFF
  site repeats: ON
  fast spr radius: AUTO
  spr subtree cutoff: 1.000000
  branch lengths: proportional (ML estimate, algorithm: NR-FAST)
  SIMD kernels: AVX2
  parallelization: PTHREADS (6 threads), thread pinning: OFF

WARNING: Running in FORCE mode: all safety checks are disabled!

[00:00:00] Reading alignment from file: ACT_prot_linear_multi_sl25_prt_codonAlignment.fasta
[00:00:00] Loaded alignment with 93 taxa and 1131 sites

Alignment comprises 1 partitions and 28 patterns

Partition 0: noname
Model: GTR+FO+G4m
Alignment sites / patterns: 1131 / 28
Gaps: 0.00 %
Invariant sites: 97.52 %


NOTE: Binary MSA file created: ACT_prot_linear_multi_sl25_prt_codonAlignment.raxml.rba

[00:00:00] Generating 10 random starting tree(s) with 93 taxa
[00:00:00] Generating 10 parsimony starting tree(s) with 93 taxa
[00:00:00] Data distribution: max. partitions/sites/weight per thread: 1 / 5 / 80

Starting ML tree search with 20 distinct starting trees

[00:00:01] ML tree search #1, logLikelihood: -1821.834264
[00:00:02] ML tree search #2, logLikelihood: -1821.861689
[00:00:03] ML tree search #3, logLikelihood: -1822.152208
[00:00:05] ML tree search #4, logLikelihood: -1821.834972
[00:00:06] ML tree search #5, logLikelihood: -1828.088670
[00:00:07] ML tree search #6, logLikelihood: -1822.181506
[00:00:08] ML tree search #7, logLikelihood: -1822.153369
[00:00:10] ML tree search #8, logLikelihood: -1821.861769
[00:00:11] ML tree search #9, logLikelihood: -1821.837529
[00:00:13] ML tree search #10, logLikelihood: -1821.835827
[00:00:13] ML tree search #11, logLikelihood: -1822.537099
[00:00:14] ML tree search #12, logLikelihood: -1821.836724
[00:00:15] ML tree search #13, logLikelihood: -1822.213454
[00:00:16] ML tree search #14, logLikelihood: -1821.900475
[00:00:17] ML tree search #15, logLikelihood: -1821.845269
[00:00:17] ML tree search #16, logLikelihood: -1822.208488
[00:00:18] ML tree search #17, logLikelihood: -1821.846078
[00:00:19] ML tree search #18, logLikelihood: -1821.929960
[00:00:20] ML tree search #19, logLikelihood: -1821.872526
[00:00:22] ML tree search #20, logLikelihood: -1821.900276

Optimized model parameters:

   Partition 0: noname
   Rate heterogeneity: GAMMA (4 cats, mean),  alpha: 0.020139 (ML),  weights&rates: (0.250000,0.000000) (0.250000,0.000000) (0.250000,0.000001) (0.250000,3.999999) 
   Base frequencies (ML): 0.251398 0.205769 0.259445 0.283389 
   Substitution rates (ML): 223.564215 107.657805 30.663218 83.974087 992.155659 1.000000 

Final LogLikelihood: -1821.834264

AIC score: 4027.668527 / AICc score: 4106.679188 / BIC score: 4993.593163
Free parameters (model + branch lengths): 192

Best ML tree saved to: /home/homma/Desktop/coding/github/pos_selection_pipeline/tomato_pipeline/pipeline/no_LOC/raxml-ng/ACT_prot_linear_multi_sl25_prt_codonAlignment.raxml.bestTree
All ML trees saved to: /home/homma/Desktop/coding/github/pos_selection_pipeline/tomato_pipeline/pipeline/no_LOC/raxml-ng/ACT_prot_linear_multi_sl25_prt_codonAlignment.raxml.mlTrees
Optimized model saved to: /home/homma/Desktop/coding/github/pos_selection_pipeline/tomato_pipeline/pipeline/no_LOC/raxml-ng/ACT_prot_linear_multi_sl25_prt_codonAlignment.raxml.bestModel

Execution log saved to: /home/homma/Desktop/coding/github/pos_selection_pipeline/tomato_pipeline/pipeline/no_LOC/raxml-ng/ACT_prot_linear_multi_sl25_prt_codonAlignment.raxml.log

Analysis started: 01-Mar-2020 18:33:48 / finished: 01-Mar-2020 18:34:10

Elapsed time: 22.034 seconds

