
RAxML-NG v. 0.8.1 BETA released on 05.03.2019 by The Exelixis Lab.
Authors: Alexey Kozlov, Alexandros Stamatakis, Diego Darriba, Tomas Flouri, Benoit Morel.
Latest version: https://github.com/amkozlov/raxml-ng
Questions/problems/suggestions? Please visit: https://groups.google.com/forum/#!forum/raxml

WARNING: This is a BETA release, please use at your own risk!

RAxML-NG was called at 01-Mar-2020 18:05:14 as follows:

raxml-ng --msa AFRR_prot_linear_multi_sl25_prt_codonAlignment.fasta --prefix AFRR_prot_linear_multi_sl25_prt_codonAlignment --model GTR+G --seed 123 --bs-tree 100 --force

Analysis options:
  run mode: ML tree search
  start tree(s): random (10) + parsimony (10)
  random seed: 123
  tip-inner: OFF
  pattern compression: ON
  per-rate scalers: OFF
  site repeats: ON
  fast spr radius: AUTO
  spr subtree cutoff: 1.000000
  branch lengths: proportional (ML estimate, algorithm: NR-FAST)
  SIMD kernels: AVX2
  parallelization: PTHREADS (6 threads), thread pinning: OFF

WARNING: Running in FORCE mode: all safety checks are disabled!

[00:00:00] Reading alignment from file: AFRR_prot_linear_multi_sl25_prt_codonAlignment.fasta
[00:00:00] Loaded alignment with 98 taxa and 1299 sites

Alignment comprises 1 partitions and 50 patterns

Partition 0: noname
Model: GTR+FO+G4m
Alignment sites / patterns: 1299 / 50
Gaps: 0.00 %
Invariant sites: 96.23 %


NOTE: Binary MSA file created: AFRR_prot_linear_multi_sl25_prt_codonAlignment.raxml.rba

[00:00:00] Generating 10 random starting tree(s) with 98 taxa
[00:00:00] Generating 10 parsimony starting tree(s) with 98 taxa
[00:00:00] Data distribution: max. partitions/sites/weight per thread: 1 / 9 / 144

Starting ML tree search with 20 distinct starting trees

[00:00:02] ML tree search #1, logLikelihood: -2345.508874
[00:00:04] ML tree search #2, logLikelihood: -2337.269585
[00:00:06] ML tree search #3, logLikelihood: -2337.269634
[00:00:09] ML tree search #4, logLikelihood: -2337.269588
[00:00:11] ML tree search #5, logLikelihood: -2348.126826
[00:00:15] ML tree search #6, logLikelihood: -2336.719267
[00:00:16] ML tree search #7, logLikelihood: -2342.452406
[00:00:18] ML tree search #8, logLikelihood: -2337.807842
[00:00:20] ML tree search #9, logLikelihood: -2337.269599
[00:00:22] ML tree search #10, logLikelihood: -2342.472313
[00:00:24] ML tree search #11, logLikelihood: -2340.717787
[00:00:25] ML tree search #12, logLikelihood: -2340.288248
[00:00:27] ML tree search #13, logLikelihood: -2339.851971
[00:00:29] ML tree search #14, logLikelihood: -2340.288330
[00:00:31] ML tree search #15, logLikelihood: -2340.346194
[00:00:33] ML tree search #16, logLikelihood: -2340.717875
[00:00:37] ML tree search #17, logLikelihood: -2336.719275
[00:00:39] ML tree search #18, logLikelihood: -2340.717824
[00:00:40] ML tree search #19, logLikelihood: -2337.269598
[00:00:42] ML tree search #20, logLikelihood: -2340.288278

Optimized model parameters:

   Partition 0: noname
   Rate heterogeneity: GAMMA (4 cats, mean),  alpha: 0.020124 (ML),  weights&rates: (0.250000,0.000000) (0.250000,0.000000) (0.250000,0.000001) (0.250000,3.999999) 
   Base frequencies (ML): 0.288227 0.176350 0.258721 0.276702 
   Substitution rates (ML): 2.440150 8.405528 1.276006 1.509943 15.667765 1.000000 

Final LogLikelihood: -2336.719267

AIC score: 5077.438534 / AICc score: 5152.267001 / BIC score: 6121.647238
Free parameters (model + branch lengths): 202

Best ML tree saved to: /home/homma/Desktop/coding/github/pos_selection_pipeline/tomato_pipeline/pipeline/no_LOC/raxml-ng/AFRR_prot_linear_multi_sl25_prt_codonAlignment.raxml.bestTree
All ML trees saved to: /home/homma/Desktop/coding/github/pos_selection_pipeline/tomato_pipeline/pipeline/no_LOC/raxml-ng/AFRR_prot_linear_multi_sl25_prt_codonAlignment.raxml.mlTrees
Optimized model saved to: /home/homma/Desktop/coding/github/pos_selection_pipeline/tomato_pipeline/pipeline/no_LOC/raxml-ng/AFRR_prot_linear_multi_sl25_prt_codonAlignment.raxml.bestModel

Execution log saved to: /home/homma/Desktop/coding/github/pos_selection_pipeline/tomato_pipeline/pipeline/no_LOC/raxml-ng/AFRR_prot_linear_multi_sl25_prt_codonAlignment.raxml.log

Analysis started: 01-Mar-2020 18:05:14 / finished: 01-Mar-2020 18:05:57

Elapsed time: 42.896 seconds

