
RAxML-NG v. 0.8.1 BETA released on 05.03.2019 by The Exelixis Lab.
Authors: Alexey Kozlov, Alexandros Stamatakis, Diego Darriba, Tomas Flouri, Benoit Morel.
Latest version: https://github.com/amkozlov/raxml-ng
Questions/problems/suggestions? Please visit: https://groups.google.com/forum/#!forum/raxml

WARNING: This is a BETA release, please use at your own risk!

RAxML-NG was called at 01-Mar-2020 18:16:10 as follows:

raxml-ng --msa AGAL_prot_linear_multi_sl25_prt_codonAlignment.fasta --prefix AGAL_prot_linear_multi_sl25_prt_codonAlignment --model GTR+G --seed 123 --bs-tree 100 --force

Analysis options:
  run mode: ML tree search
  start tree(s): random (10) + parsimony (10)
  random seed: 123
  tip-inner: OFF
  pattern compression: ON
  per-rate scalers: OFF
  site repeats: ON
  fast spr radius: AUTO
  spr subtree cutoff: 1.000000
  branch lengths: proportional (ML estimate, algorithm: NR-FAST)
  SIMD kernels: AVX2
  parallelization: PTHREADS (6 threads), thread pinning: OFF

WARNING: Running in FORCE mode: all safety checks are disabled!

[00:00:00] Reading alignment from file: AGAL_prot_linear_multi_sl25_prt_codonAlignment.fasta
[00:00:00] Loaded alignment with 118 taxa and 1227 sites

Alignment comprises 1 partitions and 56 patterns

Partition 0: noname
Model: GTR+FO+G4m
Alignment sites / patterns: 1227 / 56
Gaps: 0.00 %
Invariant sites: 95.60 %


NOTE: Binary MSA file created: AGAL_prot_linear_multi_sl25_prt_codonAlignment.raxml.rba

[00:00:00] Generating 10 random starting tree(s) with 118 taxa
[00:00:00] Generating 10 parsimony starting tree(s) with 118 taxa
[00:00:00] Data distribution: max. partitions/sites/weight per thread: 1 / 10 / 160

Starting ML tree search with 20 distinct starting trees

[00:00:03] ML tree search #1, logLikelihood: -2384.296931
[00:00:07] ML tree search #2, logLikelihood: -2382.351975
[00:00:10] ML tree search #3, logLikelihood: -2389.560558
[00:00:14] ML tree search #4, logLikelihood: -2385.839875
[00:00:19] ML tree search #5, logLikelihood: -2410.009630
[00:00:23] ML tree search #6, logLikelihood: -2382.314006
[00:00:26] ML tree search #7, logLikelihood: -2403.947622
[00:00:31] ML tree search #8, logLikelihood: -2409.255466
[00:00:35] ML tree search #9, logLikelihood: -2385.141098
[00:00:39] ML tree search #10, logLikelihood: -2386.382209
[00:00:43] ML tree search #11, logLikelihood: -2405.719627
[00:00:47] ML tree search #12, logLikelihood: -2385.489449
[00:00:50] ML tree search #13, logLikelihood: -2393.056036
[00:00:54] ML tree search #14, logLikelihood: -2391.990077
[00:00:57] ML tree search #15, logLikelihood: -2386.413318
[00:01:00] ML tree search #16, logLikelihood: -2399.322787
[00:01:03] ML tree search #17, logLikelihood: -2387.764811
[00:01:05] ML tree search #18, logLikelihood: -2387.032358
[00:01:09] ML tree search #19, logLikelihood: -2402.729587
[00:01:10] ML tree search #20, logLikelihood: -2386.360929

Optimized model parameters:

   Partition 0: noname
   Rate heterogeneity: GAMMA (4 cats, mean),  alpha: 0.020140 (ML),  weights&rates: (0.250000,0.000000) (0.250000,0.000000) (0.250000,0.000001) (0.250000,3.999999) 
   Base frequencies (ML): 0.302204 0.159081 0.244521 0.294194 
   Substitution rates (ML): 3.231299 10.328773 1.927626 5.894228 22.132510 1.000000 

Final LogLikelihood: -2382.314006

AIC score: 5248.628012 / AICc score: 5368.152402 / BIC score: 6485.811253
Free parameters (model + branch lengths): 242

Best ML tree saved to: /home/homma/Desktop/coding/github/pos_selection_pipeline/tomato_pipeline/pipeline/no_LOC/raxml-ng/AGAL_prot_linear_multi_sl25_prt_codonAlignment.raxml.bestTree
All ML trees saved to: /home/homma/Desktop/coding/github/pos_selection_pipeline/tomato_pipeline/pipeline/no_LOC/raxml-ng/AGAL_prot_linear_multi_sl25_prt_codonAlignment.raxml.mlTrees
Optimized model saved to: /home/homma/Desktop/coding/github/pos_selection_pipeline/tomato_pipeline/pipeline/no_LOC/raxml-ng/AGAL_prot_linear_multi_sl25_prt_codonAlignment.raxml.bestModel

Execution log saved to: /home/homma/Desktop/coding/github/pos_selection_pipeline/tomato_pipeline/pipeline/no_LOC/raxml-ng/AGAL_prot_linear_multi_sl25_prt_codonAlignment.raxml.log

Analysis started: 01-Mar-2020 18:16:10 / finished: 01-Mar-2020 18:17:20

Elapsed time: 70.735 seconds

