
RAxML-NG v. 0.8.1 BETA released on 05.03.2019 by The Exelixis Lab.
Authors: Alexey Kozlov, Alexandros Stamatakis, Diego Darriba, Tomas Flouri, Benoit Morel.
Latest version: https://github.com/amkozlov/raxml-ng
Questions/problems/suggestions? Please visit: https://groups.google.com/forum/#!forum/raxml

WARNING: This is a BETA release, please use at your own risk!

RAxML-NG was called at 01-Mar-2020 18:21:01 as follows:

raxml-ng --msa ARF1_prot_linear_multi_sl25_prt_codonAlignment.fasta --prefix ARF1_prot_linear_multi_sl25_prt_codonAlignment --model GTR+G --seed 123 --bs-tree 100 --force

Analysis options:
  run mode: ML tree search
  start tree(s): random (10) + parsimony (10)
  random seed: 123
  tip-inner: OFF
  pattern compression: ON
  per-rate scalers: OFF
  site repeats: ON
  fast spr radius: AUTO
  spr subtree cutoff: 1.000000
  branch lengths: proportional (ML estimate, algorithm: NR-FAST)
  SIMD kernels: AVX2
  parallelization: PTHREADS (6 threads), thread pinning: OFF

WARNING: Running in FORCE mode: all safety checks are disabled!

[00:00:00] Reading alignment from file: ARF1_prot_linear_multi_sl25_prt_codonAlignment.fasta
[00:00:00] Loaded alignment with 94 taxa and 2022 sites

Alignment comprises 1 partitions and 99 patterns

Partition 0: noname
Model: GTR+FO+G4m
Alignment sites / patterns: 2022 / 99
Gaps: 0.01 %
Invariant sites: 95.25 %


NOTE: Binary MSA file created: ARF1_prot_linear_multi_sl25_prt_codonAlignment.raxml.rba

[00:00:00] Generating 10 random starting tree(s) with 94 taxa
[00:00:00] Generating 10 parsimony starting tree(s) with 94 taxa
[00:00:00] Data distribution: max. partitions/sites/weight per thread: 1 / 17 / 272

Starting ML tree search with 20 distinct starting trees

[00:00:03] ML tree search #1, logLikelihood: -4079.286941
[00:00:10] ML tree search #2, logLikelihood: -4073.185821
[00:00:13] ML tree search #3, logLikelihood: -4074.087015
[00:00:15] ML tree search #4, logLikelihood: -4080.520933
[00:00:18] ML tree search #5, logLikelihood: -4068.475080
[00:00:25] ML tree search #6, logLikelihood: -4079.709702
[00:00:28] ML tree search #7, logLikelihood: -4079.709750
[00:00:31] ML tree search #8, logLikelihood: -4085.674308
[00:00:36] ML tree search #9, logLikelihood: -4076.503814
[00:00:40] ML tree search #10, logLikelihood: -4077.994105
[00:00:42] ML tree search #11, logLikelihood: -4074.347574
[00:00:45] ML tree search #12, logLikelihood: -4072.107936
[00:00:48] ML tree search #13, logLikelihood: -4073.691892
[00:00:54] ML tree search #14, logLikelihood: -4076.824252
[00:00:57] ML tree search #15, logLikelihood: -4069.550951
[00:01:01] ML tree search #16, logLikelihood: -4074.338030
[00:01:04] ML tree search #17, logLikelihood: -4081.190273
[00:01:11] ML tree search #18, logLikelihood: -4072.107690
[00:01:15] ML tree search #19, logLikelihood: -4083.126130
[00:01:16] ML tree search #20, logLikelihood: -4073.712353

Optimized model parameters:

   Partition 0: noname
   Rate heterogeneity: GAMMA (4 cats, mean),  alpha: 0.020134 (ML),  weights&rates: (0.250000,0.000000) (0.250000,0.000000) (0.250000,0.000001) (0.250000,3.999999) 
   Base frequencies (ML): 0.294586 0.180494 0.226204 0.298716 
   Substitution rates (ML): 1.280528 9.284597 1.581831 2.012564 6.682586 1.000000 

Final LogLikelihood: -4068.475080

AIC score: 8524.950160 / AICc score: 8566.362311 / BIC score: 9613.647585
Free parameters (model + branch lengths): 194

Best ML tree saved to: /home/homma/Desktop/coding/github/pos_selection_pipeline/tomato_pipeline/pipeline/no_LOC/raxml-ng/ARF1_prot_linear_multi_sl25_prt_codonAlignment.raxml.bestTree
All ML trees saved to: /home/homma/Desktop/coding/github/pos_selection_pipeline/tomato_pipeline/pipeline/no_LOC/raxml-ng/ARF1_prot_linear_multi_sl25_prt_codonAlignment.raxml.mlTrees
Optimized model saved to: /home/homma/Desktop/coding/github/pos_selection_pipeline/tomato_pipeline/pipeline/no_LOC/raxml-ng/ARF1_prot_linear_multi_sl25_prt_codonAlignment.raxml.bestModel

Execution log saved to: /home/homma/Desktop/coding/github/pos_selection_pipeline/tomato_pipeline/pipeline/no_LOC/raxml-ng/ARF1_prot_linear_multi_sl25_prt_codonAlignment.raxml.log

Analysis started: 01-Mar-2020 18:21:01 / finished: 01-Mar-2020 18:22:18

Elapsed time: 76.881 seconds

