
RAxML-NG v. 0.8.1 BETA released on 05.03.2019 by The Exelixis Lab.
Authors: Alexey Kozlov, Alexandros Stamatakis, Diego Darriba, Tomas Flouri, Benoit Morel.
Latest version: https://github.com/amkozlov/raxml-ng
Questions/problems/suggestions? Please visit: https://groups.google.com/forum/#!forum/raxml

WARNING: This is a BETA release, please use at your own risk!

RAxML-NG was called at 01-Mar-2020 19:02:14 as follows:

raxml-ng --msa ca2_prot_linear_multi_sl25_prt_codonAlignment.fasta --prefix ca2_prot_linear_multi_sl25_prt_codonAlignment --model GTR+G --seed 123 --bs-tree 100 --force

Analysis options:
  run mode: ML tree search
  start tree(s): random (10) + parsimony (10)
  random seed: 123
  tip-inner: OFF
  pattern compression: ON
  per-rate scalers: OFF
  site repeats: ON
  fast spr radius: AUTO
  spr subtree cutoff: 1.000000
  branch lengths: proportional (ML estimate, algorithm: NR-FAST)
  SIMD kernels: AVX2
  parallelization: PTHREADS (6 threads), thread pinning: OFF

WARNING: Running in FORCE mode: all safety checks are disabled!

[00:00:00] Reading alignment from file: ca2_prot_linear_multi_sl25_prt_codonAlignment.fasta
[00:00:00] Loaded alignment with 101 taxa and 1011 sites

Alignment comprises 1 partitions and 57 patterns

Partition 0: noname
Model: GTR+FO+G4m
Alignment sites / patterns: 1011 / 57
Gaps: 1.05 %
Invariant sites: 95.45 %


NOTE: Binary MSA file created: ca2_prot_linear_multi_sl25_prt_codonAlignment.raxml.rba

[00:00:00] Generating 10 random starting tree(s) with 101 taxa
[00:00:00] Generating 10 parsimony starting tree(s) with 101 taxa
[00:00:00] Data distribution: max. partitions/sites/weight per thread: 1 / 10 / 160

Starting ML tree search with 20 distinct starting trees

[00:00:02] ML tree search #1, logLikelihood: -1926.606823
[00:00:04] ML tree search #2, logLikelihood: -1925.194575
[00:00:05] ML tree search #3, logLikelihood: -1923.167741
[00:00:07] ML tree search #4, logLikelihood: -1928.780100
[00:00:10] ML tree search #5, logLikelihood: -1929.756176
[00:00:12] ML tree search #6, logLikelihood: -1934.693941
[00:00:14] ML tree search #7, logLikelihood: -1928.222809
[00:00:15] ML tree search #8, logLikelihood: -1928.672719
[00:00:17] ML tree search #9, logLikelihood: -1951.019674
[00:00:19] ML tree search #10, logLikelihood: -1930.638244
[00:00:20] ML tree search #11, logLikelihood: -1934.089384
[00:00:21] ML tree search #12, logLikelihood: -1926.603107
[00:00:22] ML tree search #13, logLikelihood: -1929.964781
[00:00:23] ML tree search #14, logLikelihood: -1927.180242
[00:00:24] ML tree search #15, logLikelihood: -1930.637990
[00:00:26] ML tree search #16, logLikelihood: -1925.822058
[00:00:27] ML tree search #17, logLikelihood: -1926.604430
[00:00:28] ML tree search #18, logLikelihood: -1922.924039
[00:00:30] ML tree search #19, logLikelihood: -1925.194629
[00:00:32] ML tree search #20, logLikelihood: -1922.925427

Optimized model parameters:

   Partition 0: noname
   Rate heterogeneity: GAMMA (4 cats, mean),  alpha: 0.020120 (ML),  weights&rates: (0.250000,0.000000) (0.250000,0.000000) (0.250000,0.000001) (0.250000,3.999999) 
   Base frequencies (ML): 0.258436 0.237168 0.234338 0.270057 
   Substitution rates (ML): 0.561148 2.267109 1.634057 1.159838 3.197958 1.000000 

Final LogLikelihood: -1922.924039

AIC score: 4261.848079 / AICc score: 4370.257056 / BIC score: 5284.936684
Free parameters (model + branch lengths): 208

Best ML tree saved to: /home/homma/Desktop/coding/github/pos_selection_pipeline/tomato_pipeline/pipeline/no_LOC/raxml-ng/ca2_prot_linear_multi_sl25_prt_codonAlignment.raxml.bestTree
All ML trees saved to: /home/homma/Desktop/coding/github/pos_selection_pipeline/tomato_pipeline/pipeline/no_LOC/raxml-ng/ca2_prot_linear_multi_sl25_prt_codonAlignment.raxml.mlTrees
Optimized model saved to: /home/homma/Desktop/coding/github/pos_selection_pipeline/tomato_pipeline/pipeline/no_LOC/raxml-ng/ca2_prot_linear_multi_sl25_prt_codonAlignment.raxml.bestModel

Execution log saved to: /home/homma/Desktop/coding/github/pos_selection_pipeline/tomato_pipeline/pipeline/no_LOC/raxml-ng/ca2_prot_linear_multi_sl25_prt_codonAlignment.raxml.log

Analysis started: 01-Mar-2020 19:02:14 / finished: 01-Mar-2020 19:02:47

Elapsed time: 32.616 seconds

