
RAxML-NG v. 0.8.1 BETA released on 05.03.2019 by The Exelixis Lab.
Authors: Alexey Kozlov, Alexandros Stamatakis, Diego Darriba, Tomas Flouri, Benoit Morel.
Latest version: https://github.com/amkozlov/raxml-ng
Questions/problems/suggestions? Please visit: https://groups.google.com/forum/#!forum/raxml

WARNING: This is a BETA release, please use at your own risk!

RAxML-NG was called at 01-Mar-2020 19:11:24 as follows:

raxml-ng --msa Cab-1B_prot_linear_multi_sl25_prt_codonAlignment.fasta --prefix Cab-1B_prot_linear_multi_sl25_prt_codonAlignment --model GTR+G --seed 123 --bs-tree 100 --force

Analysis options:
  run mode: ML tree search
  start tree(s): random (10) + parsimony (10)
  random seed: 123
  tip-inner: OFF
  pattern compression: ON
  per-rate scalers: OFF
  site repeats: ON
  fast spr radius: AUTO
  spr subtree cutoff: 1.000000
  branch lengths: proportional (ML estimate, algorithm: NR-FAST)
  SIMD kernels: AVX2
  parallelization: PTHREADS (6 threads), thread pinning: OFF

WARNING: Running in FORCE mode: all safety checks are disabled!

[00:00:00] Reading alignment from file: Cab-1B_prot_linear_multi_sl25_prt_codonAlignment.fasta
[00:00:00] Loaded alignment with 101 taxa and 795 sites

Alignment comprises 1 partitions and 57 patterns

Partition 0: noname
Model: GTR+FO+G4m
Alignment sites / patterns: 795 / 57
Gaps: 0.00 %
Invariant sites: 92.58 %


NOTE: Binary MSA file created: Cab-1B_prot_linear_multi_sl25_prt_codonAlignment.raxml.rba

[00:00:00] Generating 10 random starting tree(s) with 101 taxa
[00:00:00] Generating 10 parsimony starting tree(s) with 101 taxa
[00:00:00] Data distribution: max. partitions/sites/weight per thread: 1 / 10 / 160

Starting ML tree search with 20 distinct starting trees

[00:00:02] ML tree search #1, logLikelihood: -1882.876694
[00:00:05] ML tree search #2, logLikelihood: -1884.753921
[00:00:08] ML tree search #3, logLikelihood: -1883.548636
[00:00:12] ML tree search #4, logLikelihood: -1887.281849
[00:00:14] ML tree search #5, logLikelihood: -1887.819910
[00:00:17] ML tree search #6, logLikelihood: -1890.847301
[00:00:20] ML tree search #7, logLikelihood: -1886.350937
[00:00:22] ML tree search #8, logLikelihood: -1886.493368
[00:00:26] ML tree search #9, logLikelihood: -1889.671593
[00:00:27] ML tree search #10, logLikelihood: -1886.904575
[00:00:29] ML tree search #11, logLikelihood: -1883.637372
[00:00:30] ML tree search #12, logLikelihood: -1883.308295
[00:00:31] ML tree search #13, logLikelihood: -1888.927699
[00:00:33] ML tree search #14, logLikelihood: -1885.377312
[00:00:35] ML tree search #15, logLikelihood: -1883.686764
[00:00:36] ML tree search #16, logLikelihood: -1883.589041
[00:00:37] ML tree search #17, logLikelihood: -1886.346782
[00:00:40] ML tree search #18, logLikelihood: -1890.635418
[00:00:41] ML tree search #19, logLikelihood: -1882.642188
[00:00:42] ML tree search #20, logLikelihood: -1881.874527

Optimized model parameters:

   Partition 0: noname
   Rate heterogeneity: GAMMA (4 cats, mean),  alpha: 0.020124 (ML),  weights&rates: (0.250000,0.000000) (0.250000,0.000000) (0.250000,0.000001) (0.250000,3.999999) 
   Base frequencies (ML): 0.218386 0.239158 0.273942 0.268514 
   Substitution rates (ML): 35.451512 17.055020 33.226090 9.365368 83.350436 1.000000 

Final LogLikelihood: -1881.874527

AIC score: 4179.749053 / AICc score: 4328.117654 / BIC score: 5152.844213
Free parameters (model + branch lengths): 208

Best ML tree saved to: /home/homma/Desktop/coding/github/pos_selection_pipeline/tomato_pipeline/pipeline/no_LOC/raxml-ng/Cab-1B_prot_linear_multi_sl25_prt_codonAlignment.raxml.bestTree
All ML trees saved to: /home/homma/Desktop/coding/github/pos_selection_pipeline/tomato_pipeline/pipeline/no_LOC/raxml-ng/Cab-1B_prot_linear_multi_sl25_prt_codonAlignment.raxml.mlTrees
Optimized model saved to: /home/homma/Desktop/coding/github/pos_selection_pipeline/tomato_pipeline/pipeline/no_LOC/raxml-ng/Cab-1B_prot_linear_multi_sl25_prt_codonAlignment.raxml.bestModel

Execution log saved to: /home/homma/Desktop/coding/github/pos_selection_pipeline/tomato_pipeline/pipeline/no_LOC/raxml-ng/Cab-1B_prot_linear_multi_sl25_prt_codonAlignment.raxml.log

Analysis started: 01-Mar-2020 19:11:24 / finished: 01-Mar-2020 19:12:06

Elapsed time: 42.453 seconds

