
RAxML-NG v. 0.8.1 BETA released on 05.03.2019 by The Exelixis Lab.
Authors: Alexey Kozlov, Alexandros Stamatakis, Diego Darriba, Tomas Flouri, Benoit Morel.
Latest version: https://github.com/amkozlov/raxml-ng
Questions/problems/suggestions? Please visit: https://groups.google.com/forum/#!forum/raxml

WARNING: This is a BETA release, please use at your own risk!

RAxML-NG was called at 01-Mar-2020 18:23:18 as follows:

raxml-ng --msa Cab-1D_prot_linear_multi_sl25_prt_codonAlignment.fasta --prefix Cab-1D_prot_linear_multi_sl25_prt_codonAlignment --model GTR+G --seed 123 --bs-tree 100 --force

Analysis options:
  run mode: ML tree search
  start tree(s): random (10) + parsimony (10)
  random seed: 123
  tip-inner: OFF
  pattern compression: ON
  per-rate scalers: OFF
  site repeats: ON
  fast spr radius: AUTO
  spr subtree cutoff: 1.000000
  branch lengths: proportional (ML estimate, algorithm: NR-FAST)
  SIMD kernels: AVX2
  parallelization: PTHREADS (6 threads), thread pinning: OFF

WARNING: Running in FORCE mode: all safety checks are disabled!

[00:00:00] Reading alignment from file: Cab-1D_prot_linear_multi_sl25_prt_codonAlignment.fasta
[00:00:00] Loaded alignment with 100 taxa and 795 sites

Alignment comprises 1 partitions and 70 patterns

Partition 0: noname
Model: GTR+FO+G4m
Alignment sites / patterns: 795 / 70
Gaps: 0.00 %
Invariant sites: 91.19 %


NOTE: Binary MSA file created: Cab-1D_prot_linear_multi_sl25_prt_codonAlignment.raxml.rba

[00:00:00] Generating 10 random starting tree(s) with 100 taxa
[00:00:00] Generating 10 parsimony starting tree(s) with 100 taxa
[00:00:00] Data distribution: max. partitions/sites/weight per thread: 1 / 12 / 192

Starting ML tree search with 20 distinct starting trees

[00:00:04] ML tree search #1, logLikelihood: -2182.438605
[00:00:11] ML tree search #2, logLikelihood: -2182.872011
[00:00:15] ML tree search #3, logLikelihood: -2188.008500
[00:00:22] ML tree search #4, logLikelihood: -2183.130295
[00:00:29] ML tree search #5, logLikelihood: -2182.970499
[00:00:36] ML tree search #6, logLikelihood: -2185.737073
[00:00:42] ML tree search #7, logLikelihood: -2181.489960
[00:00:47] ML tree search #8, logLikelihood: -2195.139380
[00:00:53] ML tree search #9, logLikelihood: -2184.005599
[00:00:58] ML tree search #10, logLikelihood: -2184.327704
[00:01:01] ML tree search #11, logLikelihood: -2182.232572
[00:01:04] ML tree search #12, logLikelihood: -2179.702314
[00:01:08] ML tree search #13, logLikelihood: -2181.408436
[00:01:10] ML tree search #14, logLikelihood: -2180.995703
[00:01:13] ML tree search #15, logLikelihood: -2186.312347
[00:01:16] ML tree search #16, logLikelihood: -2183.346456
[00:01:21] ML tree search #17, logLikelihood: -2182.235824
[00:01:24] ML tree search #18, logLikelihood: -2185.873490
[00:01:29] ML tree search #19, logLikelihood: -2182.930181
[00:01:39] ML tree search #20, logLikelihood: -2177.758008

Optimized model parameters:

   Partition 0: noname
   Rate heterogeneity: GAMMA (4 cats, mean),  alpha: 0.020125 (ML),  weights&rates: (0.250000,0.000000) (0.250000,0.000000) (0.250000,0.000001) (0.250000,3.999999) 
   Base frequencies (ML): 0.217476 0.250962 0.268623 0.262940 
   Substitution rates (ML): 6.195373 3.408402 5.545679 0.816110 14.369066 1.000000 

Final LogLikelihood: -2177.758008

AIC score: 4767.516015 / AICc score: 4912.556831 / BIC score: 5731.254491
Free parameters (model + branch lengths): 206

Best ML tree saved to: /home/homma/Desktop/coding/github/pos_selection_pipeline/tomato_pipeline/pipeline/no_LOC/raxml-ng/Cab-1D_prot_linear_multi_sl25_prt_codonAlignment.raxml.bestTree
All ML trees saved to: /home/homma/Desktop/coding/github/pos_selection_pipeline/tomato_pipeline/pipeline/no_LOC/raxml-ng/Cab-1D_prot_linear_multi_sl25_prt_codonAlignment.raxml.mlTrees
Optimized model saved to: /home/homma/Desktop/coding/github/pos_selection_pipeline/tomato_pipeline/pipeline/no_LOC/raxml-ng/Cab-1D_prot_linear_multi_sl25_prt_codonAlignment.raxml.bestModel

Execution log saved to: /home/homma/Desktop/coding/github/pos_selection_pipeline/tomato_pipeline/pipeline/no_LOC/raxml-ng/Cab-1D_prot_linear_multi_sl25_prt_codonAlignment.raxml.log

Analysis started: 01-Mar-2020 18:23:18 / finished: 01-Mar-2020 18:24:58

Elapsed time: 99.396 seconds

