
RAxML-NG v. 0.8.1 BETA released on 05.03.2019 by The Exelixis Lab.
Authors: Alexey Kozlov, Alexandros Stamatakis, Diego Darriba, Tomas Flouri, Benoit Morel.
Latest version: https://github.com/amkozlov/raxml-ng
Questions/problems/suggestions? Please visit: https://groups.google.com/forum/#!forum/raxml

WARNING: This is a BETA release, please use at your own risk!

RAxML-NG was called at 01-Mar-2020 18:37:06 as follows:

raxml-ng --msa CAT2_prot_linear_multi_sl25_prt_codonAlignment.fasta --prefix CAT2_prot_linear_multi_sl25_prt_codonAlignment --model GTR+G --seed 123 --bs-tree 100 --force

Analysis options:
  run mode: ML tree search
  start tree(s): random (10) + parsimony (10)
  random seed: 123
  tip-inner: OFF
  pattern compression: ON
  per-rate scalers: OFF
  site repeats: ON
  fast spr radius: AUTO
  spr subtree cutoff: 1.000000
  branch lengths: proportional (ML estimate, algorithm: NR-FAST)
  SIMD kernels: AVX2
  parallelization: PTHREADS (6 threads), thread pinning: OFF

WARNING: Running in FORCE mode: all safety checks are disabled!

[00:00:00] Reading alignment from file: CAT2_prot_linear_multi_sl25_prt_codonAlignment.fasta
[00:00:00] Loaded alignment with 103 taxa and 1476 sites

Alignment comprises 1 partitions and 56 patterns

Partition 0: noname
Model: GTR+FO+G4m
Alignment sites / patterns: 1476 / 56
Gaps: 0.00 %
Invariant sites: 96.00 %


NOTE: Binary MSA file created: CAT2_prot_linear_multi_sl25_prt_codonAlignment.raxml.rba

[00:00:00] Generating 10 random starting tree(s) with 103 taxa
[00:00:00] Generating 10 parsimony starting tree(s) with 103 taxa
[00:00:00] Data distribution: max. partitions/sites/weight per thread: 1 / 10 / 160

Starting ML tree search with 20 distinct starting trees

[00:00:03] ML tree search #1, logLikelihood: -2624.797851
[00:00:06] ML tree search #2, logLikelihood: -2625.087171
[00:00:09] ML tree search #3, logLikelihood: -2625.087172
[00:00:12] ML tree search #4, logLikelihood: -2625.087169
[00:00:16] ML tree search #5, logLikelihood: -2625.087173
[00:00:19] ML tree search #6, logLikelihood: -2624.797824
[00:00:23] ML tree search #7, logLikelihood: -2627.112047
[00:00:26] ML tree search #8, logLikelihood: -2625.087249
[00:00:29] ML tree search #9, logLikelihood: -2624.797803
[00:00:31] ML tree search #10, logLikelihood: -2629.267904
[00:00:32] ML tree search #11, logLikelihood: -2636.290713
[00:00:34] ML tree search #12, logLikelihood: -2626.428473
[00:00:35] ML tree search #13, logLikelihood: -2626.142737
[00:00:36] ML tree search #14, logLikelihood: -2625.087188
[00:00:37] ML tree search #15, logLikelihood: -2628.855488
[00:00:38] ML tree search #16, logLikelihood: -2625.087186
[00:00:40] ML tree search #17, logLikelihood: -2626.493643
[00:00:41] ML tree search #18, logLikelihood: -2626.493606
[00:00:42] ML tree search #19, logLikelihood: -2627.355318
[00:00:43] ML tree search #20, logLikelihood: -2630.645993

Optimized model parameters:

   Partition 0: noname
   Rate heterogeneity: GAMMA (4 cats, mean),  alpha: 0.020137 (ML),  weights&rates: (0.250000,0.000000) (0.250000,0.000000) (0.250000,0.000001) (0.250000,3.999999) 
   Base frequencies (ML): 0.263083 0.220730 0.220500 0.295687 
   Substitution rates (ML): 0.207178 2.251202 0.495675 0.773325 3.070796 1.000000 

Final LogLikelihood: -2624.797803

AIC score: 5673.595605 / AICc score: 5745.101543 / BIC score: 6796.578898
Free parameters (model + branch lengths): 212

Best ML tree saved to: /home/homma/Desktop/coding/github/pos_selection_pipeline/tomato_pipeline/pipeline/no_LOC/raxml-ng/CAT2_prot_linear_multi_sl25_prt_codonAlignment.raxml.bestTree
All ML trees saved to: /home/homma/Desktop/coding/github/pos_selection_pipeline/tomato_pipeline/pipeline/no_LOC/raxml-ng/CAT2_prot_linear_multi_sl25_prt_codonAlignment.raxml.mlTrees
Optimized model saved to: /home/homma/Desktop/coding/github/pos_selection_pipeline/tomato_pipeline/pipeline/no_LOC/raxml-ng/CAT2_prot_linear_multi_sl25_prt_codonAlignment.raxml.bestModel

Execution log saved to: /home/homma/Desktop/coding/github/pos_selection_pipeline/tomato_pipeline/pipeline/no_LOC/raxml-ng/CAT2_prot_linear_multi_sl25_prt_codonAlignment.raxml.log

Analysis started: 01-Mar-2020 18:37:06 / finished: 01-Mar-2020 18:37:50

Elapsed time: 43.920 seconds

