
RAxML-NG v. 0.8.1 BETA released on 05.03.2019 by The Exelixis Lab.
Authors: Alexey Kozlov, Alexandros Stamatakis, Diego Darriba, Tomas Flouri, Benoit Morel.
Latest version: https://github.com/amkozlov/raxml-ng
Questions/problems/suggestions? Please visit: https://groups.google.com/forum/#!forum/raxml

WARNING: This is a BETA release, please use at your own risk!

RAxML-NG was called at 01-Mar-2020 18:47:23 as follows:

raxml-ng --msa cevi16_prot_linear_multi_sl25_prt_codonAlignment.fasta --prefix cevi16_prot_linear_multi_sl25_prt_codonAlignment --model GTR+G --seed 123 --bs-tree 100 --force

Analysis options:
  run mode: ML tree search
  start tree(s): random (10) + parsimony (10)
  random seed: 123
  tip-inner: OFF
  pattern compression: ON
  per-rate scalers: OFF
  site repeats: ON
  fast spr radius: AUTO
  spr subtree cutoff: 1.000000
  branch lengths: proportional (ML estimate, algorithm: NR-FAST)
  SIMD kernels: AVX2
  parallelization: PTHREADS (6 threads), thread pinning: OFF

WARNING: Running in FORCE mode: all safety checks are disabled!

[00:00:00] Reading alignment from file: cevi16_prot_linear_multi_sl25_prt_codonAlignment.fasta
[00:00:00] Loaded alignment with 87 taxa and 996 sites

Alignment comprises 1 partitions and 67 patterns

Partition 0: noname
Model: GTR+FO+G4m
Alignment sites / patterns: 996 / 67
Gaps: 0.07 %
Invariant sites: 93.78 %


NOTE: Binary MSA file created: cevi16_prot_linear_multi_sl25_prt_codonAlignment.raxml.rba

[00:00:00] Generating 10 random starting tree(s) with 87 taxa
[00:00:00] Generating 10 parsimony starting tree(s) with 87 taxa
[00:00:00] Data distribution: max. partitions/sites/weight per thread: 1 / 12 / 192

Starting ML tree search with 20 distinct starting trees

[00:00:02] ML tree search #1, logLikelihood: -1997.729976
[00:00:04] ML tree search #2, logLikelihood: -2000.058056
[00:00:06] ML tree search #3, logLikelihood: -2010.342483
[00:00:08] ML tree search #4, logLikelihood: -2000.196995
[00:00:11] ML tree search #5, logLikelihood: -2000.196759
[00:00:14] ML tree search #6, logLikelihood: -1997.729991
[00:00:17] ML tree search #7, logLikelihood: -1998.300190
[00:00:19] ML tree search #8, logLikelihood: -1997.600327
[00:00:22] ML tree search #9, logLikelihood: -1998.300175
[00:00:24] ML tree search #10, logLikelihood: -1997.729970
[00:00:26] ML tree search #11, logLikelihood: -1997.720710
[00:00:27] ML tree search #12, logLikelihood: -1998.430136
[00:00:29] ML tree search #13, logLikelihood: -1997.600275
[00:00:30] ML tree search #14, logLikelihood: -1999.878570
[00:00:31] ML tree search #15, logLikelihood: -1997.847068
[00:00:33] ML tree search #16, logLikelihood: -1997.600294
[00:00:33] ML tree search #17, logLikelihood: -1997.847100
[00:00:34] ML tree search #18, logLikelihood: -2004.758310
[00:00:35] ML tree search #19, logLikelihood: -1998.430031
[00:00:36] ML tree search #20, logLikelihood: -1997.730045

Optimized model parameters:

   Partition 0: noname
   Rate heterogeneity: GAMMA (4 cats, mean),  alpha: 0.020121 (ML),  weights&rates: (0.250000,0.000000) (0.250000,0.000000) (0.250000,0.000001) (0.250000,3.999999) 
   Base frequencies (ML): 0.261301 0.208872 0.230792 0.299035 
   Substitution rates (ML): 1.997633 4.778916 1.063260 1.270641 4.772011 1.000000 

Final LogLikelihood: -1997.600275

AIC score: 4355.200551 / AICc score: 4435.151471 / BIC score: 5237.875057
Free parameters (model + branch lengths): 180

Best ML tree saved to: /home/homma/Desktop/coding/github/pos_selection_pipeline/tomato_pipeline/pipeline/no_LOC/raxml-ng/cevi16_prot_linear_multi_sl25_prt_codonAlignment.raxml.bestTree
All ML trees saved to: /home/homma/Desktop/coding/github/pos_selection_pipeline/tomato_pipeline/pipeline/no_LOC/raxml-ng/cevi16_prot_linear_multi_sl25_prt_codonAlignment.raxml.mlTrees
Optimized model saved to: /home/homma/Desktop/coding/github/pos_selection_pipeline/tomato_pipeline/pipeline/no_LOC/raxml-ng/cevi16_prot_linear_multi_sl25_prt_codonAlignment.raxml.bestModel

Execution log saved to: /home/homma/Desktop/coding/github/pos_selection_pipeline/tomato_pipeline/pipeline/no_LOC/raxml-ng/cevi16_prot_linear_multi_sl25_prt_codonAlignment.raxml.log

Analysis started: 01-Mar-2020 18:47:23 / finished: 01-Mar-2020 18:48:00

Elapsed time: 36.898 seconds

