
RAxML-NG v. 0.8.1 BETA released on 05.03.2019 by The Exelixis Lab.
Authors: Alexey Kozlov, Alexandros Stamatakis, Diego Darriba, Tomas Flouri, Benoit Morel.
Latest version: https://github.com/amkozlov/raxml-ng
Questions/problems/suggestions? Please visit: https://groups.google.com/forum/#!forum/raxml

WARNING: This is a BETA release, please use at your own risk!

RAxML-NG was called at 01-Mar-2020 18:24:58 as follows:

raxml-ng --msa CEVI-1_prot_linear_multi_sl25_prt_codonAlignment.fasta --prefix CEVI-1_prot_linear_multi_sl25_prt_codonAlignment --model GTR+G --seed 123 --bs-tree 100 --force

Analysis options:
  run mode: ML tree search
  start tree(s): random (10) + parsimony (10)
  random seed: 123
  tip-inner: OFF
  pattern compression: ON
  per-rate scalers: OFF
  site repeats: ON
  fast spr radius: AUTO
  spr subtree cutoff: 1.000000
  branch lengths: proportional (ML estimate, algorithm: NR-FAST)
  SIMD kernels: AVX2
  parallelization: PTHREADS (6 threads), thread pinning: OFF

WARNING: Running in FORCE mode: all safety checks are disabled!

[00:00:00] Reading alignment from file: CEVI-1_prot_linear_multi_sl25_prt_codonAlignment.fasta
[00:00:00] Loaded alignment with 100 taxa and 975 sites

Alignment comprises 1 partitions and 65 patterns

Partition 0: noname
Model: GTR+FO+G4m
Alignment sites / patterns: 975 / 65
Gaps: 0.00 %
Invariant sites: 93.23 %


NOTE: Binary MSA file created: CEVI-1_prot_linear_multi_sl25_prt_codonAlignment.raxml.rba

[00:00:00] Generating 10 random starting tree(s) with 100 taxa
[00:00:00] Generating 10 parsimony starting tree(s) with 100 taxa
[00:00:00] Data distribution: max. partitions/sites/weight per thread: 1 / 11 / 176

Starting ML tree search with 20 distinct starting trees

[00:00:02] ML tree search #1, logLikelihood: -2095.147665
[00:00:04] ML tree search #2, logLikelihood: -2095.481083
[00:00:06] ML tree search #3, logLikelihood: -2099.029390
[00:00:08] ML tree search #4, logLikelihood: -2094.830499
[00:00:11] ML tree search #5, logLikelihood: -2097.628231
[00:00:13] ML tree search #6, logLikelihood: -2095.622764
[00:00:17] ML tree search #7, logLikelihood: -2096.461884
[00:00:19] ML tree search #8, logLikelihood: -2094.502406
[00:00:23] ML tree search #9, logLikelihood: -2094.769104
[00:00:26] ML tree search #10, logLikelihood: -2095.245345
[00:00:27] ML tree search #11, logLikelihood: -2096.781599
[00:00:28] ML tree search #12, logLikelihood: -2100.175621
[00:00:32] ML tree search #13, logLikelihood: -2094.823701
[00:00:33] ML tree search #14, logLikelihood: -2096.346031
[00:00:34] ML tree search #15, logLikelihood: -2095.562635
[00:00:36] ML tree search #16, logLikelihood: -2101.851596
[00:00:37] ML tree search #17, logLikelihood: -2097.157703
[00:00:38] ML tree search #18, logLikelihood: -2096.096180
[00:00:39] ML tree search #19, logLikelihood: -2096.346023
[00:00:40] ML tree search #20, logLikelihood: -2099.029457

Optimized model parameters:

   Partition 0: noname
   Rate heterogeneity: GAMMA (4 cats, mean),  alpha: 0.020132 (ML),  weights&rates: (0.250000,0.000000) (0.250000,0.000000) (0.250000,0.000001) (0.250000,3.999999) 
   Base frequencies (ML): 0.299917 0.165793 0.215808 0.318482 
   Substitution rates (ML): 1.223624 7.593743 1.922945 2.097381 14.751009 1.000000 

Final LogLikelihood: -2094.502406

AIC score: 4601.004812 / AICc score: 4712.051687 / BIC score: 5606.786931
Free parameters (model + branch lengths): 206

Best ML tree saved to: /home/homma/Desktop/coding/github/pos_selection_pipeline/tomato_pipeline/pipeline/no_LOC/raxml-ng/CEVI-1_prot_linear_multi_sl25_prt_codonAlignment.raxml.bestTree
All ML trees saved to: /home/homma/Desktop/coding/github/pos_selection_pipeline/tomato_pipeline/pipeline/no_LOC/raxml-ng/CEVI-1_prot_linear_multi_sl25_prt_codonAlignment.raxml.mlTrees
Optimized model saved to: /home/homma/Desktop/coding/github/pos_selection_pipeline/tomato_pipeline/pipeline/no_LOC/raxml-ng/CEVI-1_prot_linear_multi_sl25_prt_codonAlignment.raxml.bestModel

Execution log saved to: /home/homma/Desktop/coding/github/pos_selection_pipeline/tomato_pipeline/pipeline/no_LOC/raxml-ng/CEVI-1_prot_linear_multi_sl25_prt_codonAlignment.raxml.log

Analysis started: 01-Mar-2020 18:24:58 / finished: 01-Mar-2020 18:25:39

Elapsed time: 40.981 seconds

