
RAxML-NG v. 0.8.1 BETA released on 05.03.2019 by The Exelixis Lab.
Authors: Alexey Kozlov, Alexandros Stamatakis, Diego Darriba, Tomas Flouri, Benoit Morel.
Latest version: https://github.com/amkozlov/raxml-ng
Questions/problems/suggestions? Please visit: https://groups.google.com/forum/#!forum/raxml

WARNING: This is a BETA release, please use at your own risk!

RAxML-NG was called at 01-Mar-2020 18:15:24 as follows:

raxml-ng --msa CHI17_prot_linear_multi_sl25_prt_codonAlignment.fasta --prefix CHI17_prot_linear_multi_sl25_prt_codonAlignment --model GTR+G --seed 123 --bs-tree 100 --force

Analysis options:
  run mode: ML tree search
  start tree(s): random (10) + parsimony (10)
  random seed: 123
  tip-inner: OFF
  pattern compression: ON
  per-rate scalers: OFF
  site repeats: ON
  fast spr radius: AUTO
  spr subtree cutoff: 1.000000
  branch lengths: proportional (ML estimate, algorithm: NR-FAST)
  SIMD kernels: AVX2
  parallelization: PTHREADS (6 threads), thread pinning: OFF

WARNING: Running in FORCE mode: all safety checks are disabled!

[00:00:00] Reading alignment from file: CHI17_prot_linear_multi_sl25_prt_codonAlignment.fasta
[00:00:00] Loaded alignment with 91 taxa and 741 sites

Alignment comprises 1 partitions and 49 patterns

Partition 0: noname
Model: GTR+FO+G4m
Alignment sites / patterns: 741 / 49
Gaps: 0.00 %
Invariant sites: 93.79 %


NOTE: Binary MSA file created: CHI17_prot_linear_multi_sl25_prt_codonAlignment.raxml.rba

[00:00:00] Generating 10 random starting tree(s) with 91 taxa
[00:00:00] Generating 10 parsimony starting tree(s) with 91 taxa
[00:00:00] Data distribution: max. partitions/sites/weight per thread: 1 / 9 / 144

Starting ML tree search with 20 distinct starting trees

[00:00:04] ML tree search #1, logLikelihood: -1706.022916
[00:00:07] ML tree search #2, logLikelihood: -1709.548088
[00:00:09] ML tree search #3, logLikelihood: -1713.761286
[00:00:11] ML tree search #4, logLikelihood: -1713.784926
[00:00:14] ML tree search #5, logLikelihood: -1724.012754
[00:00:16] ML tree search #6, logLikelihood: -1711.955197
[00:00:19] ML tree search #7, logLikelihood: -1703.256600
[00:00:22] ML tree search #8, logLikelihood: -1715.545785
[00:00:25] ML tree search #9, logLikelihood: -1704.866858
[00:00:28] ML tree search #10, logLikelihood: -1709.536891
[00:00:29] ML tree search #11, logLikelihood: -1716.043043
[00:00:33] ML tree search #12, logLikelihood: -1710.400041
[00:00:34] ML tree search #13, logLikelihood: -1712.581785
[00:00:35] ML tree search #14, logLikelihood: -1706.563285
[00:00:37] ML tree search #15, logLikelihood: -1720.205963
[00:00:38] ML tree search #16, logLikelihood: -1714.920610
[00:00:39] ML tree search #17, logLikelihood: -1719.777355
[00:00:42] ML tree search #18, logLikelihood: -1703.256586
[00:00:44] ML tree search #19, logLikelihood: -1713.384728
[00:00:45] ML tree search #20, logLikelihood: -1713.757941

Optimized model parameters:

   Partition 0: noname
   Rate heterogeneity: GAMMA (4 cats, mean),  alpha: 0.020138 (ML),  weights&rates: (0.250000,0.000000) (0.250000,0.000000) (0.250000,0.000001) (0.250000,3.999999) 
   Base frequencies (ML): 0.286547 0.185526 0.256454 0.271474 
   Substitution rates (ML): 2.684421 2.671446 1.540345 0.833480 7.349389 1.000000 

Final LogLikelihood: -1703.256586

AIC score: 3782.513172 / AICc score: 3911.252302 / BIC score: 4648.817290
Free parameters (model + branch lengths): 188

Best ML tree saved to: /home/homma/Desktop/coding/github/pos_selection_pipeline/tomato_pipeline/pipeline/no_LOC/raxml-ng/CHI17_prot_linear_multi_sl25_prt_codonAlignment.raxml.bestTree
All ML trees saved to: /home/homma/Desktop/coding/github/pos_selection_pipeline/tomato_pipeline/pipeline/no_LOC/raxml-ng/CHI17_prot_linear_multi_sl25_prt_codonAlignment.raxml.mlTrees
Optimized model saved to: /home/homma/Desktop/coding/github/pos_selection_pipeline/tomato_pipeline/pipeline/no_LOC/raxml-ng/CHI17_prot_linear_multi_sl25_prt_codonAlignment.raxml.bestModel

Execution log saved to: /home/homma/Desktop/coding/github/pos_selection_pipeline/tomato_pipeline/pipeline/no_LOC/raxml-ng/CHI17_prot_linear_multi_sl25_prt_codonAlignment.raxml.log

Analysis started: 01-Mar-2020 18:15:24 / finished: 01-Mar-2020 18:16:10

Elapsed time: 45.508 seconds

