
RAxML-NG v. 0.8.1 BETA released on 05.03.2019 by The Exelixis Lab.
Authors: Alexey Kozlov, Alexandros Stamatakis, Diego Darriba, Tomas Flouri, Benoit Morel.
Latest version: https://github.com/amkozlov/raxml-ng
Questions/problems/suggestions? Please visit: https://groups.google.com/forum/#!forum/raxml

WARNING: This is a BETA release, please use at your own risk!

RAxML-NG was called at 01-Mar-2020 19:12:06 as follows:

raxml-ng --msa CHI1_prot_linear_multi_sl25_prt_codonAlignment.fasta --prefix CHI1_prot_linear_multi_sl25_prt_codonAlignment --model GTR+G --seed 123 --bs-tree 100 --force

Analysis options:
  run mode: ML tree search
  start tree(s): random (10) + parsimony (10)
  random seed: 123
  tip-inner: OFF
  pattern compression: ON
  per-rate scalers: OFF
  site repeats: ON
  fast spr radius: AUTO
  spr subtree cutoff: 1.000000
  branch lengths: proportional (ML estimate, algorithm: NR-FAST)
  SIMD kernels: AVX2
  parallelization: PTHREADS (6 threads), thread pinning: OFF

WARNING: Running in FORCE mode: all safety checks are disabled!

[00:00:00] Reading alignment from file: CHI1_prot_linear_multi_sl25_prt_codonAlignment.fasta
[00:00:00] Loaded alignment with 103 taxa and 678 sites

Alignment comprises 1 partitions and 49 patterns

Partition 0: noname
Model: GTR+FO+G4m
Alignment sites / patterns: 678 / 49
Gaps: 0.00 %
Invariant sites: 92.77 %


NOTE: Binary MSA file created: CHI1_prot_linear_multi_sl25_prt_codonAlignment.raxml.rba

[00:00:00] Generating 10 random starting tree(s) with 103 taxa
[00:00:00] Generating 10 parsimony starting tree(s) with 103 taxa
[00:00:00] Data distribution: max. partitions/sites/weight per thread: 1 / 9 / 144

Starting ML tree search with 20 distinct starting trees

[00:00:03] ML tree search #1, logLikelihood: -1434.138658
[00:00:05] ML tree search #2, logLikelihood: -1432.248078
[00:00:09] ML tree search #3, logLikelihood: -1432.247861
[00:00:12] ML tree search #4, logLikelihood: -1432.247868
[00:00:15] ML tree search #5, logLikelihood: -1434.138661
[00:00:18] ML tree search #6, logLikelihood: -1432.247864
[00:00:20] ML tree search #7, logLikelihood: -1436.954559
[00:00:22] ML tree search #8, logLikelihood: -1434.138767
[00:00:24] ML tree search #9, logLikelihood: -1432.247863
[00:00:29] ML tree search #10, logLikelihood: -1432.274888
[00:00:30] ML tree search #11, logLikelihood: -1433.341067
[00:00:32] ML tree search #12, logLikelihood: -1433.043908
[00:00:33] ML tree search #13, logLikelihood: -1441.771089
[00:00:35] ML tree search #14, logLikelihood: -1437.587898
[00:00:38] ML tree search #15, logLikelihood: -1432.247862
[00:00:39] ML tree search #16, logLikelihood: -1433.044294
[00:00:41] ML tree search #17, logLikelihood: -1438.904997
[00:00:43] ML tree search #18, logLikelihood: -1436.158119
[00:00:45] ML tree search #19, logLikelihood: -1435.742536
[00:00:47] ML tree search #20, logLikelihood: -1433.434935

Optimized model parameters:

   Partition 0: noname
   Rate heterogeneity: GAMMA (4 cats, mean),  alpha: 0.020126 (ML),  weights&rates: (0.250000,0.000000) (0.250000,0.000000) (0.250000,0.000001) (0.250000,3.999999) 
   Base frequencies (ML): 0.285483 0.187122 0.249945 0.277450 
   Substitution rates (ML): 3.130325 12.296212 2.386432 1.002951 7.865670 1.000000 

Final LogLikelihood: -1432.247861

AIC score: 3288.495721 / AICc score: 3482.715076 / BIC score: 4246.554946
Free parameters (model + branch lengths): 212

Best ML tree saved to: /home/homma/Desktop/coding/github/pos_selection_pipeline/tomato_pipeline/pipeline/no_LOC/raxml-ng/CHI1_prot_linear_multi_sl25_prt_codonAlignment.raxml.bestTree
All ML trees saved to: /home/homma/Desktop/coding/github/pos_selection_pipeline/tomato_pipeline/pipeline/no_LOC/raxml-ng/CHI1_prot_linear_multi_sl25_prt_codonAlignment.raxml.mlTrees
Optimized model saved to: /home/homma/Desktop/coding/github/pos_selection_pipeline/tomato_pipeline/pipeline/no_LOC/raxml-ng/CHI1_prot_linear_multi_sl25_prt_codonAlignment.raxml.bestModel

Execution log saved to: /home/homma/Desktop/coding/github/pos_selection_pipeline/tomato_pipeline/pipeline/no_LOC/raxml-ng/CHI1_prot_linear_multi_sl25_prt_codonAlignment.raxml.log

Analysis started: 01-Mar-2020 19:12:06 / finished: 01-Mar-2020 19:12:54

Elapsed time: 47.811 seconds

