
RAxML-NG v. 0.8.1 BETA released on 05.03.2019 by The Exelixis Lab.
Authors: Alexey Kozlov, Alexandros Stamatakis, Diego Darriba, Tomas Flouri, Benoit Morel.
Latest version: https://github.com/amkozlov/raxml-ng
Questions/problems/suggestions? Please visit: https://groups.google.com/forum/#!forum/raxml

WARNING: This is a BETA release, please use at your own risk!

RAxML-NG was called at 01-Mar-2020 18:51:11 as follows:

raxml-ng --msa DDTFR10_prot_linear_multi_sl25_prt_codonAlignment.fasta --prefix DDTFR10_prot_linear_multi_sl25_prt_codonAlignment --model GTR+G --seed 123 --bs-tree 100 --force

Analysis options:
  run mode: ML tree search
  start tree(s): random (10) + parsimony (10)
  random seed: 123
  tip-inner: OFF
  pattern compression: ON
  per-rate scalers: OFF
  site repeats: ON
  fast spr radius: AUTO
  spr subtree cutoff: 1.000000
  branch lengths: proportional (ML estimate, algorithm: NR-FAST)
  SIMD kernels: AVX2
  parallelization: PTHREADS (6 threads), thread pinning: OFF

WARNING: Running in FORCE mode: all safety checks are disabled!

[00:00:00] Reading alignment from file: DDTFR10_prot_linear_multi_sl25_prt_codonAlignment.fasta
[00:00:00] Loaded alignment with 91 taxa and 696 sites

Alignment comprises 1 partitions and 30 patterns

Partition 0: noname
Model: GTR+FO+G4m
Alignment sites / patterns: 696 / 30
Gaps: 0.00 %
Invariant sites: 95.98 %


NOTE: Binary MSA file created: DDTFR10_prot_linear_multi_sl25_prt_codonAlignment.raxml.rba

[00:00:00] Generating 10 random starting tree(s) with 91 taxa
[00:00:00] Generating 10 parsimony starting tree(s) with 91 taxa
[00:00:00] Data distribution: max. partitions/sites/weight per thread: 1 / 5 / 80

Starting ML tree search with 20 distinct starting trees

[00:00:01] ML tree search #1, logLikelihood: -1204.254297
[00:00:03] ML tree search #2, logLikelihood: -1204.254338
[00:00:05] ML tree search #3, logLikelihood: -1204.254303
[00:00:06] ML tree search #4, logLikelihood: -1204.682508
[00:00:07] ML tree search #5, logLikelihood: -1204.254315
[00:00:09] ML tree search #6, logLikelihood: -1204.254304
[00:00:10] ML tree search #7, logLikelihood: -1204.254312
[00:00:11] ML tree search #8, logLikelihood: -1204.254308
[00:00:13] ML tree search #9, logLikelihood: -1204.682495
[00:00:14] ML tree search #10, logLikelihood: -1204.254306
[00:00:15] ML tree search #11, logLikelihood: -1204.254328
[00:00:16] ML tree search #12, logLikelihood: -1204.254305
[00:00:16] ML tree search #13, logLikelihood: -1204.254330
[00:00:17] ML tree search #14, logLikelihood: -1204.254320
[00:00:18] ML tree search #15, logLikelihood: -1204.254316
[00:00:18] ML tree search #16, logLikelihood: -1204.254309
[00:00:19] ML tree search #17, logLikelihood: -1204.254312
[00:00:20] ML tree search #18, logLikelihood: -1204.254329
[00:00:21] ML tree search #19, logLikelihood: -1204.682505
[00:00:22] ML tree search #20, logLikelihood: -1204.254319

Optimized model parameters:

   Partition 0: noname
   Rate heterogeneity: GAMMA (4 cats, mean),  alpha: 0.020138 (ML),  weights&rates: (0.250000,0.000000) (0.250000,0.000000) (0.250000,0.000001) (0.250000,3.999999) 
   Base frequencies (ML): 0.273843 0.185749 0.252762 0.287646 
   Substitution rates (ML): 1.350886 1.773828 0.444075 0.364024 5.041291 1.000000 

Final LogLikelihood: -1204.254297

AIC score: 2784.508594 / AICc score: 2924.674275 / BIC score: 3639.034330
Free parameters (model + branch lengths): 188

Best ML tree saved to: /home/homma/Desktop/coding/github/pos_selection_pipeline/tomato_pipeline/pipeline/no_LOC/raxml-ng/DDTFR10_prot_linear_multi_sl25_prt_codonAlignment.raxml.bestTree
All ML trees saved to: /home/homma/Desktop/coding/github/pos_selection_pipeline/tomato_pipeline/pipeline/no_LOC/raxml-ng/DDTFR10_prot_linear_multi_sl25_prt_codonAlignment.raxml.mlTrees
Optimized model saved to: /home/homma/Desktop/coding/github/pos_selection_pipeline/tomato_pipeline/pipeline/no_LOC/raxml-ng/DDTFR10_prot_linear_multi_sl25_prt_codonAlignment.raxml.bestModel

Execution log saved to: /home/homma/Desktop/coding/github/pos_selection_pipeline/tomato_pipeline/pipeline/no_LOC/raxml-ng/DDTFR10_prot_linear_multi_sl25_prt_codonAlignment.raxml.log

Analysis started: 01-Mar-2020 18:51:11 / finished: 01-Mar-2020 18:51:33

Elapsed time: 22.202 seconds

