
RAxML-NG v. 0.8.1 BETA released on 05.03.2019 by The Exelixis Lab.
Authors: Alexey Kozlov, Alexandros Stamatakis, Diego Darriba, Tomas Flouri, Benoit Morel.
Latest version: https://github.com/amkozlov/raxml-ng
Questions/problems/suggestions? Please visit: https://groups.google.com/forum/#!forum/raxml

WARNING: This is a BETA release, please use at your own risk!

RAxML-NG was called at 01-Mar-2020 18:46:48 as follows:

raxml-ng --msa DHAR1_prot_linear_multi_sl25_prt_codonAlignment.fasta --prefix DHAR1_prot_linear_multi_sl25_prt_codonAlignment --model GTR+G --seed 123 --bs-tree 100 --force

Analysis options:
  run mode: ML tree search
  start tree(s): random (10) + parsimony (10)
  random seed: 123
  tip-inner: OFF
  pattern compression: ON
  per-rate scalers: OFF
  site repeats: ON
  fast spr radius: AUTO
  spr subtree cutoff: 1.000000
  branch lengths: proportional (ML estimate, algorithm: NR-FAST)
  SIMD kernels: AVX2
  parallelization: PTHREADS (6 threads), thread pinning: OFF

WARNING: Running in FORCE mode: all safety checks are disabled!

[00:00:00] Reading alignment from file: DHAR1_prot_linear_multi_sl25_prt_codonAlignment.fasta
[00:00:00] Loaded alignment with 105 taxa and 630 sites

Alignment comprises 1 partitions and 42 patterns

Partition 0: noname
Model: GTR+FO+G4m
Alignment sites / patterns: 630 / 42
Gaps: 0.00 %
Invariant sites: 93.97 %


NOTE: Binary MSA file created: DHAR1_prot_linear_multi_sl25_prt_codonAlignment.raxml.rba

[00:00:00] Generating 10 random starting tree(s) with 105 taxa
[00:00:00] Generating 10 parsimony starting tree(s) with 105 taxa
[00:00:00] Data distribution: max. partitions/sites/weight per thread: 1 / 7 / 112

Starting ML tree search with 20 distinct starting trees

[00:00:01] ML tree search #1, logLikelihood: -1308.489187
[00:00:04] ML tree search #2, logLikelihood: -1311.071853
[00:00:06] ML tree search #3, logLikelihood: -1304.617671
[00:00:08] ML tree search #4, logLikelihood: -1302.380213
[00:00:10] ML tree search #5, logLikelihood: -1315.167817
[00:00:13] ML tree search #6, logLikelihood: -1306.166500
[00:00:15] ML tree search #7, logLikelihood: -1299.018567
[00:00:17] ML tree search #8, logLikelihood: -1299.018639
[00:00:19] ML tree search #9, logLikelihood: -1304.941433
[00:00:22] ML tree search #10, logLikelihood: -1303.769320
[00:00:23] ML tree search #11, logLikelihood: -1306.316442
[00:00:24] ML tree search #12, logLikelihood: -1298.866657
[00:00:25] ML tree search #13, logLikelihood: -1298.592158
[00:00:26] ML tree search #14, logLikelihood: -1299.051414
[00:00:28] ML tree search #15, logLikelihood: -1298.592143
[00:00:29] ML tree search #16, logLikelihood: -1299.018543
[00:00:31] ML tree search #17, logLikelihood: -1298.326344
[00:00:32] ML tree search #18, logLikelihood: -1299.018545
[00:00:33] ML tree search #19, logLikelihood: -1299.747088
[00:00:35] ML tree search #20, logLikelihood: -1299.757403

Optimized model parameters:

   Partition 0: noname
   Rate heterogeneity: GAMMA (4 cats, mean),  alpha: 0.020139 (ML),  weights&rates: (0.250000,0.000000) (0.250000,0.000000) (0.250000,0.000001) (0.250000,3.999999) 
   Base frequencies (ML): 0.266184 0.208653 0.255228 0.269936 
   Substitution rates (ML): 0.904692 11.580363 1.696926 1.369489 8.364097 1.000000 

Final LogLikelihood: -1298.326344

AIC score: 3028.652688 / AICc score: 3255.635739 / BIC score: 3988.928169
Free parameters (model + branch lengths): 216

Best ML tree saved to: /home/homma/Desktop/coding/github/pos_selection_pipeline/tomato_pipeline/pipeline/no_LOC/raxml-ng/DHAR1_prot_linear_multi_sl25_prt_codonAlignment.raxml.bestTree
All ML trees saved to: /home/homma/Desktop/coding/github/pos_selection_pipeline/tomato_pipeline/pipeline/no_LOC/raxml-ng/DHAR1_prot_linear_multi_sl25_prt_codonAlignment.raxml.mlTrees
Optimized model saved to: /home/homma/Desktop/coding/github/pos_selection_pipeline/tomato_pipeline/pipeline/no_LOC/raxml-ng/DHAR1_prot_linear_multi_sl25_prt_codonAlignment.raxml.bestModel

Execution log saved to: /home/homma/Desktop/coding/github/pos_selection_pipeline/tomato_pipeline/pipeline/no_LOC/raxml-ng/DHAR1_prot_linear_multi_sl25_prt_codonAlignment.raxml.log

Analysis started: 01-Mar-2020 18:46:48 / finished: 01-Mar-2020 18:47:23

Elapsed time: 35.071 seconds

