
RAxML-NG v. 0.8.1 BETA released on 05.03.2019 by The Exelixis Lab.
Authors: Alexey Kozlov, Alexandros Stamatakis, Diego Darriba, Tomas Flouri, Benoit Morel.
Latest version: https://github.com/amkozlov/raxml-ng
Questions/problems/suggestions? Please visit: https://groups.google.com/forum/#!forum/raxml

WARNING: This is a BETA release, please use at your own risk!

RAxML-NG was called at 01-Mar-2020 18:29:33 as follows:

raxml-ng --msa ELIP_prot_linear_multi_sl25_prt_codonAlignment.fasta --prefix ELIP_prot_linear_multi_sl25_prt_codonAlignment --model GTR+G --seed 123 --bs-tree 100 --force

Analysis options:
  run mode: ML tree search
  start tree(s): random (10) + parsimony (10)
  random seed: 123
  tip-inner: OFF
  pattern compression: ON
  per-rate scalers: OFF
  site repeats: ON
  fast spr radius: AUTO
  spr subtree cutoff: 1.000000
  branch lengths: proportional (ML estimate, algorithm: NR-FAST)
  SIMD kernels: AVX2
  parallelization: PTHREADS (6 threads), thread pinning: OFF

WARNING: Running in FORCE mode: all safety checks are disabled!

[00:00:00] Reading alignment from file: ELIP_prot_linear_multi_sl25_prt_codonAlignment.fasta
[00:00:00] Loaded alignment with 114 taxa and 576 sites

Alignment comprises 1 partitions and 52 patterns

Partition 0: noname
Model: GTR+FO+G4m
Alignment sites / patterns: 576 / 52
Gaps: 0.01 %
Invariant sites: 92.19 %


NOTE: Binary MSA file created: ELIP_prot_linear_multi_sl25_prt_codonAlignment.raxml.rba

[00:00:00] Generating 10 random starting tree(s) with 114 taxa
[00:00:00] Generating 10 parsimony starting tree(s) with 114 taxa
[00:00:00] Data distribution: max. partitions/sites/weight per thread: 1 / 9 / 144

Starting ML tree search with 20 distinct starting trees

[00:00:03] ML tree search #1, logLikelihood: -1390.083883
[00:00:07] ML tree search #2, logLikelihood: -1395.349796
[00:00:13] ML tree search #3, logLikelihood: -1391.083381
[00:00:16] ML tree search #4, logLikelihood: -1391.309429
[00:00:19] ML tree search #5, logLikelihood: -1388.016377
[00:00:24] ML tree search #6, logLikelihood: -1399.116015
[00:00:28] ML tree search #7, logLikelihood: -1395.406107
[00:00:33] ML tree search #8, logLikelihood: -1390.293512
[00:00:36] ML tree search #9, logLikelihood: -1393.462727
[00:00:42] ML tree search #10, logLikelihood: -1391.308846
[00:00:43] ML tree search #11, logLikelihood: -1392.203085
[00:00:45] ML tree search #12, logLikelihood: -1393.297114
[00:00:47] ML tree search #13, logLikelihood: -1392.175635
[00:00:49] ML tree search #14, logLikelihood: -1392.604831
[00:00:51] ML tree search #15, logLikelihood: -1396.199878
[00:00:52] ML tree search #16, logLikelihood: -1392.685118
[00:00:54] ML tree search #17, logLikelihood: -1395.982554
[00:00:55] ML tree search #18, logLikelihood: -1397.749207
[00:00:56] ML tree search #19, logLikelihood: -1393.098007
[00:00:59] ML tree search #20, logLikelihood: -1394.828459

Optimized model parameters:

   Partition 0: noname
   Rate heterogeneity: GAMMA (4 cats, mean),  alpha: 0.020125 (ML),  weights&rates: (0.250000,0.000000) (0.250000,0.000000) (0.250000,0.000001) (0.250000,3.999999) 
   Base frequencies (ML): 0.252459 0.184084 0.248295 0.315162 
   Substitution rates (ML): 2.847119 3.902076 1.001309 1.034588 6.022154 1.000000 

Final LogLikelihood: -1388.016377

AIC score: 3244.032754 / AICc score: 3566.554748 / BIC score: 4263.361947
Free parameters (model + branch lengths): 234

Best ML tree saved to: /home/homma/Desktop/coding/github/pos_selection_pipeline/tomato_pipeline/pipeline/no_LOC/raxml-ng/ELIP_prot_linear_multi_sl25_prt_codonAlignment.raxml.bestTree
All ML trees saved to: /home/homma/Desktop/coding/github/pos_selection_pipeline/tomato_pipeline/pipeline/no_LOC/raxml-ng/ELIP_prot_linear_multi_sl25_prt_codonAlignment.raxml.mlTrees
Optimized model saved to: /home/homma/Desktop/coding/github/pos_selection_pipeline/tomato_pipeline/pipeline/no_LOC/raxml-ng/ELIP_prot_linear_multi_sl25_prt_codonAlignment.raxml.bestModel

Execution log saved to: /home/homma/Desktop/coding/github/pos_selection_pipeline/tomato_pipeline/pipeline/no_LOC/raxml-ng/ELIP_prot_linear_multi_sl25_prt_codonAlignment.raxml.log

Analysis started: 01-Mar-2020 18:29:33 / finished: 01-Mar-2020 18:30:33

Elapsed time: 59.480 seconds

