
RAxML-NG v. 0.8.1 BETA released on 05.03.2019 by The Exelixis Lab.
Authors: Alexey Kozlov, Alexandros Stamatakis, Diego Darriba, Tomas Flouri, Benoit Morel.
Latest version: https://github.com/amkozlov/raxml-ng
Questions/problems/suggestions? Please visit: https://groups.google.com/forum/#!forum/raxml

WARNING: This is a BETA release, please use at your own risk!

RAxML-NG was called at 01-Mar-2020 18:05:57 as follows:

raxml-ng --msa FRK2_prot_linear_multi_sl25_prt_codonAlignment.fasta --prefix FRK2_prot_linear_multi_sl25_prt_codonAlignment --model GTR+G --seed 123 --bs-tree 100 --force

Analysis options:
  run mode: ML tree search
  start tree(s): random (10) + parsimony (10)
  random seed: 123
  tip-inner: OFF
  pattern compression: ON
  per-rate scalers: OFF
  site repeats: ON
  fast spr radius: AUTO
  spr subtree cutoff: 1.000000
  branch lengths: proportional (ML estimate, algorithm: NR-FAST)
  SIMD kernels: AVX2
  parallelization: PTHREADS (6 threads), thread pinning: OFF

WARNING: Running in FORCE mode: all safety checks are disabled!

[00:00:00] Reading alignment from file: FRK2_prot_linear_multi_sl25_prt_codonAlignment.fasta
[00:00:00] Loaded alignment with 92 taxa and 984 sites

Alignment comprises 1 partitions and 40 patterns

Partition 0: noname
Model: GTR+FO+G4m
Alignment sites / patterns: 984 / 40
Gaps: 0.00 %
Invariant sites: 96.24 %


NOTE: Binary MSA file created: FRK2_prot_linear_multi_sl25_prt_codonAlignment.raxml.rba

[00:00:00] Generating 10 random starting tree(s) with 92 taxa
[00:00:00] Generating 10 parsimony starting tree(s) with 92 taxa
[00:00:00] Data distribution: max. partitions/sites/weight per thread: 1 / 7 / 112

Starting ML tree search with 20 distinct starting trees

[00:00:02] ML tree search #1, logLikelihood: -1827.549244
[00:00:04] ML tree search #2, logLikelihood: -1812.782369
[00:00:06] ML tree search #3, logLikelihood: -1812.686429
[00:00:08] ML tree search #4, logLikelihood: -1812.704500
[00:00:09] ML tree search #5, logLikelihood: -1850.053255
[00:00:11] ML tree search #6, logLikelihood: -1812.782354
[00:00:14] ML tree search #7, logLikelihood: -1812.686456
[00:00:16] ML tree search #8, logLikelihood: -1812.782671
[00:00:18] ML tree search #9, logLikelihood: -1816.231439
[00:00:19] ML tree search #10, logLikelihood: -1816.212406
[00:00:21] ML tree search #11, logLikelihood: -1812.686431
[00:00:21] ML tree search #12, logLikelihood: -1819.625834
[00:00:23] ML tree search #13, logLikelihood: -1819.022249
[00:00:24] ML tree search #14, logLikelihood: -1827.858018
[00:00:25] ML tree search #15, logLikelihood: -1812.704518
[00:00:26] ML tree search #16, logLikelihood: -1812.782674
[00:00:28] ML tree search #17, logLikelihood: -1812.686451
[00:00:29] ML tree search #18, logLikelihood: -1823.731125
[00:00:29] ML tree search #19, logLikelihood: -1813.465539
[00:00:31] ML tree search #20, logLikelihood: -1812.704399

Optimized model parameters:

   Partition 0: noname
   Rate heterogeneity: GAMMA (4 cats, mean),  alpha: 0.020136 (ML),  weights&rates: (0.250000,0.000000) (0.250000,0.000000) (0.250000,0.000001) (0.250000,3.999999) 
   Base frequencies (ML): 0.242422 0.221755 0.272492 0.263330 
   Substitution rates (ML): 2.605799 3.746861 4.758252 0.838828 4.963599 1.000000 

Final LogLikelihood: -1812.686429

AIC score: 4005.372858 / AICc score: 4096.898709 / BIC score: 4934.781779
Free parameters (model + branch lengths): 190

Best ML tree saved to: /home/homma/Desktop/coding/github/pos_selection_pipeline/tomato_pipeline/pipeline/no_LOC/raxml-ng/FRK2_prot_linear_multi_sl25_prt_codonAlignment.raxml.bestTree
All ML trees saved to: /home/homma/Desktop/coding/github/pos_selection_pipeline/tomato_pipeline/pipeline/no_LOC/raxml-ng/FRK2_prot_linear_multi_sl25_prt_codonAlignment.raxml.mlTrees
Optimized model saved to: /home/homma/Desktop/coding/github/pos_selection_pipeline/tomato_pipeline/pipeline/no_LOC/raxml-ng/FRK2_prot_linear_multi_sl25_prt_codonAlignment.raxml.bestModel

Execution log saved to: /home/homma/Desktop/coding/github/pos_selection_pipeline/tomato_pipeline/pipeline/no_LOC/raxml-ng/FRK2_prot_linear_multi_sl25_prt_codonAlignment.raxml.log

Analysis started: 01-Mar-2020 18:05:57 / finished: 01-Mar-2020 18:06:28

Elapsed time: 31.021 seconds

