
RAxML-NG v. 0.8.1 BETA released on 05.03.2019 by The Exelixis Lab.
Authors: Alexey Kozlov, Alexandros Stamatakis, Diego Darriba, Tomas Flouri, Benoit Morel.
Latest version: https://github.com/amkozlov/raxml-ng
Questions/problems/suggestions? Please visit: https://groups.google.com/forum/#!forum/raxml

WARNING: This is a BETA release, please use at your own risk!

RAxML-NG was called at 01-Mar-2020 18:41:23 as follows:

raxml-ng --msa gMDH_prot_linear_multi_sl25_prt_codonAlignment.fasta --prefix gMDH_prot_linear_multi_sl25_prt_codonAlignment --model GTR+G --seed 123 --bs-tree 100 --force

Analysis options:
  run mode: ML tree search
  start tree(s): random (10) + parsimony (10)
  random seed: 123
  tip-inner: OFF
  pattern compression: ON
  per-rate scalers: OFF
  site repeats: ON
  fast spr radius: AUTO
  spr subtree cutoff: 1.000000
  branch lengths: proportional (ML estimate, algorithm: NR-FAST)
  SIMD kernels: AVX2
  parallelization: PTHREADS (6 threads), thread pinning: OFF

WARNING: Running in FORCE mode: all safety checks are disabled!

[00:00:00] Reading alignment from file: gMDH_prot_linear_multi_sl25_prt_codonAlignment.fasta
[00:00:00] Loaded alignment with 119 taxa and 1071 sites

Alignment comprises 1 partitions and 49 patterns

Partition 0: noname
Model: GTR+FO+G4m
Alignment sites / patterns: 1071 / 49
Gaps: 0.02 %
Invariant sites: 95.70 %


NOTE: Binary MSA file created: gMDH_prot_linear_multi_sl25_prt_codonAlignment.raxml.rba

[00:00:00] Generating 10 random starting tree(s) with 119 taxa
[00:00:00] Generating 10 parsimony starting tree(s) with 119 taxa
[00:00:00] Data distribution: max. partitions/sites/weight per thread: 1 / 9 / 144

Starting ML tree search with 20 distinct starting trees

[00:00:02] ML tree search #1, logLikelihood: -1948.415479
[00:00:08] ML tree search #2, logLikelihood: -1953.446498
[00:00:11] ML tree search #3, logLikelihood: -1948.415484
[00:00:14] ML tree search #4, logLikelihood: -1948.415489
[00:00:17] ML tree search #5, logLikelihood: -1954.362927
[00:00:20] ML tree search #6, logLikelihood: -1948.814058
[00:00:23] ML tree search #7, logLikelihood: -1948.419122
[00:00:25] ML tree search #8, logLikelihood: -1948.419238
[00:00:28] ML tree search #9, logLikelihood: -1948.419129
[00:00:32] ML tree search #10, logLikelihood: -1953.446491
[00:00:33] ML tree search #11, logLikelihood: -1948.874832
[00:00:35] ML tree search #12, logLikelihood: -1953.447405
[00:00:36] ML tree search #13, logLikelihood: -1953.447392
[00:00:38] ML tree search #14, logLikelihood: -1954.766324
[00:00:39] ML tree search #15, logLikelihood: -1948.415507
[00:00:41] ML tree search #16, logLikelihood: -1948.415501
[00:00:42] ML tree search #17, logLikelihood: -1948.415500
[00:00:44] ML tree search #18, logLikelihood: -1948.415486
[00:00:45] ML tree search #19, logLikelihood: -1948.874826
[00:00:46] ML tree search #20, logLikelihood: -1948.415493

Optimized model parameters:

   Partition 0: noname
   Rate heterogeneity: GAMMA (4 cats, mean),  alpha: 0.020137 (ML),  weights&rates: (0.250000,0.000000) (0.250000,0.000000) (0.250000,0.000001) (0.250000,3.999999) 
   Base frequencies (ML): 0.262799 0.188963 0.264890 0.283347 
   Substitution rates (ML): 6.473054 11.064064 2.355119 3.014735 15.260557 1.000000 

Final LogLikelihood: -1948.415479

AIC score: 4384.830958 / AICc score: 4529.576721 / BIC score: 5599.059887
Free parameters (model + branch lengths): 244

Best ML tree saved to: /home/homma/Desktop/coding/github/pos_selection_pipeline/tomato_pipeline/pipeline/no_LOC/raxml-ng/gMDH_prot_linear_multi_sl25_prt_codonAlignment.raxml.bestTree
All ML trees saved to: /home/homma/Desktop/coding/github/pos_selection_pipeline/tomato_pipeline/pipeline/no_LOC/raxml-ng/gMDH_prot_linear_multi_sl25_prt_codonAlignment.raxml.mlTrees
Optimized model saved to: /home/homma/Desktop/coding/github/pos_selection_pipeline/tomato_pipeline/pipeline/no_LOC/raxml-ng/gMDH_prot_linear_multi_sl25_prt_codonAlignment.raxml.bestModel

Execution log saved to: /home/homma/Desktop/coding/github/pos_selection_pipeline/tomato_pipeline/pipeline/no_LOC/raxml-ng/gMDH_prot_linear_multi_sl25_prt_codonAlignment.raxml.log

Analysis started: 01-Mar-2020 18:41:23 / finished: 01-Mar-2020 18:42:10

Elapsed time: 46.860 seconds

