
RAxML-NG v. 0.8.1 BETA released on 05.03.2019 by The Exelixis Lab.
Authors: Alexey Kozlov, Alexandros Stamatakis, Diego Darriba, Tomas Flouri, Benoit Morel.
Latest version: https://github.com/amkozlov/raxml-ng
Questions/problems/suggestions? Please visit: https://groups.google.com/forum/#!forum/raxml

WARNING: This is a BETA release, please use at your own risk!

RAxML-NG was called at 01-Mar-2020 18:12:36 as follows:

raxml-ng --msa GME2_prot_linear_multi_sl25_prt_codonAlignment.fasta --prefix GME2_prot_linear_multi_sl25_prt_codonAlignment --model GTR+G --seed 123 --bs-tree 100 --force

Analysis options:
  run mode: ML tree search
  start tree(s): random (10) + parsimony (10)
  random seed: 123
  tip-inner: OFF
  pattern compression: ON
  per-rate scalers: OFF
  site repeats: ON
  fast spr radius: AUTO
  spr subtree cutoff: 1.000000
  branch lengths: proportional (ML estimate, algorithm: NR-FAST)
  SIMD kernels: AVX2
  parallelization: PTHREADS (6 threads), thread pinning: OFF

WARNING: Running in FORCE mode: all safety checks are disabled!

[00:00:00] Reading alignment from file: GME2_prot_linear_multi_sl25_prt_codonAlignment.fasta
[00:00:00] Loaded alignment with 93 taxa and 1128 sites

Alignment comprises 1 partitions and 42 patterns

Partition 0: noname
Model: GTR+FO+G4m
Alignment sites / patterns: 1128 / 42
Gaps: 0.00 %
Invariant sites: 96.45 %


NOTE: Binary MSA file created: GME2_prot_linear_multi_sl25_prt_codonAlignment.raxml.rba

[00:00:00] Generating 10 random starting tree(s) with 93 taxa
[00:00:00] Generating 10 parsimony starting tree(s) with 93 taxa
[00:00:00] Data distribution: max. partitions/sites/weight per thread: 1 / 7 / 112

Starting ML tree search with 20 distinct starting trees

[00:00:02] ML tree search #1, logLikelihood: -2012.843239
[00:00:04] ML tree search #2, logLikelihood: -2011.376599
[00:00:07] ML tree search #3, logLikelihood: -2012.951651
[00:00:09] ML tree search #4, logLikelihood: -2013.137922
[00:00:11] ML tree search #5, logLikelihood: -2011.251209
[00:00:14] ML tree search #6, logLikelihood: -2011.250977
[00:00:17] ML tree search #7, logLikelihood: -2011.376316
[00:00:19] ML tree search #8, logLikelihood: -2014.812027
[00:00:21] ML tree search #9, logLikelihood: -2012.832046
[00:00:24] ML tree search #10, logLikelihood: -2011.251016
[00:00:24] ML tree search #11, logLikelihood: -2016.619621
[00:00:26] ML tree search #12, logLikelihood: -2011.251329
[00:00:27] ML tree search #13, logLikelihood: -2013.249254
[00:00:28] ML tree search #14, logLikelihood: -2011.250985
[00:00:30] ML tree search #15, logLikelihood: -2011.251203
[00:00:31] ML tree search #16, logLikelihood: -2013.380300
[00:00:32] ML tree search #17, logLikelihood: -2011.251114
[00:00:33] ML tree search #18, logLikelihood: -2015.106826
[00:00:34] ML tree search #19, logLikelihood: -2011.251436
[00:00:35] ML tree search #20, logLikelihood: -2013.249668

Optimized model parameters:

   Partition 0: noname
   Rate heterogeneity: GAMMA (4 cats, mean),  alpha: 0.020138 (ML),  weights&rates: (0.250000,0.000000) (0.250000,0.000000) (0.250000,0.000001) (0.250000,3.999999) 
   Base frequencies (ML): 0.293959 0.185046 0.258577 0.262418 
   Substitution rates (ML): 7.732965 25.566411 0.880308 1.329599 40.422970 1.000000 

Final LogLikelihood: -2011.250977

AIC score: 4406.501954 / AICc score: 4485.766125 / BIC score: 5371.916629
Free parameters (model + branch lengths): 192

Best ML tree saved to: /home/homma/Desktop/coding/github/pos_selection_pipeline/tomato_pipeline/pipeline/no_LOC/raxml-ng/GME2_prot_linear_multi_sl25_prt_codonAlignment.raxml.bestTree
All ML trees saved to: /home/homma/Desktop/coding/github/pos_selection_pipeline/tomato_pipeline/pipeline/no_LOC/raxml-ng/GME2_prot_linear_multi_sl25_prt_codonAlignment.raxml.mlTrees
Optimized model saved to: /home/homma/Desktop/coding/github/pos_selection_pipeline/tomato_pipeline/pipeline/no_LOC/raxml-ng/GME2_prot_linear_multi_sl25_prt_codonAlignment.raxml.bestModel

Execution log saved to: /home/homma/Desktop/coding/github/pos_selection_pipeline/tomato_pipeline/pipeline/no_LOC/raxml-ng/GME2_prot_linear_multi_sl25_prt_codonAlignment.raxml.log

Analysis started: 01-Mar-2020 18:12:36 / finished: 01-Mar-2020 18:13:12

Elapsed time: 35.533 seconds

