
RAxML-NG v. 0.8.1 BETA released on 05.03.2019 by The Exelixis Lab.
Authors: Alexey Kozlov, Alexandros Stamatakis, Diego Darriba, Tomas Flouri, Benoit Morel.
Latest version: https://github.com/amkozlov/raxml-ng
Questions/problems/suggestions? Please visit: https://groups.google.com/forum/#!forum/raxml

WARNING: This is a BETA release, please use at your own risk!

RAxML-NG was called at 01-Mar-2020 19:09:33 as follows:

raxml-ng --msa GR_prot_linear_multi_sl25_prt_codonAlignment.fasta --prefix GR_prot_linear_multi_sl25_prt_codonAlignment --model GTR+G --seed 123 --bs-tree 100 --force

Analysis options:
  run mode: ML tree search
  start tree(s): random (10) + parsimony (10)
  random seed: 123
  tip-inner: OFF
  pattern compression: ON
  per-rate scalers: OFF
  site repeats: ON
  fast spr radius: AUTO
  spr subtree cutoff: 1.000000
  branch lengths: proportional (ML estimate, algorithm: NR-FAST)
  SIMD kernels: AVX2
  parallelization: PTHREADS (6 threads), thread pinning: OFF

WARNING: Running in FORCE mode: all safety checks are disabled!

[00:00:00] Reading alignment from file: GR_prot_linear_multi_sl25_prt_codonAlignment.fasta
[00:00:00] Loaded alignment with 99 taxa and 1671 sites

Alignment comprises 1 partitions and 87 patterns

Partition 0: noname
Model: GTR+FO+G4m
Alignment sites / patterns: 1671 / 87
Gaps: 0.00 %
Invariant sites: 94.73 %


NOTE: Binary MSA file created: GR_prot_linear_multi_sl25_prt_codonAlignment.raxml.rba

[00:00:00] Generating 10 random starting tree(s) with 99 taxa
[00:00:00] Generating 10 parsimony starting tree(s) with 99 taxa
[00:00:00] Data distribution: max. partitions/sites/weight per thread: 1 / 15 / 240

Starting ML tree search with 20 distinct starting trees

[00:00:04] ML tree search #1, logLikelihood: -3626.610528
[00:00:07] ML tree search #2, logLikelihood: -3643.041363
[00:00:12] ML tree search #3, logLikelihood: -3627.170351
[00:00:15] ML tree search #4, logLikelihood: -3631.451390
[00:00:21] ML tree search #5, logLikelihood: -3632.179639
[00:00:24] ML tree search #6, logLikelihood: -3640.088862
[00:00:28] ML tree search #7, logLikelihood: -3632.784825
[00:00:31] ML tree search #8, logLikelihood: -3638.938087
[00:00:34] ML tree search #9, logLikelihood: -3636.688761
[00:00:37] ML tree search #10, logLikelihood: -3630.231242
[00:00:40] ML tree search #11, logLikelihood: -3635.757346
[00:00:42] ML tree search #12, logLikelihood: -3636.410923
[00:00:46] ML tree search #13, logLikelihood: -3634.632258
[00:00:48] ML tree search #14, logLikelihood: -3635.554331
[00:00:54] ML tree search #15, logLikelihood: -3634.012257
[00:00:56] ML tree search #16, logLikelihood: -3634.926846
[00:00:59] ML tree search #17, logLikelihood: -3630.776280
[00:01:01] ML tree search #18, logLikelihood: -3636.644897
[00:01:03] ML tree search #19, logLikelihood: -3630.524442
[00:01:05] ML tree search #20, logLikelihood: -3642.538975

Optimized model parameters:

   Partition 0: noname
   Rate heterogeneity: GAMMA (4 cats, mean),  alpha: 0.020131 (ML),  weights&rates: (0.250000,0.000000) (0.250000,0.000000) (0.250000,0.000001) (0.250000,3.999999) 
   Base frequencies (ML): 0.267063 0.198803 0.241913 0.292221 
   Substitution rates (ML): 4.322770 9.771264 3.350878 0.710221 16.012262 1.000000 

Final LogLikelihood: -3626.610528

AIC score: 7661.221055 / AICc score: 7718.274261 / BIC score: 8767.141271
Free parameters (model + branch lengths): 204

Best ML tree saved to: /home/homma/Desktop/coding/github/pos_selection_pipeline/tomato_pipeline/pipeline/no_LOC/raxml-ng/GR_prot_linear_multi_sl25_prt_codonAlignment.raxml.bestTree
All ML trees saved to: /home/homma/Desktop/coding/github/pos_selection_pipeline/tomato_pipeline/pipeline/no_LOC/raxml-ng/GR_prot_linear_multi_sl25_prt_codonAlignment.raxml.mlTrees
Optimized model saved to: /home/homma/Desktop/coding/github/pos_selection_pipeline/tomato_pipeline/pipeline/no_LOC/raxml-ng/GR_prot_linear_multi_sl25_prt_codonAlignment.raxml.bestModel

Execution log saved to: /home/homma/Desktop/coding/github/pos_selection_pipeline/tomato_pipeline/pipeline/no_LOC/raxml-ng/GR_prot_linear_multi_sl25_prt_codonAlignment.raxml.log

Analysis started: 01-Mar-2020 19:09:33 / finished: 01-Mar-2020 19:10:38

Elapsed time: 65.766 seconds

