
RAxML-NG v. 0.8.1 BETA released on 05.03.2019 by The Exelixis Lab.
Authors: Alexey Kozlov, Alexandros Stamatakis, Diego Darriba, Tomas Flouri, Benoit Morel.
Latest version: https://github.com/amkozlov/raxml-ng
Questions/problems/suggestions? Please visit: https://groups.google.com/forum/#!forum/raxml

WARNING: This is a BETA release, please use at your own risk!

RAxML-NG was called at 01-Mar-2020 18:35:32 as follows:

raxml-ng --msa HSC80_prot_linear_multi_sl25_prt_codonAlignment.fasta --prefix HSC80_prot_linear_multi_sl25_prt_codonAlignment --model GTR+G --seed 123 --bs-tree 100 --force

Analysis options:
  run mode: ML tree search
  start tree(s): random (10) + parsimony (10)
  random seed: 123
  tip-inner: OFF
  pattern compression: ON
  per-rate scalers: OFF
  site repeats: ON
  fast spr radius: AUTO
  spr subtree cutoff: 1.000000
  branch lengths: proportional (ML estimate, algorithm: NR-FAST)
  SIMD kernels: AVX2
  parallelization: PTHREADS (6 threads), thread pinning: OFF

WARNING: Running in FORCE mode: all safety checks are disabled!

[00:00:00] Reading alignment from file: HSC80_prot_linear_multi_sl25_prt_codonAlignment.fasta
[00:00:00] Loaded alignment with 95 taxa and 2097 sites

Alignment comprises 1 partitions and 51 patterns

Partition 0: noname
Model: GTR+FO+G4m
Alignment sites / patterns: 2097 / 51
Gaps: 0.00 %
Invariant sites: 97.62 %


NOTE: Binary MSA file created: HSC80_prot_linear_multi_sl25_prt_codonAlignment.raxml.rba

[00:00:00] Generating 10 random starting tree(s) with 95 taxa
[00:00:00] Generating 10 parsimony starting tree(s) with 95 taxa
[00:00:00] Data distribution: max. partitions/sites/weight per thread: 1 / 9 / 144

Starting ML tree search with 20 distinct starting trees

[00:00:01] ML tree search #1, logLikelihood: -3336.067322
[00:00:03] ML tree search #2, logLikelihood: -3336.067298
[00:00:05] ML tree search #3, logLikelihood: -3336.067308
[00:00:06] ML tree search #4, logLikelihood: -3336.067326
[00:00:08] ML tree search #5, logLikelihood: -3337.999703
[00:00:10] ML tree search #6, logLikelihood: -3336.067327
[00:00:12] ML tree search #7, logLikelihood: -3336.067314
[00:00:14] ML tree search #8, logLikelihood: -3337.999729
[00:00:15] ML tree search #9, logLikelihood: -3336.067289
[00:00:17] ML tree search #10, logLikelihood: -3337.999735
[00:00:18] ML tree search #11, logLikelihood: -3336.067343
[00:00:18] ML tree search #12, logLikelihood: -3336.067299
[00:00:19] ML tree search #13, logLikelihood: -3336.067343
[00:00:20] ML tree search #14, logLikelihood: -3336.067355
[00:00:21] ML tree search #15, logLikelihood: -3336.067318
[00:00:22] ML tree search #16, logLikelihood: -3336.067355
[00:00:23] ML tree search #17, logLikelihood: -3336.067371
[00:00:23] ML tree search #18, logLikelihood: -3336.067312
[00:00:24] ML tree search #19, logLikelihood: -3336.067348
[00:00:25] ML tree search #20, logLikelihood: -3336.067371

Optimized model parameters:

   Partition 0: noname
   Rate heterogeneity: GAMMA (4 cats, mean),  alpha: 0.020137 (ML),  weights&rates: (0.250000,0.000000) (0.250000,0.000000) (0.250000,0.000001) (0.250000,3.999999) 
   Base frequencies (ML): 0.298035 0.174211 0.270876 0.256877 
   Substitution rates (ML): 0.796177 1.018749 0.918187 0.290762 12.729725 1.000000 

Final LogLikelihood: -3336.067289

AIC score: 7064.134577 / AICc score: 7104.778788 / BIC score: 8171.194132
Free parameters (model + branch lengths): 196

Best ML tree saved to: /home/homma/Desktop/coding/github/pos_selection_pipeline/tomato_pipeline/pipeline/no_LOC/raxml-ng/HSC80_prot_linear_multi_sl25_prt_codonAlignment.raxml.bestTree
All ML trees saved to: /home/homma/Desktop/coding/github/pos_selection_pipeline/tomato_pipeline/pipeline/no_LOC/raxml-ng/HSC80_prot_linear_multi_sl25_prt_codonAlignment.raxml.mlTrees
Optimized model saved to: /home/homma/Desktop/coding/github/pos_selection_pipeline/tomato_pipeline/pipeline/no_LOC/raxml-ng/HSC80_prot_linear_multi_sl25_prt_codonAlignment.raxml.bestModel

Execution log saved to: /home/homma/Desktop/coding/github/pos_selection_pipeline/tomato_pipeline/pipeline/no_LOC/raxml-ng/HSC80_prot_linear_multi_sl25_prt_codonAlignment.raxml.log

Analysis started: 01-Mar-2020 18:35:32 / finished: 01-Mar-2020 18:35:58

Elapsed time: 25.614 seconds

