
RAxML-NG v. 0.8.1 BETA released on 05.03.2019 by The Exelixis Lab.
Authors: Alexey Kozlov, Alexandros Stamatakis, Diego Darriba, Tomas Flouri, Benoit Morel.
Latest version: https://github.com/amkozlov/raxml-ng
Questions/problems/suggestions? Please visit: https://groups.google.com/forum/#!forum/raxml

WARNING: This is a BETA release, please use at your own risk!

RAxML-NG was called at 01-Mar-2020 18:03:25 as follows:

raxml-ng --msa IPI_prot_linear_multi_sl25_prt_codonAlignment.fasta --prefix IPI_prot_linear_multi_sl25_prt_codonAlignment --model GTR+G --seed 123 --bs-tree 100 --force

Analysis options:
  run mode: ML tree search
  start tree(s): random (10) + parsimony (10)
  random seed: 123
  tip-inner: OFF
  pattern compression: ON
  per-rate scalers: OFF
  site repeats: ON
  fast spr radius: AUTO
  spr subtree cutoff: 1.000000
  branch lengths: proportional (ML estimate, algorithm: NR-FAST)
  SIMD kernels: AVX2
  parallelization: PTHREADS (6 threads), thread pinning: OFF

WARNING: Running in FORCE mode: all safety checks are disabled!

[00:00:00] Reading alignment from file: IPI_prot_linear_multi_sl25_prt_codonAlignment.fasta
[00:00:00] Loaded alignment with 94 taxa and 705 sites

Alignment comprises 1 partitions and 39 patterns

Partition 0: noname
Model: GTR+FO+G4m
Alignment sites / patterns: 705 / 39
Gaps: 0.00 %
Invariant sites: 94.89 %


NOTE: Binary MSA file created: IPI_prot_linear_multi_sl25_prt_codonAlignment.raxml.rba

[00:00:00] Generating 10 random starting tree(s) with 94 taxa
[00:00:00] Generating 10 parsimony starting tree(s) with 94 taxa
[00:00:00] Data distribution: max. partitions/sites/weight per thread: 1 / 7 / 112

Starting ML tree search with 20 distinct starting trees

[00:00:01] ML tree search #1, logLikelihood: -1334.095413
[00:00:03] ML tree search #2, logLikelihood: -1328.679523
[00:00:05] ML tree search #3, logLikelihood: -1328.251412
[00:00:07] ML tree search #4, logLikelihood: -1330.831792
[00:00:09] ML tree search #5, logLikelihood: -1329.431175
[00:00:12] ML tree search #6, logLikelihood: -1328.251404
[00:00:14] ML tree search #7, logLikelihood: -1328.251410
[00:00:16] ML tree search #8, logLikelihood: -1328.858419
[00:00:18] ML tree search #9, logLikelihood: -1328.858375
[00:00:21] ML tree search #10, logLikelihood: -1328.251417
[00:00:22] ML tree search #11, logLikelihood: -1328.251448
[00:00:23] ML tree search #12, logLikelihood: -1328.858408
[00:00:26] ML tree search #13, logLikelihood: -1328.251445
[00:00:28] ML tree search #14, logLikelihood: -1328.251416
[00:00:29] ML tree search #15, logLikelihood: -1328.251406
[00:00:30] ML tree search #16, logLikelihood: -1328.679480
[00:00:33] ML tree search #17, logLikelihood: -1328.251425
[00:00:34] ML tree search #18, logLikelihood: -1328.679493
[00:00:35] ML tree search #19, logLikelihood: -1328.251421
[00:00:36] ML tree search #20, logLikelihood: -1328.251457

Optimized model parameters:

   Partition 0: noname
   Rate heterogeneity: GAMMA (4 cats, mean),  alpha: 0.020138 (ML),  weights&rates: (0.250000,0.000000) (0.250000,0.000000) (0.250000,0.000001) (0.250000,3.999999) 
   Base frequencies (ML): 0.274632 0.188282 0.245953 0.291133 
   Substitution rates (ML): 0.528184 2.792089 0.949506 1.165092 5.210022 1.000000 

Final LogLikelihood: -1328.251404

AIC score: 3044.502808 / AICc score: 3192.855749 / BIC score: 3928.793182
Free parameters (model + branch lengths): 194

Best ML tree saved to: /home/homma/Desktop/coding/github/pos_selection_pipeline/tomato_pipeline/pipeline/no_LOC/raxml-ng/IPI_prot_linear_multi_sl25_prt_codonAlignment.raxml.bestTree
All ML trees saved to: /home/homma/Desktop/coding/github/pos_selection_pipeline/tomato_pipeline/pipeline/no_LOC/raxml-ng/IPI_prot_linear_multi_sl25_prt_codonAlignment.raxml.mlTrees
Optimized model saved to: /home/homma/Desktop/coding/github/pos_selection_pipeline/tomato_pipeline/pipeline/no_LOC/raxml-ng/IPI_prot_linear_multi_sl25_prt_codonAlignment.raxml.bestModel

Execution log saved to: /home/homma/Desktop/coding/github/pos_selection_pipeline/tomato_pipeline/pipeline/no_LOC/raxml-ng/IPI_prot_linear_multi_sl25_prt_codonAlignment.raxml.log

Analysis started: 01-Mar-2020 18:03:25 / finished: 01-Mar-2020 18:04:01

Elapsed time: 36.968 seconds

