
RAxML-NG v. 0.8.1 BETA released on 05.03.2019 by The Exelixis Lab.
Authors: Alexey Kozlov, Alexandros Stamatakis, Diego Darriba, Tomas Flouri, Benoit Morel.
Latest version: https://github.com/amkozlov/raxml-ng
Questions/problems/suggestions? Please visit: https://groups.google.com/forum/#!forum/raxml

WARNING: This is a BETA release, please use at your own risk!

RAxML-NG was called at 01-Mar-2020 18:40:33 as follows:

raxml-ng --msa LeCCD1B_prot_linear_multi_sl25_prt_codonAlignment.fasta --prefix LeCCD1B_prot_linear_multi_sl25_prt_codonAlignment --model GTR+G --seed 123 --bs-tree 100 --force

Analysis options:
  run mode: ML tree search
  start tree(s): random (10) + parsimony (10)
  random seed: 123
  tip-inner: OFF
  pattern compression: ON
  per-rate scalers: OFF
  site repeats: ON
  fast spr radius: AUTO
  spr subtree cutoff: 1.000000
  branch lengths: proportional (ML estimate, algorithm: NR-FAST)
  SIMD kernels: AVX2
  parallelization: PTHREADS (6 threads), thread pinning: OFF

WARNING: Running in FORCE mode: all safety checks are disabled!

[00:00:00] Reading alignment from file: LeCCD1B_prot_linear_multi_sl25_prt_codonAlignment.fasta
[00:00:00] Loaded alignment with 110 taxa and 1650 sites

Alignment comprises 1 partitions and 65 patterns

Partition 0: noname
Model: GTR+FO+G4m
Alignment sites / patterns: 1650 / 65
Gaps: 0.03 %
Invariant sites: 96.18 %


NOTE: Binary MSA file created: LeCCD1B_prot_linear_multi_sl25_prt_codonAlignment.raxml.rba

[00:00:00] Generating 10 random starting tree(s) with 110 taxa
[00:00:00] Generating 10 parsimony starting tree(s) with 110 taxa
[00:00:00] Data distribution: max. partitions/sites/weight per thread: 1 / 11 / 176

Starting ML tree search with 20 distinct starting trees

[00:00:02] ML tree search #1, logLikelihood: -2924.802222
[00:00:04] ML tree search #2, logLikelihood: -2941.859455
[00:00:08] ML tree search #3, logLikelihood: -2924.132518
[00:00:11] ML tree search #4, logLikelihood: -2919.080896
[00:00:14] ML tree search #5, logLikelihood: -2933.349386
[00:00:17] ML tree search #6, logLikelihood: -2924.532798
[00:00:20] ML tree search #7, logLikelihood: -2924.132517
[00:00:23] ML tree search #8, logLikelihood: -2918.952649
[00:00:26] ML tree search #9, logLikelihood: -2920.045638
[00:00:29] ML tree search #10, logLikelihood: -2918.952626
[00:00:30] ML tree search #11, logLikelihood: -2920.872820
[00:00:33] ML tree search #12, logLikelihood: -2928.052623
[00:00:35] ML tree search #13, logLikelihood: -2924.532804
[00:00:38] ML tree search #14, logLikelihood: -2920.200572
[00:00:39] ML tree search #15, logLikelihood: -2920.472197
[00:00:40] ML tree search #16, logLikelihood: -2920.327597
[00:00:42] ML tree search #17, logLikelihood: -2920.872781
[00:00:44] ML tree search #18, logLikelihood: -2920.313505
[00:00:46] ML tree search #19, logLikelihood: -2921.527675
[00:00:49] ML tree search #20, logLikelihood: -2918.952681

Optimized model parameters:

   Partition 0: noname
   Rate heterogeneity: GAMMA (4 cats, mean),  alpha: 0.020138 (ML),  weights&rates: (0.250000,0.000000) (0.250000,0.000000) (0.250000,0.000001) (0.250000,3.999999) 
   Base frequencies (ML): 0.310682 0.176656 0.237324 0.275338 
   Substitution rates (ML): 1.148247 3.230373 0.581772 0.728268 4.899748 1.000000 

Final LogLikelihood: -2918.952626

AIC score: 6289.905253 / AICc score: 6362.009258 / BIC score: 7512.233161
Free parameters (model + branch lengths): 226

Best ML tree saved to: /home/homma/Desktop/coding/github/pos_selection_pipeline/tomato_pipeline/pipeline/no_LOC/raxml-ng/LeCCD1B_prot_linear_multi_sl25_prt_codonAlignment.raxml.bestTree
All ML trees saved to: /home/homma/Desktop/coding/github/pos_selection_pipeline/tomato_pipeline/pipeline/no_LOC/raxml-ng/LeCCD1B_prot_linear_multi_sl25_prt_codonAlignment.raxml.mlTrees
Optimized model saved to: /home/homma/Desktop/coding/github/pos_selection_pipeline/tomato_pipeline/pipeline/no_LOC/raxml-ng/LeCCD1B_prot_linear_multi_sl25_prt_codonAlignment.raxml.bestModel

Execution log saved to: /home/homma/Desktop/coding/github/pos_selection_pipeline/tomato_pipeline/pipeline/no_LOC/raxml-ng/LeCCD1B_prot_linear_multi_sl25_prt_codonAlignment.raxml.log

Analysis started: 01-Mar-2020 18:40:33 / finished: 01-Mar-2020 18:41:23

Elapsed time: 49.731 seconds

