
RAxML-NG v. 0.8.1 BETA released on 05.03.2019 by The Exelixis Lab.
Authors: Alexey Kozlov, Alexandros Stamatakis, Diego Darriba, Tomas Flouri, Benoit Morel.
Latest version: https://github.com/amkozlov/raxml-ng
Questions/problems/suggestions? Please visit: https://groups.google.com/forum/#!forum/raxml

WARNING: This is a BETA release, please use at your own risk!

RAxML-NG was called at 01-Mar-2020 18:55:36 as follows:

raxml-ng --msa LeEF-1_prot_linear_multi_sl25_prt_codonAlignment.fasta --prefix LeEF-1_prot_linear_multi_sl25_prt_codonAlignment --model GTR+G --seed 123 --bs-tree 100 --force

Analysis options:
  run mode: ML tree search
  start tree(s): random (10) + parsimony (10)
  random seed: 123
  tip-inner: OFF
  pattern compression: ON
  per-rate scalers: OFF
  site repeats: ON
  fast spr radius: AUTO
  spr subtree cutoff: 1.000000
  branch lengths: proportional (ML estimate, algorithm: NR-FAST)
  SIMD kernels: AVX2
  parallelization: PTHREADS (6 threads), thread pinning: OFF

WARNING: Running in FORCE mode: all safety checks are disabled!

[00:00:00] Reading alignment from file: LeEF-1_prot_linear_multi_sl25_prt_codonAlignment.fasta
[00:00:00] Loaded alignment with 87 taxa and 1344 sites

Alignment comprises 1 partitions and 58 patterns

Partition 0: noname
Model: GTR+FO+G4m
Alignment sites / patterns: 1344 / 58
Gaps: 0.00 %
Invariant sites: 95.83 %


NOTE: Binary MSA file created: LeEF-1_prot_linear_multi_sl25_prt_codonAlignment.raxml.rba

[00:00:00] Generating 10 random starting tree(s) with 87 taxa
[00:00:00] Generating 10 parsimony starting tree(s) with 87 taxa
[00:00:00] Data distribution: max. partitions/sites/weight per thread: 1 / 10 / 160

Starting ML tree search with 20 distinct starting trees

[00:00:01] ML tree search #1, logLikelihood: -2493.210104
[00:00:03] ML tree search #2, logLikelihood: -2491.759711
[00:00:05] ML tree search #3, logLikelihood: -2493.428873
[00:00:07] ML tree search #4, logLikelihood: -2493.040138
[00:00:09] ML tree search #5, logLikelihood: -2494.367630
[00:00:11] ML tree search #6, logLikelihood: -2490.723608
[00:00:13] ML tree search #7, logLikelihood: -2491.590979
[00:00:15] ML tree search #8, logLikelihood: -2493.759269
[00:00:16] ML tree search #9, logLikelihood: -2491.759685
[00:00:20] ML tree search #10, logLikelihood: -2492.465524
[00:00:20] ML tree search #11, logLikelihood: -2494.797295
[00:00:22] ML tree search #12, logLikelihood: -2490.045802
[00:00:23] ML tree search #13, logLikelihood: -2494.368123
[00:00:24] ML tree search #14, logLikelihood: -2500.884735
[00:00:25] ML tree search #15, logLikelihood: -2493.999289
[00:00:25] ML tree search #16, logLikelihood: -2491.759783
[00:00:26] ML tree search #17, logLikelihood: -2493.999753
[00:00:27] ML tree search #18, logLikelihood: -2493.074370
[00:00:28] ML tree search #19, logLikelihood: -2491.393365
[00:00:29] ML tree search #20, logLikelihood: -2493.508361

Optimized model parameters:

   Partition 0: noname
   Rate heterogeneity: GAMMA (4 cats, mean),  alpha: 0.020138 (ML),  weights&rates: (0.250000,0.000000) (0.250000,0.000000) (0.250000,0.000001) (0.250000,3.999999) 
   Base frequencies (ML): 0.257535 0.222391 0.256919 0.263155 
   Substitution rates (ML): 6.272851 5.976886 3.834918 2.266098 32.008472 1.000000 

Final LogLikelihood: -2490.045802

AIC score: 5340.091604 / AICc score: 5396.119119 / BIC score: 6276.704597
Free parameters (model + branch lengths): 180

Best ML tree saved to: /home/homma/Desktop/coding/github/pos_selection_pipeline/tomato_pipeline/pipeline/no_LOC/raxml-ng/LeEF-1_prot_linear_multi_sl25_prt_codonAlignment.raxml.bestTree
All ML trees saved to: /home/homma/Desktop/coding/github/pos_selection_pipeline/tomato_pipeline/pipeline/no_LOC/raxml-ng/LeEF-1_prot_linear_multi_sl25_prt_codonAlignment.raxml.mlTrees
Optimized model saved to: /home/homma/Desktop/coding/github/pos_selection_pipeline/tomato_pipeline/pipeline/no_LOC/raxml-ng/LeEF-1_prot_linear_multi_sl25_prt_codonAlignment.raxml.bestModel

Execution log saved to: /home/homma/Desktop/coding/github/pos_selection_pipeline/tomato_pipeline/pipeline/no_LOC/raxml-ng/LeEF-1_prot_linear_multi_sl25_prt_codonAlignment.raxml.log

Analysis started: 01-Mar-2020 18:55:36 / finished: 01-Mar-2020 18:56:05

Elapsed time: 29.306 seconds

