
RAxML-NG v. 0.8.1 BETA released on 05.03.2019 by The Exelixis Lab.
Authors: Alexey Kozlov, Alexandros Stamatakis, Diego Darriba, Tomas Flouri, Benoit Morel.
Latest version: https://github.com/amkozlov/raxml-ng
Questions/problems/suggestions? Please visit: https://groups.google.com/forum/#!forum/raxml

WARNING: This is a BETA release, please use at your own risk!

RAxML-NG was called at 01-Mar-2020 18:30:33 as follows:

raxml-ng --msa LHA1_prot_linear_multi_sl25_prt_codonAlignment.fasta --prefix LHA1_prot_linear_multi_sl25_prt_codonAlignment --model GTR+G --seed 123 --bs-tree 100 --force

Analysis options:
  run mode: ML tree search
  start tree(s): random (10) + parsimony (10)
  random seed: 123
  tip-inner: OFF
  pattern compression: ON
  per-rate scalers: OFF
  site repeats: ON
  fast spr radius: AUTO
  spr subtree cutoff: 1.000000
  branch lengths: proportional (ML estimate, algorithm: NR-FAST)
  SIMD kernels: AVX2
  parallelization: PTHREADS (6 threads), thread pinning: OFF

WARNING: Running in FORCE mode: all safety checks are disabled!

[00:00:00] Reading alignment from file: LHA1_prot_linear_multi_sl25_prt_codonAlignment.fasta
[00:00:00] Loaded alignment with 118 taxa and 2868 sites

Alignment comprises 1 partitions and 75 patterns

Partition 0: noname
Model: GTR+FO+G4m
Alignment sites / patterns: 2868 / 75
Gaps: 0.00 %
Invariant sites: 97.38 %


NOTE: Binary MSA file created: LHA1_prot_linear_multi_sl25_prt_codonAlignment.raxml.rba

[00:00:00] Generating 10 random starting tree(s) with 118 taxa
[00:00:00] Generating 10 parsimony starting tree(s) with 118 taxa
[00:00:00] Data distribution: max. partitions/sites/weight per thread: 1 / 13 / 208

Starting ML tree search with 20 distinct starting trees

[00:00:05] ML tree search #1, logLikelihood: -4915.070293
[00:00:10] ML tree search #2, logLikelihood: -4914.301097
[00:00:15] ML tree search #3, logLikelihood: -4914.174552
[00:00:19] ML tree search #4, logLikelihood: -4914.830401
[00:00:22] ML tree search #5, logLikelihood: -4914.716344
[00:00:26] ML tree search #6, logLikelihood: -4914.687143
[00:00:33] ML tree search #7, logLikelihood: -4914.519338
[00:00:37] ML tree search #8, logLikelihood: -4915.070282
[00:00:40] ML tree search #9, logLikelihood: -4915.720627
[00:00:44] ML tree search #10, logLikelihood: -4914.809980
[00:00:47] ML tree search #11, logLikelihood: -4914.687124
[00:00:50] ML tree search #12, logLikelihood: -4914.214352
[00:00:53] ML tree search #13, logLikelihood: -4924.436538
[00:00:58] ML tree search #14, logLikelihood: -4915.678841
[00:01:00] ML tree search #15, logLikelihood: -4916.934644
[00:01:02] ML tree search #16, logLikelihood: -4915.571073
[00:01:04] ML tree search #17, logLikelihood: -4916.020033
[00:01:06] ML tree search #18, logLikelihood: -4921.344400
[00:01:08] ML tree search #19, logLikelihood: -4915.485518
[00:01:12] ML tree search #20, logLikelihood: -4914.716307

Optimized model parameters:

   Partition 0: noname
   Rate heterogeneity: GAMMA (4 cats, mean),  alpha: 0.020121 (ML),  weights&rates: (0.250000,0.000000) (0.250000,0.000000) (0.250000,0.000001) (0.250000,3.999999) 
   Base frequencies (ML): 0.263860 0.195087 0.253273 0.287781 
   Substitution rates (ML): 0.570956 2.973651 1.614261 0.574675 3.668958 1.000000 

Final LogLikelihood: -4914.174552

AIC score: 10312.349104 / AICc score: 10357.153675 / BIC score: 11755.000693
Free parameters (model + branch lengths): 242

Best ML tree saved to: /home/homma/Desktop/coding/github/pos_selection_pipeline/tomato_pipeline/pipeline/no_LOC/raxml-ng/LHA1_prot_linear_multi_sl25_prt_codonAlignment.raxml.bestTree
All ML trees saved to: /home/homma/Desktop/coding/github/pos_selection_pipeline/tomato_pipeline/pipeline/no_LOC/raxml-ng/LHA1_prot_linear_multi_sl25_prt_codonAlignment.raxml.mlTrees
Optimized model saved to: /home/homma/Desktop/coding/github/pos_selection_pipeline/tomato_pipeline/pipeline/no_LOC/raxml-ng/LHA1_prot_linear_multi_sl25_prt_codonAlignment.raxml.bestModel

Execution log saved to: /home/homma/Desktop/coding/github/pos_selection_pipeline/tomato_pipeline/pipeline/no_LOC/raxml-ng/LHA1_prot_linear_multi_sl25_prt_codonAlignment.raxml.log

Analysis started: 01-Mar-2020 18:30:33 / finished: 01-Mar-2020 18:31:45

Elapsed time: 72.209 seconds

