
RAxML-NG v. 0.8.1 BETA released on 05.03.2019 by The Exelixis Lab.
Authors: Alexey Kozlov, Alexandros Stamatakis, Diego Darriba, Tomas Flouri, Benoit Morel.
Latest version: https://github.com/amkozlov/raxml-ng
Questions/problems/suggestions? Please visit: https://groups.google.com/forum/#!forum/raxml

WARNING: This is a BETA release, please use at your own risk!

RAxML-NG was called at 01-Mar-2020 18:11:42 as follows:

raxml-ng --msa mdh_prot_linear_multi_sl25_prt_codonAlignment.fasta --prefix mdh_prot_linear_multi_sl25_prt_codonAlignment --model GTR+G --seed 123 --bs-tree 100 --force

Analysis options:
  run mode: ML tree search
  start tree(s): random (10) + parsimony (10)
  random seed: 123
  tip-inner: OFF
  pattern compression: ON
  per-rate scalers: OFF
  site repeats: ON
  fast spr radius: AUTO
  spr subtree cutoff: 1.000000
  branch lengths: proportional (ML estimate, algorithm: NR-FAST)
  SIMD kernels: AVX2
  parallelization: PTHREADS (6 threads), thread pinning: OFF

WARNING: Running in FORCE mode: all safety checks are disabled!

[00:00:00] Reading alignment from file: mdh_prot_linear_multi_sl25_prt_codonAlignment.fasta
[00:00:00] Loaded alignment with 129 taxa and 1329 sites

Alignment comprises 1 partitions and 63 patterns

Partition 0: noname
Model: GTR+FO+G4m
Alignment sites / patterns: 1329 / 63
Gaps: 0.22 %
Invariant sites: 95.71 %


NOTE: Binary MSA file created: mdh_prot_linear_multi_sl25_prt_codonAlignment.raxml.rba

[00:00:00] Generating 10 random starting tree(s) with 129 taxa
[00:00:00] Generating 10 parsimony starting tree(s) with 129 taxa
[00:00:00] Data distribution: max. partitions/sites/weight per thread: 1 / 11 / 176

Starting ML tree search with 20 distinct starting trees

[00:00:05] ML tree search #1, logLikelihood: -2518.988311
[00:00:08] ML tree search #2, logLikelihood: -2527.581614
[00:00:12] ML tree search #3, logLikelihood: -2518.292126
[00:00:15] ML tree search #4, logLikelihood: -2518.034528
[00:00:20] ML tree search #5, logLikelihood: -2514.882929
[00:00:24] ML tree search #6, logLikelihood: -2523.200274
[00:00:27] ML tree search #7, logLikelihood: -2518.271076
[00:00:31] ML tree search #8, logLikelihood: -2532.157915
[00:00:34] ML tree search #9, logLikelihood: -2523.993623
[00:00:37] ML tree search #10, logLikelihood: -2518.788278
[00:00:39] ML tree search #11, logLikelihood: -2518.980885
[00:00:40] ML tree search #12, logLikelihood: -2518.938849
[00:00:42] ML tree search #13, logLikelihood: -2516.306214
[00:00:43] ML tree search #14, logLikelihood: -2524.705350
[00:00:45] ML tree search #15, logLikelihood: -2523.238445
[00:00:46] ML tree search #16, logLikelihood: -2516.753616
[00:00:48] ML tree search #17, logLikelihood: -2521.631634
[00:00:49] ML tree search #18, logLikelihood: -2517.304563
[00:00:51] ML tree search #19, logLikelihood: -2516.840301
[00:00:54] ML tree search #20, logLikelihood: -2517.382311

Optimized model parameters:

   Partition 0: noname
   Rate heterogeneity: GAMMA (4 cats, mean),  alpha: 0.020123 (ML),  weights&rates: (0.250000,0.000000) (0.250000,0.000000) (0.250000,0.000001) (0.250000,3.999999) 
   Base frequencies (ML): 0.294448 0.181867 0.232075 0.291610 
   Substitution rates (ML): 3.680377 14.025371 5.980095 3.157715 27.500468 1.000000 

Final LogLikelihood: -2514.882929

AIC score: 5557.765858 / AICc score: 5689.269618 / BIC score: 6928.501922
Free parameters (model + branch lengths): 264

Best ML tree saved to: /home/homma/Desktop/coding/github/pos_selection_pipeline/tomato_pipeline/pipeline/no_LOC/raxml-ng/mdh_prot_linear_multi_sl25_prt_codonAlignment.raxml.bestTree
All ML trees saved to: /home/homma/Desktop/coding/github/pos_selection_pipeline/tomato_pipeline/pipeline/no_LOC/raxml-ng/mdh_prot_linear_multi_sl25_prt_codonAlignment.raxml.mlTrees
Optimized model saved to: /home/homma/Desktop/coding/github/pos_selection_pipeline/tomato_pipeline/pipeline/no_LOC/raxml-ng/mdh_prot_linear_multi_sl25_prt_codonAlignment.raxml.bestModel

Execution log saved to: /home/homma/Desktop/coding/github/pos_selection_pipeline/tomato_pipeline/pipeline/no_LOC/raxml-ng/mdh_prot_linear_multi_sl25_prt_codonAlignment.raxml.log

Analysis started: 01-Mar-2020 18:11:42 / finished: 01-Mar-2020 18:12:36

Elapsed time: 54.325 seconds

