
RAxML-NG v. 0.8.1 BETA released on 05.03.2019 by The Exelixis Lab.
Authors: Alexey Kozlov, Alexandros Stamatakis, Diego Darriba, Tomas Flouri, Benoit Morel.
Latest version: https://github.com/amkozlov/raxml-ng
Questions/problems/suggestions? Please visit: https://groups.google.com/forum/#!forum/raxml

WARNING: This is a BETA release, please use at your own risk!

RAxML-NG was called at 01-Mar-2020 18:17:20 as follows:

raxml-ng --msa ME2_prot_linear_multi_sl25_prt_codonAlignment.fasta --prefix ME2_prot_linear_multi_sl25_prt_codonAlignment --model GTR+G --seed 123 --bs-tree 100 --force

Analysis options:
  run mode: ML tree search
  start tree(s): random (10) + parsimony (10)
  random seed: 123
  tip-inner: OFF
  pattern compression: ON
  per-rate scalers: OFF
  site repeats: ON
  fast spr radius: AUTO
  spr subtree cutoff: 1.000000
  branch lengths: proportional (ML estimate, algorithm: NR-FAST)
  SIMD kernels: AVX2
  parallelization: PTHREADS (6 threads), thread pinning: OFF

WARNING: Running in FORCE mode: all safety checks are disabled!

[00:00:00] Reading alignment from file: ME2_prot_linear_multi_sl25_prt_codonAlignment.fasta
[00:00:00] Loaded alignment with 132 taxa and 1737 sites

Alignment comprises 1 partitions and 63 patterns

Partition 0: noname
Model: GTR+FO+G4m
Alignment sites / patterns: 1737 / 63
Gaps: 0.00 %
Invariant sites: 96.20 %


NOTE: Binary MSA file created: ME2_prot_linear_multi_sl25_prt_codonAlignment.raxml.rba

[00:00:00] Generating 10 random starting tree(s) with 132 taxa
[00:00:00] Generating 10 parsimony starting tree(s) with 132 taxa
[00:00:00] Data distribution: max. partitions/sites/weight per thread: 1 / 11 / 176

Starting ML tree search with 20 distinct starting trees

[00:00:03] ML tree search #1, logLikelihood: -3074.734833
[00:00:08] ML tree search #2, logLikelihood: -3068.251834
[00:00:12] ML tree search #3, logLikelihood: -3068.301868
[00:00:16] ML tree search #4, logLikelihood: -3084.690370
[00:00:20] ML tree search #5, logLikelihood: -3068.026076
[00:00:23] ML tree search #6, logLikelihood: -3068.301896
[00:00:26] ML tree search #7, logLikelihood: -3089.863526
[00:00:30] ML tree search #8, logLikelihood: -3068.941467
[00:00:34] ML tree search #9, logLikelihood: -3074.275211
[00:00:38] ML tree search #10, logLikelihood: -3068.301817
[00:00:40] ML tree search #11, logLikelihood: -3068.941377
[00:00:41] ML tree search #12, logLikelihood: -3068.301839
[00:00:43] ML tree search #13, logLikelihood: -3068.941346
[00:00:44] ML tree search #14, logLikelihood: -3068.301814
[00:00:46] ML tree search #15, logLikelihood: -3074.734828
[00:00:47] ML tree search #16, logLikelihood: -3068.301832
[00:00:49] ML tree search #17, logLikelihood: -3073.842978
[00:00:50] ML tree search #18, logLikelihood: -3074.049813
[00:00:52] ML tree search #19, logLikelihood: -3068.301821
[00:00:53] ML tree search #20, logLikelihood: -3068.301824

Optimized model parameters:

   Partition 0: noname
   Rate heterogeneity: GAMMA (4 cats, mean),  alpha: 0.020138 (ML),  weights&rates: (0.250000,0.000000) (0.250000,0.000000) (0.250000,0.000001) (0.250000,3.999999) 
   Base frequencies (ML): 0.277974 0.207793 0.241315 0.272918 
   Substitution rates (ML): 1.486784 5.985293 4.781106 1.007925 8.901350 1.000000 

Final LogLikelihood: -3068.026076

AIC score: 6676.052153 / AICc score: 6775.874799 / BIC score: 8150.229140
Free parameters (model + branch lengths): 270

Best ML tree saved to: /home/homma/Desktop/coding/github/pos_selection_pipeline/tomato_pipeline/pipeline/no_LOC/raxml-ng/ME2_prot_linear_multi_sl25_prt_codonAlignment.raxml.bestTree
All ML trees saved to: /home/homma/Desktop/coding/github/pos_selection_pipeline/tomato_pipeline/pipeline/no_LOC/raxml-ng/ME2_prot_linear_multi_sl25_prt_codonAlignment.raxml.mlTrees
Optimized model saved to: /home/homma/Desktop/coding/github/pos_selection_pipeline/tomato_pipeline/pipeline/no_LOC/raxml-ng/ME2_prot_linear_multi_sl25_prt_codonAlignment.raxml.bestModel

Execution log saved to: /home/homma/Desktop/coding/github/pos_selection_pipeline/tomato_pipeline/pipeline/no_LOC/raxml-ng/ME2_prot_linear_multi_sl25_prt_codonAlignment.raxml.log

Analysis started: 01-Mar-2020 18:17:20 / finished: 01-Mar-2020 18:18:14

Elapsed time: 53.731 seconds

