
RAxML-NG v. 0.8.1 BETA released on 05.03.2019 by The Exelixis Lab.
Authors: Alexey Kozlov, Alexandros Stamatakis, Diego Darriba, Tomas Flouri, Benoit Morel.
Latest version: https://github.com/amkozlov/raxml-ng
Questions/problems/suggestions? Please visit: https://groups.google.com/forum/#!forum/raxml

WARNING: This is a BETA release, please use at your own risk!

RAxML-NG was called at 01-Mar-2020 19:01:44 as follows:

raxml-ng --msa mMDH1_prot_linear_multi_sl25_prt_codonAlignment.fasta --prefix mMDH1_prot_linear_multi_sl25_prt_codonAlignment --model GTR+G --seed 123 --bs-tree 100 --force

Analysis options:
  run mode: ML tree search
  start tree(s): random (10) + parsimony (10)
  random seed: 123
  tip-inner: OFF
  pattern compression: ON
  per-rate scalers: OFF
  site repeats: ON
  fast spr radius: AUTO
  spr subtree cutoff: 1.000000
  branch lengths: proportional (ML estimate, algorithm: NR-FAST)
  SIMD kernels: AVX2
  parallelization: PTHREADS (6 threads), thread pinning: OFF

WARNING: Running in FORCE mode: all safety checks are disabled!

[00:00:00] Reading alignment from file: mMDH1_prot_linear_multi_sl25_prt_codonAlignment.fasta
[00:00:00] Loaded alignment with 98 taxa and 1041 sites

Alignment comprises 1 partitions and 46 patterns

Partition 0: noname
Model: GTR+FO+G4m
Alignment sites / patterns: 1041 / 46
Gaps: 0.29 %
Invariant sites: 96.06 %


NOTE: Binary MSA file created: mMDH1_prot_linear_multi_sl25_prt_codonAlignment.raxml.rba

[00:00:00] Generating 10 random starting tree(s) with 98 taxa
[00:00:00] Generating 10 parsimony starting tree(s) with 98 taxa
[00:00:00] Data distribution: max. partitions/sites/weight per thread: 1 / 8 / 128

Starting ML tree search with 20 distinct starting trees

[00:00:02] ML tree search #1, logLikelihood: -1854.779382
[00:00:04] ML tree search #2, logLikelihood: -1855.926889
[00:00:06] ML tree search #3, logLikelihood: -1854.745006
[00:00:08] ML tree search #4, logLikelihood: -1855.926913
[00:00:09] ML tree search #5, logLikelihood: -1854.779376
[00:00:12] ML tree search #6, logLikelihood: -1854.744985
[00:00:15] ML tree search #7, logLikelihood: -1854.744971
[00:00:16] ML tree search #8, logLikelihood: -1859.636972
[00:00:19] ML tree search #9, logLikelihood: -1854.744971
[00:00:21] ML tree search #10, logLikelihood: -1854.744987
[00:00:21] ML tree search #11, logLikelihood: -1855.926890
[00:00:22] ML tree search #12, logLikelihood: -1855.926925
[00:00:23] ML tree search #13, logLikelihood: -1855.926924
[00:00:24] ML tree search #14, logLikelihood: -1855.926896
[00:00:25] ML tree search #15, logLikelihood: -1855.926923
[00:00:26] ML tree search #16, logLikelihood: -1854.945962
[00:00:27] ML tree search #17, logLikelihood: -1854.475303
[00:00:28] ML tree search #18, logLikelihood: -1855.926891
[00:00:29] ML tree search #19, logLikelihood: -1855.926911
[00:00:30] ML tree search #20, logLikelihood: -1855.926922

Optimized model parameters:

   Partition 0: noname
   Rate heterogeneity: GAMMA (4 cats, mean),  alpha: 0.020140 (ML),  weights&rates: (0.250000,0.000000) (0.250000,0.000000) (0.250000,0.000001) (0.250000,3.999999) 
   Base frequencies (ML): 0.251128 0.225162 0.259008 0.264703 
   Substitution rates (ML): 1.649536 6.068413 2.109926 2.787703 6.371480 1.000000 

Final LogLikelihood: -1854.475303

AIC score: 4112.950607 / AICc score: 4210.816955 / BIC score: 5112.433895
Free parameters (model + branch lengths): 202

Best ML tree saved to: /home/homma/Desktop/coding/github/pos_selection_pipeline/tomato_pipeline/pipeline/no_LOC/raxml-ng/mMDH1_prot_linear_multi_sl25_prt_codonAlignment.raxml.bestTree
All ML trees saved to: /home/homma/Desktop/coding/github/pos_selection_pipeline/tomato_pipeline/pipeline/no_LOC/raxml-ng/mMDH1_prot_linear_multi_sl25_prt_codonAlignment.raxml.mlTrees
Optimized model saved to: /home/homma/Desktop/coding/github/pos_selection_pipeline/tomato_pipeline/pipeline/no_LOC/raxml-ng/mMDH1_prot_linear_multi_sl25_prt_codonAlignment.raxml.bestModel

Execution log saved to: /home/homma/Desktop/coding/github/pos_selection_pipeline/tomato_pipeline/pipeline/no_LOC/raxml-ng/mMDH1_prot_linear_multi_sl25_prt_codonAlignment.raxml.log

Analysis started: 01-Mar-2020 19:01:44 / finished: 01-Mar-2020 19:02:14

Elapsed time: 30.511 seconds

