
RAxML-NG v. 0.8.1 BETA released on 05.03.2019 by The Exelixis Lab.
Authors: Alexey Kozlov, Alexandros Stamatakis, Diego Darriba, Tomas Flouri, Benoit Morel.
Latest version: https://github.com/amkozlov/raxml-ng
Questions/problems/suggestions? Please visit: https://groups.google.com/forum/#!forum/raxml

WARNING: This is a BETA release, please use at your own risk!

RAxML-NG was called at 01-Mar-2020 18:50:43 as follows:

raxml-ng --msa NDK_prot_linear_multi_sl25_prt_codonAlignment.fasta --prefix NDK_prot_linear_multi_sl25_prt_codonAlignment --model GTR+G --seed 123 --bs-tree 100 --force

Analysis options:
  run mode: ML tree search
  start tree(s): random (10) + parsimony (10)
  random seed: 123
  tip-inner: OFF
  pattern compression: ON
  per-rate scalers: OFF
  site repeats: ON
  fast spr radius: AUTO
  spr subtree cutoff: 1.000000
  branch lengths: proportional (ML estimate, algorithm: NR-FAST)
  SIMD kernels: AVX2
  parallelization: PTHREADS (6 threads), thread pinning: OFF

WARNING: Running in FORCE mode: all safety checks are disabled!

[00:00:00] Reading alignment from file: NDK_prot_linear_multi_sl25_prt_codonAlignment.fasta
[00:00:00] Loaded alignment with 101 taxa and 444 sites

Alignment comprises 1 partitions and 22 patterns

Partition 0: noname
Model: GTR+FO+G4m
Alignment sites / patterns: 444 / 22
Gaps: 0.00 %
Invariant sites: 95.95 %


NOTE: Binary MSA file created: NDK_prot_linear_multi_sl25_prt_codonAlignment.raxml.rba

[00:00:00] Generating 10 random starting tree(s) with 101 taxa
[00:00:00] Generating 10 parsimony starting tree(s) with 101 taxa
[00:00:00] Data distribution: max. partitions/sites/weight per thread: 1 / 4 / 64

Starting ML tree search with 20 distinct starting trees

[00:00:01] ML tree search #1, logLikelihood: -840.647158
[00:00:03] ML tree search #2, logLikelihood: -821.135524
[00:00:04] ML tree search #3, logLikelihood: -821.101090
[00:00:06] ML tree search #4, logLikelihood: -821.814637
[00:00:08] ML tree search #5, logLikelihood: -821.557984
[00:00:10] ML tree search #6, logLikelihood: -821.101091
[00:00:13] ML tree search #7, logLikelihood: -823.391180
[00:00:14] ML tree search #8, logLikelihood: -821.557689
[00:00:17] ML tree search #9, logLikelihood: -824.098236
[00:00:18] ML tree search #10, logLikelihood: -821.562949
[00:00:19] ML tree search #11, logLikelihood: -824.691587
[00:00:20] ML tree search #12, logLikelihood: -836.682654
[00:00:21] ML tree search #13, logLikelihood: -821.794000
[00:00:22] ML tree search #14, logLikelihood: -821.105736
[00:00:23] ML tree search #15, logLikelihood: -821.135433
[00:00:24] ML tree search #16, logLikelihood: -821.687376
[00:00:25] ML tree search #17, logLikelihood: -821.794011
[00:00:26] ML tree search #18, logLikelihood: -821.135415
[00:00:27] ML tree search #19, logLikelihood: -823.391174
[00:00:28] ML tree search #20, logLikelihood: -821.352262

Optimized model parameters:

   Partition 0: noname
   Rate heterogeneity: GAMMA (4 cats, mean),  alpha: 0.020124 (ML),  weights&rates: (0.250000,0.000000) (0.250000,0.000000) (0.250000,0.000001) (0.250000,3.999999) 
   Base frequencies (ML): 0.227372 0.175282 0.294034 0.303312 
   Substitution rates (ML): 0.001000 2.060308 0.001000 0.594777 5.227570 1.000000 

Final LogLikelihood: -821.101090

AIC score: 2058.202179 / AICc score: 2428.176647 / BIC score: 2910.133688
Free parameters (model + branch lengths): 208

Best ML tree saved to: /home/homma/Desktop/coding/github/pos_selection_pipeline/tomato_pipeline/pipeline/no_LOC/raxml-ng/NDK_prot_linear_multi_sl25_prt_codonAlignment.raxml.bestTree
All ML trees saved to: /home/homma/Desktop/coding/github/pos_selection_pipeline/tomato_pipeline/pipeline/no_LOC/raxml-ng/NDK_prot_linear_multi_sl25_prt_codonAlignment.raxml.mlTrees
Optimized model saved to: /home/homma/Desktop/coding/github/pos_selection_pipeline/tomato_pipeline/pipeline/no_LOC/raxml-ng/NDK_prot_linear_multi_sl25_prt_codonAlignment.raxml.bestModel

Execution log saved to: /home/homma/Desktop/coding/github/pos_selection_pipeline/tomato_pipeline/pipeline/no_LOC/raxml-ng/NDK_prot_linear_multi_sl25_prt_codonAlignment.raxml.log

Analysis started: 01-Mar-2020 18:50:43 / finished: 01-Mar-2020 18:51:11

Elapsed time: 28.460 seconds

