
RAxML-NG v. 0.8.1 BETA released on 05.03.2019 by The Exelixis Lab.
Authors: Alexey Kozlov, Alexandros Stamatakis, Diego Darriba, Tomas Flouri, Benoit Morel.
Latest version: https://github.com/amkozlov/raxml-ng
Questions/problems/suggestions? Please visit: https://groups.google.com/forum/#!forum/raxml

WARNING: This is a BETA release, please use at your own risk!

RAxML-NG was called at 01-Mar-2020 18:43:14 as follows:

raxml-ng --msa NDPS1_prot_linear_multi_sl25_prt_codonAlignment.fasta --prefix NDPS1_prot_linear_multi_sl25_prt_codonAlignment --model GTR+G --seed 123 --bs-tree 100 --force

Analysis options:
  run mode: ML tree search
  start tree(s): random (10) + parsimony (10)
  random seed: 123
  tip-inner: OFF
  pattern compression: ON
  per-rate scalers: OFF
  site repeats: ON
  fast spr radius: AUTO
  spr subtree cutoff: 1.000000
  branch lengths: proportional (ML estimate, algorithm: NR-FAST)
  SIMD kernels: AVX2
  parallelization: PTHREADS (6 threads), thread pinning: OFF

WARNING: Running in FORCE mode: all safety checks are disabled!

[00:00:00] Reading alignment from file: NDPS1_prot_linear_multi_sl25_prt_codonAlignment.fasta
[00:00:00] Loaded alignment with 129 taxa and 912 sites

Alignment comprises 1 partitions and 70 patterns

Partition 0: noname
Model: GTR+FO+G4m
Alignment sites / patterns: 912 / 70
Gaps: 0.32 %
Invariant sites: 92.54 %


NOTE: Binary MSA file created: NDPS1_prot_linear_multi_sl25_prt_codonAlignment.raxml.rba

[00:00:00] Generating 10 random starting tree(s) with 129 taxa
[00:00:00] Generating 10 parsimony starting tree(s) with 129 taxa
[00:00:00] Data distribution: max. partitions/sites/weight per thread: 1 / 12 / 192

Starting ML tree search with 20 distinct starting trees

[00:00:04] ML tree search #1, logLikelihood: -2189.574425
[00:00:08] ML tree search #2, logLikelihood: -2181.492594
[00:00:16] ML tree search #3, logLikelihood: -2190.257003
[00:00:20] ML tree search #4, logLikelihood: -2219.060290
[00:00:26] ML tree search #5, logLikelihood: -2185.467804
[00:00:30] ML tree search #6, logLikelihood: -2223.336166
[00:00:34] ML tree search #7, logLikelihood: -2187.828574
[00:00:40] ML tree search #8, logLikelihood: -2181.639872
[00:00:45] ML tree search #9, logLikelihood: -2187.672133
[00:00:50] ML tree search #10, logLikelihood: -2220.248009
[00:00:53] ML tree search #11, logLikelihood: -2193.244322
[00:00:55] ML tree search #12, logLikelihood: -2188.358396
[00:00:57] ML tree search #13, logLikelihood: -2205.996874
[00:01:00] ML tree search #14, logLikelihood: -2194.234643
[00:01:03] ML tree search #15, logLikelihood: -2192.213453
[00:01:07] ML tree search #16, logLikelihood: -2205.022397
[00:01:11] ML tree search #17, logLikelihood: -2200.843715
[00:01:14] ML tree search #18, logLikelihood: -2201.504369
[00:01:18] ML tree search #19, logLikelihood: -2191.023690
[00:01:20] ML tree search #20, logLikelihood: -2194.316312

Optimized model parameters:

   Partition 0: noname
   Rate heterogeneity: GAMMA (4 cats, mean),  alpha: 0.020132 (ML),  weights&rates: (0.250000,0.000000) (0.250000,0.000000) (0.250000,0.000001) (0.250000,3.999999) 
   Base frequencies (ML): 0.363304 0.147762 0.180488 0.308445 
   Substitution rates (ML): 7.160207 10.537131 4.107600 2.456797 12.290362 1.000000 

Final LogLikelihood: -2181.492594

AIC score: 4890.985187 / AICc score: 5107.244847 / BIC score: 6162.314145
Free parameters (model + branch lengths): 264

Best ML tree saved to: /home/homma/Desktop/coding/github/pos_selection_pipeline/tomato_pipeline/pipeline/no_LOC/raxml-ng/NDPS1_prot_linear_multi_sl25_prt_codonAlignment.raxml.bestTree
All ML trees saved to: /home/homma/Desktop/coding/github/pos_selection_pipeline/tomato_pipeline/pipeline/no_LOC/raxml-ng/NDPS1_prot_linear_multi_sl25_prt_codonAlignment.raxml.mlTrees
Optimized model saved to: /home/homma/Desktop/coding/github/pos_selection_pipeline/tomato_pipeline/pipeline/no_LOC/raxml-ng/NDPS1_prot_linear_multi_sl25_prt_codonAlignment.raxml.bestModel

Execution log saved to: /home/homma/Desktop/coding/github/pos_selection_pipeline/tomato_pipeline/pipeline/no_LOC/raxml-ng/NDPS1_prot_linear_multi_sl25_prt_codonAlignment.raxml.log

Analysis started: 01-Mar-2020 18:43:14 / finished: 01-Mar-2020 18:44:35

Elapsed time: 80.245 seconds

