
RAxML-NG v. 0.8.1 BETA released on 05.03.2019 by The Exelixis Lab.
Authors: Alexey Kozlov, Alexandros Stamatakis, Diego Darriba, Tomas Flouri, Benoit Morel.
Latest version: https://github.com/amkozlov/raxml-ng
Questions/problems/suggestions? Please visit: https://groups.google.com/forum/#!forum/raxml

WARNING: This is a BETA release, please use at your own risk!

RAxML-NG was called at 01-Mar-2020 17:56:25 as follows:

raxml-ng --msa nii1_prot_linear_multi_sl25_prt_codonAlignment.fasta --prefix nii1_prot_linear_multi_sl25_prt_codonAlignment --model GTR+G --seed 123 --bs-tree 100 --force

Analysis options:
  run mode: ML tree search
  start tree(s): random (10) + parsimony (10)
  random seed: 123
  tip-inner: OFF
  pattern compression: ON
  per-rate scalers: OFF
  site repeats: ON
  fast spr radius: AUTO
  spr subtree cutoff: 1.000000
  branch lengths: proportional (ML estimate, algorithm: NR-FAST)
  SIMD kernels: AVX2
  parallelization: PTHREADS (6 threads), thread pinning: OFF

WARNING: Running in FORCE mode: all safety checks are disabled!

[00:00:00] Reading alignment from file: nii1_prot_linear_multi_sl25_prt_codonAlignment.fasta
[00:00:00] Loaded alignment with 98 taxa and 1761 sites

Alignment comprises 1 partitions and 77 patterns

Partition 0: noname
Model: GTR+FO+G4m
Alignment sites / patterns: 1761 / 77
Gaps: 0.00 %
Invariant sites: 95.57 %


NOTE: Binary MSA file created: nii1_prot_linear_multi_sl25_prt_codonAlignment.raxml.rba

[00:00:00] Generating 10 random starting tree(s) with 98 taxa
[00:00:00] Generating 10 parsimony starting tree(s) with 98 taxa
[00:00:00] Data distribution: max. partitions/sites/weight per thread: 1 / 13 / 208

Starting ML tree search with 20 distinct starting trees

[00:00:02] ML tree search #1, logLikelihood: -3470.551156
[00:00:05] ML tree search #2, logLikelihood: -3455.511679
[00:00:09] ML tree search #3, logLikelihood: -3468.703307
[00:00:13] ML tree search #4, logLikelihood: -3454.978095
[00:00:17] ML tree search #5, logLikelihood: -3451.031571
[00:00:23] ML tree search #6, logLikelihood: -3452.232320
[00:00:27] ML tree search #7, logLikelihood: -3462.023192
[00:00:31] ML tree search #8, logLikelihood: -3450.647734
[00:00:35] ML tree search #9, logLikelihood: -3450.532589
[00:00:39] ML tree search #10, logLikelihood: -3451.368501
[00:00:43] ML tree search #11, logLikelihood: -3451.524257
[00:00:46] ML tree search #12, logLikelihood: -3459.989422
[00:00:49] ML tree search #13, logLikelihood: -3451.116597
[00:00:53] ML tree search #14, logLikelihood: -3456.838765
[00:00:58] ML tree search #15, logLikelihood: -3454.815185
[00:00:59] ML tree search #16, logLikelihood: -3456.144401
[00:01:03] ML tree search #17, logLikelihood: -3450.375122
[00:01:07] ML tree search #18, logLikelihood: -3451.524256
[00:01:11] ML tree search #19, logLikelihood: -3460.505041
[00:01:17] ML tree search #20, logLikelihood: -3453.793394

Optimized model parameters:

   Partition 0: noname
   Rate heterogeneity: GAMMA (4 cats, mean),  alpha: 0.020138 (ML),  weights&rates: (0.250000,0.000000) (0.250000,0.000000) (0.250000,0.000001) (0.250000,3.999999) 
   Base frequencies (ML): 0.307537 0.169185 0.262028 0.261250 
   Substitution rates (ML): 1.169737 4.484137 1.143010 3.455606 6.681648 1.000000 

Final LogLikelihood: -3450.375122

AIC score: 7304.750244 / AICc score: 7357.389525 / BIC score: 8410.424940
Free parameters (model + branch lengths): 202

Best ML tree saved to: /home/homma/Desktop/coding/github/pos_selection_pipeline/tomato_pipeline/pipeline/no_LOC/raxml-ng/nii1_prot_linear_multi_sl25_prt_codonAlignment.raxml.bestTree
All ML trees saved to: /home/homma/Desktop/coding/github/pos_selection_pipeline/tomato_pipeline/pipeline/no_LOC/raxml-ng/nii1_prot_linear_multi_sl25_prt_codonAlignment.raxml.mlTrees
Optimized model saved to: /home/homma/Desktop/coding/github/pos_selection_pipeline/tomato_pipeline/pipeline/no_LOC/raxml-ng/nii1_prot_linear_multi_sl25_prt_codonAlignment.raxml.bestModel

Execution log saved to: /home/homma/Desktop/coding/github/pos_selection_pipeline/tomato_pipeline/pipeline/no_LOC/raxml-ng/nii1_prot_linear_multi_sl25_prt_codonAlignment.raxml.log

Analysis started: 01-Mar-2020 17:56:25 / finished: 01-Mar-2020 17:57:42

Elapsed time: 77.030 seconds

