
RAxML-NG v. 0.8.1 BETA released on 05.03.2019 by The Exelixis Lab.
Authors: Alexey Kozlov, Alexandros Stamatakis, Diego Darriba, Tomas Flouri, Benoit Morel.
Latest version: https://github.com/amkozlov/raxml-ng
Questions/problems/suggestions? Please visit: https://groups.google.com/forum/#!forum/raxml

WARNING: This is a BETA release, please use at your own risk!

RAxML-NG was called at 01-Mar-2020 19:02:47 as follows:

raxml-ng --msa OEE1_prot_linear_multi_sl25_prt_codonAlignment.fasta --prefix OEE1_prot_linear_multi_sl25_prt_codonAlignment --model GTR+G --seed 123 --bs-tree 100 --force

Analysis options:
  run mode: ML tree search
  start tree(s): random (10) + parsimony (10)
  random seed: 123
  tip-inner: OFF
  pattern compression: ON
  per-rate scalers: OFF
  site repeats: ON
  fast spr radius: AUTO
  spr subtree cutoff: 1.000000
  branch lengths: proportional (ML estimate, algorithm: NR-FAST)
  SIMD kernels: AVX2
  parallelization: PTHREADS (6 threads), thread pinning: OFF

WARNING: Running in FORCE mode: all safety checks are disabled!

[00:00:00] Reading alignment from file: OEE1_prot_linear_multi_sl25_prt_codonAlignment.fasta
[00:00:00] Loaded alignment with 105 taxa and 999 sites

Alignment comprises 1 partitions and 48 patterns

Partition 0: noname
Model: GTR+FO+G4m
Alignment sites / patterns: 999 / 48
Gaps: 0.00 %
Invariant sites: 95.60 %


NOTE: Binary MSA file created: OEE1_prot_linear_multi_sl25_prt_codonAlignment.raxml.rba

[00:00:00] Generating 10 random starting tree(s) with 105 taxa
[00:00:00] Generating 10 parsimony starting tree(s) with 105 taxa
[00:00:00] Data distribution: max. partitions/sites/weight per thread: 1 / 8 / 128

Starting ML tree search with 20 distinct starting trees

[00:00:03] ML tree search #1, logLikelihood: -2040.683185
[00:00:06] ML tree search #2, logLikelihood: -2045.159157
[00:00:10] ML tree search #3, logLikelihood: -2044.816534
[00:00:13] ML tree search #4, logLikelihood: -2048.121967
[00:00:15] ML tree search #5, logLikelihood: -2042.379442
[00:00:18] ML tree search #6, logLikelihood: -2039.349788
[00:00:20] ML tree search #7, logLikelihood: -2048.511592
[00:00:24] ML tree search #8, logLikelihood: -2045.669829
[00:00:26] ML tree search #9, logLikelihood: -2041.562869
[00:00:28] ML tree search #10, logLikelihood: -2044.176070
[00:00:33] ML tree search #11, logLikelihood: -2041.226164
[00:00:34] ML tree search #12, logLikelihood: -2052.021332
[00:00:36] ML tree search #13, logLikelihood: -2046.520032
[00:00:39] ML tree search #14, logLikelihood: -2042.579971
[00:00:43] ML tree search #15, logLikelihood: -2048.022449
[00:00:45] ML tree search #16, logLikelihood: -2043.494621
[00:00:48] ML tree search #17, logLikelihood: -2041.988969
[00:00:53] ML tree search #18, logLikelihood: -2045.937972
[00:00:54] ML tree search #19, logLikelihood: -2041.229750
[00:00:57] ML tree search #20, logLikelihood: -2041.569495

Optimized model parameters:

   Partition 0: noname
   Rate heterogeneity: GAMMA (4 cats, mean),  alpha: 0.020121 (ML),  weights&rates: (0.250000,0.000000) (0.250000,0.000000) (0.250000,0.000001) (0.250000,3.999999) 
   Base frequencies (ML): 0.278237 0.224205 0.247454 0.250103 
   Substitution rates (ML): 0.382263 0.531748 0.395700 0.458274 0.789459 1.000000 

Final LogLikelihood: -2039.349788

AIC score: 4510.699577 / AICc score: 4630.576815 / BIC score: 5570.558609
Free parameters (model + branch lengths): 216

Best ML tree saved to: /home/homma/Desktop/coding/github/pos_selection_pipeline/tomato_pipeline/pipeline/no_LOC/raxml-ng/OEE1_prot_linear_multi_sl25_prt_codonAlignment.raxml.bestTree
All ML trees saved to: /home/homma/Desktop/coding/github/pos_selection_pipeline/tomato_pipeline/pipeline/no_LOC/raxml-ng/OEE1_prot_linear_multi_sl25_prt_codonAlignment.raxml.mlTrees
Optimized model saved to: /home/homma/Desktop/coding/github/pos_selection_pipeline/tomato_pipeline/pipeline/no_LOC/raxml-ng/OEE1_prot_linear_multi_sl25_prt_codonAlignment.raxml.bestModel

Execution log saved to: /home/homma/Desktop/coding/github/pos_selection_pipeline/tomato_pipeline/pipeline/no_LOC/raxml-ng/OEE1_prot_linear_multi_sl25_prt_codonAlignment.raxml.log

Analysis started: 01-Mar-2020 19:02:47 / finished: 01-Mar-2020 19:03:44

Elapsed time: 57.563 seconds

