
RAxML-NG v. 0.8.1 BETA released on 05.03.2019 by The Exelixis Lab.
Authors: Alexey Kozlov, Alexandros Stamatakis, Diego Darriba, Tomas Flouri, Benoit Morel.
Latest version: https://github.com/amkozlov/raxml-ng
Questions/problems/suggestions? Please visit: https://groups.google.com/forum/#!forum/raxml

WARNING: This is a BETA release, please use at your own risk!

RAxML-NG was called at 01-Mar-2020 18:31:45 as follows:

raxml-ng --msa P69A_prot_linear_multi_sl25_prt_codonAlignment.fasta --prefix P69A_prot_linear_multi_sl25_prt_codonAlignment --model GTR+G --seed 123 --bs-tree 100 --force

Analysis options:
  run mode: ML tree search
  start tree(s): random (10) + parsimony (10)
  random seed: 123
  tip-inner: OFF
  pattern compression: ON
  per-rate scalers: OFF
  site repeats: ON
  fast spr radius: AUTO
  spr subtree cutoff: 1.000000
  branch lengths: proportional (ML estimate, algorithm: NR-FAST)
  SIMD kernels: AVX2
  parallelization: PTHREADS (6 threads), thread pinning: OFF

WARNING: Running in FORCE mode: all safety checks are disabled!

[00:00:00] Reading alignment from file: P69A_prot_linear_multi_sl25_prt_codonAlignment.fasta
[00:00:00] Loaded alignment with 106 taxa and 2241 sites

Alignment comprises 1 partitions and 112 patterns

Partition 0: noname
Model: GTR+FO+G4m
Alignment sites / patterns: 2241 / 112
Gaps: 0.00 %
Invariant sites: 94.60 %


NOTE: Binary MSA file created: P69A_prot_linear_multi_sl25_prt_codonAlignment.raxml.rba

[00:00:00] Generating 10 random starting tree(s) with 106 taxa
[00:00:00] Generating 10 parsimony starting tree(s) with 106 taxa
[00:00:00] Data distribution: max. partitions/sites/weight per thread: 1 / 19 / 304

Starting ML tree search with 20 distinct starting trees

[00:00:06] ML tree search #1, logLikelihood: -4711.364910
[00:00:14] ML tree search #2, logLikelihood: -4711.811122
[00:00:20] ML tree search #3, logLikelihood: -4713.728104
[00:00:28] ML tree search #4, logLikelihood: -4722.975777
[00:00:34] ML tree search #5, logLikelihood: -4712.920592
[00:00:39] ML tree search #6, logLikelihood: -4714.361784
[00:00:44] ML tree search #7, logLikelihood: -4712.361557
[00:00:50] ML tree search #8, logLikelihood: -4711.373118
[00:01:02] ML tree search #9, logLikelihood: -4716.385777
[00:01:11] ML tree search #10, logLikelihood: -4721.655202
[00:01:14] ML tree search #11, logLikelihood: -4729.626462
[00:01:18] ML tree search #12, logLikelihood: -4719.440563
[00:01:26] ML tree search #13, logLikelihood: -4712.824933
[00:01:31] ML tree search #14, logLikelihood: -4716.463605
[00:01:35] ML tree search #15, logLikelihood: -4707.450848
[00:01:40] ML tree search #16, logLikelihood: -4708.666208
[00:01:44] ML tree search #17, logLikelihood: -4712.540536
[00:01:51] ML tree search #18, logLikelihood: -4710.710073
[00:01:58] ML tree search #19, logLikelihood: -4715.838570
[00:02:02] ML tree search #20, logLikelihood: -4710.882289

Optimized model parameters:

   Partition 0: noname
   Rate heterogeneity: GAMMA (4 cats, mean),  alpha: 0.020140 (ML),  weights&rates: (0.250000,0.000000) (0.250000,0.000000) (0.250000,0.000001) (0.250000,3.999999) 
   Base frequencies (ML): 0.285530 0.205917 0.218726 0.289828 
   Substitution rates (ML): 5.960669 5.880130 2.477039 1.666871 11.606693 1.000000 

Final LogLikelihood: -4707.450848

AIC score: 9850.901697 / AICc score: 9898.124248 / BIC score: 11096.701386
Free parameters (model + branch lengths): 218

Best ML tree saved to: /home/homma/Desktop/coding/github/pos_selection_pipeline/tomato_pipeline/pipeline/no_LOC/raxml-ng/P69A_prot_linear_multi_sl25_prt_codonAlignment.raxml.bestTree
All ML trees saved to: /home/homma/Desktop/coding/github/pos_selection_pipeline/tomato_pipeline/pipeline/no_LOC/raxml-ng/P69A_prot_linear_multi_sl25_prt_codonAlignment.raxml.mlTrees
Optimized model saved to: /home/homma/Desktop/coding/github/pos_selection_pipeline/tomato_pipeline/pipeline/no_LOC/raxml-ng/P69A_prot_linear_multi_sl25_prt_codonAlignment.raxml.bestModel

Execution log saved to: /home/homma/Desktop/coding/github/pos_selection_pipeline/tomato_pipeline/pipeline/no_LOC/raxml-ng/P69A_prot_linear_multi_sl25_prt_codonAlignment.raxml.log

Analysis started: 01-Mar-2020 18:31:45 / finished: 01-Mar-2020 18:33:48

Elapsed time: 123.003 seconds

