
RAxML-NG v. 0.8.1 BETA released on 05.03.2019 by The Exelixis Lab.
Authors: Alexey Kozlov, Alexandros Stamatakis, Diego Darriba, Tomas Flouri, Benoit Morel.
Latest version: https://github.com/amkozlov/raxml-ng
Questions/problems/suggestions? Please visit: https://groups.google.com/forum/#!forum/raxml

WARNING: This is a BETA release, please use at your own risk!

RAxML-NG was called at 01-Mar-2020 17:57:42 as follows:

raxml-ng --msa P69B_prot_linear_multi_sl25_prt_codonAlignment.fasta --prefix P69B_prot_linear_multi_sl25_prt_codonAlignment --model GTR+G --seed 123 --bs-tree 100 --force

Analysis options:
  run mode: ML tree search
  start tree(s): random (10) + parsimony (10)
  random seed: 123
  tip-inner: OFF
  pattern compression: ON
  per-rate scalers: OFF
  site repeats: ON
  fast spr radius: AUTO
  spr subtree cutoff: 1.000000
  branch lengths: proportional (ML estimate, algorithm: NR-FAST)
  SIMD kernels: AVX2
  parallelization: PTHREADS (6 threads), thread pinning: OFF

WARNING: Running in FORCE mode: all safety checks are disabled!

[00:00:00] Reading alignment from file: P69B_prot_linear_multi_sl25_prt_codonAlignment.fasta
[00:00:00] Loaded alignment with 107 taxa and 2235 sites

Alignment comprises 1 partitions and 143 patterns

Partition 0: noname
Model: GTR+FO+G4m
Alignment sites / patterns: 2235 / 143
Gaps: 0.00 %
Invariant sites: 93.02 %


NOTE: Binary MSA file created: P69B_prot_linear_multi_sl25_prt_codonAlignment.raxml.rba

[00:00:00] Generating 10 random starting tree(s) with 107 taxa
[00:00:00] Generating 10 parsimony starting tree(s) with 107 taxa
[00:00:00] Data distribution: max. partitions/sites/weight per thread: 1 / 24 / 384

Starting ML tree search with 20 distinct starting trees

[00:00:04] ML tree search #1, logLikelihood: -5333.550357
[00:00:08] ML tree search #2, logLikelihood: -5327.675013
[00:00:13] ML tree search #3, logLikelihood: -5327.529101
[00:00:18] ML tree search #4, logLikelihood: -5330.456379
[00:00:24] ML tree search #5, logLikelihood: -5326.673200
[00:00:30] ML tree search #6, logLikelihood: -5325.938124
[00:00:40] ML tree search #7, logLikelihood: -5326.704379
[00:00:46] ML tree search #8, logLikelihood: -5342.891574
[00:00:52] ML tree search #9, logLikelihood: -5327.941110
[00:00:56] ML tree search #10, logLikelihood: -5329.070705
[00:01:03] ML tree search #11, logLikelihood: -5329.672459
[00:01:07] ML tree search #12, logLikelihood: -5327.295803
[00:01:12] ML tree search #13, logLikelihood: -5329.677759
[00:01:17] ML tree search #14, logLikelihood: -5327.255098
[00:01:22] ML tree search #15, logLikelihood: -5330.796046
[00:01:25] ML tree search #16, logLikelihood: -5333.448297
[00:01:29] ML tree search #17, logLikelihood: -5327.294199
[00:01:33] ML tree search #18, logLikelihood: -5326.941024
[00:01:40] ML tree search #19, logLikelihood: -5351.248717
[00:01:42] ML tree search #20, logLikelihood: -5333.139392

Optimized model parameters:

   Partition 0: noname
   Rate heterogeneity: GAMMA (4 cats, mean),  alpha: 0.020133 (ML),  weights&rates: (0.250000,0.000000) (0.250000,0.000000) (0.250000,0.000001) (0.250000,3.999999) 
   Base frequencies (ML): 0.291176 0.205456 0.211025 0.292342 
   Substitution rates (ML): 1.460710 2.980507 1.203449 1.039480 5.607895 1.000000 

Final LogLikelihood: -5325.938124

AIC score: 11091.876247 / AICc score: 11140.158273 / BIC score: 12348.515479
Free parameters (model + branch lengths): 220

Best ML tree saved to: /home/homma/Desktop/coding/github/pos_selection_pipeline/tomato_pipeline/pipeline/no_LOC/raxml-ng/P69B_prot_linear_multi_sl25_prt_codonAlignment.raxml.bestTree
All ML trees saved to: /home/homma/Desktop/coding/github/pos_selection_pipeline/tomato_pipeline/pipeline/no_LOC/raxml-ng/P69B_prot_linear_multi_sl25_prt_codonAlignment.raxml.mlTrees
Optimized model saved to: /home/homma/Desktop/coding/github/pos_selection_pipeline/tomato_pipeline/pipeline/no_LOC/raxml-ng/P69B_prot_linear_multi_sl25_prt_codonAlignment.raxml.bestModel

Execution log saved to: /home/homma/Desktop/coding/github/pos_selection_pipeline/tomato_pipeline/pipeline/no_LOC/raxml-ng/P69B_prot_linear_multi_sl25_prt_codonAlignment.raxml.log

Analysis started: 01-Mar-2020 17:57:42 / finished: 01-Mar-2020 17:59:25

Elapsed time: 102.678 seconds

