
RAxML-NG v. 0.8.1 BETA released on 05.03.2019 by The Exelixis Lab.
Authors: Alexey Kozlov, Alexandros Stamatakis, Diego Darriba, Tomas Flouri, Benoit Morel.
Latest version: https://github.com/amkozlov/raxml-ng
Questions/problems/suggestions? Please visit: https://groups.google.com/forum/#!forum/raxml

WARNING: This is a BETA release, please use at your own risk!

RAxML-NG was called at 01-Mar-2020 18:53:25 as follows:

raxml-ng --msa p69c_prot_linear_multi_sl25_prt_codonAlignment.fasta --prefix p69c_prot_linear_multi_sl25_prt_codonAlignment --model GTR+G --seed 123 --bs-tree 100 --force

Analysis options:
  run mode: ML tree search
  start tree(s): random (10) + parsimony (10)
  random seed: 123
  tip-inner: OFF
  pattern compression: ON
  per-rate scalers: OFF
  site repeats: ON
  fast spr radius: AUTO
  spr subtree cutoff: 1.000000
  branch lengths: proportional (ML estimate, algorithm: NR-FAST)
  SIMD kernels: AVX2
  parallelization: PTHREADS (6 threads), thread pinning: OFF

WARNING: Running in FORCE mode: all safety checks are disabled!

[00:00:00] Reading alignment from file: p69c_prot_linear_multi_sl25_prt_codonAlignment.fasta
[00:00:00] Loaded alignment with 85 taxa and 2265 sites

Alignment comprises 1 partitions and 133 patterns

Partition 0: noname
Model: GTR+FO+G4m
Alignment sites / patterns: 2265 / 133
Gaps: 0.12 %
Invariant sites: 94.17 %


NOTE: Binary MSA file created: p69c_prot_linear_multi_sl25_prt_codonAlignment.raxml.rba

[00:00:00] Generating 10 random starting tree(s) with 85 taxa
[00:00:00] Generating 10 parsimony starting tree(s) with 85 taxa
[00:00:00] Data distribution: max. partitions/sites/weight per thread: 1 / 23 / 368

Starting ML tree search with 20 distinct starting trees

[00:00:06] ML tree search #1, logLikelihood: -5323.242538
[00:00:13] ML tree search #2, logLikelihood: -5323.438839
[00:00:17] ML tree search #3, logLikelihood: -5321.809036
[00:00:23] ML tree search #4, logLikelihood: -5325.552356
[00:00:27] ML tree search #5, logLikelihood: -5322.139203
[00:00:30] ML tree search #6, logLikelihood: -5333.001679
[00:00:35] ML tree search #7, logLikelihood: -5326.381071
[00:00:41] ML tree search #8, logLikelihood: -5328.645598
[00:00:45] ML tree search #9, logLikelihood: -5322.140061
[00:00:49] ML tree search #10, logLikelihood: -5325.657456
[00:00:52] ML tree search #11, logLikelihood: -5338.935064
[00:00:55] ML tree search #12, logLikelihood: -5327.047045
[00:01:01] ML tree search #13, logLikelihood: -5323.207983
[00:01:09] ML tree search #14, logLikelihood: -5324.918348
[00:01:13] ML tree search #15, logLikelihood: -5328.348799
[00:01:18] ML tree search #16, logLikelihood: -5327.383308
[00:01:22] ML tree search #17, logLikelihood: -5320.999100
[00:01:26] ML tree search #18, logLikelihood: -5321.348200
[00:01:31] ML tree search #19, logLikelihood: -5323.554078
[00:01:37] ML tree search #20, logLikelihood: -5323.585749

Optimized model parameters:

   Partition 0: noname
   Rate heterogeneity: GAMMA (4 cats, mean),  alpha: 0.020138 (ML),  weights&rates: (0.250000,0.000000) (0.250000,0.000000) (0.250000,0.000001) (0.250000,3.999999) 
   Base frequencies (ML): 0.291386 0.205322 0.211258 0.292035 
   Substitution rates (ML): 3.010008 3.892139 1.432127 2.001634 4.283888 1.000000 

Final LogLikelihood: -5320.999100

AIC score: 10993.998200 / AICc score: 11023.837281 / BIC score: 12001.656287
Free parameters (model + branch lengths): 176

Best ML tree saved to: /home/homma/Desktop/coding/github/pos_selection_pipeline/tomato_pipeline/pipeline/no_LOC/raxml-ng/p69c_prot_linear_multi_sl25_prt_codonAlignment.raxml.bestTree
All ML trees saved to: /home/homma/Desktop/coding/github/pos_selection_pipeline/tomato_pipeline/pipeline/no_LOC/raxml-ng/p69c_prot_linear_multi_sl25_prt_codonAlignment.raxml.mlTrees
Optimized model saved to: /home/homma/Desktop/coding/github/pos_selection_pipeline/tomato_pipeline/pipeline/no_LOC/raxml-ng/p69c_prot_linear_multi_sl25_prt_codonAlignment.raxml.bestModel

Execution log saved to: /home/homma/Desktop/coding/github/pos_selection_pipeline/tomato_pipeline/pipeline/no_LOC/raxml-ng/p69c_prot_linear_multi_sl25_prt_codonAlignment.raxml.log

Analysis started: 01-Mar-2020 18:53:25 / finished: 01-Mar-2020 18:55:03

Elapsed time: 97.616 seconds

