
RAxML-NG v. 0.8.1 BETA released on 05.03.2019 by The Exelixis Lab.
Authors: Alexey Kozlov, Alexandros Stamatakis, Diego Darriba, Tomas Flouri, Benoit Morel.
Latest version: https://github.com/amkozlov/raxml-ng
Questions/problems/suggestions? Please visit: https://groups.google.com/forum/#!forum/raxml

WARNING: This is a BETA release, please use at your own risk!

RAxML-NG was called at 01-Mar-2020 18:56:52 as follows:

raxml-ng --msa PAD1_prot_linear_multi_sl25_prt_codonAlignment.fasta --prefix PAD1_prot_linear_multi_sl25_prt_codonAlignment --model GTR+G --seed 123 --bs-tree 100 --force

Analysis options:
  run mode: ML tree search
  start tree(s): random (10) + parsimony (10)
  random seed: 123
  tip-inner: OFF
  pattern compression: ON
  per-rate scalers: OFF
  site repeats: ON
  fast spr radius: AUTO
  spr subtree cutoff: 1.000000
  branch lengths: proportional (ML estimate, algorithm: NR-FAST)
  SIMD kernels: AVX2
  parallelization: PTHREADS (6 threads), thread pinning: OFF

WARNING: Running in FORCE mode: all safety checks are disabled!

[00:00:00] Reading alignment from file: PAD1_prot_linear_multi_sl25_prt_codonAlignment.fasta
[00:00:00] Loaded alignment with 99 taxa and 747 sites

Alignment comprises 1 partitions and 30 patterns

Partition 0: noname
Model: GTR+FO+G4m
Alignment sites / patterns: 747 / 30
Gaps: 0.00 %
Invariant sites: 96.39 %


NOTE: Binary MSA file created: PAD1_prot_linear_multi_sl25_prt_codonAlignment.raxml.rba

[00:00:00] Generating 10 random starting tree(s) with 99 taxa
[00:00:00] Generating 10 parsimony starting tree(s) with 99 taxa
[00:00:00] Data distribution: max. partitions/sites/weight per thread: 1 / 5 / 80

Starting ML tree search with 20 distinct starting trees

[00:00:02] ML tree search #1, logLikelihood: -1274.387558
[00:00:05] ML tree search #2, logLikelihood: -1274.387592
[00:00:06] ML tree search #3, logLikelihood: -1274.252263
[00:00:08] ML tree search #4, logLikelihood: -1274.252283
[00:00:11] ML tree search #5, logLikelihood: -1274.956342
[00:00:13] ML tree search #6, logLikelihood: -1277.257681
[00:00:15] ML tree search #7, logLikelihood: -1291.822806
[00:00:17] ML tree search #8, logLikelihood: -1274.252263
[00:00:18] ML tree search #9, logLikelihood: -1277.860210
[00:00:20] ML tree search #10, logLikelihood: -1274.387607
[00:00:21] ML tree search #11, logLikelihood: -1274.387556
[00:00:22] ML tree search #12, logLikelihood: -1279.776997
[00:00:23] ML tree search #13, logLikelihood: -1274.387567
[00:00:24] ML tree search #14, logLikelihood: -1274.387559
[00:00:24] ML tree search #15, logLikelihood: -1274.956334
[00:00:25] ML tree search #16, logLikelihood: -1274.387569
[00:00:26] ML tree search #17, logLikelihood: -1274.387560
[00:00:27] ML tree search #18, logLikelihood: -1274.387560
[00:00:28] ML tree search #19, logLikelihood: -1274.346339
[00:00:28] ML tree search #20, logLikelihood: -1274.387560

Optimized model parameters:

   Partition 0: noname
   Rate heterogeneity: GAMMA (4 cats, mean),  alpha: 0.020136 (ML),  weights&rates: (0.250000,0.000000) (0.250000,0.000000) (0.250000,0.000001) (0.250000,3.999999) 
   Base frequencies (ML): 0.295809 0.215971 0.257137 0.231084 
   Substitution rates (ML): 1.797719 7.596247 1.773208 1.009998 20.860369 1.000000 

Final LogLikelihood: -1274.252263

AIC score: 2956.504527 / AICc score: 3110.821870 / BIC score: 3898.181824
Free parameters (model + branch lengths): 204

Best ML tree saved to: /home/homma/Desktop/coding/github/pos_selection_pipeline/tomato_pipeline/pipeline/no_LOC/raxml-ng/PAD1_prot_linear_multi_sl25_prt_codonAlignment.raxml.bestTree
All ML trees saved to: /home/homma/Desktop/coding/github/pos_selection_pipeline/tomato_pipeline/pipeline/no_LOC/raxml-ng/PAD1_prot_linear_multi_sl25_prt_codonAlignment.raxml.mlTrees
Optimized model saved to: /home/homma/Desktop/coding/github/pos_selection_pipeline/tomato_pipeline/pipeline/no_LOC/raxml-ng/PAD1_prot_linear_multi_sl25_prt_codonAlignment.raxml.bestModel

Execution log saved to: /home/homma/Desktop/coding/github/pos_selection_pipeline/tomato_pipeline/pipeline/no_LOC/raxml-ng/PAD1_prot_linear_multi_sl25_prt_codonAlignment.raxml.log

Analysis started: 01-Mar-2020 18:56:52 / finished: 01-Mar-2020 18:57:21

Elapsed time: 28.993 seconds

