
RAxML-NG v. 0.8.1 BETA released on 05.03.2019 by The Exelixis Lab.
Authors: Alexey Kozlov, Alexandros Stamatakis, Diego Darriba, Tomas Flouri, Benoit Morel.
Latest version: https://github.com/amkozlov/raxml-ng
Questions/problems/suggestions? Please visit: https://groups.google.com/forum/#!forum/raxml

WARNING: This is a BETA release, please use at your own risk!

RAxML-NG was called at 01-Mar-2020 17:59:25 as follows:

raxml-ng --msa PAL5_prot_linear_multi_sl25_prt_codonAlignment.fasta --prefix PAL5_prot_linear_multi_sl25_prt_codonAlignment --model GTR+G --seed 123 --bs-tree 100 --force

Analysis options:
  run mode: ML tree search
  start tree(s): random (10) + parsimony (10)
  random seed: 123
  tip-inner: OFF
  pattern compression: ON
  per-rate scalers: OFF
  site repeats: ON
  fast spr radius: AUTO
  spr subtree cutoff: 1.000000
  branch lengths: proportional (ML estimate, algorithm: NR-FAST)
  SIMD kernels: AVX2
  parallelization: PTHREADS (6 threads), thread pinning: OFF

WARNING: Running in FORCE mode: all safety checks are disabled!

[00:00:00] Reading alignment from file: PAL5_prot_linear_multi_sl25_prt_codonAlignment.fasta
[00:00:00] Loaded alignment with 134 taxa and 2172 sites

Alignment comprises 1 partitions and 152 patterns

Partition 0: noname
Model: GTR+FO+G4m
Alignment sites / patterns: 2172 / 152
Gaps: 0.38 %
Invariant sites: 92.68 %


NOTE: Binary MSA file created: PAL5_prot_linear_multi_sl25_prt_codonAlignment.raxml.rba

[00:00:00] Generating 10 random starting tree(s) with 134 taxa
[00:00:00] Generating 10 parsimony starting tree(s) with 134 taxa
[00:00:00] Data distribution: max. partitions/sites/weight per thread: 1 / 26 / 416

Starting ML tree search with 20 distinct starting trees

[00:00:09] ML tree search #1, logLikelihood: -6172.054119
[00:00:24] ML tree search #2, logLikelihood: -6165.615540
[00:00:38] ML tree search #3, logLikelihood: -6167.578952
[00:00:53] ML tree search #4, logLikelihood: -6168.076072
[00:01:07] ML tree search #5, logLikelihood: -6171.867981
[00:01:19] ML tree search #6, logLikelihood: -6178.628712
[00:01:40] ML tree search #7, logLikelihood: -6172.951702
[00:01:50] ML tree search #8, logLikelihood: -6175.200848
[00:02:04] ML tree search #9, logLikelihood: -6169.432499
[00:02:21] ML tree search #10, logLikelihood: -6174.571223
[00:02:37] ML tree search #11, logLikelihood: -6169.897722
[00:02:45] ML tree search #12, logLikelihood: -6174.086914
[00:03:00] ML tree search #13, logLikelihood: -6170.969444
[00:03:09] ML tree search #14, logLikelihood: -6172.154320
[00:03:19] ML tree search #15, logLikelihood: -6171.640637
[00:03:28] ML tree search #16, logLikelihood: -6167.217463
[00:03:40] ML tree search #17, logLikelihood: -6163.754442
[00:03:46] ML tree search #18, logLikelihood: -6171.681073
[00:03:52] ML tree search #19, logLikelihood: -6175.532720
[00:03:59] ML tree search #20, logLikelihood: -6186.961238

Optimized model parameters:

   Partition 0: noname
   Rate heterogeneity: GAMMA (4 cats, mean),  alpha: 0.020139 (ML),  weights&rates: (0.250000,0.000000) (0.250000,0.000000) (0.250000,0.000001) (0.250000,3.999999) 
   Base frequencies (ML): 0.306761 0.183584 0.244609 0.265046 
   Substitution rates (ML): 2.818454 3.789585 1.509258 0.842160 9.644392 1.000000 

Final LogLikelihood: -6163.754442

AIC score: 12875.508883 / AICc score: 12954.950106 / BIC score: 14432.761492
Free parameters (model + branch lengths): 274

Best ML tree saved to: /home/homma/Desktop/coding/github/pos_selection_pipeline/tomato_pipeline/pipeline/no_LOC/raxml-ng/PAL5_prot_linear_multi_sl25_prt_codonAlignment.raxml.bestTree
All ML trees saved to: /home/homma/Desktop/coding/github/pos_selection_pipeline/tomato_pipeline/pipeline/no_LOC/raxml-ng/PAL5_prot_linear_multi_sl25_prt_codonAlignment.raxml.mlTrees
Optimized model saved to: /home/homma/Desktop/coding/github/pos_selection_pipeline/tomato_pipeline/pipeline/no_LOC/raxml-ng/PAL5_prot_linear_multi_sl25_prt_codonAlignment.raxml.bestModel

Execution log saved to: /home/homma/Desktop/coding/github/pos_selection_pipeline/tomato_pipeline/pipeline/no_LOC/raxml-ng/PAL5_prot_linear_multi_sl25_prt_codonAlignment.raxml.log

Analysis started: 01-Mar-2020 17:59:25 / finished: 01-Mar-2020 18:03:24

Elapsed time: 239.545 seconds

