
RAxML-NG v. 0.8.1 BETA released on 05.03.2019 by The Exelixis Lab.
Authors: Alexey Kozlov, Alexandros Stamatakis, Diego Darriba, Tomas Flouri, Benoit Morel.
Latest version: https://github.com/amkozlov/raxml-ng
Questions/problems/suggestions? Please visit: https://groups.google.com/forum/#!forum/raxml

WARNING: This is a BETA release, please use at your own risk!

RAxML-NG was called at 01-Mar-2020 19:09:04 as follows:

raxml-ng --msa PSBO_prot_linear_multi_sl25_prt_codonAlignment.fasta --prefix PSBO_prot_linear_multi_sl25_prt_codonAlignment --model GTR+G --seed 123 --bs-tree 100 --force

Analysis options:
  run mode: ML tree search
  start tree(s): random (10) + parsimony (10)
  random seed: 123
  tip-inner: OFF
  pattern compression: ON
  per-rate scalers: OFF
  site repeats: ON
  fast spr radius: AUTO
  spr subtree cutoff: 1.000000
  branch lengths: proportional (ML estimate, algorithm: NR-FAST)
  SIMD kernels: AVX2
  parallelization: PTHREADS (6 threads), thread pinning: OFF

WARNING: Running in FORCE mode: all safety checks are disabled!

[00:00:00] Reading alignment from file: PSBO_prot_linear_multi_sl25_prt_codonAlignment.fasta
[00:00:00] Loaded alignment with 93 taxa and 987 sites

Alignment comprises 1 partitions and 32 patterns

Partition 0: noname
Model: GTR+FO+G4m
Alignment sites / patterns: 987 / 32
Gaps: 0.00 %
Invariant sites: 97.16 %


NOTE: Binary MSA file created: PSBO_prot_linear_multi_sl25_prt_codonAlignment.raxml.rba

[00:00:00] Generating 10 random starting tree(s) with 93 taxa
[00:00:00] Generating 10 parsimony starting tree(s) with 93 taxa
[00:00:00] Data distribution: max. partitions/sites/weight per thread: 1 / 6 / 96

Starting ML tree search with 20 distinct starting trees

[00:00:01] ML tree search #1, logLikelihood: -1638.631259
[00:00:03] ML tree search #2, logLikelihood: -1638.601956
[00:00:04] ML tree search #3, logLikelihood: -1636.879876
[00:00:07] ML tree search #4, logLikelihood: -1636.630528
[00:00:10] ML tree search #5, logLikelihood: -1636.907340
[00:00:11] ML tree search #6, logLikelihood: -1637.133378
[00:00:13] ML tree search #7, logLikelihood: -1636.784272
[00:00:14] ML tree search #8, logLikelihood: -1645.606428
[00:00:16] ML tree search #9, logLikelihood: -1636.879866
[00:00:18] ML tree search #10, logLikelihood: -1636.800530
[00:00:18] ML tree search #11, logLikelihood: -1639.401749
[00:00:19] ML tree search #12, logLikelihood: -1636.879856
[00:00:20] ML tree search #13, logLikelihood: -1639.883776
[00:00:22] ML tree search #14, logLikelihood: -1638.544087
[00:00:23] ML tree search #15, logLikelihood: -1640.689870
[00:00:24] ML tree search #16, logLikelihood: -1638.699849
[00:00:26] ML tree search #17, logLikelihood: -1636.969218
[00:00:26] ML tree search #18, logLikelihood: -1636.879855
[00:00:27] ML tree search #19, logLikelihood: -1639.030256
[00:00:28] ML tree search #20, logLikelihood: -1639.030266

Optimized model parameters:

   Partition 0: noname
   Rate heterogeneity: GAMMA (4 cats, mean),  alpha: 0.020137 (ML),  weights&rates: (0.250000,0.000000) (0.250000,0.000000) (0.250000,0.000001) (0.250000,3.999999) 
   Base frequencies (ML): 0.282549 0.219355 0.256855 0.241242 
   Substitution rates (ML): 2.082377 9.936403 6.647648 1.138910 14.418266 1.000000 

Final LogLikelihood: -1636.630528

AIC score: 3657.261057 / AICc score: 3750.601107 / BIC score: 4597.037704
Free parameters (model + branch lengths): 192

Best ML tree saved to: /home/homma/Desktop/coding/github/pos_selection_pipeline/tomato_pipeline/pipeline/no_LOC/raxml-ng/PSBO_prot_linear_multi_sl25_prt_codonAlignment.raxml.bestTree
All ML trees saved to: /home/homma/Desktop/coding/github/pos_selection_pipeline/tomato_pipeline/pipeline/no_LOC/raxml-ng/PSBO_prot_linear_multi_sl25_prt_codonAlignment.raxml.mlTrees
Optimized model saved to: /home/homma/Desktop/coding/github/pos_selection_pipeline/tomato_pipeline/pipeline/no_LOC/raxml-ng/PSBO_prot_linear_multi_sl25_prt_codonAlignment.raxml.bestModel

Execution log saved to: /home/homma/Desktop/coding/github/pos_selection_pipeline/tomato_pipeline/pipeline/no_LOC/raxml-ng/PSBO_prot_linear_multi_sl25_prt_codonAlignment.raxml.log

Analysis started: 01-Mar-2020 19:09:04 / finished: 01-Mar-2020 19:09:33

Elapsed time: 28.479 seconds

