
RAxML-NG v. 0.8.1 BETA released on 05.03.2019 by The Exelixis Lab.
Authors: Alexey Kozlov, Alexandros Stamatakis, Diego Darriba, Tomas Flouri, Benoit Morel.
Latest version: https://github.com/amkozlov/raxml-ng
Questions/problems/suggestions? Please visit: https://groups.google.com/forum/#!forum/raxml

WARNING: This is a BETA release, please use at your own risk!

RAxML-NG was called at 01-Mar-2020 18:22:48 as follows:

raxml-ng --msa Rbcs-3B_prot_linear_multi_sl25_prt_codonAlignment.fasta --prefix Rbcs-3B_prot_linear_multi_sl25_prt_codonAlignment --model GTR+G --seed 123 --bs-tree 100 --force

Analysis options:
  run mode: ML tree search
  start tree(s): random (10) + parsimony (10)
  random seed: 123
  tip-inner: OFF
  pattern compression: ON
  per-rate scalers: OFF
  site repeats: ON
  fast spr radius: AUTO
  spr subtree cutoff: 1.000000
  branch lengths: proportional (ML estimate, algorithm: NR-FAST)
  SIMD kernels: AVX2
  parallelization: PTHREADS (6 threads), thread pinning: OFF

WARNING: Running in FORCE mode: all safety checks are disabled!

[00:00:00] Reading alignment from file: Rbcs-3B_prot_linear_multi_sl25_prt_codonAlignment.fasta
[00:00:00] Loaded alignment with 92 taxa and 540 sites

Alignment comprises 1 partitions and 31 patterns

Partition 0: noname
Model: GTR+FO+G4m
Alignment sites / patterns: 540 / 31
Gaps: 0.00 %
Invariant sites: 94.81 %


NOTE: Binary MSA file created: Rbcs-3B_prot_linear_multi_sl25_prt_codonAlignment.raxml.rba

[00:00:00] Generating 10 random starting tree(s) with 92 taxa
[00:00:00] Generating 10 parsimony starting tree(s) with 92 taxa
[00:00:00] Data distribution: max. partitions/sites/weight per thread: 1 / 6 / 96

Starting ML tree search with 20 distinct starting trees

[00:00:02] ML tree search #1, logLikelihood: -1098.512599
[00:00:04] ML tree search #2, logLikelihood: -1102.404398
[00:00:07] ML tree search #3, logLikelihood: -1096.940625
[00:00:08] ML tree search #4, logLikelihood: -1106.779474
[00:00:10] ML tree search #5, logLikelihood: -1104.614313
[00:00:12] ML tree search #6, logLikelihood: -1100.787960
[00:00:13] ML tree search #7, logLikelihood: -1096.362605
[00:00:16] ML tree search #8, logLikelihood: -1100.354318
[00:00:18] ML tree search #9, logLikelihood: -1101.978042
[00:00:20] ML tree search #10, logLikelihood: -1096.413327
[00:00:20] ML tree search #11, logLikelihood: -1096.963622
[00:00:22] ML tree search #12, logLikelihood: -1101.347369
[00:00:22] ML tree search #13, logLikelihood: -1103.804059
[00:00:23] ML tree search #14, logLikelihood: -1103.990838
[00:00:25] ML tree search #15, logLikelihood: -1097.017584
[00:00:26] ML tree search #16, logLikelihood: -1100.900604
[00:00:27] ML tree search #17, logLikelihood: -1102.617439
[00:00:28] ML tree search #18, logLikelihood: -1100.071072
[00:00:29] ML tree search #19, logLikelihood: -1097.016144
[00:00:30] ML tree search #20, logLikelihood: -1107.150859

Optimized model parameters:

   Partition 0: noname
   Rate heterogeneity: GAMMA (4 cats, mean),  alpha: 0.020126 (ML),  weights&rates: (0.250000,0.000000) (0.250000,0.000000) (0.250000,0.000001) (0.250000,3.999999) 
   Base frequencies (ML): 0.262594 0.237586 0.246073 0.253747 
   Substitution rates (ML): 0.001000 350.023326 331.129115 67.054637 1000.000000 1.000000 

Final LogLikelihood: -1096.362605

AIC score: 2572.725210 / AICc score: 2780.690826 / BIC score: 3388.123347
Free parameters (model + branch lengths): 190

Best ML tree saved to: /home/homma/Desktop/coding/github/pos_selection_pipeline/tomato_pipeline/pipeline/no_LOC/raxml-ng/Rbcs-3B_prot_linear_multi_sl25_prt_codonAlignment.raxml.bestTree
All ML trees saved to: /home/homma/Desktop/coding/github/pos_selection_pipeline/tomato_pipeline/pipeline/no_LOC/raxml-ng/Rbcs-3B_prot_linear_multi_sl25_prt_codonAlignment.raxml.mlTrees
Optimized model saved to: /home/homma/Desktop/coding/github/pos_selection_pipeline/tomato_pipeline/pipeline/no_LOC/raxml-ng/Rbcs-3B_prot_linear_multi_sl25_prt_codonAlignment.raxml.bestModel

Execution log saved to: /home/homma/Desktop/coding/github/pos_selection_pipeline/tomato_pipeline/pipeline/no_LOC/raxml-ng/Rbcs-3B_prot_linear_multi_sl25_prt_codonAlignment.raxml.log

Analysis started: 01-Mar-2020 18:22:48 / finished: 01-Mar-2020 18:23:18

Elapsed time: 30.083 seconds

