
RAxML-NG v. 0.8.1 BETA released on 05.03.2019 by The Exelixis Lab.
Authors: Alexey Kozlov, Alexandros Stamatakis, Diego Darriba, Tomas Flouri, Benoit Morel.
Latest version: https://github.com/amkozlov/raxml-ng
Questions/problems/suggestions? Please visit: https://groups.google.com/forum/#!forum/raxml

WARNING: This is a BETA release, please use at your own risk!

RAxML-NG was called at 01-Mar-2020 18:25:39 as follows:

raxml-ng --msa Rcr3_prot_linear_multi_sl25_prt_codonAlignment.fasta --prefix Rcr3_prot_linear_multi_sl25_prt_codonAlignment --model GTR+G --seed 123 --bs-tree 100 --force

Analysis options:
  run mode: ML tree search
  start tree(s): random (10) + parsimony (10)
  random seed: 123
  tip-inner: OFF
  pattern compression: ON
  per-rate scalers: OFF
  site repeats: ON
  fast spr radius: AUTO
  spr subtree cutoff: 1.000000
  branch lengths: proportional (ML estimate, algorithm: NR-FAST)
  SIMD kernels: AVX2
  parallelization: PTHREADS (6 threads), thread pinning: OFF

WARNING: Running in FORCE mode: all safety checks are disabled!

[00:00:00] Reading alignment from file: Rcr3_prot_linear_multi_sl25_prt_codonAlignment.fasta
[00:00:00] Loaded alignment with 83 taxa and 1035 sites

Alignment comprises 1 partitions and 85 patterns

Partition 0: noname
Model: GTR+FO+G4m
Alignment sites / patterns: 1035 / 85
Gaps: 0.14 %
Invariant sites: 92.17 %


NOTE: Binary MSA file created: Rcr3_prot_linear_multi_sl25_prt_codonAlignment.raxml.rba

[00:00:00] Generating 10 random starting tree(s) with 83 taxa
[00:00:00] Generating 10 parsimony starting tree(s) with 83 taxa
[00:00:00] Data distribution: max. partitions/sites/weight per thread: 1 / 15 / 240

Starting ML tree search with 20 distinct starting trees

[00:00:03] ML tree search #1, logLikelihood: -2776.251012
[00:00:06] ML tree search #2, logLikelihood: -2772.556763
[00:00:11] ML tree search #3, logLikelihood: -2775.046160
[00:00:12] ML tree search #4, logLikelihood: -2787.056024
[00:00:15] ML tree search #5, logLikelihood: -2777.578735
[00:00:19] ML tree search #6, logLikelihood: -2774.872021
[00:00:22] ML tree search #7, logLikelihood: -2780.563791
[00:00:24] ML tree search #8, logLikelihood: -2773.312199
[00:00:29] ML tree search #9, logLikelihood: -2777.913905
[00:00:32] ML tree search #10, logLikelihood: -2777.185543
[00:00:35] ML tree search #11, logLikelihood: -2774.841619
[00:00:37] ML tree search #12, logLikelihood: -2778.775054
[00:00:40] ML tree search #13, logLikelihood: -2780.582833
[00:00:43] ML tree search #14, logLikelihood: -2774.916002
[00:00:46] ML tree search #15, logLikelihood: -2774.462181
[00:00:49] ML tree search #16, logLikelihood: -2775.638553
[00:00:52] ML tree search #17, logLikelihood: -2775.713611
[00:00:55] ML tree search #18, logLikelihood: -2774.535150
[00:00:58] ML tree search #19, logLikelihood: -2774.070379
[00:01:00] ML tree search #20, logLikelihood: -2779.180181

Optimized model parameters:

   Partition 0: noname
   Rate heterogeneity: GAMMA (4 cats, mean),  alpha: 0.020136 (ML),  weights&rates: (0.250000,0.000000) (0.250000,0.000000) (0.250000,0.000001) (0.250000,3.999999) 
   Base frequencies (ML): 0.328454 0.171456 0.223156 0.276934 
   Substitution rates (ML): 1.944811 6.095184 2.235946 3.072066 2.910433 1.000000 

Final LogLikelihood: -2772.556763

AIC score: 5889.113525 / AICc score: 5958.152969 / BIC score: 6739.164479
Free parameters (model + branch lengths): 172

Best ML tree saved to: /home/homma/Desktop/coding/github/pos_selection_pipeline/tomato_pipeline/pipeline/no_LOC/raxml-ng/Rcr3_prot_linear_multi_sl25_prt_codonAlignment.raxml.bestTree
All ML trees saved to: /home/homma/Desktop/coding/github/pos_selection_pipeline/tomato_pipeline/pipeline/no_LOC/raxml-ng/Rcr3_prot_linear_multi_sl25_prt_codonAlignment.raxml.mlTrees
Optimized model saved to: /home/homma/Desktop/coding/github/pos_selection_pipeline/tomato_pipeline/pipeline/no_LOC/raxml-ng/Rcr3_prot_linear_multi_sl25_prt_codonAlignment.raxml.bestModel

Execution log saved to: /home/homma/Desktop/coding/github/pos_selection_pipeline/tomato_pipeline/pipeline/no_LOC/raxml-ng/Rcr3_prot_linear_multi_sl25_prt_codonAlignment.raxml.log

Analysis started: 01-Mar-2020 18:25:39 / finished: 01-Mar-2020 18:26:39

Elapsed time: 60.266 seconds

