
RAxML-NG v. 0.8.1 BETA released on 05.03.2019 by The Exelixis Lab.
Authors: Alexey Kozlov, Alexandros Stamatakis, Diego Darriba, Tomas Flouri, Benoit Morel.
Latest version: https://github.com/amkozlov/raxml-ng
Questions/problems/suggestions? Please visit: https://groups.google.com/forum/#!forum/raxml

WARNING: This is a BETA release, please use at your own risk!

RAxML-NG was called at 01-Mar-2020 18:35:58 as follows:

raxml-ng --msa RPL3_prot_linear_multi_sl25_prt_codonAlignment.fasta --prefix RPL3_prot_linear_multi_sl25_prt_codonAlignment --model GTR+G --seed 123 --bs-tree 100 --force

Analysis options:
  run mode: ML tree search
  start tree(s): random (10) + parsimony (10)
  random seed: 123
  tip-inner: OFF
  pattern compression: ON
  per-rate scalers: OFF
  site repeats: ON
  fast spr radius: AUTO
  spr subtree cutoff: 1.000000
  branch lengths: proportional (ML estimate, algorithm: NR-FAST)
  SIMD kernels: AVX2
  parallelization: PTHREADS (6 threads), thread pinning: OFF

WARNING: Running in FORCE mode: all safety checks are disabled!

[00:00:00] Reading alignment from file: RPL3_prot_linear_multi_sl25_prt_codonAlignment.fasta
[00:00:00] Loaded alignment with 96 taxa and 1167 sites

Alignment comprises 1 partitions and 47 patterns

Partition 0: noname
Model: GTR+FO+G4m
Alignment sites / patterns: 1167 / 47
Gaps: 0.00 %
Invariant sites: 95.80 %


NOTE: Binary MSA file created: RPL3_prot_linear_multi_sl25_prt_codonAlignment.raxml.rba

[00:00:00] Generating 10 random starting tree(s) with 96 taxa
[00:00:00] Generating 10 parsimony starting tree(s) with 96 taxa
[00:00:00] Data distribution: max. partitions/sites/weight per thread: 1 / 8 / 128

Starting ML tree search with 20 distinct starting trees

[00:00:01] ML tree search #1, logLikelihood: -2110.229719
[00:00:03] ML tree search #2, logLikelihood: -2111.656398
[00:00:05] ML tree search #3, logLikelihood: -2114.330811
[00:00:07] ML tree search #4, logLikelihood: -2113.868425
[00:00:10] ML tree search #5, logLikelihood: -2110.229669
[00:00:12] ML tree search #6, logLikelihood: -2110.229713
[00:00:15] ML tree search #7, logLikelihood: -2110.229686
[00:00:17] ML tree search #8, logLikelihood: -2112.088282
[00:00:19] ML tree search #9, logLikelihood: -2110.229713
[00:00:20] ML tree search #10, logLikelihood: -2110.229752
[00:00:21] ML tree search #11, logLikelihood: -2113.380372
[00:00:24] ML tree search #12, logLikelihood: -2119.306936
[00:00:25] ML tree search #13, logLikelihood: -2112.820895
[00:00:25] ML tree search #14, logLikelihood: -2114.626894
[00:00:26] ML tree search #15, logLikelihood: -2111.892636
[00:00:28] ML tree search #16, logLikelihood: -2112.088161
[00:00:29] ML tree search #17, logLikelihood: -2111.998504
[00:00:31] ML tree search #18, logLikelihood: -2112.820854
[00:00:34] ML tree search #19, logLikelihood: -2114.266521
[00:00:36] ML tree search #20, logLikelihood: -2112.820894

Optimized model parameters:

   Partition 0: noname
   Rate heterogeneity: GAMMA (4 cats, mean),  alpha: 0.020138 (ML),  weights&rates: (0.250000,0.000000) (0.250000,0.000000) (0.250000,0.000001) (0.250000,3.999999) 
   Base frequencies (ML): 0.283419 0.201851 0.264264 0.250466 
   Substitution rates (ML): 0.347921 5.349696 2.999932 0.417723 19.154757 1.000000 

Final LogLikelihood: -2110.229669

AIC score: 4616.459338 / AICc score: 4697.868429 / BIC score: 5618.773281
Free parameters (model + branch lengths): 198

Best ML tree saved to: /home/homma/Desktop/coding/github/pos_selection_pipeline/tomato_pipeline/pipeline/no_LOC/raxml-ng/RPL3_prot_linear_multi_sl25_prt_codonAlignment.raxml.bestTree
All ML trees saved to: /home/homma/Desktop/coding/github/pos_selection_pipeline/tomato_pipeline/pipeline/no_LOC/raxml-ng/RPL3_prot_linear_multi_sl25_prt_codonAlignment.raxml.mlTrees
Optimized model saved to: /home/homma/Desktop/coding/github/pos_selection_pipeline/tomato_pipeline/pipeline/no_LOC/raxml-ng/RPL3_prot_linear_multi_sl25_prt_codonAlignment.raxml.bestModel

Execution log saved to: /home/homma/Desktop/coding/github/pos_selection_pipeline/tomato_pipeline/pipeline/no_LOC/raxml-ng/RPL3_prot_linear_multi_sl25_prt_codonAlignment.raxml.log

Analysis started: 01-Mar-2020 18:35:58 / finished: 01-Mar-2020 18:36:35

Elapsed time: 36.710 seconds

