
RAxML-NG v. 0.8.1 BETA released on 05.03.2019 by The Exelixis Lab.
Authors: Alexey Kozlov, Alexandros Stamatakis, Diego Darriba, Tomas Flouri, Benoit Morel.
Latest version: https://github.com/amkozlov/raxml-ng
Questions/problems/suggestions? Please visit: https://groups.google.com/forum/#!forum/raxml

WARNING: This is a BETA release, please use at your own risk!

RAxML-NG was called at 01-Mar-2020 18:52:09 as follows:

raxml-ng --msa SBPase_prot_linear_multi_sl25_prt_codonAlignment.fasta --prefix SBPase_prot_linear_multi_sl25_prt_codonAlignment --model GTR+G --seed 123 --bs-tree 100 --force

Analysis options:
  run mode: ML tree search
  start tree(s): random (10) + parsimony (10)
  random seed: 123
  tip-inner: OFF
  pattern compression: ON
  per-rate scalers: OFF
  site repeats: ON
  fast spr radius: AUTO
  spr subtree cutoff: 1.000000
  branch lengths: proportional (ML estimate, algorithm: NR-FAST)
  SIMD kernels: AVX2
  parallelization: PTHREADS (6 threads), thread pinning: OFF

WARNING: Running in FORCE mode: all safety checks are disabled!

[00:00:00] Reading alignment from file: SBPase_prot_linear_multi_sl25_prt_codonAlignment.fasta
[00:00:00] Loaded alignment with 93 taxa and 1182 sites

Alignment comprises 1 partitions and 50 patterns

Partition 0: noname
Model: GTR+FO+G4m
Alignment sites / patterns: 1182 / 50
Gaps: 0.01 %
Invariant sites: 96.28 %


NOTE: Binary MSA file created: SBPase_prot_linear_multi_sl25_prt_codonAlignment.raxml.rba

[00:00:00] Generating 10 random starting tree(s) with 93 taxa
[00:00:00] Generating 10 parsimony starting tree(s) with 93 taxa
[00:00:00] Data distribution: max. partitions/sites/weight per thread: 1 / 9 / 144

Starting ML tree search with 20 distinct starting trees

[00:00:01] ML tree search #1, logLikelihood: -2205.544105
[00:00:04] ML tree search #2, logLikelihood: -2195.601234
[00:00:06] ML tree search #3, logLikelihood: -2195.796025
[00:00:08] ML tree search #4, logLikelihood: -2199.008176
[00:00:10] ML tree search #5, logLikelihood: -2216.022421
[00:00:12] ML tree search #6, logLikelihood: -2204.397375
[00:00:14] ML tree search #7, logLikelihood: -2205.290841
[00:00:16] ML tree search #8, logLikelihood: -2202.624273
[00:00:18] ML tree search #9, logLikelihood: -2206.336010
[00:00:20] ML tree search #10, logLikelihood: -2209.288233
[00:00:24] ML tree search #11, logLikelihood: -2198.063324
[00:00:26] ML tree search #12, logLikelihood: -2201.091835
[00:00:27] ML tree search #13, logLikelihood: -2192.237298
[00:00:29] ML tree search #14, logLikelihood: -2191.479333
[00:00:31] ML tree search #15, logLikelihood: -2191.688253
[00:00:33] ML tree search #16, logLikelihood: -2193.280317
[00:00:34] ML tree search #17, logLikelihood: -2199.827860
[00:00:36] ML tree search #18, logLikelihood: -2191.891126
[00:00:39] ML tree search #19, logLikelihood: -2194.891493
[00:00:43] ML tree search #20, logLikelihood: -2195.100205

Optimized model parameters:

   Partition 0: noname
   Rate heterogeneity: GAMMA (4 cats, mean),  alpha: 0.020138 (ML),  weights&rates: (0.250000,0.000000) (0.250000,0.000000) (0.250000,0.000001) (0.250000,3.999999) 
   Base frequencies (ML): 0.292427 0.184827 0.236581 0.286164 
   Substitution rates (ML): 3.717602 15.355784 2.846417 1.526553 18.840372 1.000000 

Final LogLikelihood: -2191.479333

AIC score: 4766.958666 / AICc score: 4841.894965 / BIC score: 5741.351600
Free parameters (model + branch lengths): 192

Best ML tree saved to: /home/homma/Desktop/coding/github/pos_selection_pipeline/tomato_pipeline/pipeline/no_LOC/raxml-ng/SBPase_prot_linear_multi_sl25_prt_codonAlignment.raxml.bestTree
All ML trees saved to: /home/homma/Desktop/coding/github/pos_selection_pipeline/tomato_pipeline/pipeline/no_LOC/raxml-ng/SBPase_prot_linear_multi_sl25_prt_codonAlignment.raxml.mlTrees
Optimized model saved to: /home/homma/Desktop/coding/github/pos_selection_pipeline/tomato_pipeline/pipeline/no_LOC/raxml-ng/SBPase_prot_linear_multi_sl25_prt_codonAlignment.raxml.bestModel

Execution log saved to: /home/homma/Desktop/coding/github/pos_selection_pipeline/tomato_pipeline/pipeline/no_LOC/raxml-ng/SBPase_prot_linear_multi_sl25_prt_codonAlignment.raxml.log

Analysis started: 01-Mar-2020 18:52:09 / finished: 01-Mar-2020 18:52:53

Elapsed time: 43.539 seconds

