
RAxML-NG v. 0.8.1 BETA released on 05.03.2019 by The Exelixis Lab.
Authors: Alexey Kozlov, Alexandros Stamatakis, Diego Darriba, Tomas Flouri, Benoit Morel.
Latest version: https://github.com/amkozlov/raxml-ng
Questions/problems/suggestions? Please visit: https://groups.google.com/forum/#!forum/raxml

WARNING: This is a BETA release, please use at your own risk!

RAxML-NG was called at 01-Mar-2020 19:04:18 as follows:

raxml-ng --msa SEND33_prot_linear_multi_sl25_prt_codonAlignment.fasta --prefix SEND33_prot_linear_multi_sl25_prt_codonAlignment --model GTR+G --seed 123 --bs-tree 100 --force

Analysis options:
  run mode: ML tree search
  start tree(s): random (10) + parsimony (10)
  random seed: 123
  tip-inner: OFF
  pattern compression: ON
  per-rate scalers: OFF
  site repeats: ON
  fast spr radius: AUTO
  spr subtree cutoff: 1.000000
  branch lengths: proportional (ML estimate, algorithm: NR-FAST)
  SIMD kernels: AVX2
  parallelization: PTHREADS (6 threads), thread pinning: OFF

WARNING: Running in FORCE mode: all safety checks are disabled!

[00:00:00] Reading alignment from file: SEND33_prot_linear_multi_sl25_prt_codonAlignment.fasta
[00:00:00] Loaded alignment with 78 taxa and 432 sites

Alignment comprises 1 partitions and 15 patterns

Partition 0: noname
Model: GTR+FO+G4m
Alignment sites / patterns: 432 / 15
Gaps: 0.00 %
Invariant sites: 97.45 %


NOTE: Binary MSA file created: SEND33_prot_linear_multi_sl25_prt_codonAlignment.raxml.rba

[00:00:00] Generating 10 random starting tree(s) with 78 taxa
[00:00:00] Generating 10 parsimony starting tree(s) with 78 taxa
[00:00:00] Data distribution: max. partitions/sites/weight per thread: 1 / 3 / 48

Starting ML tree search with 20 distinct starting trees

[00:00:00] ML tree search #1, logLikelihood: -692.687780
[00:00:01] ML tree search #2, logLikelihood: -692.687158
[00:00:02] ML tree search #3, logLikelihood: -692.687567
[00:00:03] ML tree search #4, logLikelihood: -692.682098
[00:00:04] ML tree search #5, logLikelihood: -692.684453
[00:00:05] ML tree search #6, logLikelihood: -692.685456
[00:00:06] ML tree search #7, logLikelihood: -692.690601
[00:00:06] ML tree search #8, logLikelihood: -692.682891
[00:00:07] ML tree search #9, logLikelihood: -692.680298
[00:00:08] ML tree search #10, logLikelihood: -692.691482
[00:00:09] ML tree search #11, logLikelihood: -692.722434
[00:00:09] ML tree search #12, logLikelihood: -692.722432
[00:00:10] ML tree search #13, logLikelihood: -692.722421
[00:00:10] ML tree search #14, logLikelihood: -692.722425
[00:00:11] ML tree search #15, logLikelihood: -692.722432
[00:00:11] ML tree search #16, logLikelihood: -692.722431
[00:00:12] ML tree search #17, logLikelihood: -692.722439
[00:00:12] ML tree search #18, logLikelihood: -692.722436
[00:00:13] ML tree search #19, logLikelihood: -692.722429
[00:00:13] ML tree search #20, logLikelihood: -697.684097

Optimized model parameters:

   Partition 0: noname
   Rate heterogeneity: GAMMA (4 cats, mean),  alpha: 0.020135 (ML),  weights&rates: (0.250000,0.000000) (0.250000,0.000000) (0.250000,0.000001) (0.250000,3.999999) 
   Base frequencies (ML): 0.268012 0.188665 0.243375 0.299948 
   Substitution rates (ML): 404.933987 784.558819 383.963072 213.406474 355.882640 1.000000 

Final LogLikelihood: -692.680298

AIC score: 1709.360596 / AICc score: 1905.687734 / BIC score: 2368.445541
Free parameters (model + branch lengths): 162

Best ML tree saved to: /home/homma/Desktop/coding/github/pos_selection_pipeline/tomato_pipeline/pipeline/no_LOC/raxml-ng/SEND33_prot_linear_multi_sl25_prt_codonAlignment.raxml.bestTree
All ML trees saved to: /home/homma/Desktop/coding/github/pos_selection_pipeline/tomato_pipeline/pipeline/no_LOC/raxml-ng/SEND33_prot_linear_multi_sl25_prt_codonAlignment.raxml.mlTrees
Optimized model saved to: /home/homma/Desktop/coding/github/pos_selection_pipeline/tomato_pipeline/pipeline/no_LOC/raxml-ng/SEND33_prot_linear_multi_sl25_prt_codonAlignment.raxml.bestModel

Execution log saved to: /home/homma/Desktop/coding/github/pos_selection_pipeline/tomato_pipeline/pipeline/no_LOC/raxml-ng/SEND33_prot_linear_multi_sl25_prt_codonAlignment.raxml.log

Analysis started: 01-Mar-2020 19:04:18 / finished: 01-Mar-2020 19:04:32

Elapsed time: 13.545 seconds

