
RAxML-NG v. 0.8.1 BETA released on 05.03.2019 by The Exelixis Lab.
Authors: Alexey Kozlov, Alexandros Stamatakis, Diego Darriba, Tomas Flouri, Benoit Morel.
Latest version: https://github.com/amkozlov/raxml-ng
Questions/problems/suggestions? Please visit: https://groups.google.com/forum/#!forum/raxml

WARNING: This is a BETA release, please use at your own risk!

RAxML-NG was called at 01-Mar-2020 18:07:05 as follows:

raxml-ng --msa SlArf_Xyl4_prot_linear_multi_sl25_prt_codonAlignment.fasta --prefix SlArf_Xyl4_prot_linear_multi_sl25_prt_codonAlignment --model GTR+G --seed 123 --bs-tree 100 --force

Analysis options:
  run mode: ML tree search
  start tree(s): random (10) + parsimony (10)
  random seed: 123
  tip-inner: OFF
  pattern compression: ON
  per-rate scalers: OFF
  site repeats: ON
  fast spr radius: AUTO
  spr subtree cutoff: 1.000000
  branch lengths: proportional (ML estimate, algorithm: NR-FAST)
  SIMD kernels: AVX2
  parallelization: PTHREADS (6 threads), thread pinning: OFF

WARNING: Running in FORCE mode: all safety checks are disabled!

[00:00:00] Reading alignment from file: SlArf_Xyl4_prot_linear_multi_sl25_prt_codonAlignment.fasta
[00:00:00] Loaded alignment with 129 taxa and 2325 sites

Alignment comprises 1 partitions and 105 patterns

Partition 0: noname
Model: GTR+FO+G4m
Alignment sites / patterns: 2325 / 105
Gaps: 0.00 %
Invariant sites: 95.35 %


NOTE: Binary MSA file created: SlArf_Xyl4_prot_linear_multi_sl25_prt_codonAlignment.raxml.rba

[00:00:00] Generating 10 random starting tree(s) with 129 taxa
[00:00:00] Generating 10 parsimony starting tree(s) with 129 taxa
[00:00:00] Data distribution: max. partitions/sites/weight per thread: 1 / 18 / 288

Starting ML tree search with 20 distinct starting trees

[00:00:06] ML tree search #1, logLikelihood: -4766.368125
[00:00:12] ML tree search #2, logLikelihood: -4758.505087
[00:00:20] ML tree search #3, logLikelihood: -4765.534373
[00:00:29] ML tree search #4, logLikelihood: -4755.537054
[00:00:38] ML tree search #5, logLikelihood: -4755.615575
[00:00:45] ML tree search #6, logLikelihood: -4761.836073
[00:00:55] ML tree search #7, logLikelihood: -4756.040415
[00:01:01] ML tree search #8, logLikelihood: -4756.153256
[00:01:08] ML tree search #9, logLikelihood: -4755.795613
[00:01:16] ML tree search #10, logLikelihood: -4755.096900
[00:01:22] ML tree search #11, logLikelihood: -4758.833353
[00:01:27] ML tree search #12, logLikelihood: -4756.462291
[00:01:32] ML tree search #13, logLikelihood: -4767.308745
[00:01:37] ML tree search #14, logLikelihood: -4765.586093
[00:01:41] ML tree search #15, logLikelihood: -4755.708862
[00:01:46] ML tree search #16, logLikelihood: -4757.842572
[00:01:51] ML tree search #17, logLikelihood: -4755.515993
[00:01:58] ML tree search #18, logLikelihood: -4749.960495
[00:02:01] ML tree search #19, logLikelihood: -4763.504649
[00:02:06] ML tree search #20, logLikelihood: -4755.356905

Optimized model parameters:

   Partition 0: noname
   Rate heterogeneity: GAMMA (4 cats, mean),  alpha: 0.020139 (ML),  weights&rates: (0.250000,0.000000) (0.250000,0.000000) (0.250000,0.000001) (0.250000,3.999999) 
   Base frequencies (ML): 0.306277 0.200266 0.214835 0.278623 
   Substitution rates (ML): 1.444197 5.573589 0.905194 0.736140 7.795418 1.000000 

Final LogLikelihood: -4749.960495

AIC score: 10027.920990 / AICc score: 10095.843320 / BIC score: 11546.310474
Free parameters (model + branch lengths): 264

Best ML tree saved to: /home/homma/Desktop/coding/github/pos_selection_pipeline/tomato_pipeline/pipeline/no_LOC/raxml-ng/SlArf_Xyl4_prot_linear_multi_sl25_prt_codonAlignment.raxml.bestTree
All ML trees saved to: /home/homma/Desktop/coding/github/pos_selection_pipeline/tomato_pipeline/pipeline/no_LOC/raxml-ng/SlArf_Xyl4_prot_linear_multi_sl25_prt_codonAlignment.raxml.mlTrees
Optimized model saved to: /home/homma/Desktop/coding/github/pos_selection_pipeline/tomato_pipeline/pipeline/no_LOC/raxml-ng/SlArf_Xyl4_prot_linear_multi_sl25_prt_codonAlignment.raxml.bestModel

Execution log saved to: /home/homma/Desktop/coding/github/pos_selection_pipeline/tomato_pipeline/pipeline/no_LOC/raxml-ng/SlArf_Xyl4_prot_linear_multi_sl25_prt_codonAlignment.raxml.log

Analysis started: 01-Mar-2020 18:07:05 / finished: 01-Mar-2020 18:09:11

Elapsed time: 126.816 seconds

