
RAxML-NG v. 0.8.1 BETA released on 05.03.2019 by The Exelixis Lab.
Authors: Alexey Kozlov, Alexandros Stamatakis, Diego Darriba, Tomas Flouri, Benoit Morel.
Latest version: https://github.com/amkozlov/raxml-ng
Questions/problems/suggestions? Please visit: https://groups.google.com/forum/#!forum/raxml

WARNING: This is a BETA release, please use at your own risk!

RAxML-NG was called at 01-Mar-2020 18:38:31 as follows:

raxml-ng --msa SlArf_Xyl3_prot_linear_multi_sl25_prt_codonAlignment.fasta --prefix SlArf_Xyl3_prot_linear_multi_sl25_prt_codonAlignment --model GTR+G --seed 123 --bs-tree 100 --force

Analysis options:
  run mode: ML tree search
  start tree(s): random (10) + parsimony (10)
  random seed: 123
  tip-inner: OFF
  pattern compression: ON
  per-rate scalers: OFF
  site repeats: ON
  fast spr radius: AUTO
  spr subtree cutoff: 1.000000
  branch lengths: proportional (ML estimate, algorithm: NR-FAST)
  SIMD kernels: AVX2
  parallelization: PTHREADS (6 threads), thread pinning: OFF

WARNING: Running in FORCE mode: all safety checks are disabled!

[00:00:00] Reading alignment from file: SlArf_Xyl3_prot_linear_multi_sl25_prt_codonAlignment.fasta
[00:00:00] Loaded alignment with 121 taxa and 2334 sites

Alignment comprises 1 partitions and 129 patterns

Partition 0: noname
Model: GTR+FO+G4m
Alignment sites / patterns: 2334 / 129
Gaps: 0.13 %
Invariant sites: 93.87 %


NOTE: Binary MSA file created: SlArf_Xyl3_prot_linear_multi_sl25_prt_codonAlignment.raxml.rba

[00:00:00] Generating 10 random starting tree(s) with 121 taxa
[00:00:00] Generating 10 parsimony starting tree(s) with 121 taxa
[00:00:00] Data distribution: max. partitions/sites/weight per thread: 1 / 22 / 352

Starting ML tree search with 20 distinct starting trees

[00:00:04] ML tree search #1, logLikelihood: -5029.370490
[00:00:11] ML tree search #2, logLikelihood: -5027.150013
[00:00:19] ML tree search #3, logLikelihood: -5017.930125
[00:00:24] ML tree search #4, logLikelihood: -5021.604150
[00:00:33] ML tree search #5, logLikelihood: -5031.432687
[00:00:43] ML tree search #6, logLikelihood: -5031.532906
[00:00:50] ML tree search #7, logLikelihood: -5034.775152
[00:00:55] ML tree search #8, logLikelihood: -5027.368417
[00:01:01] ML tree search #9, logLikelihood: -5024.653681
[00:01:08] ML tree search #10, logLikelihood: -5022.169983
[00:01:15] ML tree search #11, logLikelihood: -5023.977429
[00:01:17] ML tree search #12, logLikelihood: -5031.854169
[00:01:20] ML tree search #13, logLikelihood: -5039.022444
[00:01:23] ML tree search #14, logLikelihood: -5024.827280
[00:01:28] ML tree search #15, logLikelihood: -5034.549390
[00:01:33] ML tree search #16, logLikelihood: -5026.741377
[00:01:42] ML tree search #17, logLikelihood: -5027.215188
[00:01:47] ML tree search #18, logLikelihood: -5023.983132
[00:01:55] ML tree search #19, logLikelihood: -5027.873009
[00:02:01] ML tree search #20, logLikelihood: -5022.799771

Optimized model parameters:

   Partition 0: noname
   Rate heterogeneity: GAMMA (4 cats, mean),  alpha: 0.020125 (ML),  weights&rates: (0.250000,0.000000) (0.250000,0.000000) (0.250000,0.000001) (0.250000,3.999999) 
   Base frequencies (ML): 0.304835 0.192506 0.231829 0.270829 
   Substitution rates (ML): 0.379317 0.720339 0.386041 0.322136 1.839183 1.000000 

Final LogLikelihood: -5017.930125

AIC score: 10531.860251 / AICc score: 10591.094783 / BIC score: 11959.184276
Free parameters (model + branch lengths): 248

Best ML tree saved to: /home/homma/Desktop/coding/github/pos_selection_pipeline/tomato_pipeline/pipeline/no_LOC/raxml-ng/SlArf_Xyl3_prot_linear_multi_sl25_prt_codonAlignment.raxml.bestTree
All ML trees saved to: /home/homma/Desktop/coding/github/pos_selection_pipeline/tomato_pipeline/pipeline/no_LOC/raxml-ng/SlArf_Xyl3_prot_linear_multi_sl25_prt_codonAlignment.raxml.mlTrees
Optimized model saved to: /home/homma/Desktop/coding/github/pos_selection_pipeline/tomato_pipeline/pipeline/no_LOC/raxml-ng/SlArf_Xyl3_prot_linear_multi_sl25_prt_codonAlignment.raxml.bestModel

Execution log saved to: /home/homma/Desktop/coding/github/pos_selection_pipeline/tomato_pipeline/pipeline/no_LOC/raxml-ng/SlArf_Xyl3_prot_linear_multi_sl25_prt_codonAlignment.raxml.log

Analysis started: 01-Mar-2020 18:38:31 / finished: 01-Mar-2020 18:40:33

Elapsed time: 121.518 seconds

