
RAxML-NG v. 0.8.1 BETA released on 05.03.2019 by The Exelixis Lab.
Authors: Alexey Kozlov, Alexandros Stamatakis, Diego Darriba, Tomas Flouri, Benoit Morel.
Latest version: https://github.com/amkozlov/raxml-ng
Questions/problems/suggestions? Please visit: https://groups.google.com/forum/#!forum/raxml

WARNING: This is a BETA release, please use at your own risk!

RAxML-NG was called at 01-Mar-2020 19:01:18 as follows:

raxml-ng --msa SlCaM3_prot_linear_multi_sl25_prt_codonAlignment.fasta --prefix SlCaM3_prot_linear_multi_sl25_prt_codonAlignment --model GTR+G --seed 123 --bs-tree 100 --force

Analysis options:
  run mode: ML tree search
  start tree(s): random (10) + parsimony (10)
  random seed: 123
  tip-inner: OFF
  pattern compression: ON
  per-rate scalers: OFF
  site repeats: ON
  fast spr radius: AUTO
  spr subtree cutoff: 1.000000
  branch lengths: proportional (ML estimate, algorithm: NR-FAST)
  SIMD kernels: AVX2
  parallelization: PTHREADS (6 threads), thread pinning: OFF

WARNING: Running in FORCE mode: all safety checks are disabled!

[00:00:00] Reading alignment from file: SlCaM3_prot_linear_multi_sl25_prt_codonAlignment.fasta
[00:00:00] Loaded alignment with 92 taxa and 447 sites

Alignment comprises 1 partitions and 17 patterns

Partition 0: noname
Model: GTR+FO+G4m
Alignment sites / patterns: 447 / 17
Gaps: 0.00 %
Invariant sites: 97.09 %


NOTE: Binary MSA file created: SlCaM3_prot_linear_multi_sl25_prt_codonAlignment.raxml.rba

[00:00:00] Generating 10 random starting tree(s) with 92 taxa
[00:00:00] Generating 10 parsimony starting tree(s) with 92 taxa
[00:00:00] Data distribution: max. partitions/sites/weight per thread: 1 / 3 / 48

Starting ML tree search with 20 distinct starting trees

[00:00:02] ML tree search #1, logLikelihood: -728.903025
[00:00:03] ML tree search #2, logLikelihood: -728.902996
[00:00:04] ML tree search #3, logLikelihood: -735.078389
[00:00:06] ML tree search #4, logLikelihood: -729.929238
[00:00:08] ML tree search #5, logLikelihood: -728.903042
[00:00:11] ML tree search #6, logLikelihood: -729.929231
[00:00:13] ML tree search #7, logLikelihood: -728.903001
[00:00:14] ML tree search #8, logLikelihood: -729.197052
[00:00:16] ML tree search #9, logLikelihood: -729.197034
[00:00:17] ML tree search #10, logLikelihood: -728.902995
[00:00:18] ML tree search #11, logLikelihood: -731.548026
[00:00:18] ML tree search #12, logLikelihood: -729.655424
[00:00:19] ML tree search #13, logLikelihood: -729.929266
[00:00:20] ML tree search #14, logLikelihood: -729.929229
[00:00:21] ML tree search #15, logLikelihood: -729.655433
[00:00:21] ML tree search #16, logLikelihood: -729.929236
[00:00:22] ML tree search #17, logLikelihood: -728.903034
[00:00:23] ML tree search #18, logLikelihood: -731.548013
[00:00:24] ML tree search #19, logLikelihood: -729.655398
[00:00:25] ML tree search #20, logLikelihood: -730.259558

Optimized model parameters:

   Partition 0: noname
   Rate heterogeneity: GAMMA (4 cats, mean),  alpha: 0.020137 (ML),  weights&rates: (0.250000,0.000000) (0.250000,0.000000) (0.250000,0.000001) (0.250000,3.999999) 
   Base frequencies (ML): 0.296363 0.173622 0.293078 0.236938 
   Substitution rates (ML): 2.718348 1.605616 1.005550 1.369202 17.440420 1.000000 

Final LogLikelihood: -728.902995

AIC score: 1837.805990 / AICc score: 2121.321615 / BIC score: 2617.292123
Free parameters (model + branch lengths): 190

Best ML tree saved to: /home/homma/Desktop/coding/github/pos_selection_pipeline/tomato_pipeline/pipeline/no_LOC/raxml-ng/SlCaM3_prot_linear_multi_sl25_prt_codonAlignment.raxml.bestTree
All ML trees saved to: /home/homma/Desktop/coding/github/pos_selection_pipeline/tomato_pipeline/pipeline/no_LOC/raxml-ng/SlCaM3_prot_linear_multi_sl25_prt_codonAlignment.raxml.mlTrees
Optimized model saved to: /home/homma/Desktop/coding/github/pos_selection_pipeline/tomato_pipeline/pipeline/no_LOC/raxml-ng/SlCaM3_prot_linear_multi_sl25_prt_codonAlignment.raxml.bestModel

Execution log saved to: /home/homma/Desktop/coding/github/pos_selection_pipeline/tomato_pipeline/pipeline/no_LOC/raxml-ng/SlCaM3_prot_linear_multi_sl25_prt_codonAlignment.raxml.log

Analysis started: 01-Mar-2020 19:01:18 / finished: 01-Mar-2020 19:01:44

Elapsed time: 25.540 seconds

