
RAxML-NG v. 0.8.1 BETA released on 05.03.2019 by The Exelixis Lab.
Authors: Alexey Kozlov, Alexandros Stamatakis, Diego Darriba, Tomas Flouri, Benoit Morel.
Latest version: https://github.com/amkozlov/raxml-ng
Questions/problems/suggestions? Please visit: https://groups.google.com/forum/#!forum/raxml

WARNING: This is a BETA release, please use at your own risk!

RAxML-NG was called at 01-Mar-2020 18:13:56 as follows:

raxml-ng --msa SlFBA2_prot_linear_multi_sl25_prt_codonAlignment.fasta --prefix SlFBA2_prot_linear_multi_sl25_prt_codonAlignment --model GTR+G --seed 123 --bs-tree 100 --force

Analysis options:
  run mode: ML tree search
  start tree(s): random (10) + parsimony (10)
  random seed: 123
  tip-inner: OFF
  pattern compression: ON
  per-rate scalers: OFF
  site repeats: ON
  fast spr radius: AUTO
  spr subtree cutoff: 1.000000
  branch lengths: proportional (ML estimate, algorithm: NR-FAST)
  SIMD kernels: AVX2
  parallelization: PTHREADS (6 threads), thread pinning: OFF

WARNING: Running in FORCE mode: all safety checks are disabled!

[00:00:00] Reading alignment from file: SlFBA2_prot_linear_multi_sl25_prt_codonAlignment.fasta
[00:00:00] Loaded alignment with 123 taxa and 1185 sites

Alignment comprises 1 partitions and 44 patterns

Partition 0: noname
Model: GTR+FO+G4m
Alignment sites / patterns: 1185 / 44
Gaps: 0.00 %
Invariant sites: 96.37 %


NOTE: Binary MSA file created: SlFBA2_prot_linear_multi_sl25_prt_codonAlignment.raxml.rba

[00:00:00] Generating 10 random starting tree(s) with 123 taxa
[00:00:00] Generating 10 parsimony starting tree(s) with 123 taxa
[00:00:00] Data distribution: max. partitions/sites/weight per thread: 1 / 8 / 128

Starting ML tree search with 20 distinct starting trees

[00:00:03] ML tree search #1, logLikelihood: -2055.406870
[00:00:06] ML tree search #2, logLikelihood: -2055.315056
[00:00:09] ML tree search #3, logLikelihood: -2055.315065
[00:00:12] ML tree search #4, logLikelihood: -2055.396877
[00:00:16] ML tree search #5, logLikelihood: -2055.396883
[00:00:18] ML tree search #6, logLikelihood: -2055.741166
[00:00:20] ML tree search #7, logLikelihood: -2058.608383
[00:00:23] ML tree search #8, logLikelihood: -2055.384002
[00:00:25] ML tree search #9, logLikelihood: -2058.525289
[00:00:29] ML tree search #10, logLikelihood: -2055.406803
[00:00:30] ML tree search #11, logLikelihood: -2055.480520
[00:00:31] ML tree search #12, logLikelihood: -2055.741189
[00:00:32] ML tree search #13, logLikelihood: -2055.315080
[00:00:34] ML tree search #14, logLikelihood: -2055.647673
[00:00:35] ML tree search #15, logLikelihood: -2055.647669
[00:00:36] ML tree search #16, logLikelihood: -2055.315085
[00:00:37] ML tree search #17, logLikelihood: -2055.741174
[00:00:38] ML tree search #18, logLikelihood: -2055.582021
[00:00:40] ML tree search #19, logLikelihood: -2055.315065
[00:00:42] ML tree search #20, logLikelihood: -2055.315094

Optimized model parameters:

   Partition 0: noname
   Rate heterogeneity: GAMMA (4 cats, mean),  alpha: 0.020137 (ML),  weights&rates: (0.250000,0.000000) (0.250000,0.000000) (0.250000,0.000001) (0.250000,3.999999) 
   Base frequencies (ML): 0.257271 0.240994 0.239339 0.262397 
   Substitution rates (ML): 0.762181 4.360730 0.942684 0.537134 5.516709 1.000000 

Final LogLikelihood: -2055.315056

AIC score: 4614.630111 / AICc score: 4751.445562 / BIC score: 5894.159621
Free parameters (model + branch lengths): 252

Best ML tree saved to: /home/homma/Desktop/coding/github/pos_selection_pipeline/tomato_pipeline/pipeline/no_LOC/raxml-ng/SlFBA2_prot_linear_multi_sl25_prt_codonAlignment.raxml.bestTree
All ML trees saved to: /home/homma/Desktop/coding/github/pos_selection_pipeline/tomato_pipeline/pipeline/no_LOC/raxml-ng/SlFBA2_prot_linear_multi_sl25_prt_codonAlignment.raxml.mlTrees
Optimized model saved to: /home/homma/Desktop/coding/github/pos_selection_pipeline/tomato_pipeline/pipeline/no_LOC/raxml-ng/SlFBA2_prot_linear_multi_sl25_prt_codonAlignment.raxml.bestModel

Execution log saved to: /home/homma/Desktop/coding/github/pos_selection_pipeline/tomato_pipeline/pipeline/no_LOC/raxml-ng/SlFBA2_prot_linear_multi_sl25_prt_codonAlignment.raxml.log

Analysis started: 01-Mar-2020 18:13:56 / finished: 01-Mar-2020 18:14:38

Elapsed time: 42.289 seconds

