
RAxML-NG v. 0.8.1 BETA released on 05.03.2019 by The Exelixis Lab.
Authors: Alexey Kozlov, Alexandros Stamatakis, Diego Darriba, Tomas Flouri, Benoit Morel.
Latest version: https://github.com/amkozlov/raxml-ng
Questions/problems/suggestions? Please visit: https://groups.google.com/forum/#!forum/raxml

WARNING: This is a BETA release, please use at your own risk!

RAxML-NG was called at 01-Mar-2020 18:37:50 as follows:

raxml-ng --msa SlFBA3_prot_linear_multi_sl25_prt_codonAlignment.fasta --prefix SlFBA3_prot_linear_multi_sl25_prt_codonAlignment --model GTR+G --seed 123 --bs-tree 100 --force

Analysis options:
  run mode: ML tree search
  start tree(s): random (10) + parsimony (10)
  random seed: 123
  tip-inner: OFF
  pattern compression: ON
  per-rate scalers: OFF
  site repeats: ON
  fast spr radius: AUTO
  spr subtree cutoff: 1.000000
  branch lengths: proportional (ML estimate, algorithm: NR-FAST)
  SIMD kernels: AVX2
  parallelization: PTHREADS (6 threads), thread pinning: OFF

WARNING: Running in FORCE mode: all safety checks are disabled!

[00:00:00] Reading alignment from file: SlFBA3_prot_linear_multi_sl25_prt_codonAlignment.fasta
[00:00:00] Loaded alignment with 113 taxa and 1176 sites

Alignment comprises 1 partitions and 35 patterns

Partition 0: noname
Model: GTR+FO+G4m
Alignment sites / patterns: 1176 / 35
Gaps: 0.00 %
Invariant sites: 97.19 %


NOTE: Binary MSA file created: SlFBA3_prot_linear_multi_sl25_prt_codonAlignment.raxml.rba

[00:00:00] Generating 10 random starting tree(s) with 113 taxa
[00:00:00] Generating 10 parsimony starting tree(s) with 113 taxa
[00:00:00] Data distribution: max. partitions/sites/weight per thread: 1 / 6 / 96

Starting ML tree search with 20 distinct starting trees

[00:00:02] ML tree search #1, logLikelihood: -2031.104184
[00:00:06] ML tree search #2, logLikelihood: -2028.007836
[00:00:08] ML tree search #3, logLikelihood: -2038.852458
[00:00:10] ML tree search #4, logLikelihood: -2076.192199
[00:00:12] ML tree search #5, logLikelihood: -2028.023930
[00:00:14] ML tree search #6, logLikelihood: -2041.441940
[00:00:16] ML tree search #7, logLikelihood: -2071.849587
[00:00:19] ML tree search #8, logLikelihood: -2048.332987
[00:00:22] ML tree search #9, logLikelihood: -2047.672908
[00:00:24] ML tree search #10, logLikelihood: -2035.240107
[00:00:26] ML tree search #11, logLikelihood: -2035.251071
[00:00:27] ML tree search #12, logLikelihood: -2030.602486
[00:00:28] ML tree search #13, logLikelihood: -2028.698558
[00:00:31] ML tree search #14, logLikelihood: -2028.705629
[00:00:32] ML tree search #15, logLikelihood: -2030.610318
[00:00:33] ML tree search #16, logLikelihood: -2028.038058
[00:00:35] ML tree search #17, logLikelihood: -2030.024641
[00:00:37] ML tree search #18, logLikelihood: -2041.489638
[00:00:38] ML tree search #19, logLikelihood: -2028.704512
[00:00:41] ML tree search #20, logLikelihood: -2030.055917

Optimized model parameters:

   Partition 0: noname
   Rate heterogeneity: GAMMA (4 cats, mean),  alpha: 0.020135 (ML),  weights&rates: (0.250000,0.000000) (0.250000,0.000000) (0.250000,0.000001) (0.250000,3.999999) 
   Base frequencies (ML): 0.241855 0.253451 0.248416 0.256278 
   Substitution rates (ML): 5.090096 15.378952 3.156667 0.001000 30.310961 1.000000 

Final LogLikelihood: -2028.007836

AIC score: 4520.015672 / AICc score: 4634.662544 / BIC score: 5696.226470
Free parameters (model + branch lengths): 232

Best ML tree saved to: /home/homma/Desktop/coding/github/pos_selection_pipeline/tomato_pipeline/pipeline/no_LOC/raxml-ng/SlFBA3_prot_linear_multi_sl25_prt_codonAlignment.raxml.bestTree
All ML trees saved to: /home/homma/Desktop/coding/github/pos_selection_pipeline/tomato_pipeline/pipeline/no_LOC/raxml-ng/SlFBA3_prot_linear_multi_sl25_prt_codonAlignment.raxml.mlTrees
Optimized model saved to: /home/homma/Desktop/coding/github/pos_selection_pipeline/tomato_pipeline/pipeline/no_LOC/raxml-ng/SlFBA3_prot_linear_multi_sl25_prt_codonAlignment.raxml.bestModel

Execution log saved to: /home/homma/Desktop/coding/github/pos_selection_pipeline/tomato_pipeline/pipeline/no_LOC/raxml-ng/SlFBA3_prot_linear_multi_sl25_prt_codonAlignment.raxml.log

Analysis started: 01-Mar-2020 18:37:50 / finished: 01-Mar-2020 18:38:31

Elapsed time: 41.046 seconds

