
RAxML-NG v. 0.8.1 BETA released on 05.03.2019 by The Exelixis Lab.
Authors: Alexey Kozlov, Alexandros Stamatakis, Diego Darriba, Tomas Flouri, Benoit Morel.
Latest version: https://github.com/amkozlov/raxml-ng
Questions/problems/suggestions? Please visit: https://groups.google.com/forum/#!forum/raxml

WARNING: This is a BETA release, please use at your own risk!

RAxML-NG was called at 01-Mar-2020 18:20:00 as follows:

raxml-ng --msa SlFBA7_prot_linear_multi_sl25_prt_codonAlignment.fasta --prefix SlFBA7_prot_linear_multi_sl25_prt_codonAlignment --model GTR+G --seed 123 --bs-tree 100 --force

Analysis options:
  run mode: ML tree search
  start tree(s): random (10) + parsimony (10)
  random seed: 123
  tip-inner: OFF
  pattern compression: ON
  per-rate scalers: OFF
  site repeats: ON
  fast spr radius: AUTO
  spr subtree cutoff: 1.000000
  branch lengths: proportional (ML estimate, algorithm: NR-FAST)
  SIMD kernels: AVX2
  parallelization: PTHREADS (6 threads), thread pinning: OFF

WARNING: Running in FORCE mode: all safety checks are disabled!

[00:00:00] Reading alignment from file: SlFBA7_prot_linear_multi_sl25_prt_codonAlignment.fasta
[00:00:00] Loaded alignment with 124 taxa and 1074 sites

Alignment comprises 1 partitions and 66 patterns

Partition 0: noname
Model: GTR+FO+G4m
Alignment sites / patterns: 1074 / 66
Gaps: 0.00 %
Invariant sites: 94.04 %


NOTE: Binary MSA file created: SlFBA7_prot_linear_multi_sl25_prt_codonAlignment.raxml.rba

[00:00:00] Generating 10 random starting tree(s) with 124 taxa
[00:00:00] Generating 10 parsimony starting tree(s) with 124 taxa
[00:00:00] Data distribution: max. partitions/sites/weight per thread: 1 / 11 / 176

Starting ML tree search with 20 distinct starting trees

[00:00:03] ML tree search #1, logLikelihood: -2267.183905
[00:00:06] ML tree search #2, logLikelihood: -2267.183951
[00:00:10] ML tree search #3, logLikelihood: -2267.225307
[00:00:13] ML tree search #4, logLikelihood: -2267.235296
[00:00:18] ML tree search #5, logLikelihood: -2267.235334
[00:00:23] ML tree search #6, logLikelihood: -2267.070905
[00:00:28] ML tree search #7, logLikelihood: -2267.071022
[00:00:31] ML tree search #8, logLikelihood: -2267.235301
[00:00:36] ML tree search #9, logLikelihood: -2267.071654
[00:00:39] ML tree search #10, logLikelihood: -2267.208534
[00:00:40] ML tree search #11, logLikelihood: -2267.235245
[00:00:42] ML tree search #12, logLikelihood: -2267.235403
[00:00:44] ML tree search #13, logLikelihood: -2267.235294
[00:00:46] ML tree search #14, logLikelihood: -2271.808917
[00:00:48] ML tree search #15, logLikelihood: -2267.072004
[00:00:50] ML tree search #16, logLikelihood: -2271.705209
[00:00:52] ML tree search #17, logLikelihood: -2267.235285
[00:00:55] ML tree search #18, logLikelihood: -2267.115484
[00:00:58] ML tree search #19, logLikelihood: -2267.070917
[00:01:00] ML tree search #20, logLikelihood: -2267.235271

Optimized model parameters:

   Partition 0: noname
   Rate heterogeneity: GAMMA (4 cats, mean),  alpha: 0.020132 (ML),  weights&rates: (0.250000,0.000000) (0.250000,0.000000) (0.250000,0.000001) (0.250000,3.999999) 
   Base frequencies (ML): 0.246027 0.252188 0.261438 0.240347 
   Substitution rates (ML): 1.711872 2.866546 1.049211 0.692181 17.670552 1.000000 

Final LogLikelihood: -2267.070905

AIC score: 5042.141810 / AICc score: 5200.310308 / BIC score: 6306.844710
Free parameters (model + branch lengths): 254

Best ML tree saved to: /home/homma/Desktop/coding/github/pos_selection_pipeline/tomato_pipeline/pipeline/no_LOC/raxml-ng/SlFBA7_prot_linear_multi_sl25_prt_codonAlignment.raxml.bestTree
All ML trees saved to: /home/homma/Desktop/coding/github/pos_selection_pipeline/tomato_pipeline/pipeline/no_LOC/raxml-ng/SlFBA7_prot_linear_multi_sl25_prt_codonAlignment.raxml.mlTrees
Optimized model saved to: /home/homma/Desktop/coding/github/pos_selection_pipeline/tomato_pipeline/pipeline/no_LOC/raxml-ng/SlFBA7_prot_linear_multi_sl25_prt_codonAlignment.raxml.bestModel

Execution log saved to: /home/homma/Desktop/coding/github/pos_selection_pipeline/tomato_pipeline/pipeline/no_LOC/raxml-ng/SlFBA7_prot_linear_multi_sl25_prt_codonAlignment.raxml.log

Analysis started: 01-Mar-2020 18:20:00 / finished: 01-Mar-2020 18:21:01

Elapsed time: 60.817 seconds

