
RAxML-NG v. 0.8.1 BETA released on 05.03.2019 by The Exelixis Lab.
Authors: Alexey Kozlov, Alexandros Stamatakis, Diego Darriba, Tomas Flouri, Benoit Morel.
Latest version: https://github.com/amkozlov/raxml-ng
Questions/problems/suggestions? Please visit: https://groups.google.com/forum/#!forum/raxml

WARNING: This is a BETA release, please use at your own risk!

RAxML-NG was called at 01-Mar-2020 19:03:44 as follows:

raxml-ng --msa SODCP_2_prot_linear_multi_sl25_prt_codonAlignment.fasta --prefix SODCP_2_prot_linear_multi_sl25_prt_codonAlignment --model GTR+G --seed 123 --bs-tree 100 --force

Analysis options:
  run mode: ML tree search
  start tree(s): random (10) + parsimony (10)
  random seed: 123
  tip-inner: OFF
  pattern compression: ON
  per-rate scalers: OFF
  site repeats: ON
  fast spr radius: AUTO
  spr subtree cutoff: 1.000000
  branch lengths: proportional (ML estimate, algorithm: NR-FAST)
  SIMD kernels: AVX2
  parallelization: PTHREADS (6 threads), thread pinning: OFF

WARNING: Running in FORCE mode: all safety checks are disabled!

[00:00:00] Reading alignment from file: SODCP_2_prot_linear_multi_sl25_prt_codonAlignment.fasta
[00:00:00] Loaded alignment with 101 taxa and 654 sites

Alignment comprises 1 partitions and 44 patterns

Partition 0: noname
Model: GTR+FO+G4m
Alignment sites / patterns: 654 / 44
Gaps: 0.42 %
Invariant sites: 94.19 %


NOTE: Binary MSA file created: SODCP_2_prot_linear_multi_sl25_prt_codonAlignment.raxml.rba

[00:00:00] Generating 10 random starting tree(s) with 101 taxa
[00:00:00] Generating 10 parsimony starting tree(s) with 101 taxa
[00:00:00] Data distribution: max. partitions/sites/weight per thread: 1 / 8 / 128

Starting ML tree search with 20 distinct starting trees

[00:00:02] ML tree search #1, logLikelihood: -1300.528409
[00:00:04] ML tree search #2, logLikelihood: -1293.749556
[00:00:06] ML tree search #3, logLikelihood: -1293.827992
[00:00:08] ML tree search #4, logLikelihood: -1293.909582
[00:00:10] ML tree search #5, logLikelihood: -1297.178959
[00:00:12] ML tree search #6, logLikelihood: -1293.909585
[00:00:14] ML tree search #7, logLikelihood: -1294.366081
[00:00:16] ML tree search #8, logLikelihood: -1295.119927
[00:00:19] ML tree search #9, logLikelihood: -1292.847444
[00:00:21] ML tree search #10, logLikelihood: -1294.366060
[00:00:22] ML tree search #11, logLikelihood: -1303.730398
[00:00:23] ML tree search #12, logLikelihood: -1293.170412
[00:00:25] ML tree search #13, logLikelihood: -1292.847632
[00:00:26] ML tree search #14, logLikelihood: -1293.991376
[00:00:27] ML tree search #15, logLikelihood: -1293.991360
[00:00:28] ML tree search #16, logLikelihood: -1293.397859
[00:00:29] ML tree search #17, logLikelihood: -1294.442842
[00:00:31] ML tree search #18, logLikelihood: -1292.847665
[00:00:32] ML tree search #19, logLikelihood: -1293.056048
[00:00:33] ML tree search #20, logLikelihood: -1293.056069

Optimized model parameters:

   Partition 0: noname
   Rate heterogeneity: GAMMA (4 cats, mean),  alpha: 0.020120 (ML),  weights&rates: (0.250000,0.000000) (0.250000,0.000000) (0.250000,0.000001) (0.250000,3.999999) 
   Base frequencies (ML): 0.241854 0.238843 0.217839 0.301464 
   Substitution rates (ML): 0.240876 6.735877 1.496417 2.553340 3.285573 1.000000 

Final LogLikelihood: -1292.847444

AIC score: 3001.694887 / AICc score: 3197.074662 / BIC score: 3934.181216
Free parameters (model + branch lengths): 208

Best ML tree saved to: /home/homma/Desktop/coding/github/pos_selection_pipeline/tomato_pipeline/pipeline/no_LOC/raxml-ng/SODCP_2_prot_linear_multi_sl25_prt_codonAlignment.raxml.bestTree
All ML trees saved to: /home/homma/Desktop/coding/github/pos_selection_pipeline/tomato_pipeline/pipeline/no_LOC/raxml-ng/SODCP_2_prot_linear_multi_sl25_prt_codonAlignment.raxml.mlTrees
Optimized model saved to: /home/homma/Desktop/coding/github/pos_selection_pipeline/tomato_pipeline/pipeline/no_LOC/raxml-ng/SODCP_2_prot_linear_multi_sl25_prt_codonAlignment.raxml.bestModel

Execution log saved to: /home/homma/Desktop/coding/github/pos_selection_pipeline/tomato_pipeline/pipeline/no_LOC/raxml-ng/SODCP_2_prot_linear_multi_sl25_prt_codonAlignment.raxml.log

Analysis started: 01-Mar-2020 19:03:44 / finished: 01-Mar-2020 19:04:18

Elapsed time: 33.925 seconds

