
RAxML-NG v. 0.8.1 BETA released on 05.03.2019 by The Exelixis Lab.
Authors: Alexey Kozlov, Alexandros Stamatakis, Diego Darriba, Tomas Flouri, Benoit Morel.
Latest version: https://github.com/amkozlov/raxml-ng
Questions/problems/suggestions? Please visit: https://groups.google.com/forum/#!forum/raxml

WARNING: This is a BETA release, please use at your own risk!

RAxML-NG was called at 01-Mar-2020 19:08:12 as follows:

raxml-ng --msa spdsyn_prot_linear_multi_sl25_prt_codonAlignment.fasta --prefix spdsyn_prot_linear_multi_sl25_prt_codonAlignment --model GTR+G --seed 123 --bs-tree 100 --force

Analysis options:
  run mode: ML tree search
  start tree(s): random (10) + parsimony (10)
  random seed: 123
  tip-inner: OFF
  pattern compression: ON
  per-rate scalers: OFF
  site repeats: ON
  fast spr radius: AUTO
  spr subtree cutoff: 1.000000
  branch lengths: proportional (ML estimate, algorithm: NR-FAST)
  SIMD kernels: AVX2
  parallelization: PTHREADS (6 threads), thread pinning: OFF

WARNING: Running in FORCE mode: all safety checks are disabled!

[00:00:00] Reading alignment from file: spdsyn_prot_linear_multi_sl25_prt_codonAlignment.fasta
[00:00:00] Loaded alignment with 83 taxa and 1026 sites

Alignment comprises 1 partitions and 53 patterns

Partition 0: noname
Model: GTR+FO+G4m
Alignment sites / patterns: 1026 / 53
Gaps: 0.00 %
Invariant sites: 95.03 %


NOTE: Binary MSA file created: spdsyn_prot_linear_multi_sl25_prt_codonAlignment.raxml.rba

[00:00:00] Generating 10 random starting tree(s) with 83 taxa
[00:00:00] Generating 10 parsimony starting tree(s) with 83 taxa
[00:00:00] Data distribution: max. partitions/sites/weight per thread: 1 / 9 / 144

Starting ML tree search with 20 distinct starting trees

[00:00:02] ML tree search #1, logLikelihood: -2174.421496
[00:00:04] ML tree search #2, logLikelihood: -2176.987168
[00:00:09] ML tree search #3, logLikelihood: -2179.561815
[00:00:11] ML tree search #4, logLikelihood: -2179.918984
[00:00:13] ML tree search #5, logLikelihood: -2179.179251
[00:00:16] ML tree search #6, logLikelihood: -2174.704436
[00:00:18] ML tree search #7, logLikelihood: -2174.113923
[00:00:22] ML tree search #8, logLikelihood: -2178.085442
[00:00:23] ML tree search #9, logLikelihood: -2175.620060
[00:00:26] ML tree search #10, logLikelihood: -2174.421480
[00:00:28] ML tree search #11, logLikelihood: -2175.402924
[00:00:30] ML tree search #12, logLikelihood: -2174.704420
[00:00:32] ML tree search #13, logLikelihood: -2174.704414
[00:00:36] ML tree search #14, logLikelihood: -2173.914562
[00:00:39] ML tree search #15, logLikelihood: -2173.996633
[00:00:43] ML tree search #16, logLikelihood: -2176.987163
[00:00:44] ML tree search #17, logLikelihood: -2174.704418
[00:00:46] ML tree search #18, logLikelihood: -2177.071424
[00:00:49] ML tree search #19, logLikelihood: -2181.511996
[00:00:51] ML tree search #20, logLikelihood: -2177.811044

Optimized model parameters:

   Partition 0: noname
   Rate heterogeneity: GAMMA (4 cats, mean),  alpha: 0.020138 (ML),  weights&rates: (0.250000,0.000000) (0.250000,0.000000) (0.250000,0.000001) (0.250000,3.999999) 
   Base frequencies (ML): 0.269948 0.195945 0.240095 0.294012 
   Substitution rates (ML): 2.787812 7.540480 3.589929 4.094096 11.990819 1.000000 

Final LogLikelihood: -2173.914562

AIC score: 4691.829124 / AICc score: 4761.597002 / BIC score: 5540.377885
Free parameters (model + branch lengths): 172

Best ML tree saved to: /home/homma/Desktop/coding/github/pos_selection_pipeline/tomato_pipeline/pipeline/no_LOC/raxml-ng/spdsyn_prot_linear_multi_sl25_prt_codonAlignment.raxml.bestTree
All ML trees saved to: /home/homma/Desktop/coding/github/pos_selection_pipeline/tomato_pipeline/pipeline/no_LOC/raxml-ng/spdsyn_prot_linear_multi_sl25_prt_codonAlignment.raxml.mlTrees
Optimized model saved to: /home/homma/Desktop/coding/github/pos_selection_pipeline/tomato_pipeline/pipeline/no_LOC/raxml-ng/spdsyn_prot_linear_multi_sl25_prt_codonAlignment.raxml.bestModel

Execution log saved to: /home/homma/Desktop/coding/github/pos_selection_pipeline/tomato_pipeline/pipeline/no_LOC/raxml-ng/spdsyn_prot_linear_multi_sl25_prt_codonAlignment.raxml.log

Analysis started: 01-Mar-2020 19:08:12 / finished: 01-Mar-2020 19:09:04

Elapsed time: 51.683 seconds

