
RAxML-NG v. 0.8.1 BETA released on 05.03.2019 by The Exelixis Lab.
Authors: Alexey Kozlov, Alexandros Stamatakis, Diego Darriba, Tomas Flouri, Benoit Morel.
Latest version: https://github.com/amkozlov/raxml-ng
Questions/problems/suggestions? Please visit: https://groups.google.com/forum/#!forum/raxml

WARNING: This is a BETA release, please use at your own risk!

RAxML-NG was called at 01-Mar-2020 18:09:11 as follows:

raxml-ng --msa TBG2_prot_linear_multi_sl25_prt_codonAlignment.fasta --prefix TBG2_prot_linear_multi_sl25_prt_codonAlignment --model GTR+G --seed 123 --bs-tree 100 --force

Analysis options:
  run mode: ML tree search
  start tree(s): random (10) + parsimony (10)
  random seed: 123
  tip-inner: OFF
  pattern compression: ON
  per-rate scalers: OFF
  site repeats: ON
  fast spr radius: AUTO
  spr subtree cutoff: 1.000000
  branch lengths: proportional (ML estimate, algorithm: NR-FAST)
  SIMD kernels: AVX2
  parallelization: PTHREADS (6 threads), thread pinning: OFF

WARNING: Running in FORCE mode: all safety checks are disabled!

[00:00:00] Reading alignment from file: TBG2_prot_linear_multi_sl25_prt_codonAlignment.fasta
[00:00:00] Loaded alignment with 133 taxa and 2676 sites

Alignment comprises 1 partitions and 112 patterns

Partition 0: noname
Model: GTR+FO+G4m
Alignment sites / patterns: 2676 / 112
Gaps: 0.00 %
Invariant sites: 94.81 %


NOTE: Binary MSA file created: TBG2_prot_linear_multi_sl25_prt_codonAlignment.raxml.rba

[00:00:00] Generating 10 random starting tree(s) with 133 taxa
[00:00:00] Generating 10 parsimony starting tree(s) with 133 taxa
[00:00:00] Data distribution: max. partitions/sites/weight per thread: 1 / 19 / 304

Starting ML tree search with 20 distinct starting trees

[00:00:08] ML tree search #1, logLikelihood: -5431.305655
[00:00:17] ML tree search #2, logLikelihood: -5437.185019
[00:00:33] ML tree search #3, logLikelihood: -5438.169437
[00:00:45] ML tree search #4, logLikelihood: -5433.710985
[00:00:52] ML tree search #5, logLikelihood: -5498.083413
[00:01:03] ML tree search #6, logLikelihood: -5426.966101
[00:01:10] ML tree search #7, logLikelihood: -5427.454712
[00:01:17] ML tree search #8, logLikelihood: -5440.973868
[00:01:27] ML tree search #9, logLikelihood: -5426.549022
[00:01:32] ML tree search #10, logLikelihood: -5446.435364
[00:01:36] ML tree search #11, logLikelihood: -5446.573447
[00:01:45] ML tree search #12, logLikelihood: -5442.466911
[00:01:52] ML tree search #13, logLikelihood: -5436.265432
[00:01:56] ML tree search #14, logLikelihood: -5463.926928
[00:02:01] ML tree search #15, logLikelihood: -5432.526834
[00:02:08] ML tree search #16, logLikelihood: -5439.117925
[00:02:14] ML tree search #17, logLikelihood: -5449.255026
[00:02:17] ML tree search #18, logLikelihood: -5439.795054
[00:02:23] ML tree search #19, logLikelihood: -5432.915257
[00:02:30] ML tree search #20, logLikelihood: -5434.092311

Optimized model parameters:

   Partition 0: noname
   Rate heterogeneity: GAMMA (4 cats, mean),  alpha: 0.020132 (ML),  weights&rates: (0.250000,0.000000) (0.250000,0.000000) (0.250000,0.000001) (0.250000,3.999999) 
   Base frequencies (ML): 0.290166 0.185289 0.237197 0.287348 
   Substitution rates (ML): 1.615003 1.984243 0.793744 0.645239 7.425038 1.000000 

Final LogLikelihood: -5426.549022

AIC score: 11397.098043 / AICc score: 11458.900790 / BIC score: 12999.743374
Free parameters (model + branch lengths): 272

Best ML tree saved to: /home/homma/Desktop/coding/github/pos_selection_pipeline/tomato_pipeline/pipeline/no_LOC/raxml-ng/TBG2_prot_linear_multi_sl25_prt_codonAlignment.raxml.bestTree
All ML trees saved to: /home/homma/Desktop/coding/github/pos_selection_pipeline/tomato_pipeline/pipeline/no_LOC/raxml-ng/TBG2_prot_linear_multi_sl25_prt_codonAlignment.raxml.mlTrees
Optimized model saved to: /home/homma/Desktop/coding/github/pos_selection_pipeline/tomato_pipeline/pipeline/no_LOC/raxml-ng/TBG2_prot_linear_multi_sl25_prt_codonAlignment.raxml.bestModel

Execution log saved to: /home/homma/Desktop/coding/github/pos_selection_pipeline/tomato_pipeline/pipeline/no_LOC/raxml-ng/TBG2_prot_linear_multi_sl25_prt_codonAlignment.raxml.log

Analysis started: 01-Mar-2020 18:09:11 / finished: 01-Mar-2020 18:11:42

Elapsed time: 150.239 seconds

