
RAxML-NG v. 0.8.1 BETA released on 05.03.2019 by The Exelixis Lab.
Authors: Alexey Kozlov, Alexandros Stamatakis, Diego Darriba, Tomas Flouri, Benoit Morel.
Latest version: https://github.com/amkozlov/raxml-ng
Questions/problems/suggestions? Please visit: https://groups.google.com/forum/#!forum/raxml

WARNING: This is a BETA release, please use at your own risk!

RAxML-NG was called at 01-Mar-2020 18:34:10 as follows:

raxml-ng --msa TBG5_prot_linear_multi_sl25_prt_codonAlignment.fasta --prefix TBG5_prot_linear_multi_sl25_prt_codonAlignment --model GTR+G --seed 123 --bs-tree 100 --force

Analysis options:
  run mode: ML tree search
  start tree(s): random (10) + parsimony (10)
  random seed: 123
  tip-inner: OFF
  pattern compression: ON
  per-rate scalers: OFF
  site repeats: ON
  fast spr radius: AUTO
  spr subtree cutoff: 1.000000
  branch lengths: proportional (ML estimate, algorithm: NR-FAST)
  SIMD kernels: AVX2
  parallelization: PTHREADS (6 threads), thread pinning: OFF

WARNING: Running in FORCE mode: all safety checks are disabled!

[00:00:00] Reading alignment from file: TBG5_prot_linear_multi_sl25_prt_codonAlignment.fasta
[00:00:00] Loaded alignment with 108 taxa and 2556 sites

Alignment comprises 1 partitions and 120 patterns

Partition 0: noname
Model: GTR+FO+G4m
Alignment sites / patterns: 2556 / 120
Gaps: 0.00 %
Invariant sites: 94.95 %


NOTE: Binary MSA file created: TBG5_prot_linear_multi_sl25_prt_codonAlignment.raxml.rba

[00:00:00] Generating 10 random starting tree(s) with 108 taxa
[00:00:00] Generating 10 parsimony starting tree(s) with 108 taxa
[00:00:00] Data distribution: max. partitions/sites/weight per thread: 1 / 20 / 320

Starting ML tree search with 20 distinct starting trees

[00:00:04] ML tree search #1, logLikelihood: -5407.749512
[00:00:09] ML tree search #2, logLikelihood: -5402.511652
[00:00:13] ML tree search #3, logLikelihood: -5404.010213
[00:00:17] ML tree search #4, logLikelihood: -5418.593257
[00:00:21] ML tree search #5, logLikelihood: -5398.334414
[00:00:28] ML tree search #6, logLikelihood: -5412.674304
[00:00:31] ML tree search #7, logLikelihood: -5414.612580
[00:00:34] ML tree search #8, logLikelihood: -5403.117287
[00:00:39] ML tree search #9, logLikelihood: -5402.670830
[00:00:43] ML tree search #10, logLikelihood: -5402.784692
[00:00:46] ML tree search #11, logLikelihood: -5403.286063
[00:00:48] ML tree search #12, logLikelihood: -5406.559258
[00:00:50] ML tree search #13, logLikelihood: -5403.010766
[00:00:56] ML tree search #14, logLikelihood: -5409.098982
[00:01:02] ML tree search #15, logLikelihood: -5403.212391
[00:01:09] ML tree search #16, logLikelihood: -5397.974979
[00:01:13] ML tree search #17, logLikelihood: -5401.886583
[00:01:17] ML tree search #18, logLikelihood: -5401.773103
[00:01:19] ML tree search #19, logLikelihood: -5400.500349
[00:01:22] ML tree search #20, logLikelihood: -5412.197574

Optimized model parameters:

   Partition 0: noname
   Rate heterogeneity: GAMMA (4 cats, mean),  alpha: 0.020139 (ML),  weights&rates: (0.250000,0.000000) (0.250000,0.000000) (0.250000,0.000001) (0.250000,3.999999) 
   Base frequencies (ML): 0.286297 0.184071 0.235143 0.294489 
   Substitution rates (ML): 2.002455 6.041738 1.338223 2.392269 7.790289 1.000000 

Final LogLikelihood: -5397.974979

AIC score: 11239.949958 / AICc score: 11282.389735 / BIC score: 12537.806095
Free parameters (model + branch lengths): 222

Best ML tree saved to: /home/homma/Desktop/coding/github/pos_selection_pipeline/tomato_pipeline/pipeline/no_LOC/raxml-ng/TBG5_prot_linear_multi_sl25_prt_codonAlignment.raxml.bestTree
All ML trees saved to: /home/homma/Desktop/coding/github/pos_selection_pipeline/tomato_pipeline/pipeline/no_LOC/raxml-ng/TBG5_prot_linear_multi_sl25_prt_codonAlignment.raxml.mlTrees
Optimized model saved to: /home/homma/Desktop/coding/github/pos_selection_pipeline/tomato_pipeline/pipeline/no_LOC/raxml-ng/TBG5_prot_linear_multi_sl25_prt_codonAlignment.raxml.bestModel

Execution log saved to: /home/homma/Desktop/coding/github/pos_selection_pipeline/tomato_pipeline/pipeline/no_LOC/raxml-ng/TBG5_prot_linear_multi_sl25_prt_codonAlignment.raxml.log

Analysis started: 01-Mar-2020 18:34:10 / finished: 01-Mar-2020 18:35:32

Elapsed time: 82.351 seconds

