
RAxML-NG v. 0.8.1 BETA released on 05.03.2019 by The Exelixis Lab.
Authors: Alexey Kozlov, Alexandros Stamatakis, Diego Darriba, Tomas Flouri, Benoit Morel.
Latest version: https://github.com/amkozlov/raxml-ng
Questions/problems/suggestions? Please visit: https://groups.google.com/forum/#!forum/raxml

WARNING: This is a BETA release, please use at your own risk!

RAxML-NG was called at 01-Mar-2020 19:10:38 as follows:

raxml-ng --msa TCTP_prot_linear_multi_sl25_prt_codonAlignment.fasta --prefix TCTP_prot_linear_multi_sl25_prt_codonAlignment --model GTR+G --seed 123 --bs-tree 100 --force

Analysis options:
  run mode: ML tree search
  start tree(s): random (10) + parsimony (10)
  random seed: 123
  tip-inner: OFF
  pattern compression: ON
  per-rate scalers: OFF
  site repeats: ON
  fast spr radius: AUTO
  spr subtree cutoff: 1.000000
  branch lengths: proportional (ML estimate, algorithm: NR-FAST)
  SIMD kernels: AVX2
  parallelization: PTHREADS (6 threads), thread pinning: OFF

WARNING: Running in FORCE mode: all safety checks are disabled!

[00:00:00] Reading alignment from file: TCTP_prot_linear_multi_sl25_prt_codonAlignment.fasta
[00:00:00] Loaded alignment with 92 taxa and 504 sites

Alignment comprises 1 partitions and 35 patterns

Partition 0: noname
Model: GTR+FO+G4m
Alignment sites / patterns: 504 / 35
Gaps: 0.00 %
Invariant sites: 93.65 %


NOTE: Binary MSA file created: TCTP_prot_linear_multi_sl25_prt_codonAlignment.raxml.rba

[00:00:00] Generating 10 random starting tree(s) with 92 taxa
[00:00:00] Generating 10 parsimony starting tree(s) with 92 taxa
[00:00:00] Data distribution: max. partitions/sites/weight per thread: 1 / 6 / 96

Starting ML tree search with 20 distinct starting trees

[00:00:03] ML tree search #1, logLikelihood: -1040.802467
[00:00:05] ML tree search #2, logLikelihood: -1039.742243
[00:00:07] ML tree search #3, logLikelihood: -1047.605146
[00:00:10] ML tree search #4, logLikelihood: -1040.802457
[00:00:12] ML tree search #5, logLikelihood: -1040.991371
[00:00:13] ML tree search #6, logLikelihood: -1040.802501
[00:00:15] ML tree search #7, logLikelihood: -1047.050623
[00:00:18] ML tree search #8, logLikelihood: -1040.335278
[00:00:20] ML tree search #9, logLikelihood: -1041.094459
[00:00:23] ML tree search #10, logLikelihood: -1039.742214
[00:00:23] ML tree search #11, logLikelihood: -1039.591287
[00:00:24] ML tree search #12, logLikelihood: -1039.591299
[00:00:26] ML tree search #13, logLikelihood: -1039.591285
[00:00:28] ML tree search #14, logLikelihood: -1040.802463
[00:00:29] ML tree search #15, logLikelihood: -1041.094449
[00:00:30] ML tree search #16, logLikelihood: -1039.591292
[00:00:30] ML tree search #17, logLikelihood: -1040.802462
[00:00:31] ML tree search #18, logLikelihood: -1040.802451
[00:00:32] ML tree search #19, logLikelihood: -1040.991352
[00:00:33] ML tree search #20, logLikelihood: -1039.591306

Optimized model parameters:

   Partition 0: noname
   Rate heterogeneity: GAMMA (4 cats, mean),  alpha: 0.020138 (ML),  weights&rates: (0.250000,0.000000) (0.250000,0.000000) (0.250000,0.000001) (0.250000,3.999999) 
   Base frequencies (ML): 0.277309 0.187477 0.253326 0.281888 
   Substitution rates (ML): 2.546151 4.702993 1.607678 1.527459 10.311072 1.000000 

Final LogLikelihood: -1039.591285

AIC score: 2459.182569 / AICc score: 2691.067553 / BIC score: 3261.472060
Free parameters (model + branch lengths): 190

Best ML tree saved to: /home/homma/Desktop/coding/github/pos_selection_pipeline/tomato_pipeline/pipeline/no_LOC/raxml-ng/TCTP_prot_linear_multi_sl25_prt_codonAlignment.raxml.bestTree
All ML trees saved to: /home/homma/Desktop/coding/github/pos_selection_pipeline/tomato_pipeline/pipeline/no_LOC/raxml-ng/TCTP_prot_linear_multi_sl25_prt_codonAlignment.raxml.mlTrees
Optimized model saved to: /home/homma/Desktop/coding/github/pos_selection_pipeline/tomato_pipeline/pipeline/no_LOC/raxml-ng/TCTP_prot_linear_multi_sl25_prt_codonAlignment.raxml.bestModel

Execution log saved to: /home/homma/Desktop/coding/github/pos_selection_pipeline/tomato_pipeline/pipeline/no_LOC/raxml-ng/TCTP_prot_linear_multi_sl25_prt_codonAlignment.raxml.log

Analysis started: 01-Mar-2020 19:10:38 / finished: 01-Mar-2020 19:11:12

Elapsed time: 33.238 seconds

