
RAxML-NG v. 0.8.1 BETA released on 05.03.2019 by The Exelixis Lab.
Authors: Alexey Kozlov, Alexandros Stamatakis, Diego Darriba, Tomas Flouri, Benoit Morel.
Latest version: https://github.com/amkozlov/raxml-ng
Questions/problems/suggestions? Please visit: https://groups.google.com/forum/#!forum/raxml

WARNING: This is a BETA release, please use at your own risk!

RAxML-NG was called at 01-Mar-2020 18:26:39 as follows:

raxml-ng --msa TFT3_prot_linear_multi_sl25_prt_codonAlignment.fasta --prefix TFT3_prot_linear_multi_sl25_prt_codonAlignment --model GTR+G --seed 123 --bs-tree 100 --force

Analysis options:
  run mode: ML tree search
  start tree(s): random (10) + parsimony (10)
  random seed: 123
  tip-inner: OFF
  pattern compression: ON
  per-rate scalers: OFF
  site repeats: ON
  fast spr radius: AUTO
  spr subtree cutoff: 1.000000
  branch lengths: proportional (ML estimate, algorithm: NR-FAST)
  SIMD kernels: AVX2
  parallelization: PTHREADS (6 threads), thread pinning: OFF

WARNING: Running in FORCE mode: all safety checks are disabled!

[00:00:00] Reading alignment from file: TFT3_prot_linear_multi_sl25_prt_codonAlignment.fasta
[00:00:00] Loaded alignment with 134 taxa and 777 sites

Alignment comprises 1 partitions and 23 patterns

Partition 0: noname
Model: GTR+FO+G4m
Alignment sites / patterns: 777 / 23
Gaps: 0.00 %
Invariant sites: 97.55 %


NOTE: Binary MSA file created: TFT3_prot_linear_multi_sl25_prt_codonAlignment.raxml.rba

[00:00:00] Generating 10 random starting tree(s) with 134 taxa
[00:00:00] Generating 10 parsimony starting tree(s) with 134 taxa
[00:00:00] Data distribution: max. partitions/sites/weight per thread: 1 / 4 / 64

Starting ML tree search with 20 distinct starting trees

[00:00:02] ML tree search #1, logLikelihood: -1294.547034
[00:00:06] ML tree search #2, logLikelihood: -1291.134950
[00:00:09] ML tree search #3, logLikelihood: -1289.400526
[00:00:13] ML tree search #4, logLikelihood: -1287.150016
[00:00:17] ML tree search #5, logLikelihood: -1287.149565
[00:00:21] ML tree search #6, logLikelihood: -1292.550190
[00:00:26] ML tree search #7, logLikelihood: -1291.134119
[00:00:29] ML tree search #8, logLikelihood: -1293.612792
[00:00:32] ML tree search #9, logLikelihood: -1293.445686
[00:00:36] ML tree search #10, logLikelihood: -1292.550164
[00:00:38] ML tree search #11, logLikelihood: -1289.111750
[00:00:40] ML tree search #12, logLikelihood: -1291.662189
[00:00:41] ML tree search #13, logLikelihood: -1293.087451
[00:00:42] ML tree search #14, logLikelihood: -1291.242890
[00:00:43] ML tree search #15, logLikelihood: -1293.506377
[00:00:45] ML tree search #16, logLikelihood: -1291.694525
[00:00:46] ML tree search #17, logLikelihood: -1293.463737
[00:00:47] ML tree search #18, logLikelihood: -1291.242200
[00:00:48] ML tree search #19, logLikelihood: -1293.500700
[00:00:51] ML tree search #20, logLikelihood: -1290.422440

Optimized model parameters:

   Partition 0: noname
   Rate heterogeneity: GAMMA (4 cats, mean),  alpha: 0.020122 (ML),  weights&rates: (0.250000,0.000000) (0.250000,0.000000) (0.250000,0.000001) (0.250000,3.999999) 
   Base frequencies (ML): 0.281899 0.211396 0.254743 0.251963 
   Substitution rates (ML): 97.115832 26.878154 58.620505 35.969172 991.883384 1.000000 

Final LogLikelihood: -1287.149565

AIC score: 3122.299130 / AICc score: 3422.498334 / BIC score: 4397.889786
Free parameters (model + branch lengths): 274

Best ML tree saved to: /home/homma/Desktop/coding/github/pos_selection_pipeline/tomato_pipeline/pipeline/no_LOC/raxml-ng/TFT3_prot_linear_multi_sl25_prt_codonAlignment.raxml.bestTree
All ML trees saved to: /home/homma/Desktop/coding/github/pos_selection_pipeline/tomato_pipeline/pipeline/no_LOC/raxml-ng/TFT3_prot_linear_multi_sl25_prt_codonAlignment.raxml.mlTrees
Optimized model saved to: /home/homma/Desktop/coding/github/pos_selection_pipeline/tomato_pipeline/pipeline/no_LOC/raxml-ng/TFT3_prot_linear_multi_sl25_prt_codonAlignment.raxml.bestModel

Execution log saved to: /home/homma/Desktop/coding/github/pos_selection_pipeline/tomato_pipeline/pipeline/no_LOC/raxml-ng/TFT3_prot_linear_multi_sl25_prt_codonAlignment.raxml.log

Analysis started: 01-Mar-2020 18:26:39 / finished: 01-Mar-2020 18:27:31

Elapsed time: 51.721 seconds

