
RAxML-NG v. 0.8.1 BETA released on 05.03.2019 by The Exelixis Lab.
Authors: Alexey Kozlov, Alexandros Stamatakis, Diego Darriba, Tomas Flouri, Benoit Morel.
Latest version: https://github.com/amkozlov/raxml-ng
Questions/problems/suggestions? Please visit: https://groups.google.com/forum/#!forum/raxml

WARNING: This is a BETA release, please use at your own risk!

RAxML-NG was called at 01-Mar-2020 18:55:03 as follows:

raxml-ng --msa tft9_prot_linear_multi_sl25_prt_codonAlignment.fasta --prefix tft9_prot_linear_multi_sl25_prt_codonAlignment --model GTR+G --seed 123 --bs-tree 100 --force

Analysis options:
  run mode: ML tree search
  start tree(s): random (10) + parsimony (10)
  random seed: 123
  tip-inner: OFF
  pattern compression: ON
  per-rate scalers: OFF
  site repeats: ON
  fast spr radius: AUTO
  spr subtree cutoff: 1.000000
  branch lengths: proportional (ML estimate, algorithm: NR-FAST)
  SIMD kernels: AVX2
  parallelization: PTHREADS (6 threads), thread pinning: OFF

WARNING: Running in FORCE mode: all safety checks are disabled!

[00:00:00] Reading alignment from file: tft9_prot_linear_multi_sl25_prt_codonAlignment.fasta
[00:00:00] Loaded alignment with 99 taxa and 783 sites

Alignment comprises 1 partitions and 28 patterns

Partition 0: noname
Model: GTR+FO+G4m
Alignment sites / patterns: 783 / 28
Gaps: 0.00 %
Invariant sites: 96.93 %


NOTE: Binary MSA file created: tft9_prot_linear_multi_sl25_prt_codonAlignment.raxml.rba

[00:00:00] Generating 10 random starting tree(s) with 99 taxa
[00:00:00] Generating 10 parsimony starting tree(s) with 99 taxa
[00:00:00] Data distribution: max. partitions/sites/weight per thread: 1 / 5 / 80

Starting ML tree search with 20 distinct starting trees

[00:00:01] ML tree search #1, logLikelihood: -1325.051760
[00:00:03] ML tree search #2, logLikelihood: -1325.677362
[00:00:05] ML tree search #3, logLikelihood: -1325.241872
[00:00:07] ML tree search #4, logLikelihood: -1325.051767
[00:00:09] ML tree search #5, logLikelihood: -1325.051773
[00:00:11] ML tree search #6, logLikelihood: -1325.306107
[00:00:13] ML tree search #7, logLikelihood: -1324.691970
[00:00:14] ML tree search #8, logLikelihood: -1325.241864
[00:00:16] ML tree search #9, logLikelihood: -1324.312846
[00:00:19] ML tree search #10, logLikelihood: -1325.241861
[00:00:19] ML tree search #11, logLikelihood: -1337.552605
[00:00:21] ML tree search #12, logLikelihood: -1329.443000
[00:00:22] ML tree search #13, logLikelihood: -1325.595771
[00:00:23] ML tree search #14, logLikelihood: -1326.595874
[00:00:25] ML tree search #15, logLikelihood: -1325.306115
[00:00:27] ML tree search #16, logLikelihood: -1326.166576
[00:00:29] ML tree search #17, logLikelihood: -1326.081565
[00:00:30] ML tree search #18, logLikelihood: -1324.550228
[00:00:31] ML tree search #19, logLikelihood: -1324.567938
[00:00:33] ML tree search #20, logLikelihood: -1326.355547

Optimized model parameters:

   Partition 0: noname
   Rate heterogeneity: GAMMA (4 cats, mean),  alpha: 0.020120 (ML),  weights&rates: (0.250000,0.000000) (0.250000,0.000000) (0.250000,0.000001) (0.250000,3.999999) 
   Base frequencies (ML): 0.304186 0.194146 0.249379 0.252290 
   Substitution rates (ML): 1.416835 1.924292 0.639541 0.323716 3.307089 1.000000 

Final LogLikelihood: -1324.312846

AIC score: 3056.625692 / AICc score: 3201.331575 / BIC score: 4007.904762
Free parameters (model + branch lengths): 204

Best ML tree saved to: /home/homma/Desktop/coding/github/pos_selection_pipeline/tomato_pipeline/pipeline/no_LOC/raxml-ng/tft9_prot_linear_multi_sl25_prt_codonAlignment.raxml.bestTree
All ML trees saved to: /home/homma/Desktop/coding/github/pos_selection_pipeline/tomato_pipeline/pipeline/no_LOC/raxml-ng/tft9_prot_linear_multi_sl25_prt_codonAlignment.raxml.mlTrees
Optimized model saved to: /home/homma/Desktop/coding/github/pos_selection_pipeline/tomato_pipeline/pipeline/no_LOC/raxml-ng/tft9_prot_linear_multi_sl25_prt_codonAlignment.raxml.bestModel

Execution log saved to: /home/homma/Desktop/coding/github/pos_selection_pipeline/tomato_pipeline/pipeline/no_LOC/raxml-ng/tft9_prot_linear_multi_sl25_prt_codonAlignment.raxml.log

Analysis started: 01-Mar-2020 18:55:03 / finished: 01-Mar-2020 18:55:36

Elapsed time: 33.249 seconds

