
RAxML-NG v. 0.8.1 BETA released on 05.03.2019 by The Exelixis Lab.
Authors: Alexey Kozlov, Alexandros Stamatakis, Diego Darriba, Tomas Flouri, Benoit Morel.
Latest version: https://github.com/amkozlov/raxml-ng
Questions/problems/suggestions? Please visit: https://groups.google.com/forum/#!forum/raxml

WARNING: This is a BETA release, please use at your own risk!

RAxML-NG was called at 01-Mar-2020 19:06:36 as follows:

raxml-ng --msa THIC_prot_linear_multi_sl25_prt_codonAlignment.fasta --prefix THIC_prot_linear_multi_sl25_prt_codonAlignment --model GTR+G --seed 123 --bs-tree 100 --force

Analysis options:
  run mode: ML tree search
  start tree(s): random (10) + parsimony (10)
  random seed: 123
  tip-inner: OFF
  pattern compression: ON
  per-rate scalers: OFF
  site repeats: ON
  fast spr radius: AUTO
  spr subtree cutoff: 1.000000
  branch lengths: proportional (ML estimate, algorithm: NR-FAST)
  SIMD kernels: AVX2
  parallelization: PTHREADS (6 threads), thread pinning: OFF

WARNING: Running in FORCE mode: all safety checks are disabled!

[00:00:00] Reading alignment from file: THIC_prot_linear_multi_sl25_prt_codonAlignment.fasta
[00:00:00] Loaded alignment with 83 taxa and 1947 sites

Alignment comprises 1 partitions and 102 patterns

Partition 0: noname
Model: GTR+FO+G4m
Alignment sites / patterns: 1947 / 102
Gaps: 0.00 %
Invariant sites: 94.35 %


NOTE: Binary MSA file created: THIC_prot_linear_multi_sl25_prt_codonAlignment.raxml.rba

[00:00:00] Generating 10 random starting tree(s) with 83 taxa
[00:00:00] Generating 10 parsimony starting tree(s) with 83 taxa
[00:00:00] Data distribution: max. partitions/sites/weight per thread: 1 / 17 / 272

Starting ML tree search with 20 distinct starting trees

[00:00:02] ML tree search #1, logLikelihood: -4087.793749
[00:00:04] ML tree search #2, logLikelihood: -4080.008272
[00:00:06] ML tree search #3, logLikelihood: -4084.040342
[00:00:08] ML tree search #4, logLikelihood: -4086.564400
[00:00:10] ML tree search #5, logLikelihood: -4100.578105
[00:00:14] ML tree search #6, logLikelihood: -4083.250788
[00:00:17] ML tree search #7, logLikelihood: -4084.016737
[00:00:20] ML tree search #8, logLikelihood: -4080.872890
[00:00:22] ML tree search #9, logLikelihood: -4084.182575
[00:00:26] ML tree search #10, logLikelihood: -4078.058827
[00:00:27] ML tree search #11, logLikelihood: -4084.037511
[00:00:29] ML tree search #12, logLikelihood: -4086.900777
[00:00:31] ML tree search #13, logLikelihood: -4087.010887
[00:00:35] ML tree search #14, logLikelihood: -4080.008618
[00:00:36] ML tree search #15, logLikelihood: -4082.099875
[00:00:40] ML tree search #16, logLikelihood: -4082.953738
[00:00:42] ML tree search #17, logLikelihood: -4081.983673
[00:00:43] ML tree search #18, logLikelihood: -4090.067978
[00:00:45] ML tree search #19, logLikelihood: -4083.159313
[00:00:47] ML tree search #20, logLikelihood: -4084.097276

Optimized model parameters:

   Partition 0: noname
   Rate heterogeneity: GAMMA (4 cats, mean),  alpha: 0.020128 (ML),  weights&rates: (0.250000,0.000000) (0.250000,0.000000) (0.250000,0.000001) (0.250000,3.999999) 
   Base frequencies (ML): 0.299531 0.205957 0.240089 0.254422 
   Substitution rates (ML): 0.837168 3.733606 1.416147 0.309315 6.371376 1.000000 

Final LogLikelihood: -4078.058827

AIC score: 8500.117653 / AICc score: 8533.664440 / BIC score: 9458.853394
Free parameters (model + branch lengths): 172

Best ML tree saved to: /home/homma/Desktop/coding/github/pos_selection_pipeline/tomato_pipeline/pipeline/no_LOC/raxml-ng/THIC_prot_linear_multi_sl25_prt_codonAlignment.raxml.bestTree
All ML trees saved to: /home/homma/Desktop/coding/github/pos_selection_pipeline/tomato_pipeline/pipeline/no_LOC/raxml-ng/THIC_prot_linear_multi_sl25_prt_codonAlignment.raxml.mlTrees
Optimized model saved to: /home/homma/Desktop/coding/github/pos_selection_pipeline/tomato_pipeline/pipeline/no_LOC/raxml-ng/THIC_prot_linear_multi_sl25_prt_codonAlignment.raxml.bestModel

Execution log saved to: /home/homma/Desktop/coding/github/pos_selection_pipeline/tomato_pipeline/pipeline/no_LOC/raxml-ng/THIC_prot_linear_multi_sl25_prt_codonAlignment.raxml.log

Analysis started: 01-Mar-2020 19:06:36 / finished: 01-Mar-2020 19:07:24

Elapsed time: 47.157 seconds

