
RAxML-NG v. 0.8.1 BETA released on 05.03.2019 by The Exelixis Lab.
Authors: Alexey Kozlov, Alexandros Stamatakis, Diego Darriba, Tomas Flouri, Benoit Morel.
Latest version: https://github.com/amkozlov/raxml-ng
Questions/problems/suggestions? Please visit: https://groups.google.com/forum/#!forum/raxml

WARNING: This is a BETA release, please use at your own risk!

RAxML-NG was called at 01-Mar-2020 18:57:21 as follows:

raxml-ng --msa TMP1_prot_linear_multi_sl25_prt_codonAlignment.fasta --prefix TMP1_prot_linear_multi_sl25_prt_codonAlignment --model GTR+G --seed 123 --bs-tree 100 --force

Analysis options:
  run mode: ML tree search
  start tree(s): random (10) + parsimony (10)
  random seed: 123
  tip-inner: OFF
  pattern compression: ON
  per-rate scalers: OFF
  site repeats: ON
  fast spr radius: AUTO
  spr subtree cutoff: 1.000000
  branch lengths: proportional (ML estimate, algorithm: NR-FAST)
  SIMD kernels: AVX2
  parallelization: PTHREADS (6 threads), thread pinning: OFF

WARNING: Running in FORCE mode: all safety checks are disabled!

[00:00:00] Reading alignment from file: TMP1_prot_linear_multi_sl25_prt_codonAlignment.fasta
[00:00:00] Loaded alignment with 97 taxa and 1092 sites

Alignment comprises 1 partitions and 69 patterns

Partition 0: noname
Model: GTR+FO+G4m
Alignment sites / patterns: 1092 / 69
Gaps: 0.05 %
Invariant sites: 94.51 %


NOTE: Binary MSA file created: TMP1_prot_linear_multi_sl25_prt_codonAlignment.raxml.rba

[00:00:00] Generating 10 random starting tree(s) with 97 taxa
[00:00:00] Generating 10 parsimony starting tree(s) with 97 taxa
[00:00:00] Data distribution: max. partitions/sites/weight per thread: 1 / 12 / 192

Starting ML tree search with 20 distinct starting trees

[00:00:02] ML tree search #1, logLikelihood: -2285.648139
[00:00:04] ML tree search #2, logLikelihood: -2290.390062
[00:00:07] ML tree search #3, logLikelihood: -2295.233095
[00:00:10] ML tree search #4, logLikelihood: -2296.916851
[00:00:13] ML tree search #5, logLikelihood: -2291.152864
[00:00:17] ML tree search #6, logLikelihood: -2283.562313
[00:00:19] ML tree search #7, logLikelihood: -2312.021452
[00:00:21] ML tree search #8, logLikelihood: -2282.768256
[00:00:24] ML tree search #9, logLikelihood: -2282.768250
[00:00:27] ML tree search #10, logLikelihood: -2284.731285
[00:00:28] ML tree search #11, logLikelihood: -2293.398474
[00:00:30] ML tree search #12, logLikelihood: -2285.648264
[00:00:31] ML tree search #13, logLikelihood: -2290.972836
[00:00:32] ML tree search #14, logLikelihood: -2282.768275
[00:00:33] ML tree search #15, logLikelihood: -2290.011175
[00:00:35] ML tree search #16, logLikelihood: -2285.087711
[00:00:36] ML tree search #17, logLikelihood: -2293.867481
[00:00:37] ML tree search #18, logLikelihood: -2282.768279
[00:00:38] ML tree search #19, logLikelihood: -2282.768342
[00:00:39] ML tree search #20, logLikelihood: -2310.701690

Optimized model parameters:

   Partition 0: noname
   Rate heterogeneity: GAMMA (4 cats, mean),  alpha: 0.020125 (ML),  weights&rates: (0.250000,0.000000) (0.250000,0.000000) (0.250000,0.000001) (0.250000,3.999999) 
   Base frequencies (ML): 0.277809 0.217806 0.216177 0.288209 
   Substitution rates (ML): 0.549066 1.867467 0.988164 1.422604 3.049022 1.000000 

Final LogLikelihood: -2282.768250

AIC score: 4965.536499 / AICc score: 5055.772190 / BIC score: 5964.689731
Free parameters (model + branch lengths): 200

Best ML tree saved to: /home/homma/Desktop/coding/github/pos_selection_pipeline/tomato_pipeline/pipeline/no_LOC/raxml-ng/TMP1_prot_linear_multi_sl25_prt_codonAlignment.raxml.bestTree
All ML trees saved to: /home/homma/Desktop/coding/github/pos_selection_pipeline/tomato_pipeline/pipeline/no_LOC/raxml-ng/TMP1_prot_linear_multi_sl25_prt_codonAlignment.raxml.mlTrees
Optimized model saved to: /home/homma/Desktop/coding/github/pos_selection_pipeline/tomato_pipeline/pipeline/no_LOC/raxml-ng/TMP1_prot_linear_multi_sl25_prt_codonAlignment.raxml.bestModel

Execution log saved to: /home/homma/Desktop/coding/github/pos_selection_pipeline/tomato_pipeline/pipeline/no_LOC/raxml-ng/TMP1_prot_linear_multi_sl25_prt_codonAlignment.raxml.log

Analysis started: 01-Mar-2020 18:57:21 / finished: 01-Mar-2020 18:58:01

Elapsed time: 39.980 seconds

