
RAxML-NG v. 0.8.1 BETA released on 05.03.2019 by The Exelixis Lab.
Authors: Alexey Kozlov, Alexandros Stamatakis, Diego Darriba, Tomas Flouri, Benoit Morel.
Latest version: https://github.com/amkozlov/raxml-ng
Questions/problems/suggestions? Please visit: https://groups.google.com/forum/#!forum/raxml

WARNING: This is a BETA release, please use at your own risk!

RAxML-NG was called at 01-Mar-2020 19:12:54 as follows:

raxml-ng --msa TomloxC_prot_linear_multi_sl25_prt_codonAlignment.fasta --prefix TomloxC_prot_linear_multi_sl25_prt_codonAlignment --model GTR+G --seed 123 --bs-tree 100 --force

Analysis options:
  run mode: ML tree search
  start tree(s): random (10) + parsimony (10)
  random seed: 123
  tip-inner: OFF
  pattern compression: ON
  per-rate scalers: OFF
  site repeats: ON
  fast spr radius: AUTO
  spr subtree cutoff: 1.000000
  branch lengths: proportional (ML estimate, algorithm: NR-FAST)
  SIMD kernels: AVX2
  parallelization: PTHREADS (6 threads), thread pinning: OFF

WARNING: Running in FORCE mode: all safety checks are disabled!

[00:00:00] Reading alignment from file: TomloxC_prot_linear_multi_sl25_prt_codonAlignment.fasta
[00:00:00] Loaded alignment with 122 taxa and 2688 sites

Alignment comprises 1 partitions and 163 patterns

Partition 0: noname
Model: GTR+FO+G4m
Alignment sites / patterns: 2688 / 163
Gaps: 0.00 %
Invariant sites: 93.68 %


NOTE: Binary MSA file created: TomloxC_prot_linear_multi_sl25_prt_codonAlignment.raxml.rba

[00:00:00] Generating 10 random starting tree(s) with 122 taxa
[00:00:00] Generating 10 parsimony starting tree(s) with 122 taxa
[00:00:00] Data distribution: max. partitions/sites/weight per thread: 1 / 28 / 448

Starting ML tree search with 20 distinct starting trees

[00:00:06] ML tree search #1, logLikelihood: -7475.949463
[00:00:14] ML tree search #2, logLikelihood: -7478.528691
[00:00:23] ML tree search #3, logLikelihood: -7477.270414
[00:00:32] ML tree search #4, logLikelihood: -7477.232440
[00:00:39] ML tree search #5, logLikelihood: -7461.497158
[00:00:56] ML tree search #6, logLikelihood: -7470.020520
[00:01:05] ML tree search #7, logLikelihood: -7506.191678
[00:01:13] ML tree search #8, logLikelihood: -7482.891188
[00:01:21] ML tree search #9, logLikelihood: -7481.900791
[00:01:33] ML tree search #10, logLikelihood: -7479.629579
[00:01:37] ML tree search #11, logLikelihood: -7491.944789
[00:01:44] ML tree search #12, logLikelihood: -7462.920909
[00:01:49] ML tree search #13, logLikelihood: -7460.804083
[00:01:53] ML tree search #14, logLikelihood: -7498.135182
[00:01:59] ML tree search #15, logLikelihood: -7506.037161
[00:02:04] ML tree search #16, logLikelihood: -7480.117240
[00:02:09] ML tree search #17, logLikelihood: -7503.107355
[00:02:15] ML tree search #18, logLikelihood: -7474.996566
[00:02:24] ML tree search #19, logLikelihood: -7477.828540
[00:02:28] ML tree search #20, logLikelihood: -7468.844040

Optimized model parameters:

   Partition 0: noname
   Rate heterogeneity: GAMMA (4 cats, mean),  alpha: 0.020138 (ML),  weights&rates: (0.250000,0.000000) (0.250000,0.000000) (0.250000,0.000001) (0.250000,3.999999) 
   Base frequencies (ML): 0.327648 0.167093 0.210449 0.294809 
   Substitution rates (ML): 3.839873 4.910117 3.396876 1.559713 8.213469 1.000000 

Final LogLikelihood: -7460.804083

AIC score: 15421.608167 / AICc score: 15473.105910 / BIC score: 16895.746342
Free parameters (model + branch lengths): 250

Best ML tree saved to: /home/homma/Desktop/coding/github/pos_selection_pipeline/tomato_pipeline/pipeline/no_LOC/raxml-ng/TomloxC_prot_linear_multi_sl25_prt_codonAlignment.raxml.bestTree
All ML trees saved to: /home/homma/Desktop/coding/github/pos_selection_pipeline/tomato_pipeline/pipeline/no_LOC/raxml-ng/TomloxC_prot_linear_multi_sl25_prt_codonAlignment.raxml.mlTrees
Optimized model saved to: /home/homma/Desktop/coding/github/pos_selection_pipeline/tomato_pipeline/pipeline/no_LOC/raxml-ng/TomloxC_prot_linear_multi_sl25_prt_codonAlignment.raxml.bestModel

Execution log saved to: /home/homma/Desktop/coding/github/pos_selection_pipeline/tomato_pipeline/pipeline/no_LOC/raxml-ng/TomloxC_prot_linear_multi_sl25_prt_codonAlignment.raxml.log

Analysis started: 01-Mar-2020 19:12:54 / finished: 01-Mar-2020 19:15:23

Elapsed time: 148.856 seconds

