
RAxML-NG v. 0.8.1 BETA released on 05.03.2019 by The Exelixis Lab.
Authors: Alexey Kozlov, Alexandros Stamatakis, Diego Darriba, Tomas Flouri, Benoit Morel.
Latest version: https://github.com/amkozlov/raxml-ng
Questions/problems/suggestions? Please visit: https://groups.google.com/forum/#!forum/raxml

WARNING: This is a BETA release, please use at your own risk!

RAxML-NG was called at 01-Mar-2020 19:11:12 as follows:

raxml-ng --msa ubi3_inference_similar_to_AA_sequence__same_species__RefSeq_NP_001333335_1_prot_linear_multi_sl25_prt_codonAlignment.fasta --prefix ubi3_inference_similar_to_AA_sequence__same_species__RefSeq_NP_001333335_1_prot_linear_multi_sl25_prt_codonAlignment --model GTR+G --seed 123 --bs-tree 100 --force

Analysis options:
  run mode: ML tree search
  start tree(s): random (10) + parsimony (10)
  random seed: 123
  tip-inner: OFF
  pattern compression: ON
  per-rate scalers: OFF
  site repeats: ON
  fast spr radius: AUTO
  spr subtree cutoff: 1.000000
  branch lengths: proportional (ML estimate, algorithm: NR-FAST)
  SIMD kernels: AVX2
  parallelization: PTHREADS (6 threads), thread pinning: OFF

WARNING: Running in FORCE mode: all safety checks are disabled!

[00:00:00] Reading alignment from file: ubi3_inference_similar_to_AA_sequence__same_species__RefSeq_NP_001333335_1_prot_linear_multi_sl25_prt_codonAlignment.fasta
[00:00:00] Loaded alignment with 60 taxa and 468 sites

Alignment comprises 1 partitions and 20 patterns

Partition 0: noname
Model: GTR+FO+G4m
Alignment sites / patterns: 468 / 20
Gaps: 0.00 %
Invariant sites: 96.58 %


NOTE: Binary MSA file created: ubi3_inference_similar_to_AA_sequence__same_species__RefSeq_NP_001333335_1_prot_linear_multi_sl25_prt_codonAlignment.raxml.rba

[00:00:00] Generating 10 random starting tree(s) with 60 taxa
[00:00:00] Generating 10 parsimony starting tree(s) with 60 taxa
[00:00:00] Data distribution: max. partitions/sites/weight per thread: 1 / 4 / 64

Starting ML tree search with 20 distinct starting trees

[00:00:00] ML tree search #1, logLikelihood: -788.733539
[00:00:01] ML tree search #2, logLikelihood: -788.753985
[00:00:01] ML tree search #3, logLikelihood: -788.755094
[00:00:02] ML tree search #4, logLikelihood: -788.724732
[00:00:03] ML tree search #5, logLikelihood: -788.725485
[00:00:03] ML tree search #6, logLikelihood: -788.774212
[00:00:04] ML tree search #7, logLikelihood: -788.758013
[00:00:04] ML tree search #8, logLikelihood: -785.901869
[00:00:05] ML tree search #9, logLikelihood: -785.879286
[00:00:05] ML tree search #10, logLikelihood: -788.756848
[00:00:06] ML tree search #11, logLikelihood: -785.869987
[00:00:07] ML tree search #12, logLikelihood: -785.879252
[00:00:08] ML tree search #13, logLikelihood: -785.901876
[00:00:08] ML tree search #14, logLikelihood: -785.869989
[00:00:09] ML tree search #15, logLikelihood: -785.902014
[00:00:09] ML tree search #16, logLikelihood: -785.901873
[00:00:10] ML tree search #17, logLikelihood: -785.910429
[00:00:11] ML tree search #18, logLikelihood: -785.879379
[00:00:11] ML tree search #19, logLikelihood: -787.554450
[00:00:11] ML tree search #20, logLikelihood: -785.869992

Optimized model parameters:

   Partition 0: noname
   Rate heterogeneity: GAMMA (4 cats, mean),  alpha: 0.020121 (ML),  weights&rates: (0.250000,0.000000) (0.250000,0.000000) (0.250000,0.000001) (0.250000,3.999999) 
   Base frequencies (ML): 0.286060 0.231003 0.263166 0.219771 
   Substitution rates (ML): 0.001000 6.175216 0.001000 0.933955 13.090513 1.000000 

Final LogLikelihood: -785.869987

AIC score: 1823.739973 / AICc score: 1917.593346 / BIC score: 2346.446979
Free parameters (model + branch lengths): 126

Best ML tree saved to: /home/homma/Desktop/coding/github/pos_selection_pipeline/tomato_pipeline/pipeline/no_LOC/raxml-ng/ubi3_inference_similar_to_AA_sequence__same_species__RefSeq_NP_001333335_1_prot_linear_multi_sl25_prt_codonAlignment.raxml.bestTree
All ML trees saved to: /home/homma/Desktop/coding/github/pos_selection_pipeline/tomato_pipeline/pipeline/no_LOC/raxml-ng/ubi3_inference_similar_to_AA_sequence__same_species__RefSeq_NP_001333335_1_prot_linear_multi_sl25_prt_codonAlignment.raxml.mlTrees
Optimized model saved to: /home/homma/Desktop/coding/github/pos_selection_pipeline/tomato_pipeline/pipeline/no_LOC/raxml-ng/ubi3_inference_similar_to_AA_sequence__same_species__RefSeq_NP_001333335_1_prot_linear_multi_sl25_prt_codonAlignment.raxml.bestModel

Execution log saved to: /home/homma/Desktop/coding/github/pos_selection_pipeline/tomato_pipeline/pipeline/no_LOC/raxml-ng/ubi3_inference_similar_to_AA_sequence__same_species__RefSeq_NP_001333335_1_prot_linear_multi_sl25_prt_codonAlignment.raxml.log

Analysis started: 01-Mar-2020 19:11:12 / finished: 01-Mar-2020 19:11:24

Elapsed time: 11.957 seconds

