
RAxML-NG v. 0.8.1 BETA released on 05.03.2019 by The Exelixis Lab.
Authors: Alexey Kozlov, Alexandros Stamatakis, Diego Darriba, Tomas Flouri, Benoit Morel.
Latest version: https://github.com/amkozlov/raxml-ng
Questions/problems/suggestions? Please visit: https://groups.google.com/forum/#!forum/raxml

WARNING: This is a BETA release, please use at your own risk!

RAxML-NG was called at 01-Mar-2020 18:42:10 as follows:

raxml-ng --msa ubq1-1_prot_linear_multi_sl25_prt_codonAlignment.fasta --prefix ubq1-1_prot_linear_multi_sl25_prt_codonAlignment --model GTR+G --seed 123 --bs-tree 100 --force

Analysis options:
  run mode: ML tree search
  start tree(s): random (10) + parsimony (10)
  random seed: 123
  tip-inner: OFF
  pattern compression: ON
  per-rate scalers: OFF
  site repeats: ON
  fast spr radius: AUTO
  spr subtree cutoff: 1.000000
  branch lengths: proportional (ML estimate, algorithm: NR-FAST)
  SIMD kernels: AVX2
  parallelization: PTHREADS (6 threads), thread pinning: OFF

WARNING: Running in FORCE mode: all safety checks are disabled!

[00:00:00] Reading alignment from file: ubq1-1_prot_linear_multi_sl25_prt_codonAlignment.fasta
[00:00:00] Loaded alignment with 118 taxa and 1602 sites

Alignment comprises 1 partitions and 78 patterns

Partition 0: noname
Model: GTR+FO+G4m
Alignment sites / patterns: 1602 / 78
Gaps: 0.01 %
Invariant sites: 94.57 %


NOTE: Binary MSA file created: ubq1-1_prot_linear_multi_sl25_prt_codonAlignment.raxml.rba

[00:00:00] Generating 10 random starting tree(s) with 118 taxa
[00:00:00] Generating 10 parsimony starting tree(s) with 118 taxa
[00:00:00] Data distribution: max. partitions/sites/weight per thread: 1 / 13 / 208

Starting ML tree search with 20 distinct starting trees

[00:00:06] ML tree search #1, logLikelihood: -3130.678011
[00:00:12] ML tree search #2, logLikelihood: -3132.845298
[00:00:17] ML tree search #3, logLikelihood: -3131.143961
[00:00:21] ML tree search #4, logLikelihood: -3133.194751
[00:00:24] ML tree search #5, logLikelihood: -3132.810154
[00:00:29] ML tree search #6, logLikelihood: -3131.380994
[00:00:32] ML tree search #7, logLikelihood: -3130.981492
[00:00:36] ML tree search #8, logLikelihood: -3133.160452
[00:00:39] ML tree search #9, logLikelihood: -3133.235611
[00:00:41] ML tree search #10, logLikelihood: -3132.739038
[00:00:43] ML tree search #11, logLikelihood: -3131.007503
[00:00:46] ML tree search #12, logLikelihood: -3132.334436
[00:00:48] ML tree search #13, logLikelihood: -3133.005771
[00:00:50] ML tree search #14, logLikelihood: -3135.769098
[00:00:53] ML tree search #15, logLikelihood: -3142.052923
[00:00:56] ML tree search #16, logLikelihood: -3130.562118
[00:00:57] ML tree search #17, logLikelihood: -3137.542920
[00:01:00] ML tree search #18, logLikelihood: -3134.547833
[00:01:02] ML tree search #19, logLikelihood: -3130.562057
[00:01:04] ML tree search #20, logLikelihood: -3135.172213

Optimized model parameters:

   Partition 0: noname
   Rate heterogeneity: GAMMA (4 cats, mean),  alpha: 0.020122 (ML),  weights&rates: (0.250000,0.000000) (0.250000,0.000000) (0.250000,0.000001) (0.250000,3.999999) 
   Base frequencies (ML): 0.307756 0.204815 0.246327 0.241102 
   Substitution rates (ML): 2.022313 4.567920 0.464873 2.287018 15.971049 1.000000 

Final LogLikelihood: -3130.562057

AIC score: 6745.124113 / AICc score: 6831.667160 / BIC score: 8046.844080
Free parameters (model + branch lengths): 242

Best ML tree saved to: /home/homma/Desktop/coding/github/pos_selection_pipeline/tomato_pipeline/pipeline/no_LOC/raxml-ng/ubq1-1_prot_linear_multi_sl25_prt_codonAlignment.raxml.bestTree
All ML trees saved to: /home/homma/Desktop/coding/github/pos_selection_pipeline/tomato_pipeline/pipeline/no_LOC/raxml-ng/ubq1-1_prot_linear_multi_sl25_prt_codonAlignment.raxml.mlTrees
Optimized model saved to: /home/homma/Desktop/coding/github/pos_selection_pipeline/tomato_pipeline/pipeline/no_LOC/raxml-ng/ubq1-1_prot_linear_multi_sl25_prt_codonAlignment.raxml.bestModel

Execution log saved to: /home/homma/Desktop/coding/github/pos_selection_pipeline/tomato_pipeline/pipeline/no_LOC/raxml-ng/ubq1-1_prot_linear_multi_sl25_prt_codonAlignment.raxml.log

Analysis started: 01-Mar-2020 18:42:10 / finished: 01-Mar-2020 18:43:14

Elapsed time: 64.824 seconds

