
RAxML-NG v. 0.8.1 BETA released on 05.03.2019 by The Exelixis Lab.
Authors: Alexey Kozlov, Alexandros Stamatakis, Diego Darriba, Tomas Flouri, Benoit Morel.
Latest version: https://github.com/amkozlov/raxml-ng
Questions/problems/suggestions? Please visit: https://groups.google.com/forum/#!forum/raxml

WARNING: This is a BETA release, please use at your own risk!

RAxML-NG was called at 01-Mar-2020 18:13:12 as follows:

raxml-ng --msa XET2_prot_linear_multi_sl25_prt_codonAlignment.fasta --prefix XET2_prot_linear_multi_sl25_prt_codonAlignment --model GTR+G --seed 123 --bs-tree 100 --force

Analysis options:
  run mode: ML tree search
  start tree(s): random (10) + parsimony (10)
  random seed: 123
  tip-inner: OFF
  pattern compression: ON
  per-rate scalers: OFF
  site repeats: ON
  fast spr radius: AUTO
  spr subtree cutoff: 1.000000
  branch lengths: proportional (ML estimate, algorithm: NR-FAST)
  SIMD kernels: AVX2
  parallelization: PTHREADS (6 threads), thread pinning: OFF

WARNING: Running in FORCE mode: all safety checks are disabled!

[00:00:00] Reading alignment from file: XET2_prot_linear_multi_sl25_prt_codonAlignment.fasta
[00:00:00] Loaded alignment with 101 taxa and 825 sites

Alignment comprises 1 partitions and 42 patterns

Partition 0: noname
Model: GTR+FO+G4m
Alignment sites / patterns: 825 / 42
Gaps: 0.00 %
Invariant sites: 95.15 %


NOTE: Binary MSA file created: XET2_prot_linear_multi_sl25_prt_codonAlignment.raxml.rba

[00:00:00] Generating 10 random starting tree(s) with 101 taxa
[00:00:00] Generating 10 parsimony starting tree(s) with 101 taxa
[00:00:00] Data distribution: max. partitions/sites/weight per thread: 1 / 7 / 112

Starting ML tree search with 20 distinct starting trees

[00:00:02] ML tree search #1, logLikelihood: -1560.461422
[00:00:04] ML tree search #2, logLikelihood: -1557.826563
[00:00:07] ML tree search #3, logLikelihood: -1568.122190
[00:00:10] ML tree search #4, logLikelihood: -1560.793034
[00:00:12] ML tree search #5, logLikelihood: -1560.331003
[00:00:15] ML tree search #6, logLikelihood: -1560.861686
[00:00:17] ML tree search #7, logLikelihood: -1557.899088
[00:00:19] ML tree search #8, logLikelihood: -1561.024366
[00:00:22] ML tree search #9, logLikelihood: -1560.047124
[00:00:25] ML tree search #10, logLikelihood: -1561.645507
[00:00:26] ML tree search #11, logLikelihood: -1565.204524
[00:00:28] ML tree search #12, logLikelihood: -1566.245748
[00:00:29] ML tree search #13, logLikelihood: -1563.951396
[00:00:31] ML tree search #14, logLikelihood: -1565.401248
[00:00:34] ML tree search #15, logLikelihood: -1561.136603
[00:00:37] ML tree search #16, logLikelihood: -1569.598234
[00:00:39] ML tree search #17, logLikelihood: -1562.552645
[00:00:40] ML tree search #18, logLikelihood: -1561.464129
[00:00:42] ML tree search #19, logLikelihood: -1560.934536
[00:00:44] ML tree search #20, logLikelihood: -1560.295405

Optimized model parameters:

   Partition 0: noname
   Rate heterogeneity: GAMMA (4 cats, mean),  alpha: 0.020132 (ML),  weights&rates: (0.250000,0.000000) (0.250000,0.000000) (0.250000,0.000001) (0.250000,3.999999) 
   Base frequencies (ML): 0.313133 0.183224 0.196965 0.306678 
   Substitution rates (ML): 0.535599 4.871253 1.494782 2.098121 5.727398 1.000000 

Final LogLikelihood: -1557.826563

AIC score: 3531.653126 / AICc score: 3672.795983 / BIC score: 4512.452870
Free parameters (model + branch lengths): 208

Best ML tree saved to: /home/homma/Desktop/coding/github/pos_selection_pipeline/tomato_pipeline/pipeline/no_LOC/raxml-ng/XET2_prot_linear_multi_sl25_prt_codonAlignment.raxml.bestTree
All ML trees saved to: /home/homma/Desktop/coding/github/pos_selection_pipeline/tomato_pipeline/pipeline/no_LOC/raxml-ng/XET2_prot_linear_multi_sl25_prt_codonAlignment.raxml.mlTrees
Optimized model saved to: /home/homma/Desktop/coding/github/pos_selection_pipeline/tomato_pipeline/pipeline/no_LOC/raxml-ng/XET2_prot_linear_multi_sl25_prt_codonAlignment.raxml.bestModel

Execution log saved to: /home/homma/Desktop/coding/github/pos_selection_pipeline/tomato_pipeline/pipeline/no_LOC/raxml-ng/XET2_prot_linear_multi_sl25_prt_codonAlignment.raxml.log

Analysis started: 01-Mar-2020 18:13:12 / finished: 01-Mar-2020 18:13:56

Elapsed time: 44.292 seconds

