
RAxML-NG v. 0.8.1 BETA released on 05.03.2019 by The Exelixis Lab.
Authors: Alexey Kozlov, Alexandros Stamatakis, Diego Darriba, Tomas Flouri, Benoit Morel.
Latest version: https://github.com/amkozlov/raxml-ng
Questions/problems/suggestions? Please visit: https://groups.google.com/forum/#!forum/raxml

WARNING: This is a BETA release, please use at your own risk!

RAxML-NG was called at 01-Mar-2020 18:14:38 as follows:

raxml-ng --msa XET4_prot_linear_multi_sl25_prt_codonAlignment.fasta --prefix XET4_prot_linear_multi_sl25_prt_codonAlignment --model GTR+G --seed 123 --bs-tree 100 --force

Analysis options:
  run mode: ML tree search
  start tree(s): random (10) + parsimony (10)
  random seed: 123
  tip-inner: OFF
  pattern compression: ON
  per-rate scalers: OFF
  site repeats: ON
  fast spr radius: AUTO
  spr subtree cutoff: 1.000000
  branch lengths: proportional (ML estimate, algorithm: NR-FAST)
  SIMD kernels: AVX2
  parallelization: PTHREADS (6 threads), thread pinning: OFF

WARNING: Running in FORCE mode: all safety checks are disabled!

[00:00:00] Reading alignment from file: XET4_prot_linear_multi_sl25_prt_codonAlignment.fasta
[00:00:00] Loaded alignment with 125 taxa and 885 sites

Alignment comprises 1 partitions and 57 patterns

Partition 0: noname
Model: GTR+FO+G4m
Alignment sites / patterns: 885 / 57
Gaps: 0.01 %
Invariant sites: 93.33 %


NOTE: Binary MSA file created: XET4_prot_linear_multi_sl25_prt_codonAlignment.raxml.rba

[00:00:00] Generating 10 random starting tree(s) with 125 taxa
[00:00:00] Generating 10 parsimony starting tree(s) with 125 taxa
[00:00:00] Data distribution: max. partitions/sites/weight per thread: 1 / 10 / 160

Starting ML tree search with 20 distinct starting trees

[00:00:02] ML tree search #1, logLikelihood: -1775.790828
[00:00:05] ML tree search #2, logLikelihood: -1791.478727
[00:00:07] ML tree search #3, logLikelihood: -1779.453390
[00:00:10] ML tree search #4, logLikelihood: -1797.729765
[00:00:14] ML tree search #5, logLikelihood: -1774.469025
[00:00:17] ML tree search #6, logLikelihood: -1775.790885
[00:00:21] ML tree search #7, logLikelihood: -1786.530089
[00:00:23] ML tree search #8, logLikelihood: -1783.224134
[00:00:27] ML tree search #9, logLikelihood: -1779.453322
[00:00:29] ML tree search #10, logLikelihood: -1794.529927
[00:00:31] ML tree search #11, logLikelihood: -1780.779014
[00:00:33] ML tree search #12, logLikelihood: -1783.744612
[00:00:35] ML tree search #13, logLikelihood: -1780.834733
[00:00:36] ML tree search #14, logLikelihood: -1775.790866
[00:00:39] ML tree search #15, logLikelihood: -1781.836314
[00:00:40] ML tree search #16, logLikelihood: -1786.238629
[00:00:42] ML tree search #17, logLikelihood: -1784.654361
[00:00:43] ML tree search #18, logLikelihood: -1780.239623
[00:00:44] ML tree search #19, logLikelihood: -1790.236945
[00:00:46] ML tree search #20, logLikelihood: -1774.406953

Optimized model parameters:

   Partition 0: noname
   Rate heterogeneity: GAMMA (4 cats, mean),  alpha: 0.020122 (ML),  weights&rates: (0.250000,0.000000) (0.250000,0.000000) (0.250000,0.000001) (0.250000,3.999999) 
   Base frequencies (ML): 0.318328 0.167310 0.213557 0.300805 
   Substitution rates (ML): 1.255805 7.001653 0.873343 0.966785 8.273516 1.000000 

Final LogLikelihood: -1774.406953

AIC score: 4060.813906 / AICc score: 4270.342569 / BIC score: 5285.924343
Free parameters (model + branch lengths): 256

Best ML tree saved to: /home/homma/Desktop/coding/github/pos_selection_pipeline/tomato_pipeline/pipeline/no_LOC/raxml-ng/XET4_prot_linear_multi_sl25_prt_codonAlignment.raxml.bestTree
All ML trees saved to: /home/homma/Desktop/coding/github/pos_selection_pipeline/tomato_pipeline/pipeline/no_LOC/raxml-ng/XET4_prot_linear_multi_sl25_prt_codonAlignment.raxml.mlTrees
Optimized model saved to: /home/homma/Desktop/coding/github/pos_selection_pipeline/tomato_pipeline/pipeline/no_LOC/raxml-ng/XET4_prot_linear_multi_sl25_prt_codonAlignment.raxml.bestModel

Execution log saved to: /home/homma/Desktop/coding/github/pos_selection_pipeline/tomato_pipeline/pipeline/no_LOC/raxml-ng/XET4_prot_linear_multi_sl25_prt_codonAlignment.raxml.log

Analysis started: 01-Mar-2020 18:14:38 / finished: 01-Mar-2020 18:15:24

Elapsed time: 46.099 seconds

