
RAxML-NG v. 0.8.1 BETA released on 05.03.2019 by The Exelixis Lab.
Authors: Alexey Kozlov, Alexandros Stamatakis, Diego Darriba, Tomas Flouri, Benoit Morel.
Latest version: https://github.com/amkozlov/raxml-ng
Questions/problems/suggestions? Please visit: https://groups.google.com/forum/#!forum/raxml

WARNING: This is a BETA release, please use at your own risk!

RAxML-NG was called at 01-Mar-2020 18:51:33 as follows:

raxml-ng --msa XTH1_prot_linear_multi_sl25_prt_codonAlignment.fasta --prefix XTH1_prot_linear_multi_sl25_prt_codonAlignment --model GTR+G --seed 123 --bs-tree 100 --force

Analysis options:
  run mode: ML tree search
  start tree(s): random (10) + parsimony (10)
  random seed: 123
  tip-inner: OFF
  pattern compression: ON
  per-rate scalers: OFF
  site repeats: ON
  fast spr radius: AUTO
  spr subtree cutoff: 1.000000
  branch lengths: proportional (ML estimate, algorithm: NR-FAST)
  SIMD kernels: AVX2
  parallelization: PTHREADS (6 threads), thread pinning: OFF

WARNING: Running in FORCE mode: all safety checks are disabled!

[00:00:00] Reading alignment from file: XTH1_prot_linear_multi_sl25_prt_codonAlignment.fasta
[00:00:00] Loaded alignment with 92 taxa and 888 sites

Alignment comprises 1 partitions and 67 patterns

Partition 0: noname
Model: GTR+FO+G4m
Alignment sites / patterns: 888 / 67
Gaps: 0.00 %
Invariant sites: 92.68 %


NOTE: Binary MSA file created: XTH1_prot_linear_multi_sl25_prt_codonAlignment.raxml.rba

[00:00:00] Generating 10 random starting tree(s) with 92 taxa
[00:00:00] Generating 10 parsimony starting tree(s) with 92 taxa
[00:00:00] Data distribution: max. partitions/sites/weight per thread: 1 / 12 / 192

Starting ML tree search with 20 distinct starting trees

[00:00:03] ML tree search #1, logLikelihood: -1920.114419
[00:00:05] ML tree search #2, logLikelihood: -1922.415051
[00:00:08] ML tree search #3, logLikelihood: -1922.414795
[00:00:10] ML tree search #4, logLikelihood: -1922.549865
[00:00:13] ML tree search #5, logLikelihood: -1920.871882
[00:00:15] ML tree search #6, logLikelihood: -1922.972558
[00:00:17] ML tree search #7, logLikelihood: -1924.200338
[00:00:19] ML tree search #8, logLikelihood: -1920.735525
[00:00:22] ML tree search #9, logLikelihood: -1924.005020
[00:00:24] ML tree search #10, logLikelihood: -1922.972706
[00:00:25] ML tree search #11, logLikelihood: -1926.322825
[00:00:26] ML tree search #12, logLikelihood: -1926.322766
[00:00:27] ML tree search #13, logLikelihood: -1924.772910
[00:00:28] ML tree search #14, logLikelihood: -1927.290354
[00:00:30] ML tree search #15, logLikelihood: -1924.340167
[00:00:31] ML tree search #16, logLikelihood: -1924.376739
[00:00:32] ML tree search #17, logLikelihood: -1925.772187
[00:00:33] ML tree search #18, logLikelihood: -1922.972493
[00:00:34] ML tree search #19, logLikelihood: -1927.694846
[00:00:35] ML tree search #20, logLikelihood: -1923.615401

Optimized model parameters:

   Partition 0: noname
   Rate heterogeneity: GAMMA (4 cats, mean),  alpha: 0.020134 (ML),  weights&rates: (0.250000,0.000000) (0.250000,0.000000) (0.250000,0.000001) (0.250000,3.999999) 
   Base frequencies (ML): 0.296301 0.177784 0.233200 0.292715 
   Substitution rates (ML): 0.796670 4.584555 1.165793 0.501107 13.803928 1.000000 

Final LogLikelihood: -1920.114419

AIC score: 4220.228837 / AICc score: 4324.360832 / BIC score: 5130.133468
Free parameters (model + branch lengths): 190

Best ML tree saved to: /home/homma/Desktop/coding/github/pos_selection_pipeline/tomato_pipeline/pipeline/no_LOC/raxml-ng/XTH1_prot_linear_multi_sl25_prt_codonAlignment.raxml.bestTree
All ML trees saved to: /home/homma/Desktop/coding/github/pos_selection_pipeline/tomato_pipeline/pipeline/no_LOC/raxml-ng/XTH1_prot_linear_multi_sl25_prt_codonAlignment.raxml.mlTrees
Optimized model saved to: /home/homma/Desktop/coding/github/pos_selection_pipeline/tomato_pipeline/pipeline/no_LOC/raxml-ng/XTH1_prot_linear_multi_sl25_prt_codonAlignment.raxml.bestModel

Execution log saved to: /home/homma/Desktop/coding/github/pos_selection_pipeline/tomato_pipeline/pipeline/no_LOC/raxml-ng/XTH1_prot_linear_multi_sl25_prt_codonAlignment.raxml.log

Analysis started: 01-Mar-2020 18:51:33 / finished: 01-Mar-2020 18:52:09

Elapsed time: 35.668 seconds

